mode: set
github.com/stretchr/testify/mock/mock.go:83.128,95.2 1 1
github.com/stretchr/testify/mock/mock.go:97.23,99.2 1 1
github.com/stretchr/testify/mock/mock.go:101.25,103.2 1 1
github.com/stretchr/testify/mock/mock.go:108.61,115.2 4 1
github.com/stretchr/testify/mock/mock.go:120.40,127.2 4 1
github.com/stretchr/testify/mock/mock.go:132.29,134.2 1 1
github.com/stretchr/testify/mock/mock.go:139.30,141.2 1 1
github.com/stretchr/testify/mock/mock.go:147.35,152.2 4 1
github.com/stretchr/testify/mock/mock.go:158.52,163.2 4 1
github.com/stretchr/testify/mock/mock.go:168.45,173.2 4 1
github.com/stretchr/testify/mock/mock.go:183.51,188.2 4 1
github.com/stretchr/testify/mock/mock.go:192.30,197.2 4 1
github.com/stretchr/testify/mock/mock.go:207.70,209.2 1 1
github.com/stretchr/testify/mock/mock.go:214.30,217.34 2 1
github.com/stretchr/testify/mock/mock.go:217.34,218.58 1 1
github.com/stretchr/testify/mock/mock.go:218.58,219.95 1 1
github.com/stretchr/testify/mock/mock.go:223.2,230.46 5 1
github.com/stretchr/testify/mock/mock.go:230.46,231.30 1 1
github.com/stretchr/testify/mock/mock.go:231.30,233.22 2 1
github.com/stretchr/testify/mock/mock.go:233.22,236.13 2 1
github.com/stretchr/testify/mock/mock.go:239.3,240.10 2 1
github.com/stretchr/testify/mock/mock.go:243.2,245.24 2 1
github.com/stretchr/testify/mock/mock.go:245.24,250.3 2 1
github.com/stretchr/testify/mock/mock.go:252.2,252.10 1 1
github.com/stretchr/testify/mock/mock.go:262.48,266.29 3 1
github.com/stretchr/testify/mock/mock.go:266.29,267.25 1 1
github.com/stretchr/testify/mock/mock.go:267.25,268.60 1 1
github.com/stretchr/testify/mock/mock.go:272.2,273.10 2 1
github.com/stretchr/testify/mock/mock.go:284.30,285.34 1 1
github.com/stretchr/testify/mock/mock.go:285.34,287.3 1 1
github.com/stretchr/testify/mock/mock.go:316.32,318.2 1 1
github.com/stretchr/testify/mock/mock.go:322.36,323.23 1 1
github.com/stretchr/testify/mock/mock.go:323.23,325.3 1 1
github.com/stretchr/testify/mock/mock.go:327.2,327.19 1 1
github.com/stretchr/testify/mock/mock.go:335.33,339.2 3 1
github.com/stretchr/testify/mock/mock.go:344.57,348.19 3 1
github.com/stretchr/testify/mock/mock.go:348.19,349.38 1 1
github.com/stretchr/testify/mock/mock.go:351.2,352.18 2 1
github.com/stretchr/testify/mock/mock.go:359.70,360.32 1 1
github.com/stretchr/testify/mock/mock.go:360.32,361.58 1 1
github.com/stretchr/testify/mock/mock.go:361.58,362.95 1 1
github.com/stretchr/testify/mock/mock.go:366.2,371.10 5 1
github.com/stretchr/testify/mock/mock.go:378.87,381.39 2 1
github.com/stretchr/testify/mock/mock.go:381.39,382.28 1 1
github.com/stretchr/testify/mock/mock.go:382.28,384.22 2 1
github.com/stretchr/testify/mock/mock.go:384.22,386.32 2 1
github.com/stretchr/testify/mock/mock.go:386.32,388.6 1 1
github.com/stretchr/testify/mock/mock.go:393.2,393.25 1 1
github.com/stretchr/testify/mock/mock.go:402.70,403.19 1 1
github.com/stretchr/testify/mock/mock.go:403.19,405.3 1 1
github.com/stretchr/testify/mock/mock.go:406.2,406.23 1 1
github.com/stretchr/testify/mock/mock.go:406.23,408.3 1 1
github.com/stretchr/testify/mock/mock.go:410.2,410.35 1 1
github.com/stretchr/testify/mock/mock.go:410.35,412.3 1 1
github.com/stretchr/testify/mock/mock.go:413.2,413.35 1 1
github.com/stretchr/testify/mock/mock.go:413.35,415.3 1 1
github.com/stretchr/testify/mock/mock.go:417.2,417.63 1 1
github.com/stretchr/testify/mock/mock.go:417.63,419.3 1 1
github.com/stretchr/testify/mock/mock.go:420.2,420.14 1 1
github.com/stretchr/testify/mock/mock.go:423.89,426.41 2 1
github.com/stretchr/testify/mock/mock.go:426.41,427.28 1 1
github.com/stretchr/testify/mock/mock.go:427.28,435.50 3 1
github.com/stretchr/testify/mock/mock.go:435.50,437.5 1 1
github.com/stretchr/testify/mock/mock.go:441.2,441.43 1 1
github.com/stretchr/testify/mock/mock.go:444.88,446.27 2 1
github.com/stretchr/testify/mock/mock.go:446.27,448.40 2 1
github.com/stretchr/testify/mock/mock.go:448.40,449.53 1 1
github.com/stretchr/testify/mock/mock.go:449.53,451.13 2 1
github.com/stretchr/testify/mock/mock.go:453.4,453.68 1 1
github.com/stretchr/testify/mock/mock.go:455.3,455.75 1 1
github.com/stretchr/testify/mock/mock.go:458.2,458.75 1 1
github.com/stretchr/testify/mock/mock.go:465.59,468.9 2 1
github.com/stretchr/testify/mock/mock.go:468.9,469.47 1 0
github.com/stretchr/testify/mock/mock.go:471.2,476.39 2 1
github.com/stretchr/testify/mock/mock.go:476.39,478.3 1 0
github.com/stretchr/testify/mock/mock.go:479.2,481.51 3 1
github.com/stretchr/testify/mock/mock.go:488.84,493.15 3 1
github.com/stretchr/testify/mock/mock.go:493.15,495.18 1 1
github.com/stretchr/testify/mock/mock.go:495.18,498.4 2 1
github.com/stretchr/testify/mock/mock.go:505.3,508.25 3 1
github.com/stretchr/testify/mock/mock.go:508.25,516.4 1 1
github.com/stretchr/testify/mock/mock.go:516.9,518.4 1 1
github.com/stretchr/testify/mock/mock.go:521.2,521.44 1 1
github.com/stretchr/testify/mock/mock.go:521.44,522.83 1 1
github.com/stretchr/testify/mock/mock.go:522.83,526.23 2 1
github.com/stretchr/testify/mock/mock.go:526.23,527.36 1 1
github.com/stretchr/testify/mock/mock.go:527.36,529.7 1 1
github.com/stretchr/testify/mock/mock.go:530.6,530.43 1 1
github.com/stretchr/testify/mock/mock.go:530.43,532.7 1 1
github.com/stretchr/testify/mock/mock.go:533.6,533.12 1 1
github.com/stretchr/testify/mock/mock.go:540.2,540.29 1 1
github.com/stretchr/testify/mock/mock.go:540.29,542.3 1 1
github.com/stretchr/testify/mock/mock.go:542.8,542.35 1 1
github.com/stretchr/testify/mock/mock.go:542.35,544.3 1 1
github.com/stretchr/testify/mock/mock.go:545.2,552.25 4 1
github.com/stretchr/testify/mock/mock.go:552.25,554.3 1 1
github.com/stretchr/testify/mock/mock.go:554.8,556.3 1 1
github.com/stretchr/testify/mock/mock.go:558.2,561.21 4 1
github.com/stretchr/testify/mock/mock.go:561.21,562.19 1 1
github.com/stretchr/testify/mock/mock.go:565.2,569.18 4 1
github.com/stretchr/testify/mock/mock.go:569.18,571.3 1 1
github.com/stretchr/testify/mock/mock.go:573.2,577.19 4 1
github.com/stretchr/testify/mock/mock.go:592.80,593.30 1 1
github.com/stretchr/testify/mock/mock.go:593.30,595.3 1 1
github.com/stretchr/testify/mock/mock.go:596.2,596.34 1 1
github.com/stretchr/testify/mock/mock.go:596.34,597.31 1 1
github.com/stretchr/testify/mock/mock.go:597.31,600.4 2 1
github.com/stretchr/testify/mock/mock.go:601.3,602.31 2 1
github.com/stretchr/testify/mock/mock.go:602.31,605.4 2 1
github.com/stretchr/testify/mock/mock.go:607.2,607.13 1 1
github.com/stretchr/testify/mock/mock.go:612.52,613.65 1 1
github.com/stretchr/testify/mock/mock.go:613.65,615.3 1 1
github.com/stretchr/testify/mock/mock.go:616.2,616.30 1 1
github.com/stretchr/testify/mock/mock.go:616.30,618.3 1 1
github.com/stretchr/testify/mock/mock.go:620.2,626.45 5 1
github.com/stretchr/testify/mock/mock.go:626.45,628.17 2 1
github.com/stretchr/testify/mock/mock.go:628.17,631.4 2 1
github.com/stretchr/testify/mock/mock.go:634.2,634.29 1 1
github.com/stretchr/testify/mock/mock.go:634.29,636.3 1 1
github.com/stretchr/testify/mock/mock.go:638.2,638.32 1 1
github.com/stretchr/testify/mock/mock.go:641.60,642.95 1 1
github.com/stretchr/testify/mock/mock.go:642.95,644.3 1 1
github.com/stretchr/testify/mock/mock.go:645.2,645.28 1 1
github.com/stretchr/testify/mock/mock.go:645.28,647.3 1 1
github.com/stretchr/testify/mock/mock.go:648.2,648.81 1 1
github.com/stretchr/testify/mock/mock.go:652.91,653.30 1 1
github.com/stretchr/testify/mock/mock.go:653.30,655.3 1 1
github.com/stretchr/testify/mock/mock.go:656.2,659.33 4 1
github.com/stretchr/testify/mock/mock.go:659.33,660.32 1 1
github.com/stretchr/testify/mock/mock.go:660.32,662.4 1 1
github.com/stretchr/testify/mock/mock.go:664.2,664.174 1 1
github.com/stretchr/testify/mock/mock.go:669.91,670.30 1 1
github.com/stretchr/testify/mock/mock.go:670.30,672.3 1 1
github.com/stretchr/testify/mock/mock.go:673.2,675.47 3 1
github.com/stretchr/testify/mock/mock.go:675.47,677.34 2 1
github.com/stretchr/testify/mock/mock.go:677.34,679.4 1 1
github.com/stretchr/testify/mock/mock.go:680.3,680.31 1 1
github.com/stretchr/testify/mock/mock.go:680.31,683.4 1 0
github.com/stretchr/testify/mock/mock.go:684.3,685.156 1 1
github.com/stretchr/testify/mock/mock.go:687.2,687.13 1 1
github.com/stretchr/testify/mock/mock.go:692.94,693.30 1 1
github.com/stretchr/testify/mock/mock.go:693.30,695.3 1 1
github.com/stretchr/testify/mock/mock.go:696.2,698.46 3 1
github.com/stretchr/testify/mock/mock.go:698.46,701.3 1 0
github.com/stretchr/testify/mock/mock.go:702.2,702.13 1 1
github.com/stretchr/testify/mock/mock.go:707.95,708.30 1 1
github.com/stretchr/testify/mock/mock.go:708.30,710.3 1 1
github.com/stretchr/testify/mock/mock.go:711.2,714.36 3 1
github.com/stretchr/testify/mock/mock.go:714.36,715.29 1 1
github.com/stretchr/testify/mock/mock.go:715.29,716.12 1 0
github.com/stretchr/testify/mock/mock.go:718.3,718.41 1 1
github.com/stretchr/testify/mock/mock.go:718.41,719.12 1 0
github.com/stretchr/testify/mock/mock.go:721.3,721.37 1 1
github.com/stretchr/testify/mock/mock.go:721.37,722.12 1 1
github.com/stretchr/testify/mock/mock.go:724.3,724.42 1 1
github.com/stretchr/testify/mock/mock.go:724.42,726.4 1 1
github.com/stretchr/testify/mock/mock.go:728.2,728.14 1 1
github.com/stretchr/testify/mock/mock.go:732.63,733.32 1 1
github.com/stretchr/testify/mock/mock.go:733.32,735.3 1 1
github.com/stretchr/testify/mock/mock.go:736.2,736.25 1 1
github.com/stretchr/testify/mock/mock.go:736.25,737.41 1 1
github.com/stretchr/testify/mock/mock.go:737.41,739.4 1 1
github.com/stretchr/testify/mock/mock.go:741.2,741.13 1 1
github.com/stretchr/testify/mock/mock.go:744.80,745.33 1 1
github.com/stretchr/testify/mock/mock.go:745.33,746.32 1 1
github.com/stretchr/testify/mock/mock.go:746.32,750.24 2 1
github.com/stretchr/testify/mock/mock.go:750.24,753.5 1 1
github.com/stretchr/testify/mock/mock.go:758.2,758.14 1 1
github.com/stretchr/testify/mock/mock.go:761.40,763.2 1 1
github.com/stretchr/testify/mock/mock.go:765.31,767.2 1 1
github.com/stretchr/testify/mock/mock.go:808.54,810.2 1 1
github.com/stretchr/testify/mock/mock.go:826.44,828.2 1 1
github.com/stretchr/testify/mock/mock.go:837.53,839.23 2 1
github.com/stretchr/testify/mock/mock.go:839.23,841.3 1 1
github.com/stretchr/testify/mock/mock.go:843.2,843.81 1 1
github.com/stretchr/testify/mock/mock.go:852.74,856.2 1 1
github.com/stretchr/testify/mock/mock.go:865.61,868.27 3 1
github.com/stretchr/testify/mock/mock.go:869.94,870.32 1 1
github.com/stretchr/testify/mock/mock.go:873.2,875.20 3 1
github.com/stretchr/testify/mock/mock.go:875.20,877.3 1 1
github.com/stretchr/testify/mock/mock.go:877.8,879.3 1 1
github.com/stretchr/testify/mock/mock.go:881.2,881.47 1 1
github.com/stretchr/testify/mock/mock.go:881.47,882.85 1 0
github.com/stretchr/testify/mock/mock.go:884.2,884.56 1 1
github.com/stretchr/testify/mock/mock.go:884.56,887.3 2 1
github.com/stretchr/testify/mock/mock.go:888.2,888.14 1 1
github.com/stretchr/testify/mock/mock.go:891.42,893.2 1 1
github.com/stretchr/testify/mock/mock.go:907.48,910.35 2 1
github.com/stretchr/testify/mock/mock.go:910.35,911.64 1 0
github.com/stretchr/testify/mock/mock.go:913.2,913.25 1 1
github.com/stretchr/testify/mock/mock.go:913.25,914.85 1 0
github.com/stretchr/testify/mock/mock.go:916.2,916.66 1 1
github.com/stretchr/testify/mock/mock.go:916.66,917.73 1 0
github.com/stretchr/testify/mock/mock.go:920.2,920.49 1 1
github.com/stretchr/testify/mock/mock.go:924.50,925.25 1 1
github.com/stretchr/testify/mock/mock.go:925.25,926.115 1 0
github.com/stretchr/testify/mock/mock.go:928.2,928.20 1 1
github.com/stretchr/testify/mock/mock.go:932.55,933.27 1 1
github.com/stretchr/testify/mock/mock.go:933.27,934.24 1 1
github.com/stretchr/testify/mock/mock.go:934.24,936.4 1 1
github.com/stretchr/testify/mock/mock.go:938.2,938.13 1 1
github.com/stretchr/testify/mock/mock.go:945.65,952.32 4 1
github.com/stretchr/testify/mock/mock.go:952.32,954.3 1 1
github.com/stretchr/testify/mock/mock.go:956.2,956.35 1 1
github.com/stretchr/testify/mock/mock.go:956.35,960.24 3 1
github.com/stretchr/testify/mock/mock.go:960.24,963.4 2 1
github.com/stretchr/testify/mock/mock.go:963.9,966.4 2 1
github.com/stretchr/testify/mock/mock.go:968.3,968.21 1 1
github.com/stretchr/testify/mock/mock.go:968.21,971.4 2 1
github.com/stretchr/testify/mock/mock.go:971.9,974.4 2 1
github.com/stretchr/testify/mock/mock.go:976.3,976.52 1 1
github.com/stretchr/testify/mock/mock.go:976.52,978.11 2 1
github.com/stretchr/testify/mock/mock.go:978.11,979.18 1 1
github.com/stretchr/testify/mock/mock.go:979.18,980.34 1 1
github.com/stretchr/testify/mock/mock.go:980.34,982.7 1 1
github.com/stretchr/testify/mock/mock.go:984.5,984.38 1 1
github.com/stretchr/testify/mock/mock.go:986.4,986.15 1 1
github.com/stretchr/testify/mock/mock.go:986.15,988.5 1 1
github.com/stretchr/testify/mock/mock.go:988.10,991.5 2 1
github.com/stretchr/testify/mock/mock.go:992.9,993.39 1 1
github.com/stretchr/testify/mock/mock.go:994.32,996.113 1 1
github.com/stretchr/testify/mock/mock.go:996.113,1000.6 2 1
github.com/stretchr/testify/mock/mock.go:1001.25,1003.30 2 1
github.com/stretchr/testify/mock/mock.go:1003.30,1006.6 2 1
github.com/stretchr/testify/mock/mock.go:1007.36,1009.33 2 1
github.com/stretchr/testify/mock/mock.go:1009.33,1011.6 1 1
github.com/stretchr/testify/mock/mock.go:1013.5,1014.77 2 1
github.com/stretchr/testify/mock/mock.go:1014.77,1017.6 2 0
github.com/stretchr/testify/mock/mock.go:1017.11,1018.77 1 1
github.com/stretchr/testify/mock/mock.go:1018.77,1021.7 1 1
github.com/stretchr/testify/mock/mock.go:1021.12,1025.7 2 1
github.com/stretchr/testify/mock/mock.go:1028.12,1029.139 1 1
github.com/stretchr/testify/mock/mock.go:1029.139,1032.6 1 1
github.com/stretchr/testify/mock/mock.go:1032.11,1036.6 2 1
github.com/stretchr/testify/mock/mock.go:1042.2,1042.22 1 1
github.com/stretchr/testify/mock/mock.go:1042.22,1044.3 1 1
github.com/stretchr/testify/mock/mock.go:1046.2,1046.28 1 1
github.com/stretchr/testify/mock/mock.go:1051.71,1052.30 1 1
github.com/stretchr/testify/mock/mock.go:1052.30,1054.3 1 1
github.com/stretchr/testify/mock/mock.go:1057.2,1059.20 2 1
github.com/stretchr/testify/mock/mock.go:1059.20,1061.3 1 1
github.com/stretchr/testify/mock/mock.go:1064.2,1067.14 3 0
github.com/stretchr/testify/mock/mock.go:1075.56,1076.26 1 1
github.com/stretchr/testify/mock/mock.go:1076.26,1079.28 2 1
github.com/stretchr/testify/mock/mock.go:1079.28,1081.4 1 1
github.com/stretchr/testify/mock/mock.go:1082.3,1082.36 1 1
github.com/stretchr/testify/mock/mock.go:1083.8,1083.33 1 1
github.com/stretchr/testify/mock/mock.go:1083.33,1088.44 4 1
github.com/stretchr/testify/mock/mock.go:1088.44,1089.125 1 0
github.com/stretchr/testify/mock/mock.go:1091.3,1091.11 1 1
github.com/stretchr/testify/mock/mock.go:1094.2,1094.127 1 0
github.com/stretchr/testify/mock/mock.go:1099.42,1102.40 3 1
github.com/stretchr/testify/mock/mock.go:1102.40,1103.121 1 0
github.com/stretchr/testify/mock/mock.go:1105.2,1105.10 1 1
github.com/stretchr/testify/mock/mock.go:1110.46,1114.16 4 1
github.com/stretchr/testify/mock/mock.go:1114.16,1116.3 1 1
github.com/stretchr/testify/mock/mock.go:1117.2,1117.30 1 1
github.com/stretchr/testify/mock/mock.go:1117.30,1118.111 1 0
github.com/stretchr/testify/mock/mock.go:1120.2,1120.10 1 1
github.com/stretchr/testify/mock/mock.go:1125.44,1128.41 3 1
github.com/stretchr/testify/mock/mock.go:1128.41,1129.122 1 0
github.com/stretchr/testify/mock/mock.go:1131.2,1131.10 1 1
github.com/stretchr/testify/mock/mock.go:1134.62,1138.22 3 1
github.com/stretchr/testify/mock/mock.go:1138.22,1141.3 2 1
github.com/stretchr/testify/mock/mock.go:1142.2,1142.13 1 1
github.com/stretchr/testify/mock/mock.go:1145.65,1146.34 1 1
github.com/stretchr/testify/mock/mock.go:1146.34,1148.3 1 0
github.com/stretchr/testify/mock/mock.go:1150.2,1150.26 1 1
github.com/stretchr/testify/mock/mock.go:1150.26,1151.67 1 1
github.com/stretchr/testify/mock/mock.go:1151.67,1153.4 1 1
github.com/stretchr/testify/mock/mock.go:1156.2,1156.11 1 1
github.com/stretchr/testify/mock/mock.go:1161.60,1162.38 1 1
github.com/stretchr/testify/mock/mock.go:1162.38,1164.3 1 0
github.com/stretchr/testify/mock/mock.go:1166.2,1169.14 3 1
github.com/stretchr/testify/mock/mock.go:1169.14,1171.3 1 1
github.com/stretchr/testify/mock/mock.go:1173.2,1173.93 1 1
github.com/stretchr/testify/mock/mock.go:1173.93,1175.3 1 1
github.com/stretchr/testify/mock/mock.go:1177.2,1190.13 4 1
github.com/stretchr/testify/mock/mock.go:1204.79,1210.42 5 1
github.com/stretchr/testify/mock/mock.go:1210.42,1214.3 3 1
github.com/stretchr/testify/mock/mock.go:1215.2,1217.40 3 1
github.com/stretchr/testify/mock/mock.go:1217.40,1221.3 3 1
github.com/stretchr/testify/mock/mock.go:1223.2,1223.44 1 1
github.com/stretchr/testify/mock/mock.go:1223.44,1227.3 3 0
github.com/stretchr/testify/mock/mock.go:1229.2,1229.42 1 1
github.com/stretchr/testify/mock/mock.go:1229.42,1230.52 1 1
github.com/stretchr/testify/mock/mock.go:1230.52,1234.4 3 1
github.com/stretchr/testify/mock/mock.go:1236.3,1242.22 6 1
github.com/stretchr/testify/mock/mock.go:1242.22,1244.4 1 0
github.com/stretchr/testify/mock/mock.go:1246.3,1246.35 1 1
github.com/stretchr/testify/mock/mock.go:1246.35,1250.4 3 1
github.com/stretchr/testify/mock/mock.go:1252.3,1255.35 3 1
github.com/stretchr/testify/mock/mock.go:1255.35,1256.141 1 1
github.com/stretchr/testify/mock/mock.go:1256.141,1260.5 3 1
github.com/stretchr/testify/mock/mock.go:1264.2,1264.15 1 1
github.com/stretchr/testify/mock/mock.go:1267.49,1269.2 1 1
github.com/stretchr/testify/mock/mock.go:1271.39,1276.24 4 1
github.com/stretchr/testify/mock/mock.go:1276.24,1278.3 1 0
github.com/stretchr/testify/mock/mock.go:1280.2,1280.34 1 1
github.com/stretchr/testify/mock/mock.go:1283.44,1288.2 3 1
github.com/stretchr/testify/http/test_response_writer.go:21.52,23.22 1 0
github.com/stretchr/testify/http/test_response_writer.go:23.22,25.3 1 0
github.com/stretchr/testify/http/test_response_writer.go:27.2,27.18 1 0
github.com/stretchr/testify/http/test_response_writer.go:31.64,34.24 1 0
github.com/stretchr/testify/http/test_response_writer.go:34.24,36.3 1 0
github.com/stretchr/testify/http/test_response_writer.go:39.2,42.15 2 0
github.com/stretchr/testify/http/test_response_writer.go:47.50,49.2 1 0
github.com/stretchr/testify/http/test_round_tripper.go:15.81,18.2 2 0
github.com/stretchr/testify/assert/yaml/yaml_default.go:35.50,37.2 1 0
github.com/stretchr/testify/require/forward_requirements.go:10.34,14.2 1 1
github.com/stretchr/testify/require/require.go:13.79,14.30 1 0
github.com/stretchr/testify/require/require.go:14.30,16.3 1 0
github.com/stretchr/testify/require/require.go:17.2,17.46 1 0
github.com/stretchr/testify/require/require.go:17.46,19.3 1 0
github.com/stretchr/testify/require/require.go:20.2,20.13 1 0
github.com/stretchr/testify/require/require.go:24.86,25.30 1 0
github.com/stretchr/testify/require/require.go:25.30,27.3 1 0
github.com/stretchr/testify/require/require.go:28.2,28.46 1 0
github.com/stretchr/testify/require/require.go:28.46,30.3 1 0
github.com/stretchr/testify/require/require.go:31.2,31.13 1 0
github.com/stretchr/testify/require/require.go:40.91,41.30 1 1
github.com/stretchr/testify/require/require.go:41.30,43.3 1 1
github.com/stretchr/testify/require/require.go:44.2,44.52 1 1
github.com/stretchr/testify/require/require.go:44.52,46.3 1 1
github.com/stretchr/testify/require/require.go:47.2,47.13 1 1
github.com/stretchr/testify/require/require.go:56.98,57.30 1 0
github.com/stretchr/testify/require/require.go:57.30,59.3 1 0
github.com/stretchr/testify/require/require.go:60.2,60.52 1 0
github.com/stretchr/testify/require/require.go:60.52,62.3 1 0
github.com/stretchr/testify/require/require.go:63.2,63.13 1 0
github.com/stretchr/testify/require/require.go:68.68,69.30 1 0
github.com/stretchr/testify/require/require.go:69.30,71.3 1 0
github.com/stretchr/testify/require/require.go:72.2,72.46 1 0
github.com/stretchr/testify/require/require.go:72.46,74.3 1 0
github.com/stretchr/testify/require/require.go:75.2,75.13 1 0
github.com/stretchr/testify/require/require.go:80.75,81.30 1 0
github.com/stretchr/testify/require/require.go:81.30,83.3 1 0
github.com/stretchr/testify/require/require.go:84.2,84.46 1 0
github.com/stretchr/testify/require/require.go:84.46,86.3 1 0
github.com/stretchr/testify/require/require.go:87.2,87.13 1 0
github.com/stretchr/testify/require/require.go:95.97,96.30 1 1
github.com/stretchr/testify/require/require.go:96.30,98.3 1 1
github.com/stretchr/testify/require/require.go:99.2,99.58 1 1
github.com/stretchr/testify/require/require.go:99.58,101.3 1 1
github.com/stretchr/testify/require/require.go:102.2,102.13 1 0
github.com/stretchr/testify/require/require.go:110.104,111.30 1 0
github.com/stretchr/testify/require/require.go:111.30,113.3 1 0
github.com/stretchr/testify/require/require.go:114.2,114.58 1 0
github.com/stretchr/testify/require/require.go:114.58,116.3 1 0
github.com/stretchr/testify/require/require.go:117.2,117.13 1 0
github.com/stretchr/testify/require/require.go:124.71,125.30 1 1
github.com/stretchr/testify/require/require.go:125.30,127.3 1 1
github.com/stretchr/testify/require/require.go:128.2,128.44 1 1
github.com/stretchr/testify/require/require.go:128.44,130.3 1 1
github.com/stretchr/testify/require/require.go:131.2,131.13 1 1
github.com/stretchr/testify/require/require.go:138.78,139.30 1 0
github.com/stretchr/testify/require/require.go:139.30,141.3 1 0
github.com/stretchr/testify/require/require.go:142.2,142.44 1 0
github.com/stretchr/testify/require/require.go:142.44,144.3 1 0
github.com/stretchr/testify/require/require.go:145.2,145.13 1 0
github.com/stretchr/testify/require/require.go:155.93,156.30 1 1
github.com/stretchr/testify/require/require.go:156.30,158.3 1 1
github.com/stretchr/testify/require/require.go:159.2,159.54 1 1
github.com/stretchr/testify/require/require.go:159.54,161.3 1 1
github.com/stretchr/testify/require/require.go:162.2,162.13 1 1
github.com/stretchr/testify/require/require.go:170.90,171.30 1 1
github.com/stretchr/testify/require/require.go:171.30,173.3 1 1
github.com/stretchr/testify/require/require.go:174.2,174.62 1 1
github.com/stretchr/testify/require/require.go:174.62,176.3 1 1
github.com/stretchr/testify/require/require.go:177.2,177.13 1 1
github.com/stretchr/testify/require/require.go:185.97,186.30 1 0
github.com/stretchr/testify/require/require.go:186.30,188.3 1 0
github.com/stretchr/testify/require/require.go:189.2,189.62 1 0
github.com/stretchr/testify/require/require.go:189.62,191.3 1 0
github.com/stretchr/testify/require/require.go:192.2,192.13 1 0
github.com/stretchr/testify/require/require.go:205.107,206.30 1 0
github.com/stretchr/testify/require/require.go:206.30,208.3 1 0
github.com/stretchr/testify/require/require.go:209.2,209.68 1 0
github.com/stretchr/testify/require/require.go:209.68,211.3 1 0
github.com/stretchr/testify/require/require.go:212.2,212.13 1 0
github.com/stretchr/testify/require/require.go:225.114,226.30 1 0
github.com/stretchr/testify/require/require.go:226.30,228.3 1 0
github.com/stretchr/testify/require/require.go:229.2,229.68 1 0
github.com/stretchr/testify/require/require.go:229.68,231.3 1 0
github.com/stretchr/testify/require/require.go:232.2,232.13 1 0
github.com/stretchr/testify/require/require.go:239.99,240.30 1 1
github.com/stretchr/testify/require/require.go:240.30,242.3 1 1
github.com/stretchr/testify/require/require.go:243.2,243.60 1 1
github.com/stretchr/testify/require/require.go:243.60,245.3 1 1
github.com/stretchr/testify/require/require.go:246.2,246.13 1 0
github.com/stretchr/testify/require/require.go:253.106,254.30 1 0
github.com/stretchr/testify/require/require.go:254.30,256.3 1 0
github.com/stretchr/testify/require/require.go:257.2,257.60 1 0
github.com/stretchr/testify/require/require.go:257.60,259.3 1 0
github.com/stretchr/testify/require/require.go:260.2,260.13 1 0
github.com/stretchr/testify/require/require.go:270.100,271.30 1 0
github.com/stretchr/testify/require/require.go:271.30,273.3 1 0
github.com/stretchr/testify/require/require.go:274.2,274.54 1 0
github.com/stretchr/testify/require/require.go:274.54,276.3 1 0
github.com/stretchr/testify/require/require.go:277.2,277.13 1 0
github.com/stretchr/testify/require/require.go:286.62,287.30 1 1
github.com/stretchr/testify/require/require.go:287.30,289.3 1 1
github.com/stretchr/testify/require/require.go:290.2,290.41 1 1
github.com/stretchr/testify/require/require.go:290.41,292.3 1 1
github.com/stretchr/testify/require/require.go:293.2,293.13 1 1
github.com/stretchr/testify/require/require.go:298.84,299.30 1 0
github.com/stretchr/testify/require/require.go:299.30,301.3 1 0
github.com/stretchr/testify/require/require.go:302.2,302.51 1 0
github.com/stretchr/testify/require/require.go:302.51,304.3 1 0
github.com/stretchr/testify/require/require.go:305.2,305.13 1 0
github.com/stretchr/testify/require/require.go:310.91,311.30 1 0
github.com/stretchr/testify/require/require.go:311.30,313.3 1 0
github.com/stretchr/testify/require/require.go:314.2,314.51 1 0
github.com/stretchr/testify/require/require.go:314.51,316.3 1 0
github.com/stretchr/testify/require/require.go:317.2,317.13 1 0
github.com/stretchr/testify/require/require.go:325.92,326.30 1 1
github.com/stretchr/testify/require/require.go:326.30,328.3 1 1
github.com/stretchr/testify/require/require.go:329.2,329.64 1 1
github.com/stretchr/testify/require/require.go:329.64,331.3 1 1
github.com/stretchr/testify/require/require.go:332.2,332.13 1 1
github.com/stretchr/testify/require/require.go:340.99,341.30 1 0
github.com/stretchr/testify/require/require.go:341.30,343.3 1 0
github.com/stretchr/testify/require/require.go:344.2,344.64 1 0
github.com/stretchr/testify/require/require.go:344.64,346.3 1 0
github.com/stretchr/testify/require/require.go:347.2,347.13 1 0
github.com/stretchr/testify/require/require.go:352.78,353.30 1 0
github.com/stretchr/testify/require/require.go:353.30,355.3 1 0
github.com/stretchr/testify/require/require.go:356.2,356.51 1 0
github.com/stretchr/testify/require/require.go:356.51,358.3 1 0
github.com/stretchr/testify/require/require.go:359.2,359.13 1 0
github.com/stretchr/testify/require/require.go:364.85,365.30 1 0
github.com/stretchr/testify/require/require.go:365.30,367.3 1 0
github.com/stretchr/testify/require/require.go:368.2,368.51 1 0
github.com/stretchr/testify/require/require.go:368.51,370.3 1 0
github.com/stretchr/testify/require/require.go:371.2,371.13 1 0
github.com/stretchr/testify/require/require.go:380.69,381.30 1 0
github.com/stretchr/testify/require/require.go:381.30,383.3 1 0
github.com/stretchr/testify/require/require.go:384.2,384.41 1 0
github.com/stretchr/testify/require/require.go:384.41,386.3 1 0
github.com/stretchr/testify/require/require.go:387.2,387.13 1 0
github.com/stretchr/testify/require/require.go:394.122,395.30 1 0
github.com/stretchr/testify/require/require.go:395.30,397.3 1 0
github.com/stretchr/testify/require/require.go:398.2,398.67 1 0
github.com/stretchr/testify/require/require.go:398.67,400.3 1 0
github.com/stretchr/testify/require/require.go:401.2,401.13 1 0
github.com/stretchr/testify/require/require.go:422.146,423.30 1 1
github.com/stretchr/testify/require/require.go:423.30,425.3 1 0
github.com/stretchr/testify/require/require.go:426.2,426.72 1 1
github.com/stretchr/testify/require/require.go:426.72,428.3 1 1
github.com/stretchr/testify/require/require.go:429.2,429.13 1 1
github.com/stretchr/testify/require/require.go:450.153,451.30 1 0
github.com/stretchr/testify/require/require.go:451.30,453.3 1 0
github.com/stretchr/testify/require/require.go:454.2,454.72 1 0
github.com/stretchr/testify/require/require.go:454.72,456.3 1 0
github.com/stretchr/testify/require/require.go:457.2,457.13 1 0
github.com/stretchr/testify/require/require.go:464.129,465.30 1 0
github.com/stretchr/testify/require/require.go:465.30,467.3 1 0
github.com/stretchr/testify/require/require.go:468.2,468.67 1 0
github.com/stretchr/testify/require/require.go:468.67,470.3 1 0
github.com/stretchr/testify/require/require.go:471.2,471.13 1 0
github.com/stretchr/testify/require/require.go:477.95,478.30 1 1
github.com/stretchr/testify/require/require.go:478.30,480.3 1 1
github.com/stretchr/testify/require/require.go:481.2,481.56 1 1
github.com/stretchr/testify/require/require.go:481.56,483.3 1 1
github.com/stretchr/testify/require/require.go:484.2,484.13 1 1
github.com/stretchr/testify/require/require.go:490.102,491.30 1 0
github.com/stretchr/testify/require/require.go:491.30,493.3 1 0
github.com/stretchr/testify/require/require.go:494.2,494.56 1 0
github.com/stretchr/testify/require/require.go:494.56,496.3 1 0
github.com/stretchr/testify/require/require.go:497.2,497.13 1 0
github.com/stretchr/testify/require/require.go:501.73,502.30 1 0
github.com/stretchr/testify/require/require.go:502.30,504.3 1 0
github.com/stretchr/testify/require/require.go:505.2,505.51 1 0
github.com/stretchr/testify/require/require.go:505.51,507.3 1 0
github.com/stretchr/testify/require/require.go:508.2,508.13 1 0
github.com/stretchr/testify/require/require.go:512.76,513.30 1 0
github.com/stretchr/testify/require/require.go:513.30,515.3 1 0
github.com/stretchr/testify/require/require.go:516.2,516.54 1 0
github.com/stretchr/testify/require/require.go:516.54,518.3 1 0
github.com/stretchr/testify/require/require.go:519.2,519.13 1 0
github.com/stretchr/testify/require/require.go:523.83,524.30 1 0
github.com/stretchr/testify/require/require.go:524.30,526.3 1 0
github.com/stretchr/testify/require/require.go:527.2,527.54 1 0
github.com/stretchr/testify/require/require.go:527.54,529.3 1 0
github.com/stretchr/testify/require/require.go:530.2,530.13 1 0
github.com/stretchr/testify/require/require.go:534.80,535.30 1 0
github.com/stretchr/testify/require/require.go:535.30,537.3 1 0
github.com/stretchr/testify/require/require.go:538.2,538.51 1 0
github.com/stretchr/testify/require/require.go:538.51,540.3 1 0
github.com/stretchr/testify/require/require.go:541.2,541.13 1 0
github.com/stretchr/testify/require/require.go:547.63,548.30 1 1
github.com/stretchr/testify/require/require.go:548.30,550.3 1 1
github.com/stretchr/testify/require/require.go:551.2,551.43 1 1
github.com/stretchr/testify/require/require.go:551.43,553.3 1 1
github.com/stretchr/testify/require/require.go:554.2,554.13 1 1
github.com/stretchr/testify/require/require.go:560.70,561.30 1 0
github.com/stretchr/testify/require/require.go:561.30,563.3 1 0
github.com/stretchr/testify/require/require.go:564.2,564.43 1 0
github.com/stretchr/testify/require/require.go:564.43,566.3 1 0
github.com/stretchr/testify/require/require.go:567.2,567.13 1 0
github.com/stretchr/testify/require/require.go:572.69,573.30 1 0
github.com/stretchr/testify/require/require.go:573.30,575.3 1 0
github.com/stretchr/testify/require/require.go:576.2,576.47 1 0
github.com/stretchr/testify/require/require.go:576.47,578.3 1 0
github.com/stretchr/testify/require/require.go:579.2,579.13 1 0
github.com/stretchr/testify/require/require.go:584.76,585.30 1 0
github.com/stretchr/testify/require/require.go:585.30,587.3 1 0
github.com/stretchr/testify/require/require.go:588.2,588.47 1 0
github.com/stretchr/testify/require/require.go:588.47,590.3 1 0
github.com/stretchr/testify/require/require.go:591.2,591.13 1 0
github.com/stretchr/testify/require/require.go:599.85,600.30 1 0
github.com/stretchr/testify/require/require.go:600.30,602.3 1 0
github.com/stretchr/testify/require/require.go:603.2,603.46 1 0
github.com/stretchr/testify/require/require.go:603.46,605.3 1 0
github.com/stretchr/testify/require/require.go:606.2,606.13 1 0
github.com/stretchr/testify/require/require.go:615.92,616.30 1 0
github.com/stretchr/testify/require/require.go:616.30,618.3 1 0
github.com/stretchr/testify/require/require.go:619.2,619.53 1 0
github.com/stretchr/testify/require/require.go:619.53,621.3 1 0
github.com/stretchr/testify/require/require.go:622.2,622.13 1 0
github.com/stretchr/testify/require/require.go:631.99,632.30 1 0
github.com/stretchr/testify/require/require.go:632.30,634.3 1 0
github.com/stretchr/testify/require/require.go:635.2,635.53 1 0
github.com/stretchr/testify/require/require.go:635.53,637.3 1 0
github.com/stretchr/testify/require/require.go:638.2,638.13 1 0
github.com/stretchr/testify/require/require.go:646.92,647.30 1 0
github.com/stretchr/testify/require/require.go:647.30,649.3 1 0
github.com/stretchr/testify/require/require.go:650.2,650.46 1 0
github.com/stretchr/testify/require/require.go:650.46,652.3 1 0
github.com/stretchr/testify/require/require.go:653.2,653.13 1 0
github.com/stretchr/testify/require/require.go:662.151,663.30 1 0
github.com/stretchr/testify/require/require.go:663.30,665.3 1 0
github.com/stretchr/testify/require/require.go:666.2,666.82 1 0
github.com/stretchr/testify/require/require.go:666.82,668.3 1 0
github.com/stretchr/testify/require/require.go:669.2,669.13 1 0
github.com/stretchr/testify/require/require.go:678.158,679.30 1 0
github.com/stretchr/testify/require/require.go:679.30,681.3 1 0
github.com/stretchr/testify/require/require.go:682.2,682.82 1 0
github.com/stretchr/testify/require/require.go:682.82,684.3 1 0
github.com/stretchr/testify/require/require.go:685.2,685.13 1 0
github.com/stretchr/testify/require/require.go:694.154,695.30 1 0
github.com/stretchr/testify/require/require.go:695.30,697.3 1 0
github.com/stretchr/testify/require/require.go:698.2,698.85 1 0
github.com/stretchr/testify/require/require.go:698.85,700.3 1 0
github.com/stretchr/testify/require/require.go:701.2,701.13 1 0
github.com/stretchr/testify/require/require.go:710.161,711.30 1 0
github.com/stretchr/testify/require/require.go:711.30,713.3 1 0
github.com/stretchr/testify/require/require.go:714.2,714.85 1 0
github.com/stretchr/testify/require/require.go:714.85,716.3 1 0
github.com/stretchr/testify/require/require.go:717.2,717.13 1 0
github.com/stretchr/testify/require/require.go:725.127,726.30 1 0
github.com/stretchr/testify/require/require.go:726.30,728.3 1 0
github.com/stretchr/testify/require/require.go:729.2,729.70 1 0
github.com/stretchr/testify/require/require.go:729.70,731.3 1 0
github.com/stretchr/testify/require/require.go:732.2,732.13 1 0
github.com/stretchr/testify/require/require.go:740.134,741.30 1 0
github.com/stretchr/testify/require/require.go:741.30,743.3 1 0
github.com/stretchr/testify/require/require.go:744.2,744.70 1 0
github.com/stretchr/testify/require/require.go:744.70,746.3 1 0
github.com/stretchr/testify/require/require.go:747.2,747.13 1 0
github.com/stretchr/testify/require/require.go:755.130,756.30 1 0
github.com/stretchr/testify/require/require.go:756.30,758.3 1 0
github.com/stretchr/testify/require/require.go:759.2,759.73 1 0
github.com/stretchr/testify/require/require.go:759.73,761.3 1 0
github.com/stretchr/testify/require/require.go:762.2,762.13 1 0
github.com/stretchr/testify/require/require.go:770.137,771.30 1 0
github.com/stretchr/testify/require/require.go:771.30,773.3 1 0
github.com/stretchr/testify/require/require.go:774.2,774.73 1 0
github.com/stretchr/testify/require/require.go:774.73,776.3 1 0
github.com/stretchr/testify/require/require.go:777.2,777.13 1 0
github.com/stretchr/testify/require/require.go:785.148,786.30 1 0
github.com/stretchr/testify/require/require.go:786.30,788.3 1 0
github.com/stretchr/testify/require/require.go:789.2,789.87 1 0
github.com/stretchr/testify/require/require.go:789.87,791.3 1 0
github.com/stretchr/testify/require/require.go:792.2,792.13 1 0
github.com/stretchr/testify/require/require.go:800.155,801.30 1 0
github.com/stretchr/testify/require/require.go:801.30,803.3 1 0
github.com/stretchr/testify/require/require.go:804.2,804.87 1 0
github.com/stretchr/testify/require/require.go:804.87,806.3 1 0
github.com/stretchr/testify/require/require.go:807.2,807.13 1 0
github.com/stretchr/testify/require/require.go:815.129,816.30 1 0
github.com/stretchr/testify/require/require.go:816.30,818.3 1 0
github.com/stretchr/testify/require/require.go:819.2,819.72 1 0
github.com/stretchr/testify/require/require.go:819.72,821.3 1 0
github.com/stretchr/testify/require/require.go:822.2,822.13 1 0
github.com/stretchr/testify/require/require.go:830.136,831.30 1 0
github.com/stretchr/testify/require/require.go:831.30,833.3 1 0
github.com/stretchr/testify/require/require.go:834.2,834.72 1 0
github.com/stretchr/testify/require/require.go:834.72,836.3 1 0
github.com/stretchr/testify/require/require.go:837.2,837.13 1 0
github.com/stretchr/testify/require/require.go:843.105,844.30 1 1
github.com/stretchr/testify/require/require.go:844.30,846.3 1 1
github.com/stretchr/testify/require/require.go:847.2,847.66 1 1
github.com/stretchr/testify/require/require.go:847.66,849.3 1 1
github.com/stretchr/testify/require/require.go:850.2,850.13 1 1
github.com/stretchr/testify/require/require.go:856.112,857.30 1 0
github.com/stretchr/testify/require/require.go:857.30,859.3 1 0
github.com/stretchr/testify/require/require.go:860.2,860.66 1 0
github.com/stretchr/testify/require/require.go:860.66,862.3 1 0
github.com/stretchr/testify/require/require.go:863.2,863.13 1 0
github.com/stretchr/testify/require/require.go:869.110,870.30 1 1
github.com/stretchr/testify/require/require.go:870.30,872.3 1 1
github.com/stretchr/testify/require/require.go:873.2,873.63 1 1
github.com/stretchr/testify/require/require.go:873.63,875.3 1 1
github.com/stretchr/testify/require/require.go:876.2,876.13 1 1
github.com/stretchr/testify/require/require.go:880.119,881.30 1 0
github.com/stretchr/testify/require/require.go:881.30,883.3 1 0
github.com/stretchr/testify/require/require.go:884.2,884.72 1 0
github.com/stretchr/testify/require/require.go:884.72,886.3 1 0
github.com/stretchr/testify/require/require.go:887.2,887.13 1 0
github.com/stretchr/testify/require/require.go:891.126,892.30 1 0
github.com/stretchr/testify/require/require.go:892.30,894.3 1 0
github.com/stretchr/testify/require/require.go:895.2,895.72 1 0
github.com/stretchr/testify/require/require.go:895.72,897.3 1 0
github.com/stretchr/testify/require/require.go:898.2,898.13 1 0
github.com/stretchr/testify/require/require.go:902.115,903.30 1 0
github.com/stretchr/testify/require/require.go:903.30,905.3 1 0
github.com/stretchr/testify/require/require.go:906.2,906.68 1 0
github.com/stretchr/testify/require/require.go:906.68,908.3 1 0
github.com/stretchr/testify/require/require.go:909.2,909.13 1 0
github.com/stretchr/testify/require/require.go:913.122,914.30 1 0
github.com/stretchr/testify/require/require.go:914.30,916.3 1 0
github.com/stretchr/testify/require/require.go:917.2,917.68 1 0
github.com/stretchr/testify/require/require.go:917.68,919.3 1 0
github.com/stretchr/testify/require/require.go:920.2,920.13 1 0
github.com/stretchr/testify/require/require.go:926.117,927.30 1 0
github.com/stretchr/testify/require/require.go:927.30,929.3 1 0
github.com/stretchr/testify/require/require.go:930.2,930.63 1 0
github.com/stretchr/testify/require/require.go:930.63,932.3 1 0
github.com/stretchr/testify/require/require.go:933.2,933.13 1 0
github.com/stretchr/testify/require/require.go:937.114,938.30 1 0
github.com/stretchr/testify/require/require.go:938.30,940.3 1 0
github.com/stretchr/testify/require/require.go:941.2,941.67 1 0
github.com/stretchr/testify/require/require.go:941.67,943.3 1 0
github.com/stretchr/testify/require/require.go:944.2,944.13 1 0
github.com/stretchr/testify/require/require.go:948.119,949.30 1 0
github.com/stretchr/testify/require/require.go:949.30,951.3 1 0
github.com/stretchr/testify/require/require.go:952.2,952.72 1 0
github.com/stretchr/testify/require/require.go:952.72,954.3 1 0
github.com/stretchr/testify/require/require.go:955.2,955.13 1 0
github.com/stretchr/testify/require/require.go:959.126,960.30 1 0
github.com/stretchr/testify/require/require.go:960.30,962.3 1 0
github.com/stretchr/testify/require/require.go:963.2,963.72 1 0
github.com/stretchr/testify/require/require.go:963.72,965.3 1 0
github.com/stretchr/testify/require/require.go:966.2,966.13 1 0
github.com/stretchr/testify/require/require.go:970.121,971.30 1 0
github.com/stretchr/testify/require/require.go:971.30,973.3 1 0
github.com/stretchr/testify/require/require.go:974.2,974.67 1 0
github.com/stretchr/testify/require/require.go:974.67,976.3 1 0
github.com/stretchr/testify/require/require.go:977.2,977.13 1 0
github.com/stretchr/testify/require/require.go:985.78,986.30 1 0
github.com/stretchr/testify/require/require.go:986.30,988.3 1 0
github.com/stretchr/testify/require/require.go:989.2,989.51 1 0
github.com/stretchr/testify/require/require.go:989.51,991.3 1 0
github.com/stretchr/testify/require/require.go:992.2,992.13 1 0
github.com/stretchr/testify/require/require.go:1000.85,1001.30 1 0
github.com/stretchr/testify/require/require.go:1001.30,1003.3 1 0
github.com/stretchr/testify/require/require.go:1004.2,1004.51 1 0
github.com/stretchr/testify/require/require.go:1004.51,1006.3 1 0
github.com/stretchr/testify/require/require.go:1007.2,1007.13 1 0
github.com/stretchr/testify/require/require.go:1015.78,1016.30 1 0
github.com/stretchr/testify/require/require.go:1016.30,1018.3 1 0
github.com/stretchr/testify/require/require.go:1019.2,1019.51 1 0
github.com/stretchr/testify/require/require.go:1019.51,1021.3 1 0
github.com/stretchr/testify/require/require.go:1022.2,1022.13 1 0
github.com/stretchr/testify/require/require.go:1030.85,1031.30 1 0
github.com/stretchr/testify/require/require.go:1031.30,1033.3 1 0
github.com/stretchr/testify/require/require.go:1034.2,1034.51 1 0
github.com/stretchr/testify/require/require.go:1034.51,1036.3 1 0
github.com/stretchr/testify/require/require.go:1037.2,1037.13 1 0
github.com/stretchr/testify/require/require.go:1045.81,1046.30 1 0
github.com/stretchr/testify/require/require.go:1046.30,1048.3 1 0
github.com/stretchr/testify/require/require.go:1049.2,1049.54 1 0
github.com/stretchr/testify/require/require.go:1049.54,1051.3 1 0
github.com/stretchr/testify/require/require.go:1052.2,1052.13 1 0
github.com/stretchr/testify/require/require.go:1060.88,1061.30 1 0
github.com/stretchr/testify/require/require.go:1061.30,1063.3 1 0
github.com/stretchr/testify/require/require.go:1064.2,1064.54 1 0
github.com/stretchr/testify/require/require.go:1064.54,1066.3 1 0
github.com/stretchr/testify/require/require.go:1067.2,1067.13 1 0
github.com/stretchr/testify/require/require.go:1075.81,1076.30 1 0
github.com/stretchr/testify/require/require.go:1076.30,1078.3 1 0
github.com/stretchr/testify/require/require.go:1079.2,1079.54 1 0
github.com/stretchr/testify/require/require.go:1079.54,1081.3 1 0
github.com/stretchr/testify/require/require.go:1082.2,1082.13 1 0
github.com/stretchr/testify/require/require.go:1090.88,1091.30 1 0
github.com/stretchr/testify/require/require.go:1091.30,1093.3 1 0
github.com/stretchr/testify/require/require.go:1094.2,1094.54 1 0
github.com/stretchr/testify/require/require.go:1094.54,1096.3 1 0
github.com/stretchr/testify/require/require.go:1097.2,1097.13 1 0
github.com/stretchr/testify/require/require.go:1101.98,1102.30 1 1
github.com/stretchr/testify/require/require.go:1102.30,1104.3 1 1
github.com/stretchr/testify/require/require.go:1105.2,1105.59 1 1
github.com/stretchr/testify/require/require.go:1105.59,1107.3 1 1
github.com/stretchr/testify/require/require.go:1108.2,1108.13 1 1
github.com/stretchr/testify/require/require.go:1112.105,1113.30 1 0
github.com/stretchr/testify/require/require.go:1113.30,1115.3 1 0
github.com/stretchr/testify/require/require.go:1116.2,1116.59 1 0
github.com/stretchr/testify/require/require.go:1116.59,1118.3 1 0
github.com/stretchr/testify/require/require.go:1119.2,1119.13 1 0
github.com/stretchr/testify/require/require.go:1125.84,1126.30 1 1
github.com/stretchr/testify/require/require.go:1126.30,1128.3 1 0
github.com/stretchr/testify/require/require.go:1129.2,1129.55 1 1
github.com/stretchr/testify/require/require.go:1129.55,1131.3 1 1
github.com/stretchr/testify/require/require.go:1132.2,1132.13 1 1
github.com/stretchr/testify/require/require.go:1138.91,1139.30 1 0
github.com/stretchr/testify/require/require.go:1139.30,1141.3 1 0
github.com/stretchr/testify/require/require.go:1142.2,1142.55 1 0
github.com/stretchr/testify/require/require.go:1142.55,1144.3 1 0
github.com/stretchr/testify/require/require.go:1145.2,1145.13 1 0
github.com/stretchr/testify/require/require.go:1152.81,1153.30 1 0
github.com/stretchr/testify/require/require.go:1153.30,1155.3 1 0
github.com/stretchr/testify/require/require.go:1156.2,1156.50 1 0
github.com/stretchr/testify/require/require.go:1156.50,1158.3 1 0
github.com/stretchr/testify/require/require.go:1159.2,1159.13 1 0
github.com/stretchr/testify/require/require.go:1166.88,1167.30 1 0
github.com/stretchr/testify/require/require.go:1167.30,1169.3 1 0
github.com/stretchr/testify/require/require.go:1170.2,1170.50 1 0
github.com/stretchr/testify/require/require.go:1170.50,1172.3 1 0
github.com/stretchr/testify/require/require.go:1173.2,1173.13 1 0
github.com/stretchr/testify/require/require.go:1181.82,1182.30 1 0
github.com/stretchr/testify/require/require.go:1182.30,1184.3 1 0
github.com/stretchr/testify/require/require.go:1185.2,1185.43 1 0
github.com/stretchr/testify/require/require.go:1185.43,1187.3 1 0
github.com/stretchr/testify/require/require.go:1188.2,1188.13 1 0
github.com/stretchr/testify/require/require.go:1197.89,1198.30 1 0
github.com/stretchr/testify/require/require.go:1198.30,1200.3 1 0
github.com/stretchr/testify/require/require.go:1201.2,1201.50 1 0
github.com/stretchr/testify/require/require.go:1201.50,1203.3 1 0
github.com/stretchr/testify/require/require.go:1204.2,1204.13 1 0
github.com/stretchr/testify/require/require.go:1213.96,1214.30 1 0
github.com/stretchr/testify/require/require.go:1214.30,1216.3 1 0
github.com/stretchr/testify/require/require.go:1217.2,1217.50 1 0
github.com/stretchr/testify/require/require.go:1217.50,1219.3 1 0
github.com/stretchr/testify/require/require.go:1220.2,1220.13 1 0
github.com/stretchr/testify/require/require.go:1228.89,1229.30 1 0
github.com/stretchr/testify/require/require.go:1229.30,1231.3 1 0
github.com/stretchr/testify/require/require.go:1232.2,1232.43 1 0
github.com/stretchr/testify/require/require.go:1232.43,1234.3 1 0
github.com/stretchr/testify/require/require.go:1235.2,1235.13 1 0
github.com/stretchr/testify/require/require.go:1242.69,1243.30 1 0
github.com/stretchr/testify/require/require.go:1243.30,1245.3 1 0
github.com/stretchr/testify/require/require.go:1246.2,1246.42 1 0
github.com/stretchr/testify/require/require.go:1246.42,1248.3 1 0
github.com/stretchr/testify/require/require.go:1249.2,1249.13 1 0
github.com/stretchr/testify/require/require.go:1256.76,1257.30 1 0
github.com/stretchr/testify/require/require.go:1257.30,1259.3 1 0
github.com/stretchr/testify/require/require.go:1260.2,1260.42 1 0
github.com/stretchr/testify/require/require.go:1260.42,1262.3 1 0
github.com/stretchr/testify/require/require.go:1263.2,1263.13 1 0
github.com/stretchr/testify/require/require.go:1270.117,1271.30 1 0
github.com/stretchr/testify/require/require.go:1271.30,1273.3 1 0
github.com/stretchr/testify/require/require.go:1274.2,1274.62 1 0
github.com/stretchr/testify/require/require.go:1274.62,1276.3 1 0
github.com/stretchr/testify/require/require.go:1277.2,1277.13 1 0
github.com/stretchr/testify/require/require.go:1284.124,1285.30 1 0
github.com/stretchr/testify/require/require.go:1285.30,1287.3 1 0
github.com/stretchr/testify/require/require.go:1288.2,1288.62 1 0
github.com/stretchr/testify/require/require.go:1288.62,1290.3 1 0
github.com/stretchr/testify/require/require.go:1291.2,1291.13 1 0
github.com/stretchr/testify/require/require.go:1297.69,1298.30 1 1
github.com/stretchr/testify/require/require.go:1298.30,1300.3 1 1
github.com/stretchr/testify/require/require.go:1301.2,1301.42 1 1
github.com/stretchr/testify/require/require.go:1301.42,1303.3 1 1
github.com/stretchr/testify/require/require.go:1304.2,1304.13 1 1
github.com/stretchr/testify/require/require.go:1310.76,1311.30 1 0
github.com/stretchr/testify/require/require.go:1311.30,1313.3 1 0
github.com/stretchr/testify/require/require.go:1314.2,1314.42 1 0
github.com/stretchr/testify/require/require.go:1314.42,1316.3 1 0
github.com/stretchr/testify/require/require.go:1317.2,1317.13 1 0
github.com/stretchr/testify/require/require.go:1322.70,1323.30 1 0
github.com/stretchr/testify/require/require.go:1323.30,1325.3 1 0
github.com/stretchr/testify/require/require.go:1326.2,1326.48 1 0
github.com/stretchr/testify/require/require.go:1326.48,1328.3 1 0
github.com/stretchr/testify/require/require.go:1329.2,1329.13 1 0
github.com/stretchr/testify/require/require.go:1334.77,1335.30 1 0
github.com/stretchr/testify/require/require.go:1335.30,1337.3 1 0
github.com/stretchr/testify/require/require.go:1338.2,1338.48 1 0
github.com/stretchr/testify/require/require.go:1338.48,1340.3 1 0
github.com/stretchr/testify/require/require.go:1341.2,1341.13 1 0
github.com/stretchr/testify/require/require.go:1350.64,1351.30 1 1
github.com/stretchr/testify/require/require.go:1351.30,1353.3 1 1
github.com/stretchr/testify/require/require.go:1354.2,1354.43 1 1
github.com/stretchr/testify/require/require.go:1354.43,1356.3 1 1
github.com/stretchr/testify/require/require.go:1357.2,1357.13 1 1
github.com/stretchr/testify/require/require.go:1366.71,1367.30 1 0
github.com/stretchr/testify/require/require.go:1367.30,1369.3 1 0
github.com/stretchr/testify/require/require.go:1370.2,1370.43 1 0
github.com/stretchr/testify/require/require.go:1370.43,1372.3 1 0
github.com/stretchr/testify/require/require.go:1373.2,1373.13 1 0
github.com/stretchr/testify/require/require.go:1378.71,1379.30 1 0
github.com/stretchr/testify/require/require.go:1379.30,1381.3 1 0
github.com/stretchr/testify/require/require.go:1382.2,1382.49 1 0
github.com/stretchr/testify/require/require.go:1382.49,1384.3 1 0
github.com/stretchr/testify/require/require.go:1385.2,1385.13 1 0
github.com/stretchr/testify/require/require.go:1390.78,1391.30 1 0
github.com/stretchr/testify/require/require.go:1391.30,1393.3 1 0
github.com/stretchr/testify/require/require.go:1394.2,1394.49 1 0
github.com/stretchr/testify/require/require.go:1394.49,1396.3 1 0
github.com/stretchr/testify/require/require.go:1397.2,1397.13 1 0
github.com/stretchr/testify/require/require.go:1406.94,1407.30 1 1
github.com/stretchr/testify/require/require.go:1407.30,1409.3 1 1
github.com/stretchr/testify/require/require.go:1410.2,1410.55 1 1
github.com/stretchr/testify/require/require.go:1410.55,1412.3 1 1
github.com/stretchr/testify/require/require.go:1413.2,1413.13 1 1
github.com/stretchr/testify/require/require.go:1422.101,1423.30 1 0
github.com/stretchr/testify/require/require.go:1423.30,1425.3 1 0
github.com/stretchr/testify/require/require.go:1426.2,1426.55 1 0
github.com/stretchr/testify/require/require.go:1426.55,1428.3 1 0
github.com/stretchr/testify/require/require.go:1429.2,1429.13 1 0
github.com/stretchr/testify/require/require.go:1442.100,1443.30 1 0
github.com/stretchr/testify/require/require.go:1443.30,1445.3 1 0
github.com/stretchr/testify/require/require.go:1446.2,1446.61 1 0
github.com/stretchr/testify/require/require.go:1446.61,1448.3 1 0
github.com/stretchr/testify/require/require.go:1449.2,1449.13 1 0
github.com/stretchr/testify/require/require.go:1462.107,1463.30 1 0
github.com/stretchr/testify/require/require.go:1463.30,1465.3 1 0
github.com/stretchr/testify/require/require.go:1466.2,1466.61 1 0
github.com/stretchr/testify/require/require.go:1466.61,1468.3 1 0
github.com/stretchr/testify/require/require.go:1469.2,1469.13 1 0
github.com/stretchr/testify/require/require.go:1478.74,1479.30 1 1
github.com/stretchr/testify/require/require.go:1479.30,1481.3 1 1
github.com/stretchr/testify/require/require.go:1482.2,1482.47 1 1
github.com/stretchr/testify/require/require.go:1482.47,1484.3 1 1
github.com/stretchr/testify/require/require.go:1485.2,1485.13 1 1
github.com/stretchr/testify/require/require.go:1494.81,1495.30 1 0
github.com/stretchr/testify/require/require.go:1495.30,1497.3 1 0
github.com/stretchr/testify/require/require.go:1498.2,1498.47 1 0
github.com/stretchr/testify/require/require.go:1498.47,1500.3 1 0
github.com/stretchr/testify/require/require.go:1501.2,1501.13 1 0
github.com/stretchr/testify/require/require.go:1510.96,1511.30 1 1
github.com/stretchr/testify/require/require.go:1511.30,1513.3 1 1
github.com/stretchr/testify/require/require.go:1514.2,1514.57 1 1
github.com/stretchr/testify/require/require.go:1514.57,1516.3 1 1
github.com/stretchr/testify/require/require.go:1517.2,1517.13 1 1
github.com/stretchr/testify/require/require.go:1523.102,1524.30 1 1
github.com/stretchr/testify/require/require.go:1524.30,1526.3 1 1
github.com/stretchr/testify/require/require.go:1527.2,1527.63 1 1
github.com/stretchr/testify/require/require.go:1527.63,1529.3 1 1
github.com/stretchr/testify/require/require.go:1530.2,1530.13 1 0
github.com/stretchr/testify/require/require.go:1536.109,1537.30 1 0
github.com/stretchr/testify/require/require.go:1537.30,1539.3 1 0
github.com/stretchr/testify/require/require.go:1540.2,1540.63 1 0
github.com/stretchr/testify/require/require.go:1540.63,1542.3 1 0
github.com/stretchr/testify/require/require.go:1543.2,1543.13 1 0
github.com/stretchr/testify/require/require.go:1552.103,1553.30 1 0
github.com/stretchr/testify/require/require.go:1553.30,1555.3 1 0
github.com/stretchr/testify/require/require.go:1556.2,1556.57 1 0
github.com/stretchr/testify/require/require.go:1556.57,1558.3 1 0
github.com/stretchr/testify/require/require.go:1559.2,1559.13 1 0
github.com/stretchr/testify/require/require.go:1564.87,1565.30 1 0
github.com/stretchr/testify/require/require.go:1565.30,1567.3 1 0
github.com/stretchr/testify/require/require.go:1568.2,1568.54 1 0
github.com/stretchr/testify/require/require.go:1568.54,1570.3 1 0
github.com/stretchr/testify/require/require.go:1571.2,1571.13 1 0
github.com/stretchr/testify/require/require.go:1576.94,1577.30 1 0
github.com/stretchr/testify/require/require.go:1577.30,1579.3 1 0
github.com/stretchr/testify/require/require.go:1580.2,1580.54 1 0
github.com/stretchr/testify/require/require.go:1580.54,1582.3 1 0
github.com/stretchr/testify/require/require.go:1583.2,1583.13 1 0
github.com/stretchr/testify/require/require.go:1588.81,1589.30 1 0
github.com/stretchr/testify/require/require.go:1589.30,1591.3 1 0
github.com/stretchr/testify/require/require.go:1592.2,1592.54 1 0
github.com/stretchr/testify/require/require.go:1592.54,1594.3 1 0
github.com/stretchr/testify/require/require.go:1595.2,1595.13 1 0
github.com/stretchr/testify/require/require.go:1600.88,1601.30 1 0
github.com/stretchr/testify/require/require.go:1601.30,1603.3 1 0
github.com/stretchr/testify/require/require.go:1604.2,1604.54 1 0
github.com/stretchr/testify/require/require.go:1604.54,1606.3 1 0
github.com/stretchr/testify/require/require.go:1607.2,1607.13 1 0
github.com/stretchr/testify/require/require.go:1613.108,1614.30 1 0
github.com/stretchr/testify/require/require.go:1614.30,1616.3 1 0
github.com/stretchr/testify/require/require.go:1617.2,1617.69 1 0
github.com/stretchr/testify/require/require.go:1617.69,1619.3 1 0
github.com/stretchr/testify/require/require.go:1620.2,1620.13 1 0
github.com/stretchr/testify/require/require.go:1626.115,1627.30 1 0
github.com/stretchr/testify/require/require.go:1627.30,1629.3 1 0
github.com/stretchr/testify/require/require.go:1630.2,1630.69 1 0
github.com/stretchr/testify/require/require.go:1630.69,1632.3 1 0
github.com/stretchr/testify/require/require.go:1633.2,1633.13 1 0
github.com/stretchr/testify/require/require.go:1639.72,1640.30 1 1
github.com/stretchr/testify/require/require.go:1640.30,1642.3 1 1
github.com/stretchr/testify/require/require.go:1643.2,1643.45 1 1
github.com/stretchr/testify/require/require.go:1643.45,1645.3 1 1
github.com/stretchr/testify/require/require.go:1646.2,1646.13 1 1
github.com/stretchr/testify/require/require.go:1652.79,1653.30 1 0
github.com/stretchr/testify/require/require.go:1653.30,1655.3 1 0
github.com/stretchr/testify/require/require.go:1656.2,1656.45 1 0
github.com/stretchr/testify/require/require.go:1656.45,1658.3 1 0
github.com/stretchr/testify/require/require.go:1659.2,1659.13 1 0
github.com/stretchr/testify/require/require.go:1665.79,1666.30 1 1
github.com/stretchr/testify/require/require.go:1666.30,1668.3 1 1
github.com/stretchr/testify/require/require.go:1669.2,1669.43 1 1
github.com/stretchr/testify/require/require.go:1669.43,1671.3 1 1
github.com/stretchr/testify/require/require.go:1672.2,1672.13 1 1
github.com/stretchr/testify/require/require.go:1678.86,1679.30 1 0
github.com/stretchr/testify/require/require.go:1679.30,1681.3 1 0
github.com/stretchr/testify/require/require.go:1682.2,1682.43 1 0
github.com/stretchr/testify/require/require.go:1682.43,1684.3 1 0
github.com/stretchr/testify/require/require.go:1685.2,1685.13 1 0
github.com/stretchr/testify/require/require.go:1692.88,1693.30 1 1
github.com/stretchr/testify/require/require.go:1693.30,1695.3 1 1
github.com/stretchr/testify/require/require.go:1696.2,1696.49 1 1
github.com/stretchr/testify/require/require.go:1696.49,1698.3 1 1
github.com/stretchr/testify/require/require.go:1699.2,1699.13 1 0
github.com/stretchr/testify/require/require.go:1706.95,1707.30 1 0
github.com/stretchr/testify/require/require.go:1707.30,1709.3 1 0
github.com/stretchr/testify/require/require.go:1710.2,1710.49 1 0
github.com/stretchr/testify/require/require.go:1710.49,1712.3 1 0
github.com/stretchr/testify/require/require.go:1713.2,1713.13 1 0
github.com/stretchr/testify/require/require.go:1722.95,1723.30 1 0
github.com/stretchr/testify/require/require.go:1723.30,1725.3 1 0
github.com/stretchr/testify/require/require.go:1726.2,1726.56 1 0
github.com/stretchr/testify/require/require.go:1726.56,1728.3 1 0
github.com/stretchr/testify/require/require.go:1729.2,1729.13 1 0
github.com/stretchr/testify/require/require.go:1738.102,1739.30 1 0
github.com/stretchr/testify/require/require.go:1739.30,1741.3 1 0
github.com/stretchr/testify/require/require.go:1742.2,1742.56 1 0
github.com/stretchr/testify/require/require.go:1742.56,1744.3 1 0
github.com/stretchr/testify/require/require.go:1745.2,1745.13 1 0
github.com/stretchr/testify/require/require.go:1754.93,1755.30 1 1
github.com/stretchr/testify/require/require.go:1755.30,1757.3 1 1
github.com/stretchr/testify/require/require.go:1758.2,1758.54 1 1
github.com/stretchr/testify/require/require.go:1758.54,1760.3 1 1
github.com/stretchr/testify/require/require.go:1761.2,1761.13 1 0
github.com/stretchr/testify/require/require.go:1770.100,1771.30 1 0
github.com/stretchr/testify/require/require.go:1771.30,1773.3 1 0
github.com/stretchr/testify/require/require.go:1774.2,1774.54 1 0
github.com/stretchr/testify/require/require.go:1774.54,1776.3 1 0
github.com/stretchr/testify/require/require.go:1777.2,1777.13 1 0
github.com/stretchr/testify/require/require.go:1781.68,1782.30 1 1
github.com/stretchr/testify/require/require.go:1782.30,1784.3 1 1
github.com/stretchr/testify/require/require.go:1785.2,1785.41 1 1
github.com/stretchr/testify/require/require.go:1785.41,1787.3 1 1
github.com/stretchr/testify/require/require.go:1788.2,1788.13 1 1
github.com/stretchr/testify/require/require.go:1792.75,1793.30 1 0
github.com/stretchr/testify/require/require.go:1793.30,1795.3 1 0
github.com/stretchr/testify/require/require.go:1796.2,1796.41 1 0
github.com/stretchr/testify/require/require.go:1796.41,1798.3 1 0
github.com/stretchr/testify/require/require.go:1799.2,1799.13 1 0
github.com/stretchr/testify/require/require.go:1805.76,1806.30 1 1
github.com/stretchr/testify/require/require.go:1806.30,1808.3 1 1
github.com/stretchr/testify/require/require.go:1809.2,1809.40 1 1
github.com/stretchr/testify/require/require.go:1809.40,1811.3 1 1
github.com/stretchr/testify/require/require.go:1812.2,1812.13 1 1
github.com/stretchr/testify/require/require.go:1820.103,1821.30 1 0
github.com/stretchr/testify/require/require.go:1821.30,1823.3 1 0
github.com/stretchr/testify/require/require.go:1824.2,1824.60 1 0
github.com/stretchr/testify/require/require.go:1824.60,1826.3 1 0
github.com/stretchr/testify/require/require.go:1827.2,1827.13 1 0
github.com/stretchr/testify/require/require.go:1835.110,1836.30 1 0
github.com/stretchr/testify/require/require.go:1836.30,1838.3 1 0
github.com/stretchr/testify/require/require.go:1839.2,1839.60 1 0
github.com/stretchr/testify/require/require.go:1839.60,1841.3 1 0
github.com/stretchr/testify/require/require.go:1842.2,1842.13 1 0
github.com/stretchr/testify/require/require.go:1849.107,1850.30 1 0
github.com/stretchr/testify/require/require.go:1850.30,1852.3 1 0
github.com/stretchr/testify/require/require.go:1853.2,1853.59 1 0
github.com/stretchr/testify/require/require.go:1853.59,1855.3 1 0
github.com/stretchr/testify/require/require.go:1856.2,1856.13 1 0
github.com/stretchr/testify/require/require.go:1863.114,1864.30 1 0
github.com/stretchr/testify/require/require.go:1864.30,1866.3 1 0
github.com/stretchr/testify/require/require.go:1867.2,1867.59 1 0
github.com/stretchr/testify/require/require.go:1867.59,1869.3 1 0
github.com/stretchr/testify/require/require.go:1870.2,1870.13 1 0
github.com/stretchr/testify/require/require.go:1876.83,1877.30 1 0
github.com/stretchr/testify/require/require.go:1877.30,1879.3 1 0
github.com/stretchr/testify/require/require.go:1880.2,1880.40 1 0
github.com/stretchr/testify/require/require.go:1880.40,1882.3 1 0
github.com/stretchr/testify/require/require.go:1883.2,1883.13 1 0
github.com/stretchr/testify/require/require.go:1890.69,1891.30 1 0
github.com/stretchr/testify/require/require.go:1891.30,1893.3 1 0
github.com/stretchr/testify/require/require.go:1894.2,1894.42 1 0
github.com/stretchr/testify/require/require.go:1894.42,1896.3 1 0
github.com/stretchr/testify/require/require.go:1897.2,1897.13 1 0
github.com/stretchr/testify/require/require.go:1904.76,1905.30 1 0
github.com/stretchr/testify/require/require.go:1905.30,1907.3 1 0
github.com/stretchr/testify/require/require.go:1908.2,1908.42 1 0
github.com/stretchr/testify/require/require.go:1908.42,1910.3 1 0
github.com/stretchr/testify/require/require.go:1911.2,1911.13 1 0
github.com/stretchr/testify/require/require.go:1918.85,1919.30 1 1
github.com/stretchr/testify/require/require.go:1919.30,1921.3 1 1
github.com/stretchr/testify/require/require.go:1922.2,1922.46 1 1
github.com/stretchr/testify/require/require.go:1922.46,1924.3 1 1
github.com/stretchr/testify/require/require.go:1925.2,1925.13 1 0
github.com/stretchr/testify/require/require.go:1932.92,1933.30 1 0
github.com/stretchr/testify/require/require.go:1933.30,1935.3 1 0
github.com/stretchr/testify/require/require.go:1936.2,1936.46 1 0
github.com/stretchr/testify/require/require.go:1936.46,1938.3 1 0
github.com/stretchr/testify/require/require.go:1939.2,1939.13 1 0
github.com/stretchr/testify/require/require.go:1948.92,1949.30 1 0
github.com/stretchr/testify/require/require.go:1949.30,1951.3 1 0
github.com/stretchr/testify/require/require.go:1952.2,1952.53 1 0
github.com/stretchr/testify/require/require.go:1952.53,1954.3 1 0
github.com/stretchr/testify/require/require.go:1955.2,1955.13 1 0
github.com/stretchr/testify/require/require.go:1964.99,1965.30 1 0
github.com/stretchr/testify/require/require.go:1965.30,1967.3 1 0
github.com/stretchr/testify/require/require.go:1968.2,1968.53 1 0
github.com/stretchr/testify/require/require.go:1968.53,1970.3 1 0
github.com/stretchr/testify/require/require.go:1971.2,1971.13 1 0
github.com/stretchr/testify/require/require.go:1979.90,1980.30 1 1
github.com/stretchr/testify/require/require.go:1980.30,1982.3 1 1
github.com/stretchr/testify/require/require.go:1983.2,1983.51 1 1
github.com/stretchr/testify/require/require.go:1983.51,1985.3 1 1
github.com/stretchr/testify/require/require.go:1986.2,1986.13 1 0
github.com/stretchr/testify/require/require.go:1994.97,1995.30 1 0
github.com/stretchr/testify/require/require.go:1995.30,1997.3 1 0
github.com/stretchr/testify/require/require.go:1998.2,1998.51 1 0
github.com/stretchr/testify/require/require.go:1998.51,2000.3 1 0
github.com/stretchr/testify/require/require.go:2001.2,2001.13 1 0
github.com/stretchr/testify/require/require.go:2007.62,2008.30 1 1
github.com/stretchr/testify/require/require.go:2008.30,2010.3 1 1
github.com/stretchr/testify/require/require.go:2011.2,2011.42 1 1
github.com/stretchr/testify/require/require.go:2011.42,2013.3 1 1
github.com/stretchr/testify/require/require.go:2014.2,2014.13 1 1
github.com/stretchr/testify/require/require.go:2020.69,2021.30 1 0
github.com/stretchr/testify/require/require.go:2021.30,2023.3 1 0
github.com/stretchr/testify/require/require.go:2024.2,2024.42 1 0
github.com/stretchr/testify/require/require.go:2024.42,2026.3 1 0
github.com/stretchr/testify/require/require.go:2027.2,2027.13 1 0
github.com/stretchr/testify/require/require.go:2033.119,2034.30 1 1
github.com/stretchr/testify/require/require.go:2034.30,2036.3 1 1
github.com/stretchr/testify/require/require.go:2037.2,2037.70 1 1
github.com/stretchr/testify/require/require.go:2037.70,2039.3 1 1
github.com/stretchr/testify/require/require.go:2040.2,2040.13 1 1
github.com/stretchr/testify/require/require.go:2046.126,2047.30 1 0
github.com/stretchr/testify/require/require.go:2047.30,2049.3 1 0
github.com/stretchr/testify/require/require.go:2050.2,2050.70 1 0
github.com/stretchr/testify/require/require.go:2050.70,2052.3 1 0
github.com/stretchr/testify/require/require.go:2053.2,2053.13 1 0
github.com/stretchr/testify/require/require.go:2059.107,2060.30 1 0
github.com/stretchr/testify/require/require.go:2060.30,2062.3 1 0
github.com/stretchr/testify/require/require.go:2063.2,2063.62 1 0
github.com/stretchr/testify/require/require.go:2063.62,2065.3 1 0
github.com/stretchr/testify/require/require.go:2066.2,2066.13 1 0
github.com/stretchr/testify/require/require.go:2072.114,2073.30 1 0
github.com/stretchr/testify/require/require.go:2073.30,2075.3 1 0
github.com/stretchr/testify/require/require.go:2076.2,2076.62 1 0
github.com/stretchr/testify/require/require.go:2076.62,2078.3 1 0
github.com/stretchr/testify/require/require.go:2079.2,2079.13 1 0
github.com/stretchr/testify/require/require.go:2083.84,2084.30 1 1
github.com/stretchr/testify/require/require.go:2084.30,2086.3 1 0
github.com/stretchr/testify/require/require.go:2087.2,2087.55 1 1
github.com/stretchr/testify/require/require.go:2087.55,2089.3 1 1
github.com/stretchr/testify/require/require.go:2090.2,2090.13 1 1
github.com/stretchr/testify/require/require.go:2094.91,2095.30 1 0
github.com/stretchr/testify/require/require.go:2095.30,2097.3 1 0
github.com/stretchr/testify/require/require.go:2098.2,2098.55 1 0
github.com/stretchr/testify/require/require.go:2098.55,2100.3 1 0
github.com/stretchr/testify/require/require.go:2101.2,2101.13 1 0
github.com/stretchr/testify/require/require.go:2105.65,2106.30 1 1
github.com/stretchr/testify/require/require.go:2106.30,2108.3 1 1
github.com/stretchr/testify/require/require.go:2109.2,2109.38 1 1
github.com/stretchr/testify/require/require.go:2109.38,2111.3 1 1
github.com/stretchr/testify/require/require.go:2112.2,2112.13 1 1
github.com/stretchr/testify/require/require.go:2116.72,2117.30 1 0
github.com/stretchr/testify/require/require.go:2117.30,2119.3 1 0
github.com/stretchr/testify/require/require.go:2120.2,2120.38 1 0
github.com/stretchr/testify/require/require.go:2120.38,2122.3 1 0
github.com/stretchr/testify/require/require.go:2123.2,2123.13 1 0
github.com/stretchr/testify/require/require_forward.go:13.83,14.32 1 0
github.com/stretchr/testify/require/require_forward.go:14.32,16.3 1 0
github.com/stretchr/testify/require/require_forward.go:17.2,17.37 1 0
github.com/stretchr/testify/require/require_forward.go:21.90,22.32 1 0
github.com/stretchr/testify/require/require_forward.go:22.32,24.3 1 0
github.com/stretchr/testify/require/require_forward.go:25.2,25.37 1 0
github.com/stretchr/testify/require/require_forward.go:34.95,35.32 1 1
github.com/stretchr/testify/require/require_forward.go:35.32,37.3 1 1
github.com/stretchr/testify/require/require_forward.go:38.2,38.43 1 1
github.com/stretchr/testify/require/require_forward.go:47.102,48.32 1 0
github.com/stretchr/testify/require/require_forward.go:48.32,50.3 1 0
github.com/stretchr/testify/require/require_forward.go:51.2,51.43 1 0
github.com/stretchr/testify/require/require_forward.go:56.72,57.32 1 0
github.com/stretchr/testify/require/require_forward.go:57.32,59.3 1 0
github.com/stretchr/testify/require/require_forward.go:60.2,60.37 1 0
github.com/stretchr/testify/require/require_forward.go:65.79,66.32 1 0
github.com/stretchr/testify/require/require_forward.go:66.32,68.3 1 0
github.com/stretchr/testify/require/require_forward.go:69.2,69.37 1 0
github.com/stretchr/testify/require/require_forward.go:77.101,78.32 1 0
github.com/stretchr/testify/require/require_forward.go:78.32,80.3 1 0
github.com/stretchr/testify/require/require_forward.go:81.2,81.49 1 0
github.com/stretchr/testify/require/require_forward.go:89.108,90.32 1 0
github.com/stretchr/testify/require/require_forward.go:90.32,92.3 1 0
github.com/stretchr/testify/require/require_forward.go:93.2,93.49 1 0
github.com/stretchr/testify/require/require_forward.go:100.75,101.32 1 1
github.com/stretchr/testify/require/require_forward.go:101.32,103.3 1 1
github.com/stretchr/testify/require/require_forward.go:104.2,104.35 1 1
github.com/stretchr/testify/require/require_forward.go:111.82,112.32 1 0
github.com/stretchr/testify/require/require_forward.go:112.32,114.3 1 0
github.com/stretchr/testify/require/require_forward.go:115.2,115.35 1 0
github.com/stretchr/testify/require/require_forward.go:125.97,126.32 1 1
github.com/stretchr/testify/require/require_forward.go:126.32,128.3 1 1
github.com/stretchr/testify/require/require_forward.go:129.2,129.45 1 1
github.com/stretchr/testify/require/require_forward.go:137.94,138.32 1 1
github.com/stretchr/testify/require/require_forward.go:138.32,140.3 1 1
github.com/stretchr/testify/require/require_forward.go:141.2,141.53 1 1
github.com/stretchr/testify/require/require_forward.go:149.101,150.32 1 0
github.com/stretchr/testify/require/require_forward.go:150.32,152.3 1 0
github.com/stretchr/testify/require/require_forward.go:153.2,153.53 1 0
github.com/stretchr/testify/require/require_forward.go:166.111,167.32 1 0
github.com/stretchr/testify/require/require_forward.go:167.32,169.3 1 0
github.com/stretchr/testify/require/require_forward.go:170.2,170.59 1 0
github.com/stretchr/testify/require/require_forward.go:183.118,184.32 1 0
github.com/stretchr/testify/require/require_forward.go:184.32,186.3 1 0
github.com/stretchr/testify/require/require_forward.go:187.2,187.59 1 0
github.com/stretchr/testify/require/require_forward.go:194.103,195.32 1 0
github.com/stretchr/testify/require/require_forward.go:195.32,197.3 1 0
github.com/stretchr/testify/require/require_forward.go:198.2,198.51 1 0
github.com/stretchr/testify/require/require_forward.go:205.110,206.32 1 0
github.com/stretchr/testify/require/require_forward.go:206.32,208.3 1 0
github.com/stretchr/testify/require/require_forward.go:209.2,209.51 1 0
github.com/stretchr/testify/require/require_forward.go:219.104,220.32 1 0
github.com/stretchr/testify/require/require_forward.go:220.32,222.3 1 0
github.com/stretchr/testify/require/require_forward.go:223.2,223.45 1 0
github.com/stretchr/testify/require/require_forward.go:232.66,233.32 1 1
github.com/stretchr/testify/require/require_forward.go:233.32,235.3 1 1
github.com/stretchr/testify/require/require_forward.go:236.2,236.32 1 1
github.com/stretchr/testify/require/require_forward.go:241.88,242.32 1 0
github.com/stretchr/testify/require/require_forward.go:242.32,244.3 1 0
github.com/stretchr/testify/require/require_forward.go:245.2,245.42 1 0
github.com/stretchr/testify/require/require_forward.go:250.95,251.32 1 0
github.com/stretchr/testify/require/require_forward.go:251.32,253.3 1 0
github.com/stretchr/testify/require/require_forward.go:254.2,254.42 1 0
github.com/stretchr/testify/require/require_forward.go:262.96,263.32 1 1
github.com/stretchr/testify/require/require_forward.go:263.32,265.3 1 1
github.com/stretchr/testify/require/require_forward.go:266.2,266.55 1 1
github.com/stretchr/testify/require/require_forward.go:274.103,275.32 1 0
github.com/stretchr/testify/require/require_forward.go:275.32,277.3 1 0
github.com/stretchr/testify/require/require_forward.go:278.2,278.55 1 0
github.com/stretchr/testify/require/require_forward.go:283.82,284.32 1 0
github.com/stretchr/testify/require/require_forward.go:284.32,286.3 1 0
github.com/stretchr/testify/require/require_forward.go:287.2,287.42 1 0
github.com/stretchr/testify/require/require_forward.go:292.89,293.32 1 0
github.com/stretchr/testify/require/require_forward.go:293.32,295.3 1 0
github.com/stretchr/testify/require/require_forward.go:296.2,296.42 1 0
github.com/stretchr/testify/require/require_forward.go:305.73,306.32 1 0
github.com/stretchr/testify/require/require_forward.go:306.32,308.3 1 0
github.com/stretchr/testify/require/require_forward.go:309.2,309.32 1 0
github.com/stretchr/testify/require/require_forward.go:316.126,317.32 1 0
github.com/stretchr/testify/require/require_forward.go:317.32,319.3 1 0
github.com/stretchr/testify/require/require_forward.go:320.2,320.58 1 0
github.com/stretchr/testify/require/require_forward.go:341.150,342.32 1 0
github.com/stretchr/testify/require/require_forward.go:342.32,344.3 1 0
github.com/stretchr/testify/require/require_forward.go:345.2,345.63 1 0
github.com/stretchr/testify/require/require_forward.go:366.157,367.32 1 0
github.com/stretchr/testify/require/require_forward.go:367.32,369.3 1 0
github.com/stretchr/testify/require/require_forward.go:370.2,370.63 1 0
github.com/stretchr/testify/require/require_forward.go:377.133,378.32 1 0
github.com/stretchr/testify/require/require_forward.go:378.32,380.3 1 0
github.com/stretchr/testify/require/require_forward.go:381.2,381.58 1 0
github.com/stretchr/testify/require/require_forward.go:387.99,388.32 1 1
github.com/stretchr/testify/require/require_forward.go:388.32,390.3 1 1
github.com/stretchr/testify/require/require_forward.go:391.2,391.47 1 1
github.com/stretchr/testify/require/require_forward.go:397.106,398.32 1 0
github.com/stretchr/testify/require/require_forward.go:398.32,400.3 1 0
github.com/stretchr/testify/require/require_forward.go:401.2,401.47 1 0
github.com/stretchr/testify/require/require_forward.go:405.77,406.32 1 0
github.com/stretchr/testify/require/require_forward.go:406.32,408.3 1 0
github.com/stretchr/testify/require/require_forward.go:409.2,409.42 1 0
github.com/stretchr/testify/require/require_forward.go:413.80,414.32 1 0
github.com/stretchr/testify/require/require_forward.go:414.32,416.3 1 0
github.com/stretchr/testify/require/require_forward.go:417.2,417.45 1 0
github.com/stretchr/testify/require/require_forward.go:421.87,422.32 1 0
github.com/stretchr/testify/require/require_forward.go:422.32,424.3 1 0
github.com/stretchr/testify/require/require_forward.go:425.2,425.45 1 0
github.com/stretchr/testify/require/require_forward.go:429.84,430.32 1 0
github.com/stretchr/testify/require/require_forward.go:430.32,432.3 1 0
github.com/stretchr/testify/require/require_forward.go:433.2,433.42 1 0
github.com/stretchr/testify/require/require_forward.go:439.67,440.32 1 1
github.com/stretchr/testify/require/require_forward.go:440.32,442.3 1 1
github.com/stretchr/testify/require/require_forward.go:443.2,443.34 1 1
github.com/stretchr/testify/require/require_forward.go:449.74,450.32 1 0
github.com/stretchr/testify/require/require_forward.go:450.32,452.3 1 0
github.com/stretchr/testify/require/require_forward.go:453.2,453.34 1 0
github.com/stretchr/testify/require/require_forward.go:458.73,459.32 1 0
github.com/stretchr/testify/require/require_forward.go:459.32,461.3 1 0
github.com/stretchr/testify/require/require_forward.go:462.2,462.38 1 0
github.com/stretchr/testify/require/require_forward.go:467.80,468.32 1 0
github.com/stretchr/testify/require/require_forward.go:468.32,470.3 1 0
github.com/stretchr/testify/require/require_forward.go:471.2,471.38 1 0
github.com/stretchr/testify/require/require_forward.go:479.89,480.32 1 0
github.com/stretchr/testify/require/require_forward.go:480.32,482.3 1 0
github.com/stretchr/testify/require/require_forward.go:483.2,483.37 1 0
github.com/stretchr/testify/require/require_forward.go:492.96,493.32 1 0
github.com/stretchr/testify/require/require_forward.go:493.32,495.3 1 0
github.com/stretchr/testify/require/require_forward.go:496.2,496.44 1 0
github.com/stretchr/testify/require/require_forward.go:505.103,506.32 1 0
github.com/stretchr/testify/require/require_forward.go:506.32,508.3 1 0
github.com/stretchr/testify/require/require_forward.go:509.2,509.44 1 0
github.com/stretchr/testify/require/require_forward.go:517.96,518.32 1 0
github.com/stretchr/testify/require/require_forward.go:518.32,520.3 1 0
github.com/stretchr/testify/require/require_forward.go:521.2,521.37 1 0
github.com/stretchr/testify/require/require_forward.go:530.155,531.32 1 0
github.com/stretchr/testify/require/require_forward.go:531.32,533.3 1 0
github.com/stretchr/testify/require/require_forward.go:534.2,534.73 1 0
github.com/stretchr/testify/require/require_forward.go:543.162,544.32 1 0
github.com/stretchr/testify/require/require_forward.go:544.32,546.3 1 0
github.com/stretchr/testify/require/require_forward.go:547.2,547.73 1 0
github.com/stretchr/testify/require/require_forward.go:556.158,557.32 1 0
github.com/stretchr/testify/require/require_forward.go:557.32,559.3 1 0
github.com/stretchr/testify/require/require_forward.go:560.2,560.76 1 0
github.com/stretchr/testify/require/require_forward.go:569.165,570.32 1 0
github.com/stretchr/testify/require/require_forward.go:570.32,572.3 1 0
github.com/stretchr/testify/require/require_forward.go:573.2,573.76 1 0
github.com/stretchr/testify/require/require_forward.go:581.131,582.32 1 0
github.com/stretchr/testify/require/require_forward.go:582.32,584.3 1 0
github.com/stretchr/testify/require/require_forward.go:585.2,585.61 1 0
github.com/stretchr/testify/require/require_forward.go:593.138,594.32 1 0
github.com/stretchr/testify/require/require_forward.go:594.32,596.3 1 0
github.com/stretchr/testify/require/require_forward.go:597.2,597.61 1 0
github.com/stretchr/testify/require/require_forward.go:605.134,606.32 1 0
github.com/stretchr/testify/require/require_forward.go:606.32,608.3 1 0
github.com/stretchr/testify/require/require_forward.go:609.2,609.64 1 0
github.com/stretchr/testify/require/require_forward.go:617.141,618.32 1 0
github.com/stretchr/testify/require/require_forward.go:618.32,620.3 1 0
github.com/stretchr/testify/require/require_forward.go:621.2,621.64 1 0
github.com/stretchr/testify/require/require_forward.go:629.152,630.32 1 0
github.com/stretchr/testify/require/require_forward.go:630.32,632.3 1 0
github.com/stretchr/testify/require/require_forward.go:633.2,633.78 1 0
github.com/stretchr/testify/require/require_forward.go:641.159,642.32 1 0
github.com/stretchr/testify/require/require_forward.go:642.32,644.3 1 0
github.com/stretchr/testify/require/require_forward.go:645.2,645.78 1 0
github.com/stretchr/testify/require/require_forward.go:653.133,654.32 1 0
github.com/stretchr/testify/require/require_forward.go:654.32,656.3 1 0
github.com/stretchr/testify/require/require_forward.go:657.2,657.63 1 0
github.com/stretchr/testify/require/require_forward.go:665.140,666.32 1 0
github.com/stretchr/testify/require/require_forward.go:666.32,668.3 1 0
github.com/stretchr/testify/require/require_forward.go:669.2,669.63 1 0
github.com/stretchr/testify/require/require_forward.go:675.109,676.32 1 1
github.com/stretchr/testify/require/require_forward.go:676.32,678.3 1 1
github.com/stretchr/testify/require/require_forward.go:679.2,679.57 1 1
github.com/stretchr/testify/require/require_forward.go:685.116,686.32 1 0
github.com/stretchr/testify/require/require_forward.go:686.32,688.3 1 0
github.com/stretchr/testify/require/require_forward.go:689.2,689.57 1 0
github.com/stretchr/testify/require/require_forward.go:695.114,696.32 1 1
[...]
github.com/stretchr/testify/assert/assertions.go:1600.31,1602.4 1 1
github.com/stretchr/testify/assert/assertions.go:1603.3,1603.69 1 1
github.com/stretchr/testify/assert/assertions.go:1606.2,1606.13 1 1
github.com/stretchr/testify/assert/assertions.go:1614.95,1615.30 1 1
github.com/stretchr/testify/assert/assertions.go:1615.30,1617.3 1 1
github.com/stretchr/testify/assert/assertions.go:1618.2,1618.40 1 1
github.com/stretchr/testify/assert/assertions.go:1618.40,1620.3 1 1
github.com/stretchr/testify/assert/assertions.go:1621.2,1624.24 3 1
github.com/stretchr/testify/assert/assertions.go:1624.24,1628.3 1 1
github.com/stretchr/testify/assert/assertions.go:1629.2,1629.13 1 1
github.com/stretchr/testify/assert/assertions.go:1637.97,1638.30 1 1
github.com/stretchr/testify/assert/assertions.go:1638.30,1640.3 1 1
github.com/stretchr/testify/assert/assertions.go:1641.2,1641.40 1 1
github.com/stretchr/testify/assert/assertions.go:1641.40,1643.3 1 1
github.com/stretchr/testify/assert/assertions.go:1645.2,1646.41 2 1
github.com/stretchr/testify/assert/assertions.go:1646.41,1648.3 1 1
github.com/stretchr/testify/assert/assertions.go:1650.2,1650.13 1 1
github.com/stretchr/testify/assert/assertions.go:1654.56,1656.39 2 1
github.com/stretchr/testify/assert/assertions.go:1656.39,1658.3 1 1
github.com/stretchr/testify/assert/assertions.go:1658.8,1660.3 1 1
github.com/stretchr/testify/assert/assertions.go:1662.2,1662.25 1 1
github.com/stretchr/testify/assert/assertions.go:1663.14,1664.20 1 1
github.com/stretchr/testify/assert/assertions.go:1665.14,1666.26 1 1
github.com/stretchr/testify/assert/assertions.go:1667.10,1668.38 1 0
github.com/stretchr/testify/assert/assertions.go:1677.90,1678.30 1 1
github.com/stretchr/testify/assert/assertions.go:1678.30,1680.3 1 1
github.com/stretchr/testify/assert/assertions.go:1682.2,1684.12 2 1
github.com/stretchr/testify/assert/assertions.go:1684.12,1686.3 1 1
github.com/stretchr/testify/assert/assertions.go:1688.2,1688.14 1 1
github.com/stretchr/testify/assert/assertions.go:1695.93,1696.30 1 1
github.com/stretchr/testify/assert/assertions.go:1696.30,1698.3 1 1
github.com/stretchr/testify/assert/assertions.go:1699.2,1701.11 2 1
github.com/stretchr/testify/assert/assertions.go:1701.11,1703.3 1 1
github.com/stretchr/testify/assert/assertions.go:1705.2,1705.15 1 1
github.com/stretchr/testify/assert/assertions.go:1710.70,1711.30 1 1
github.com/stretchr/testify/assert/assertions.go:1711.30,1713.3 1 1
github.com/stretchr/testify/assert/assertions.go:1714.2,1714.84 1 1
github.com/stretchr/testify/assert/assertions.go:1714.84,1716.3 1 1
github.com/stretchr/testify/assert/assertions.go:1717.2,1717.13 1 1
github.com/stretchr/testify/assert/assertions.go:1721.73,1722.30 1 1
github.com/stretchr/testify/assert/assertions.go:1722.30,1724.3 1 1
github.com/stretchr/testify/assert/assertions.go:1725.2,1725.83 1 1
github.com/stretchr/testify/assert/assertions.go:1725.83,1727.3 1 1
github.com/stretchr/testify/assert/assertions.go:1728.2,1728.13 1 1
github.com/stretchr/testify/assert/assertions.go:1733.74,1734.30 1 1
github.com/stretchr/testify/assert/assertions.go:1734.30,1736.3 1 1
github.com/stretchr/testify/assert/assertions.go:1737.2,1738.16 2 1
github.com/stretchr/testify/assert/assertions.go:1738.16,1739.25 1 1
github.com/stretchr/testify/assert/assertions.go:1739.25,1741.4 1 1
github.com/stretchr/testify/assert/assertions.go:1742.3,1742.95 1 0
github.com/stretchr/testify/assert/assertions.go:1744.2,1744.18 1 1
github.com/stretchr/testify/assert/assertions.go:1744.18,1746.3 1 1
github.com/stretchr/testify/assert/assertions.go:1747.2,1747.13 1 1
github.com/stretchr/testify/assert/assertions.go:1752.76,1753.30 1 1
github.com/stretchr/testify/assert/assertions.go:1753.30,1755.3 1 1
github.com/stretchr/testify/assert/assertions.go:1756.2,1757.16 2 1
github.com/stretchr/testify/assert/assertions.go:1757.16,1759.3 1 1
github.com/stretchr/testify/assert/assertions.go:1760.2,1760.18 1 1
github.com/stretchr/testify/assert/assertions.go:1760.18,1762.3 1 1
github.com/stretchr/testify/assert/assertions.go:1763.2,1763.68 1 1
github.com/stretchr/testify/assert/assertions.go:1768.73,1769.30 1 1
github.com/stretchr/testify/assert/assertions.go:1769.30,1771.3 1 1
github.com/stretchr/testify/assert/assertions.go:1772.2,1773.16 2 1
github.com/stretchr/testify/assert/assertions.go:1773.16,1774.25 1 1
github.com/stretchr/testify/assert/assertions.go:1774.25,1776.4 1 1
github.com/stretchr/testify/assert/assertions.go:1777.3,1777.95 1 0
github.com/stretchr/testify/assert/assertions.go:1779.2,1779.19 1 1
github.com/stretchr/testify/assert/assertions.go:1779.19,1781.3 1 1
github.com/stretchr/testify/assert/assertions.go:1782.2,1782.13 1 1
github.com/stretchr/testify/assert/assertions.go:1787.75,1788.30 1 1
github.com/stretchr/testify/assert/assertions.go:1788.30,1790.3 1 1
github.com/stretchr/testify/assert/assertions.go:1791.2,1792.16 2 1
github.com/stretchr/testify/assert/assertions.go:1792.16,1793.25 1 1
github.com/stretchr/testify/assert/assertions.go:1793.25,1795.4 1 1
github.com/stretchr/testify/assert/assertions.go:1796.3,1796.14 1 0
github.com/stretchr/testify/assert/assertions.go:1798.2,1798.19 1 1
github.com/stretchr/testify/assert/assertions.go:1798.19,1800.3 1 1
github.com/stretchr/testify/assert/assertions.go:1801.2,1801.73 1 1
github.com/stretchr/testify/assert/assertions.go:1807.89,1808.30 1 1
github.com/stretchr/testify/assert/assertions.go:1808.30,1810.3 1 1
github.com/stretchr/testify/assert/assertions.go:1811.2,1813.83 2 1
github.com/stretchr/testify/assert/assertions.go:1813.83,1815.3 1 1
github.com/stretchr/testify/assert/assertions.go:1817.2,1817.79 1 1
github.com/stretchr/testify/assert/assertions.go:1817.79,1819.3 1 1
github.com/stretchr/testify/assert/assertions.go:1821.2,1821.80 1 1
github.com/stretchr/testify/assert/assertions.go:1825.89,1826.30 1 1
github.com/stretchr/testify/assert/assertions.go:1826.30,1828.3 1 1
github.com/stretchr/testify/assert/assertions.go:1829.2,1831.83 2 1
github.com/stretchr/testify/assert/assertions.go:1831.83,1833.3 1 0
github.com/stretchr/testify/assert/assertions.go:1835.2,1835.79 1 1
github.com/stretchr/testify/assert/assertions.go:1835.79,1837.3 1 1
github.com/stretchr/testify/assert/assertions.go:1839.2,1839.80 1 1
github.com/stretchr/testify/assert/assertions.go:1842.62,1846.22 3 1
github.com/stretchr/testify/assert/assertions.go:1846.22,1849.3 2 1
github.com/stretchr/testify/assert/assertions.go:1850.2,1850.13 1 1
github.com/stretchr/testify/assert/assertions.go:1855.60,1856.38 1 1
github.com/stretchr/testify/assert/assertions.go:1856.38,1858.3 1 1
github.com/stretchr/testify/assert/assertions.go:1860.2,1863.14 3 1
github.com/stretchr/testify/assert/assertions.go:1863.14,1865.3 1 1
github.com/stretchr/testify/assert/assertions.go:1867.2,1867.117 1 1
github.com/stretchr/testify/assert/assertions.go:1867.117,1869.3 1 1
github.com/stretchr/testify/assert/assertions.go:1871.2,1873.12 2 1
github.com/stretchr/testify/assert/assertions.go:1874.26,1876.39 2 1
github.com/stretchr/testify/assert/assertions.go:1877.35,1879.46 2 1
github.com/stretchr/testify/assert/assertions.go:1880.10,1882.31 2 1
github.com/stretchr/testify/assert/assertions.go:1885.2,1895.29 2 1
github.com/stretchr/testify/assert/assertions.go:1898.39,1899.16 1 1
github.com/stretchr/testify/assert/assertions.go:1899.16,1901.3 1 1
github.com/stretchr/testify/assert/assertions.go:1902.2,1902.51 1 1
github.com/stretchr/testify/assert/assertions.go:1930.127,1931.30 1 1
github.com/stretchr/testify/assert/assertions.go:1931.30,1933.3 1 1
github.com/stretchr/testify/assert/assertions.go:1935.2,1943.26 6 1
github.com/stretchr/testify/assert/assertions.go:1943.26,1944.10 1 1
github.com/stretchr/testify/assert/assertions.go:1945.18,1946.62 1 1
github.com/stretchr/testify/assert/assertions.go:1947.15,1949.14 2 1
github.com/stretchr/testify/assert/assertions.go:1949.14,1949.35 1 1
github.com/stretchr/testify/assert/assertions.go:1950.18,1951.9 1 1
github.com/stretchr/testify/assert/assertions.go:1951.9,1953.5 1 1
github.com/stretchr/testify/assert/assertions.go:1954.4,1954.19 1 1
github.com/stretchr/testify/assert/assertions.go:1968.63,1970.2 1 1
github.com/stretchr/testify/assert/assertions.go:1973.30,1976.2 2 1
github.com/stretchr/testify/assert/assertions.go:1979.26,1980.32 1 0
github.com/stretchr/testify/assert/assertions.go:1984.33,1985.31 1 0
github.com/stretchr/testify/assert/assertions.go:1988.27,1989.17 1 1
github.com/stretchr/testify/assert/assertions.go:1989.17,1991.3 1 1
github.com/stretchr/testify/assert/assertions.go:1994.34,1996.2 1 1
github.com/stretchr/testify/assert/assertions.go:2016.144,2017.30 1 1
github.com/stretchr/testify/assert/assertions.go:2017.30,2019.3 1 1
github.com/stretchr/testify/assert/assertions.go:2021.2,2030.26 7 1
github.com/stretchr/testify/assert/assertions.go:2030.26,2031.10 1 1
github.com/stretchr/testify/assert/assertions.go:2032.18,2033.45 1 1
github.com/stretchr/testify/assert/assertions.go:2033.45,2035.5 1 1
github.com/stretchr/testify/assert/assertions.go:2036.4,2036.62 1 1
github.com/stretchr/testify/assert/assertions.go:2037.15,2039.14 2 1
github.com/stretchr/testify/assert/assertions.go:2039.14,2041.18 2 1
github.com/stretchr/testify/assert/assertions.go:2041.18,2043.6 1 1
github.com/stretchr/testify/assert/assertions.go:2044.5,2044.23 1 1
github.com/stretchr/testify/assert/assertions.go:2046.24,2047.25 1 1
github.com/stretchr/testify/assert/assertions.go:2047.25,2049.5 1 1
github.com/stretchr/testify/assert/assertions.go:2051.4,2052.19 2 1
github.com/stretchr/testify/assert/assertions.go:2061.122,2062.30 1 1
github.com/stretchr/testify/assert/assertions.go:2062.30,2064.3 1 1
github.com/stretchr/testify/assert/assertions.go:2066.2,2074.26 6 1
github.com/stretchr/testify/assert/assertions.go:2074.26,2075.10 1 1
github.com/stretchr/testify/assert/assertions.go:2076.18,2077.15 1 1
github.com/stretchr/testify/assert/assertions.go:2078.15,2080.14 2 1
github.com/stretchr/testify/assert/assertions.go:2080.14,2080.35 1 1
github.com/stretchr/testify/assert/assertions.go:2081.18,2082.9 1 1
github.com/stretchr/testify/assert/assertions.go:2082.9,2084.5 1 1
github.com/stretchr/testify/assert/assertions.go:2085.4,2085.19 1 1
github.com/stretchr/testify/assert/assertions.go:2092.77,2093.30 1 1
github.com/stretchr/testify/assert/assertions.go:2093.30,2095.3 1 0
github.com/stretchr/testify/assert/assertions.go:2096.2,2096.28 1 1
github.com/stretchr/testify/assert/assertions.go:2096.28,2098.3 1 1
github.com/stretchr/testify/assert/assertions.go:2100.2,2101.19 2 1
github.com/stretchr/testify/assert/assertions.go:2101.19,2103.3 1 1
github.com/stretchr/testify/assert/assertions.go:2105.2,2110.19 2 1
github.com/stretchr/testify/assert/assertions.go:2115.80,2116.30 1 1
github.com/stretchr/testify/assert/assertions.go:2116.30,2118.3 1 0
github.com/stretchr/testify/assert/assertions.go:2119.2,2119.29 1 1
github.com/stretchr/testify/assert/assertions.go:2119.29,2121.3 1 1
github.com/stretchr/testify/assert/assertions.go:2123.2,2124.19 2 1
github.com/stretchr/testify/assert/assertions.go:2124.19,2126.3 1 1
github.com/stretchr/testify/assert/assertions.go:2128.2,2133.19 2 1
github.com/stretchr/testify/assert/assertions.go:2138.89,2139.30 1 1
github.com/stretchr/testify/assert/assertions.go:2139.30,2141.3 1 1
github.com/stretchr/testify/assert/assertions.go:2142.2,2142.28 1 1
github.com/stretchr/testify/assert/assertions.go:2142.28,2144.3 1 1
github.com/stretchr/testify/assert/assertions.go:2146.2,2151.19 2 1
github.com/stretchr/testify/assert/assertions.go:2156.92,2157.30 1 1
github.com/stretchr/testify/assert/assertions.go:2157.30,2159.3 1 1
github.com/stretchr/testify/assert/assertions.go:2160.2,2160.29 1 1
github.com/stretchr/testify/assert/assertions.go:2160.29,2162.3 1 1
github.com/stretchr/testify/assert/assertions.go:2164.2,2169.19 2 1
github.com/stretchr/testify/assert/assertions.go:2172.46,2173.16 1 1
github.com/stretchr/testify/assert/assertions.go:2173.16,2175.3 1 1
github.com/stretchr/testify/assert/assertions.go:2177.2,2179.15 3 1
github.com/stretchr/testify/assert/assertions.go:2179.15,2182.3 2 1
github.com/stretchr/testify/assert/assertions.go:2183.2,2183.14 1 1
github.com/stretchr/testify/assert/forward_assertions.go:10.34,14.2 1 1
github.com/stretchr/testify/assert/http_assertions.go:13.93,16.16 3 1
github.com/stretchr/testify/assert/http_assertions.go:16.16,18.3 1 0
github.com/stretchr/testify/assert/http_assertions.go:19.2,21.20 3 1
github.com/stretchr/testify/assert/http_assertions.go:29.127,30.30 1 1
github.com/stretchr/testify/assert/http_assertions.go:30.30,32.3 1 1
github.com/stretchr/testify/assert/http_assertions.go:33.2,34.16 2 1
github.com/stretchr/testify/assert/http_assertions.go:34.16,36.3 1 0
github.com/stretchr/testify/assert/http_assertions.go:38.2,39.20 2 1
github.com/stretchr/testify/assert/http_assertions.go:39.20,41.3 1 1
github.com/stretchr/testify/assert/http_assertions.go:43.2,43.22 1 1
github.com/stretchr/testify/assert/http_assertions.go:51.128,52.30 1 1
github.com/stretchr/testify/assert/http_assertions.go:52.30,54.3 1 1
github.com/stretchr/testify/assert/http_assertions.go:55.2,56.16 2 1
github.com/stretchr/testify/assert/http_assertions.go:56.16,58.3 1 0
github.com/stretchr/testify/assert/http_assertions.go:60.2,61.21 2 1
github.com/stretchr/testify/assert/http_assertions.go:61.21,63.3 1 1
github.com/stretchr/testify/assert/http_assertions.go:65.2,65.23 1 1
github.com/stretchr/testify/assert/http_assertions.go:73.125,74.30 1 1
github.com/stretchr/testify/assert/http_assertions.go:74.30,76.3 1 1
github.com/stretchr/testify/assert/http_assertions.go:77.2,78.16 2 1
github.com/stretchr/testify/assert/http_assertions.go:78.16,80.3 1 0
github.com/stretchr/testify/assert/http_assertions.go:82.2,83.18 2 1
github.com/stretchr/testify/assert/http_assertions.go:83.18,85.3 1 1
github.com/stretchr/testify/assert/http_assertions.go:87.2,87.20 1 1
github.com/stretchr/testify/assert/http_assertions.go:95.146,96.30 1 1
github.com/stretchr/testify/assert/http_assertions.go:96.30,98.3 1 1
github.com/stretchr/testify/assert/http_assertions.go:99.2,100.16 2 1
github.com/stretchr/testify/assert/http_assertions.go:100.16,102.3 1 0
github.com/stretchr/testify/assert/http_assertions.go:104.2,105.17 2 1
github.com/stretchr/testify/assert/http_assertions.go:105.17,107.3 1 1
github.com/stretchr/testify/assert/http_assertions.go:109.2,109.19 1 1
github.com/stretchr/testify/assert/http_assertions.go:114.87,116.21 2 1
github.com/stretchr/testify/assert/http_assertions.go:116.21,118.3 1 1
github.com/stretchr/testify/assert/http_assertions.go:119.2,120.16 2 1
github.com/stretchr/testify/assert/http_assertions.go:120.16,122.3 1 0
github.com/stretchr/testify/assert/http_assertions.go:123.2,124.24 2 1
github.com/stretchr/testify/assert/http_assertions.go:133.149,134.30 1 1
github.com/stretchr/testify/assert/http_assertions.go:134.30,136.3 1 1
github.com/stretchr/testify/assert/http_assertions.go:137.2,140.15 3 1
github.com/stretchr/testify/assert/http_assertions.go:140.15,142.3 1 1
github.com/stretchr/testify/assert/http_assertions.go:144.2,144.17 1 1
github.com/stretchr/testify/assert/http_assertions.go:153.152,154.30 1 1
github.com/stretchr/testify/assert/http_assertions.go:154.30,156.3 1 1
github.com/stretchr/testify/assert/http_assertions.go:157.2,160.14 3 1
github.com/stretchr/testify/assert/http_assertions.go:160.14,162.3 1 1
github.com/stretchr/testify/assert/http_assertions.go:164.2,164.18 1 1
github.com/stretchr/testify/suite/stats.go:18.46,24.2 2 1
github.com/stretchr/testify/suite/stats.go:26.50,31.2 1 1
github.com/stretchr/testify/suite/stats.go:33.61,36.2 2 1
github.com/stretchr/testify/suite/stats.go:38.41,39.36 1 1
github.com/stretchr/testify/suite/stats.go:39.36,40.20 1 1
github.com/stretchr/testify/suite/stats.go:40.20,42.4 1 1
github.com/stretchr/testify/suite/stats.go:45.2,45.13 1 1
github.com/stretchr/testify/suite/suite.go:18.54,18.74 1 0
github.com/stretchr/testify/suite/suite.go:35.36,39.2 3 1
github.com/stretchr/testify/suite/suite.go:42.40,48.2 5 1
github.com/stretchr/testify/suite/suite.go:52.42,54.2 1 1
github.com/stretchr/testify/suite/suite.go:57.51,60.26 3 1
github.com/stretchr/testify/suite/suite.go:60.26,61.63 1 1
github.com/stretchr/testify/suite/suite.go:63.2,63.22 1 1
github.com/stretchr/testify/suite/suite.go:71.49,74.29 3 1
github.com/stretchr/testify/suite/suite.go:74.29,75.62 1 1
github.com/stretchr/testify/suite/suite.go:77.2,77.25 1 1
github.com/stretchr/testify/suite/suite.go:80.42,84.2 3 1
github.com/stretchr/testify/suite/suite.go:86.47,88.14 2 1
github.com/stretchr/testify/suite/suite.go:88.14,91.3 2 1
github.com/stretchr/testify/suite/suite.go:98.59,101.43 2 1
github.com/stretchr/testify/suite/suite.go:101.43,107.53 4 1
github.com/stretchr/testify/suite/suite.go:107.53,109.4 1 1
github.com/stretchr/testify/suite/suite.go:111.3,111.59 1 1
github.com/stretchr/testify/suite/suite.go:111.59,113.4 1 1
github.com/stretchr/testify/suite/suite.go:115.3,115.12 1 1
github.com/stretchr/testify/suite/suite.go:121.44,130.36 6 1
github.com/stretchr/testify/suite/suite.go:130.36,132.3 1 1
github.com/stretchr/testify/suite/suite.go:134.2,138.48 4 1
github.com/stretchr/testify/suite/suite.go:138.48,142.17 3 1
github.com/stretchr/testify/suite/suite.go:142.17,145.4 2 0
github.com/stretchr/testify/suite/suite.go:147.3,147.10 1 1
github.com/stretchr/testify/suite/suite.go:147.10,148.12 1 1
github.com/stretchr/testify/suite/suite.go:151.3,151.22 1 1
github.com/stretchr/testify/suite/suite.go:151.22,152.20 1 1
github.com/stretchr/testify/suite/suite.go:152.20,154.5 1 1
github.com/stretchr/testify/suite/suite.go:156.4,156.54 1 1
github.com/stretchr/testify/suite/suite.go:156.54,158.5 1 1
github.com/stretchr/testify/suite/suite.go:160.4,160.25 1 1
github.com/stretchr/testify/suite/suite.go:163.3,165.26 1 1
github.com/stretchr/testify/suite/suite.go:165.26,169.18 4 1
github.com/stretchr/testify/suite/suite.go:169.18,174.22 3 1
github.com/stretchr/testify/suite/suite.go:174.22,177.7 2 1
github.com/stretchr/testify/suite/suite.go:179.6,179.53 1 1
github.com/stretchr/testify/suite/suite.go:179.53,181.7 1 1
github.com/stretchr/testify/suite/suite.go:183.6,183.64 1 1
github.com/stretchr/testify/suite/suite.go:183.64,185.7 1 1
github.com/stretchr/testify/suite/suite.go:187.6,188.23 2 1
github.com/stretchr/testify/suite/suite.go:191.5,191.57 1 1
github.com/stretchr/testify/suite/suite.go:191.57,193.6 1 1
github.com/stretchr/testify/suite/suite.go:194.5,194.54 1 1
github.com/stretchr/testify/suite/suite.go:194.54,196.6 1 1
github.com/stretchr/testify/suite/suite.go:198.5,198.21 1 1
github.com/stretchr/testify/suite/suite.go:198.21,200.6 1 1
github.com/stretchr/testify/suite/suite.go:202.5,202.62 1 1
github.com/stretchr/testify/suite/suite.go:205.3,205.30 1 1
github.com/stretchr/testify/suite/suite.go:207.2,207.20 1 1
github.com/stretchr/testify/suite/suite.go:207.20,208.16 1 1
github.com/stretchr/testify/suite/suite.go:208.16,209.60 1 1
github.com/stretchr/testify/suite/suite.go:209.60,211.5 1 1
github.com/stretchr/testify/suite/suite.go:213.4,213.71 1 1
github.com/stretchr/testify/suite/suite.go:213.71,216.5 2 1
github.com/stretchr/testify/suite/suite.go:220.2,220.20 1 1
github.com/stretchr/testify/suite/suite.go:225.46,226.53 1 1
github.com/stretchr/testify/suite/suite.go:226.53,228.3 1 1
github.com/stretchr/testify/suite/suite.go:229.2,229.47 1 1
github.com/stretchr/testify/suite/suite.go:232.59,233.21 1 1
github.com/stretchr/testify/suite/suite.go:233.21,236.3 2 1
github.com/stretchr/testify/suite/suite.go:238.2,239.9 2 1
github.com/stretchr/testify/suite/suite.go:239.9,240.47 1 0
github.com/stretchr/testify/suite/suite.go:240.47,242.4 1 0
github.com/stretchr/testify/suite/suite.go:243.3,243.9 1 0
github.com/stretchr/testify/suite/suite.go:246.2,246.29 1 1
github.com/stretchr/testify/suite/suite.go:246.29,248.3 1 1
