mode: set
k8s.io/kubernetes/pkg/util/async/bounded_frequency_runner.go:57.37,59.2 1 0
k8s.io/kubernetes/pkg/util/async/bounded_frequency_runner.go:61.28,61.29 0 0
k8s.io/kubernetes/pkg/util/async/bounded_frequency_runner.go:95.43,97.2 1 0
k8s.io/kubernetes/pkg/util/async/bounded_frequency_runner.go:99.50,102.2 2 0
k8s.io/kubernetes/pkg/util/async/bounded_frequency_runner.go:104.34,106.2 1 0
k8s.io/kubernetes/pkg/util/async/bounded_frequency_runner.go:108.38,110.2 1 0
k8s.io/kubernetes/pkg/util/async/bounded_frequency_runner.go:112.48,114.2 1 0
k8s.io/kubernetes/pkg/util/async/bounded_frequency_runner.go:116.55,118.2 1 0
k8s.io/kubernetes/pkg/util/async/bounded_frequency_runner.go:120.45,122.2 1 0
k8s.io/kubernetes/pkg/util/async/bounded_frequency_runner.go:155.135,159.2 3 0
k8s.io/kubernetes/pkg/util/async/bounded_frequency_runner.go:162.132,163.31 1 1
k8s.io/kubernetes/pkg/util/async/bounded_frequency_runner.go:163.31,164.105 1 0
k8s.io/kubernetes/pkg/util/async/bounded_frequency_runner.go:166.2,166.18 1 1
k8s.io/kubernetes/pkg/util/async/bounded_frequency_runner.go:166.18,167.56 1 0
k8s.io/kubernetes/pkg/util/async/bounded_frequency_runner.go:170.2,179.22 2 1
k8s.io/kubernetes/pkg/util/async/bounded_frequency_runner.go:179.22,181.3 1 0
k8s.io/kubernetes/pkg/util/async/bounded_frequency_runner.go:181.8,185.3 2 1
k8s.io/kubernetes/pkg/util/async/bounded_frequency_runner.go:186.2,186.12 1 1
k8s.io/kubernetes/pkg/util/async/bounded_frequency_runner.go:191.63,194.6 3 1
k8s.io/kubernetes/pkg/util/async/bounded_frequency_runner.go:194.6,195.10 1 1
k8s.io/kubernetes/pkg/util/async/bounded_frequency_runner.go:196.15,199.10 3 1
k8s.io/kubernetes/pkg/util/async/bounded_frequency_runner.go:200.24,201.16 1 1
k8s.io/kubernetes/pkg/util/async/bounded_frequency_runner.go:202.18,203.16 1 1
k8s.io/kubernetes/pkg/util/async/bounded_frequency_runner.go:204.20,205.17 1 1
k8s.io/kubernetes/pkg/util/async/bounded_frequency_runner.go:215.42,220.9 1 1
k8s.io/kubernetes/pkg/util/async/bounded_frequency_runner.go:221.29,221.29 0 1
k8s.io/kubernetes/pkg/util/async/bounded_frequency_runner.go:222.10,222.10 0 0
k8s.io/kubernetes/pkg/util/async/bounded_frequency_runner.go:229.71,245.64 4 1
k8s.io/kubernetes/pkg/util/async/bounded_frequency_runner.go:245.64,247.3 1 0
k8s.io/kubernetes/pkg/util/async/bounded_frequency_runner.go:248.2,250.9 2 1
k8s.io/kubernetes/pkg/util/async/bounded_frequency_runner.go:251.31,251.31 0 1
k8s.io/kubernetes/pkg/util/async/bounded_frequency_runner.go:252.10,252.10 0 0
k8s.io/kubernetes/pkg/util/async/bounded_frequency_runner.go:257.43,262.2 4 1
k8s.io/kubernetes/pkg/util/async/bounded_frequency_runner.go:265.46,271.28 5 1
k8s.io/kubernetes/pkg/util/async/bounded_frequency_runner.go:271.28,273.3 1 0
k8s.io/kubernetes/pkg/util/async/bounded_frequency_runner.go:276.2,278.43 3 1
k8s.io/kubernetes/pkg/util/async/bounded_frequency_runner.go:278.43,282.3 3 1
k8s.io/kubernetes/pkg/util/async/bounded_frequency_runner.go:286.45,290.29 3 1
k8s.io/kubernetes/pkg/util/async/bounded_frequency_runner.go:290.29,298.3 6 1
k8s.io/kubernetes/pkg/util/async/bounded_frequency_runner.go:301.2,308.34 5 1
k8s.io/kubernetes/pkg/util/async/bounded_frequency_runner.go:308.34,310.3 1 1
k8s.io/kubernetes/pkg/util/async/bounded_frequency_runner.go:311.2,312.32 2 1
k8s.io/kubernetes/pkg/util/async/runner.go:33.55,35.2 1 1
k8s.io/kubernetes/pkg/util/async/runner.go:38.26,41.19 3 1
k8s.io/kubernetes/pkg/util/async/runner.go:41.19,44.30 3 1
k8s.io/kubernetes/pkg/util/async/runner.go:44.30,46.4 1 1
k8s.io/kubernetes/pkg/util/async/runner.go:51.25,54.19 3 1
k8s.io/kubernetes/pkg/util/async/runner.go:54.19,57.3 2 1
k8s.io/kubernetes/pkg/util/coverage/coverage_disabled.go:23.32,24.76 1 0
k8s.io/kubernetes/pkg/util/coverage/coverage_disabled.go:28.23,30.2 0 0
k8s.io/kubernetes/pkg/util/coverage/fake_test_deps.go:45.41,47.2 1 0
k8s.io/kubernetes/pkg/util/coverage/fake_test_deps.go:50.64,52.2 1 0
k8s.io/kubernetes/pkg/util/coverage/fake_test_deps.go:55.44,55.45 0 0
k8s.io/kubernetes/pkg/util/coverage/fake_test_deps.go:58.54,60.2 1 0
k8s.io/kubernetes/pkg/util/coverage/fake_test_deps.go:63.39,63.40 0 0
k8s.io/kubernetes/pkg/util/coverage/fake_test_deps.go:66.46,66.47 0 0
k8s.io/kubernetes/pkg/util/coverage/fake_test_deps.go:69.41,71.2 1 0
k8s.io/kubernetes/pkg/util/coverage/fake_test_deps.go:74.55,76.2 1 0
k8s.io/kubernetes/pkg/util/coverage/fake_test_deps.go:79.66,81.2 1 0
k8s.io/kubernetes/pkg/util/coverage/fake_test_deps.go:84.141,86.2 1 0
k8s.io/kubernetes/pkg/util/coverage/fake_test_deps.go:89.66,91.2 1 0
k8s.io/kubernetes/pkg/util/coverage/fake_test_deps.go:94.79,96.2 1 0
k8s.io/kubernetes/pkg/util/coverage/fake_test_deps.go:99.62,101.2 1 0
k8s.io/kubernetes/pkg/util/coverage/fake_test_deps.go:104.38,104.39 0 0
k8s.io/kubernetes/pkg/util/coverage/fake_test_deps.go:107.41,107.42 0 0
k8s.io/kubernetes/pkg/util/coverage/fake_test_deps.go:110.128,112.2 1 0
k8s.io/kubernetes/pkg/util/filesystem/defaultfs.go:36.29,41.2 2 0
k8s.io/kubernetes/pkg/util/filesystem/defaultfs.go:43.49,44.23 1 0
k8s.io/kubernetes/pkg/util/filesystem/defaultfs.go:44.23,46.3 1 0
k8s.io/kubernetes/pkg/util/filesystem/defaultfs.go:47.2,47.37 1 0
k8s.io/kubernetes/pkg/util/filesystem/defaultfs.go:51.61,53.2 1 0
k8s.io/kubernetes/pkg/util/filesystem/defaultfs.go:56.56,58.16 2 0
k8s.io/kubernetes/pkg/util/filesystem/defaultfs.go:58.16,60.3 1 0
k8s.io/kubernetes/pkg/util/filesystem/defaultfs.go:61.2,61.32 1 0
k8s.io/kubernetes/pkg/util/filesystem/defaultfs.go:65.60,66.42 1 0
k8s.io/kubernetes/pkg/util/filesystem/defaultfs.go:66.42,68.3 1 0
k8s.io/kubernetes/pkg/util/filesystem/defaultfs.go:69.2,69.42 1 0
k8s.io/kubernetes/pkg/util/filesystem/defaultfs.go:69.42,71.3 1 0
k8s.io/kubernetes/pkg/util/filesystem/defaultfs.go:72.2,72.36 1 0
k8s.io/kubernetes/pkg/util/filesystem/defaultfs.go:75.68,77.2 1 0
k8s.io/kubernetes/pkg/util/filesystem/defaultfs.go:87.65,88.44 1 0
k8s.io/kubernetes/pkg/util/filesystem/defaultfs.go:88.44,93.68 1 0
k8s.io/kubernetes/pkg/util/filesystem/defaultfs.go:93.68,95.4 1 0
k8s.io/kubernetes/pkg/util/filesystem/defaultfs.go:96.3,96.67 1 0
k8s.io/kubernetes/pkg/util/filesystem/defaultfs.go:99.2,99.45 1 0
k8s.io/kubernetes/pkg/util/filesystem/defaultfs.go:99.45,101.3 1 0
k8s.io/kubernetes/pkg/util/filesystem/defaultfs.go:102.2,102.12 1 0
k8s.io/kubernetes/pkg/util/filesystem/defaultfs.go:106.83,108.2 1 0
k8s.io/kubernetes/pkg/util/filesystem/defaultfs.go:111.51,113.2 1 0
k8s.io/kubernetes/pkg/util/filesystem/defaultfs.go:116.48,118.2 1 0
k8s.io/kubernetes/pkg/util/filesystem/defaultfs.go:121.64,123.2 1 0
k8s.io/kubernetes/pkg/util/filesystem/defaultfs.go:126.66,128.2 1 0
k8s.io/kubernetes/pkg/util/filesystem/defaultfs.go:131.65,133.16 2 0
k8s.io/kubernetes/pkg/util/filesystem/defaultfs.go:133.16,135.3 1 0
k8s.io/kubernetes/pkg/util/filesystem/defaultfs.go:136.2,136.32 1 0
k8s.io/kubernetes/pkg/util/filesystem/defaultfs.go:140.69,142.2 1 0
k8s.io/kubernetes/pkg/util/filesystem/defaultfs.go:145.72,147.2 1 0
k8s.io/kubernetes/pkg/util/filesystem/defaultfs.go:155.40,157.2 1 0
k8s.io/kubernetes/pkg/util/filesystem/defaultfs.go:160.61,162.2 1 0
k8s.io/kubernetes/pkg/util/filesystem/defaultfs.go:165.39,167.2 1 0
k8s.io/kubernetes/pkg/util/filesystem/defaultfs.go:170.40,172.2 1 0
k8s.io/kubernetes/pkg/util/filesystem/util.go:25.36,27.2 1 1
k8s.io/kubernetes/pkg/util/filesystem/util_unix.go:29.56,31.16 2 1
k8s.io/kubernetes/pkg/util/filesystem/util_unix.go:31.16,33.3 1 1
k8s.io/kubernetes/pkg/util/filesystem/util_unix.go:34.2,34.34 1 1
k8s.io/kubernetes/pkg/util/filesystem/util_unix.go:34.34,36.3 1 1
k8s.io/kubernetes/pkg/util/filesystem/util_unix.go:37.2,37.18 1 1
k8s.io/kubernetes/pkg/util/filesystem/util_unix.go:41.49,43.2 1 0
k8s.io/kubernetes/pkg/util/filesystem/util_unix.go:46.52,48.2 1 0
k8s.io/kubernetes/pkg/util/filesystem/util_unix.go:51.30,53.2 1 0
k8s.io/kubernetes/pkg/util/filesystem/watcher.go:57.37,59.2 1 0
k8s.io/kubernetes/pkg/util/filesystem/watcher.go:61.55,63.2 1 0
k8s.io/kubernetes/pkg/util/filesystem/watcher.go:65.96,68.16 3 0
k8s.io/kubernetes/pkg/util/filesystem/watcher.go:68.16,70.3 1 0
k8s.io/kubernetes/pkg/util/filesystem/watcher.go:72.2,74.12 3 0
k8s.io/kubernetes/pkg/util/filesystem/watcher.go:77.33,78.12 1 0
k8s.io/kubernetes/pkg/util/filesystem/watcher.go:78.12,80.7 2 0
k8s.io/kubernetes/pkg/util/filesystem/watcher.go:80.7,81.11 1 0
k8s.io/kubernetes/pkg/util/filesystem/watcher.go:82.37,83.30 1 0
k8s.io/kubernetes/pkg/util/filesystem/watcher.go:83.30,85.6 1 0
k8s.io/kubernetes/pkg/util/filesystem/watcher.go:86.35,87.30 1 0
k8s.io/kubernetes/pkg/util/filesystem/watcher.go:87.30,89.6 1 0
k8s.io/kubernetes/pkg/util/filesystem/watcher.go:101.46,101.60 1 0
k8s.io/kubernetes/pkg/util/filesystem/watcher.go:102.46,102.60 1 0
k8s.io/kubernetes/pkg/util/filesystem/watcher.go:117.130,118.23 1 0
k8s.io/kubernetes/pkg/util/filesystem/watcher.go:118.23,119.48 1 0
k8s.io/kubernetes/pkg/util/filesystem/watcher.go:121.2,121.25 1 0
k8s.io/kubernetes/pkg/util/filesystem/watcher.go:121.25,122.52 1 0
k8s.io/kubernetes/pkg/util/filesystem/watcher.go:124.2,124.25 1 0
k8s.io/kubernetes/pkg/util/filesystem/watcher.go:124.25,125.34 1 0
k8s.io/kubernetes/pkg/util/filesystem/watcher.go:125.35,125.36 0 0
k8s.io/kubernetes/pkg/util/filesystem/watcher.go:129.2,134.49 2 0
k8s.io/kubernetes/pkg/util/filesystem/watcher.go:134.49,137.3 2 0
k8s.io/kubernetes/pkg/util/filesystem/watcher.go:137.8,141.16 4 0
k8s.io/kubernetes/pkg/util/filesystem/watcher.go:141.16,143.4 1 0
k8s.io/kubernetes/pkg/util/filesystem/watcher.go:147.2,153.42 4 0
k8s.io/kubernetes/pkg/util/filesystem/watcher.go:153.42,156.3 2 0
k8s.io/kubernetes/pkg/util/filesystem/watcher.go:156.8,160.3 1 0
k8s.io/kubernetes/pkg/util/filesystem/watcher.go:162.2,162.6 1 0
k8s.io/kubernetes/pkg/util/filesystem/watcher.go:162.6,163.10 1 0
k8s.io/kubernetes/pkg/util/filesystem/watcher.go:164.21,165.10 1 0
k8s.io/kubernetes/pkg/util/filesystem/watcher.go:167.14,169.24 1 0
k8s.io/kubernetes/pkg/util/filesystem/watcher.go:169.24,171.5 1 0
k8s.io/kubernetes/pkg/util/filesystem/watcher.go:174.4,174.30 1 0
k8s.io/kubernetes/pkg/util/filesystem/watcher.go:174.30,176.45 2 0
k8s.io/kubernetes/pkg/util/filesystem/watcher.go:176.45,178.6 1 0
k8s.io/kubernetes/pkg/util/filesystem/watcher.go:178.11,180.6 1 0
k8s.io/kubernetes/pkg/util/filesystem/watcher.go:184.4,184.18 1 0
k8s.io/kubernetes/pkg/util/filesystem/watcher.go:186.24,188.24 1 0
k8s.io/kubernetes/pkg/util/filesystem/watcher.go:188.24,190.5 1 0
k8s.io/kubernetes/pkg/util/filesystem/watcher.go:193.4,193.76 1 0
k8s.io/kubernetes/pkg/util/filesystem/watcher.go:193.76,195.45 2 0
k8s.io/kubernetes/pkg/util/filesystem/watcher.go:195.45,198.6 2 0
k8s.io/kubernetes/pkg/util/filesystem/watcher.go:202.4,202.18 1 0
k8s.io/kubernetes/pkg/util/filesystem/watcher.go:204.25,206.24 1 0
k8s.io/kubernetes/pkg/util/filesystem/watcher.go:206.24,208.5 1 0
k8s.io/kubernetes/pkg/util/filesystem/watcher.go:212.4,213.33 2 0
k8s.io/kubernetes/pkg/util/env/env.go:26.64,27.34 1 1
k8s.io/kubernetes/pkg/util/env/env.go:27.34,29.3 1 1
k8s.io/kubernetes/pkg/util/env/env.go:30.2,30.21 1 1
k8s.io/kubernetes/pkg/util/env/env.go:35.71,36.34 1 1
k8s.io/kubernetes/pkg/util/env/env.go:36.34,38.17 2 1
k8s.io/kubernetes/pkg/util/env/env.go:38.17,40.4 1 1
k8s.io/kubernetes/pkg/util/env/env.go:41.3,41.20 1 1
k8s.io/kubernetes/pkg/util/env/env.go:43.2,43.26 1 1
k8s.io/kubernetes/pkg/util/env/env.go:48.83,49.34 1 1
k8s.io/kubernetes/pkg/util/env/env.go:49.34,51.17 2 1
k8s.io/kubernetes/pkg/util/env/env.go:51.17,53.4 1 1
k8s.io/kubernetes/pkg/util/env/env.go:54.3,54.20 1 1
k8s.io/kubernetes/pkg/util/env/env.go:56.2,56.26 1 1
k8s.io/kubernetes/pkg/util/flag/flags.go:53.37,54.17 1 1
k8s.io/kubernetes/pkg/util/flag/flags.go:54.17,57.3 2 0
k8s.io/kubernetes/pkg/util/flag/flags.go:58.2,58.38 1 1
k8s.io/kubernetes/pkg/util/flag/flags.go:58.38,60.3 1 1
k8s.io/kubernetes/pkg/util/flag/flags.go:61.2,61.18 1 1
k8s.io/kubernetes/pkg/util/flag/flags.go:61.18,63.66 1 0
k8s.io/kubernetes/pkg/util/flag/flags.go:65.2,66.12 2 1
k8s.io/kubernetes/pkg/util/flag/flags.go:70.33,71.18 1 1
k8s.io/kubernetes/pkg/util/flag/flags.go:71.18,73.3 1 0
k8s.io/kubernetes/pkg/util/flag/flags.go:74.2,74.15 1 1
k8s.io/kubernetes/pkg/util/flag/flags.go:78.31,80.2 1 1
k8s.io/kubernetes/pkg/util/flag/flags.go:88.41,89.17 1 1
k8s.io/kubernetes/pkg/util/flag/flags.go:89.17,92.3 2 0
k8s.io/kubernetes/pkg/util/flag/flags.go:94.2,94.18 1 1
k8s.io/kubernetes/pkg/util/flag/flags.go:94.18,96.70 1 0
k8s.io/kubernetes/pkg/util/flag/flags.go:101.2,101.38 1 1
k8s.io/kubernetes/pkg/util/flag/flags.go:101.38,104.3 2 1
k8s.io/kubernetes/pkg/util/flag/flags.go:107.2,108.16 2 1
k8s.io/kubernetes/pkg/util/flag/flags.go:108.16,110.3 1 1
k8s.io/kubernetes/pkg/util/flag/flags.go:111.2,111.41 1 1
k8s.io/kubernetes/pkg/util/flag/flags.go:111.41,113.3 1 1
k8s.io/kubernetes/pkg/util/flag/flags.go:114.2,114.58 1 1
k8s.io/kubernetes/pkg/util/flag/flags.go:114.58,116.3 1 1
k8s.io/kubernetes/pkg/util/flag/flags.go:117.2,118.12 2 1
k8s.io/kubernetes/pkg/util/flag/flags.go:122.37,123.18 1 1
k8s.io/kubernetes/pkg/util/flag/flags.go:123.18,125.3 1 0
k8s.io/kubernetes/pkg/util/flag/flags.go:126.2,126.15 1 1
k8s.io/kubernetes/pkg/util/flag/flags.go:130.35,132.2 1 1
k8s.io/kubernetes/pkg/util/flag/flags.go:140.43,141.53 1 0
k8s.io/kubernetes/pkg/util/flag/flags.go:141.53,143.3 1 0
k8s.io/kubernetes/pkg/util/flag/flags.go:144.2,144.18 1 0
k8s.io/kubernetes/pkg/util/flag/flags.go:144.18,146.73 1 0
k8s.io/kubernetes/pkg/util/flag/flags.go:148.2,149.12 2 0
k8s.io/kubernetes/pkg/util/flag/flags.go:153.39,154.18 1 0
k8s.io/kubernetes/pkg/util/flag/flags.go:154.18,156.3 1 0
k8s.io/kubernetes/pkg/util/flag/flags.go:157.2,157.15 1 0
k8s.io/kubernetes/pkg/util/flag/flags.go:161.37,163.2 1 0
k8s.io/kubernetes/pkg/util/flag/flags.go:172.49,173.20 1 1
k8s.io/kubernetes/pkg/util/flag/flags.go:173.20,175.3 1 0
k8s.io/kubernetes/pkg/util/flag/flags.go:177.2,177.13 1 1
k8s.io/kubernetes/pkg/util/flag/flags.go:177.13,180.3 2 0
k8s.io/kubernetes/pkg/util/flag/flags.go:182.2,182.39 1 1
k8s.io/kubernetes/pkg/util/flag/flags.go:182.39,185.3 2 1
k8s.io/kubernetes/pkg/util/flag/flags.go:187.2,187.13 1 1
k8s.io/kubernetes/pkg/util/flag/flags.go:187.13,189.3 1 0
k8s.io/kubernetes/pkg/util/flag/flags.go:191.2,192.51 2 1
k8s.io/kubernetes/pkg/util/flag/flags.go:192.51,194.36 2 1
k8s.io/kubernetes/pkg/util/flag/flags.go:194.36,196.4 1 1
k8s.io/kubernetes/pkg/util/flag/flags.go:197.3,198.38 2 1
k8s.io/kubernetes/pkg/util/flag/flags.go:198.38,200.4 1 0
k8s.io/kubernetes/pkg/util/flag/flags.go:201.3,202.17 2 1
k8s.io/kubernetes/pkg/util/flag/flags.go:202.17,204.4 1 1
k8s.io/kubernetes/pkg/util/flag/flags.go:206.3,211.64 2 1
k8s.io/kubernetes/pkg/util/flag/flags.go:211.64,213.23 2 1
k8s.io/kubernetes/pkg/util/flag/flags.go:213.23,215.5 1 1
k8s.io/kubernetes/pkg/util/flag/flags.go:217.4,218.95 2 1
k8s.io/kubernetes/pkg/util/flag/flags.go:218.95,220.5 1 1
k8s.io/kubernetes/pkg/util/flag/flags.go:222.4,223.18 2 1
k8s.io/kubernetes/pkg/util/flag/flags.go:223.18,225.5 1 1
k8s.io/kubernetes/pkg/util/flag/flags.go:227.4,227.59 1 1
k8s.io/kubernetes/pkg/util/flag/flags.go:229.3,229.49 1 1
k8s.io/kubernetes/pkg/util/flag/flags.go:231.2,231.12 1 1
k8s.io/kubernetes/pkg/util/flag/flags.go:235.45,236.32 1 1
k8s.io/kubernetes/pkg/util/flag/flags.go:236.32,238.3 1 0
k8s.io/kubernetes/pkg/util/flag/flags.go:240.2,241.42 2 1
k8s.io/kubernetes/pkg/util/flag/flags.go:241.42,243.54 2 0
k8s.io/kubernetes/pkg/util/flag/flags.go:243.54,245.4 1 0
k8s.io/kubernetes/pkg/util/flag/flags.go:247.3,248.100 2 0
k8s.io/kubernetes/pkg/util/flag/flags.go:251.2,252.34 2 1
k8s.io/kubernetes/pkg/util/flag/flags.go:256.43,258.2 1 1
k8s.io/kubernetes/pkg/util/flag/flags.go:266.52,267.17 1 1
k8s.io/kubernetes/pkg/util/flag/flags.go:267.17,270.3 2 0
k8s.io/kubernetes/pkg/util/flag/flags.go:271.2,273.16 3 1
k8s.io/kubernetes/pkg/util/flag/flags.go:273.16,275.3 1 0
k8s.io/kubernetes/pkg/util/flag/flags.go:276.2,277.34 2 1
k8s.io/kubernetes/pkg/util/flag/flags.go:277.34,279.3 1 1
k8s.io/kubernetes/pkg/util/flag/flags.go:280.2,281.12 2 1
k8s.io/kubernetes/pkg/util/flag/flags.go:285.48,286.24 1 1
k8s.io/kubernetes/pkg/util/flag/flags.go:286.24,288.3 1 1
k8s.io/kubernetes/pkg/util/flag/flags.go:289.2,290.33 2 0
k8s.io/kubernetes/pkg/util/flag/flags.go:290.33,292.3 1 0
k8s.io/kubernetes/pkg/util/flag/flags.go:293.2,293.34 1 0
k8s.io/kubernetes/pkg/util/flag/flags.go:297.46,299.2 1 0
k8s.io/kubernetes/pkg/util/labels/labels.go:25.96,26.20 1 1
k8s.io/kubernetes/pkg/util/labels/labels.go:26.20,29.3 1 1
k8s.io/kubernetes/pkg/util/labels/labels.go:31.2,32.33 2 1
k8s.io/kubernetes/pkg/util/labels/labels.go:32.33,34.3 1 1
k8s.io/kubernetes/pkg/util/labels/labels.go:35.2,36.18 2 1
k8s.io/kubernetes/pkg/util/labels/labels.go:41.87,42.20 1 1
k8s.io/kubernetes/pkg/util/labels/labels.go:42.20,45.3 1 1
k8s.io/kubernetes/pkg/util/labels/labels.go:47.2,48.33 2 1
k8s.io/kubernetes/pkg/util/labels/labels.go:48.33,50.3 1 1
k8s.io/kubernetes/pkg/util/labels/labels.go:51.2,52.18 2 1
k8s.io/kubernetes/pkg/util/labels/labels.go:56.88,57.20 1 1
k8s.io/kubernetes/pkg/util/labels/labels.go:57.20,60.3 1 1
k8s.io/kubernetes/pkg/util/labels/labels.go:61.2,61.19 1 1
k8s.io/kubernetes/pkg/util/labels/labels.go:61.19,63.3 1 1
k8s.io/kubernetes/pkg/util/labels/labels.go:64.2,65.15 2 1
k8s.io/kubernetes/pkg/util/labels/labels.go:70.114,71.20 1 1
k8s.io/kubernetes/pkg/util/labels/labels.go:71.20,74.3 1 1
k8s.io/kubernetes/pkg/util/labels/labels.go:77.2,81.33 3 1
k8s.io/kubernetes/pkg/util/labels/labels.go:81.33,82.46 1 1
k8s.io/kubernetes/pkg/util/labels/labels.go:82.46,84.4 1 1
k8s.io/kubernetes/pkg/util/labels/labels.go:86.2,88.38 2 1
k8s.io/kubernetes/pkg/util/labels/labels.go:88.38,90.48 2 0
k8s.io/kubernetes/pkg/util/labels/labels.go:90.48,93.24 3 0
k8s.io/kubernetes/pkg/util/labels/labels.go:93.24,96.5 2 0
k8s.io/kubernetes/pkg/util/labels/labels.go:96.10,98.5 1 0
k8s.io/kubernetes/pkg/util/labels/labels.go:100.3,100.42 1 0
k8s.io/kubernetes/pkg/util/labels/labels.go:101.8,103.3 1 1
k8s.io/kubernetes/pkg/util/labels/labels.go:105.2,105.20 1 1
k8s.io/kubernetes/pkg/util/labels/labels.go:109.108,110.20 1 1
k8s.io/kubernetes/pkg/util/labels/labels.go:110.20,113.3 1 1
k8s.io/kubernetes/pkg/util/labels/labels.go:114.2,114.33 1 1
k8s.io/kubernetes/pkg/util/labels/labels.go:114.33,116.3 1 1
k8s.io/kubernetes/pkg/util/labels/labels.go:117.2,118.17 2 1
k8s.io/kubernetes/pkg/util/labels/labels.go:122.77,124.2 1 0
k8s.io/kubernetes/pkg/util/node/node.go:43.39,45.2 1 1
k8s.io/kubernetes/pkg/util/node/node.go:49.105,50.52 1 1
k8s.io/kubernetes/pkg/util/node/node.go:50.52,51.49 1 1
k8s.io/kubernetes/pkg/util/node/node.go:51.49,52.35 1 1
k8s.io/kubernetes/pkg/util/node/node.go:52.35,54.5 1 1
k8s.io/kubernetes/pkg/util/node/node.go:57.2,57.60 1 1
k8s.io/kubernetes/pkg/util/node/node.go:65.54,68.45 2 1
k8s.io/kubernetes/pkg/util/node/node.go:68.45,69.37 1 1
k8s.io/kubernetes/pkg/util/node/node.go:69.37,71.17 2 1
k8s.io/kubernetes/pkg/util/node/node.go:71.17,73.5 1 1
k8s.io/kubernetes/pkg/util/node/node.go:76.2,76.45 1 1
k8s.io/kubernetes/pkg/util/node/node.go:76.45,77.37 1 1
k8s.io/kubernetes/pkg/util/node/node.go:77.37,79.17 2 1
k8s.io/kubernetes/pkg/util/node/node.go:79.17,81.5 1 1
k8s.io/kubernetes/pkg/util/node/node.go:84.2,84.22 1 1
k8s.io/kubernetes/pkg/util/node/node.go:84.22,86.3 1 1
k8s.io/kubernetes/pkg/util/node/node.go:88.2,89.28 2 1
k8s.io/kubernetes/pkg/util/node/node.go:89.28,90.57 1 1
k8s.io/kubernetes/pkg/util/node/node.go:90.57,92.9 2 1
k8s.io/kubernetes/pkg/util/node/node.go:96.2,96.21 1 1
k8s.io/kubernetes/pkg/util/node/node.go:100.38,101.43 1 1
k8s.io/kubernetes/pkg/util/node/node.go:101.43,102.29 1 1
k8s.io/kubernetes/pkg/util/node/node.go:102.29,104.4 1 1
k8s.io/kubernetes/pkg/util/node/node.go:106.2,106.14 1 1
k8s.io/kubernetes/pkg/util/parsers/parsers.go:31.67,33.16 2 1
k8s.io/kubernetes/pkg/util/parsers/parsers.go:33.16,35.3 1 1
k8s.io/kubernetes/pkg/util/parsers/parsers.go:37.2,41.8 4 1
k8s.io/kubernetes/pkg/util/parsers/parsers.go:41.8,43.3 1 1
k8s.io/kubernetes/pkg/util/parsers/parsers.go:45.2,46.8 2 1
k8s.io/kubernetes/pkg/util/parsers/parsers.go:46.8,48.3 1 1
k8s.io/kubernetes/pkg/util/parsers/parsers.go:50.2,50.39 1 1
k8s.io/kubernetes/pkg/util/parsers/parsers.go:50.39,52.3 1 1
k8s.io/kubernetes/pkg/util/parsers/parsers.go:53.2,53.37 1 1
k8s.io/kubernetes/pkg/util/kernel/version.go:30.45,32.2 1 0
k8s.io/kubernetes/pkg/util/kernel/version.go:35.66,38.16 3 1
k8s.io/kubernetes/pkg/util/kernel/version.go:38.16,40.3 1 1
k8s.io/kubernetes/pkg/util/kernel/version.go:42.2,43.16 2 1
k8s.io/kubernetes/pkg/util/kernel/version.go:43.16,45.3 1 1
k8s.io/kubernetes/pkg/util/kernel/version.go:47.2,47.27 1 1
k8s.io/kubernetes/pkg/util/iptables/testing/fake.go:41.30,72.2 2 1
k8s.io/kubernetes/pkg/util/iptables/testing/fake.go:75.34,79.2 3 0
k8s.io/kubernetes/pkg/util/iptables/testing/fake.go:82.66,85.2 2 0
k8s.io/kubernetes/pkg/util/iptables/testing/fake.go:88.94,90.16 2 1
k8s.io/kubernetes/pkg/util/iptables/testing/fake.go:90.16,92.3 1 1
k8s.io/kubernetes/pkg/util/iptables/testing/fake.go:93.2,93.53 1 1
k8s.io/kubernetes/pkg/util/iptables/testing/fake.go:93.53,95.3 1 1
k8s.io/kubernetes/pkg/util/iptables/testing/fake.go:96.2,97.19 2 1
k8s.io/kubernetes/pkg/util/iptables/testing/fake.go:101.85,102.53 1 0
k8s.io/kubernetes/pkg/util/iptables/testing/fake.go:102.53,104.3 1 0
k8s.io/kubernetes/pkg/util/iptables/testing/fake.go:105.2,105.12 1 0
k8s.io/kubernetes/pkg/util/iptables/testing/fake.go:109.86,111.16 2 1
k8s.io/kubernetes/pkg/util/iptables/testing/fake.go:111.16,113.3 1 0
k8s.io/kubernetes/pkg/util/iptables/testing/fake.go:114.2,114.26 1 1
k8s.io/kubernetes/pkg/util/iptables/testing/fake.go:114.26,115.32 1 1
k8s.io/kubernetes/pkg/util/iptables/testing/fake.go:115.32,118.4 2 1
k8s.io/kubernetes/pkg/util/iptables/testing/fake.go:120.2,120.12 1 0
k8s.io/kubernetes/pkg/util/iptables/testing/fake.go:124.94,125.50 1 1
k8s.io/kubernetes/pkg/util/iptables/testing/fake.go:125.50,127.3 1 0
k8s.io/kubernetes/pkg/util/iptables/testing/fake.go:128.2,128.53 1 1
k8s.io/kubernetes/pkg/util/iptables/testing/fake.go:128.53,130.3 1 1
k8s.io/kubernetes/pkg/util/iptables/testing/fake.go:131.2,131.19 1 1
k8s.io/kubernetes/pkg/util/iptables/testing/fake.go:135.141,137.16 2 1
k8s.io/kubernetes/pkg/util/iptables/testing/fake.go:137.16,139.3 1 1
k8s.io/kubernetes/pkg/util/iptables/testing/fake.go:141.2,142.28 2 1
k8s.io/kubernetes/pkg/util/iptables/testing/fake.go:142.28,143.20 1 1
k8s.io/kubernetes/pkg/util/iptables/testing/fake.go:143.20,145.4 1 1
k8s.io/kubernetes/pkg/util/iptables/testing/fake.go:148.2,149.16 2 1
k8s.io/kubernetes/pkg/util/iptables/testing/fake.go:149.16,151.3 1 0
k8s.io/kubernetes/pkg/util/iptables/testing/fake.go:153.2,153.33 1 1
k8s.io/kubernetes/pkg/util/iptables/testing/fake.go:153.33,155.3 1 1
k8s.io/kubernetes/pkg/util/iptables/testing/fake.go:155.8,157.3 1 1
k8s.io/kubernetes/pkg/util/iptables/testing/fake.go:158.2,158.19 1 1
k8s.io/kubernetes/pkg/util/iptables/testing/fake.go:162.101,164.16 2 1
k8s.io/kubernetes/pkg/util/iptables/testing/fake.go:164.16,166.3 1 1
k8s.io/kubernetes/pkg/util/iptables/testing/fake.go:168.2,169.28 2 1
k8s.io/kubernetes/pkg/util/iptables/testing/fake.go:169.28,170.20 1 1
k8s.io/kubernetes/pkg/util/iptables/testing/fake.go:170.20,172.9 2 1
k8s.io/kubernetes/pkg/util/iptables/testing/fake.go:175.2,175.12 1 1
k8s.io/kubernetes/pkg/util/iptables/testing/fake.go:179.38,181.2 1 0
k8s.io/kubernetes/pkg/util/iptables/testing/fake.go:184.53,186.2 1 0
k8s.io/kubernetes/pkg/util/iptables/testing/fake.go:188.84,190.16 2 1
k8s.io/kubernetes/pkg/util/iptables/testing/fake.go:190.16,192.3 1 0
k8s.io/kubernetes/pkg/util/iptables/testing/fake.go:194.2,195.29 2 1
k8s.io/kubernetes/pkg/util/iptables/testing/fake.go:195.29,197.3 1 1
k8s.io/kubernetes/pkg/util/iptables/testing/fake.go:198.2,198.29 1 1
k8s.io/kubernetes/pkg/util/iptables/testing/fake.go:198.29,199.29 1 1
k8s.io/kubernetes/pkg/util/iptables/testing/fake.go:199.29,201.4 1 1
k8s.io/kubernetes/pkg/util/iptables/testing/fake.go:203.2,204.12 2 1
k8s.io/kubernetes/pkg/util/iptables/testing/fake.go:208.83,209.17 1 1
k8s.io/kubernetes/pkg/util/iptables/testing/fake.go:209.17,212.32 1 1
k8s.io/kubernetes/pkg/util/iptables/testing/fake.go:212.32,214.18 2 1
k8s.io/kubernetes/pkg/util/iptables/testing/fake.go:214.18,216.5 1 0
k8s.io/kubernetes/pkg/util/iptables/testing/fake.go:218.3,218.13 1 1
k8s.io/kubernetes/pkg/util/iptables/testing/fake.go:221.2,221.35 1 0
k8s.io/kubernetes/pkg/util/iptables/testing/fake.go:227.148,229.16 2 1
k8s.io/kubernetes/pkg/util/iptables/testing/fake.go:229.16,231.3 1 0
k8s.io/kubernetes/pkg/util/iptables/testing/fake.go:233.2,237.35 3 1
k8s.io/kubernetes/pkg/util/iptables/testing/fake.go:237.35,239.3 1 1
k8s.io/kubernetes/pkg/util/iptables/testing/fake.go:240.2,240.43 1 1
k8s.io/kubernetes/pkg/util/iptables/testing/fake.go:240.43,242.10 2 1
k8s.io/kubernetes/pkg/util/iptables/testing/fake.go:243.44,243.44 0 0
k8s.io/kubernetes/pkg/util/iptables/testing/fake.go:245.45,246.55 1 1
k8s.io/kubernetes/pkg/util/iptables/testing/fake.go:247.44,248.51 1 1
k8s.io/kubernetes/pkg/util/iptables/testing/fake.go:249.45,252.44 2 1
k8s.io/kubernetes/pkg/util/iptables/testing/fake.go:252.44,255.5 2 1
k8s.io/kubernetes/pkg/util/iptables/testing/fake.go:260.2,260.40 1 1
k8s.io/kubernetes/pkg/util/iptables/testing/fake.go:260.40,261.36 1 1
k8s.io/kubernetes/pkg/util/iptables/testing/fake.go:261.36,262.24 1 1
k8s.io/kubernetes/pkg/util/iptables/testing/fake.go:262.24,263.13 1 0
k8s.io/kubernetes/pkg/util/iptables/testing/fake.go:265.4,265.43 1 1
k8s.io/kubernetes/pkg/util/iptables/testing/fake.go:265.43,266.13 1 1
k8s.io/kubernetes/pkg/util/iptables/testing/fake.go:269.4,270.26 2 1
k8s.io/kubernetes/pkg/util/iptables/testing/fake.go:270.26,272.24 2 1
k8s.io/kubernetes/pkg/util/iptables/testing/fake.go:272.24,277.6 2 1
k8s.io/kubernetes/pkg/util/iptables/testing/fake.go:277.11,282.6 2 1
k8s.io/kubernetes/pkg/util/iptables/testing/fake.go:287.2,287.12 1 1
k8s.io/kubernetes/pkg/util/iptables/testing/fake.go:291.138,293.16 2 1
k8s.io/kubernetes/pkg/util/iptables/testing/fake.go:293.16,295.3 1 0
k8s.io/kubernetes/pkg/util/iptables/testing/fake.go:297.2,298.16 2 1
k8s.io/kubernetes/pkg/util/iptables/testing/fake.go:298.16,300.3 1 0
k8s.io/kubernetes/pkg/util/iptables/testing/fake.go:302.2,302.56 1 1
k8s.io/kubernetes/pkg/util/iptables/testing/fake.go:306.119,308.16 2 1
k8s.io/kubernetes/pkg/util/iptables/testing/fake.go:308.16,310.3 1 0
k8s.io/kubernetes/pkg/util/iptables/testing/fake.go:312.2,312.29 1 1
k8s.io/kubernetes/pkg/util/iptables/testing/fake.go:312.29,314.17 2 1
k8s.io/kubernetes/pkg/util/iptables/testing/fake.go:314.17,316.4 1 0
k8s.io/kubernetes/pkg/util/iptables/testing/fake.go:318.2,318.12 1 1
k8s.io/kubernetes/pkg/util/iptables/testing/fake.go:322.148,323.2 0 0
k8s.io/kubernetes/pkg/util/iptables/testing/fake.go:326.46,328.2 1 0
k8s.io/kubernetes/pkg/util/iptables/testing/fake.go:330.39,332.2 1 0
k8s.io/kubernetes/pkg/util/iptables/testing/parse.go:70.60,76.29 5 1
k8s.io/kubernetes/pkg/util/iptables/testing/parse.go:76.29,77.2 1 1
k8s.io/kubernetes/pkg/util/iptables/testing/parse.go:78.3,79.35 2 1
k8s.io/kubernetes/pkg/util/iptables/testing/parse.go:79.35,80.12 1 1
k8s.io/kubernetes/pkg/util/iptables/testing/parse.go:83.3,83.16 1 1
k8s.io/kubernetes/pkg/util/iptables/testing/parse.go:84.30,87.20 2 1
k8s.io/kubernetes/pkg/util/iptables/testing/parse.go:87.20,89.5 1 1
k8s.io/kubernetes/pkg/util/iptables/testing/parse.go:90.4,92.34 3 1
k8s.io/kubernetes/pkg/util/iptables/testing/parse.go:94.31,96.20 2 1
k8s.io/kubernetes/pkg/util/iptables/testing/parse.go:96.20,98.15 2 1
k8s.io/kubernetes/pkg/util/iptables/testing/parse.go:101.4,111.5 4 1
k8s.io/kubernetes/pkg/util/iptables/testing/parse.go:113.20,114.68 1 1
k8s.io/kubernetes/pkg/util/iptables/testing/parse.go:114.68,118.19 3 1
k8s.io/kubernetes/pkg/util/iptables/testing/parse.go:118.19,120.6 1 1
k8s.io/kubernetes/pkg/util/iptables/testing/parse.go:121.5,121.18 1 1
k8s.io/kubernetes/pkg/util/iptables/testing/parse.go:121.18,123.6 1 1
k8s.io/kubernetes/pkg/util/iptables/testing/parse.go:125.5,126.19 2 1
k8s.io/kubernetes/pkg/util/iptables/testing/parse.go:126.19,128.6 1 0
k8s.io/kubernetes/pkg/util/iptables/testing/parse.go:129.5,129.36 1 1
k8s.io/kubernetes/pkg/util/iptables/testing/parse.go:130.10,130.79 1 1
k8s.io/kubernetes/pkg/util/iptables/testing/parse.go:130.79,134.19 3 1
k8s.io/kubernetes/pkg/util/iptables/testing/parse.go:134.19,136.6 1 0
k8s.io/kubernetes/pkg/util/iptables/testing/parse.go:137.5,137.26 1 1
k8s.io/kubernetes/pkg/util/iptables/testing/parse.go:137.26,139.6 1 1
k8s.io/kubernetes/pkg/util/iptables/testing/parse.go:140.5,140.21 1 1
k8s.io/kubernetes/pkg/util/iptables/testing/parse.go:141.10,141.31 1 1
k8s.io/kubernetes/pkg/util/iptables/testing/parse.go:141.31,143.5 1 1
k8s.io/kubernetes/pkg/util/iptables/testing/parse.go:143.10,145.5 1 1
k8s.io/kubernetes/pkg/util/iptables/testing/parse.go:149.2,149.36 1 1
k8s.io/kubernetes/pkg/util/iptables/testing/parse.go:149.36,151.3 1 1
k8s.io/kubernetes/pkg/util/iptables/testing/parse.go:153.2,153.18 1 1
k8s.io/kubernetes/pkg/util/iptables/testing/parse.go:156.43,158.32 2 0
k8s.io/kubernetes/pkg/util/iptables/testing/parse.go:158.32,160.30 2 0
k8s.io/kubernetes/pkg/util/iptables/testing/parse.go:160.30,162.4 1 0
k8s.io/kubernetes/pkg/util/iptables/testing/parse.go:163.3,163.30 1 0
k8s.io/kubernetes/pkg/util/iptables/testing/parse.go:163.30,164.30 1 0
k8s.io/kubernetes/pkg/util/iptables/testing/parse.go:164.30,166.5 1 0
k8s.io/kubernetes/pkg/util/iptables/testing/parse.go:168.3,168.30 1 0
k8s.io/kubernetes/pkg/util/iptables/testing/parse.go:168.30,169.17 1 0
k8s.io/kubernetes/pkg/util/iptables/testing/parse.go:169.17,171.5 1 0
k8s.io/kubernetes/pkg/util/iptables/testing/parse.go:173.3,173.34 1 0
k8s.io/kubernetes/pkg/util/iptables/testing/parse.go:175.2,175.24 1 0
k8s.io/kubernetes/pkg/util/iptables/testing/parse.go:178.74,179.29 1 1
k8s.io/kubernetes/pkg/util/iptables/testing/parse.go:179.29,180.35 1 1
k8s.io/kubernetes/pkg/util/iptables/testing/parse.go:180.35,182.4 1 1
k8s.io/kubernetes/pkg/util/iptables/testing/parse.go:184.2,184.51 1 1
k8s.io/kubernetes/pkg/util/iptables/testing/parse.go:187.96,189.16 2 1
k8s.io/kubernetes/pkg/util/iptables/testing/parse.go:189.16,191.3 1 1
k8s.io/kubernetes/pkg/util/iptables/testing/parse.go:192.2,192.26 1 1
k8s.io/kubernetes/pkg/util/iptables/testing/parse.go:192.26,193.32 1 1
k8s.io/kubernetes/pkg/util/iptables/testing/parse.go:193.32,195.4 1 1
k8s.io/kubernetes/pkg/util/iptables/testing/parse.go:197.2,197.51 1 1
k8s.io/kubernetes/pkg/util/iptables/testing/parse.go:268.41,269.15 1 0
k8s.io/kubernetes/pkg/util/iptables/testing/parse.go:269.15,271.3 1 0
k8s.io/kubernetes/pkg/util/iptables/testing/parse.go:271.8,273.3 1 0
k8s.io/kubernetes/pkg/util/iptables/testing/parse.go:278.50,279.15 1 0
k8s.io/kubernetes/pkg/util/iptables/testing/parse.go:279.15,281.3 1 0
k8s.io/kubernetes/pkg/util/iptables/testing/parse.go:281.8,283.3 1 0
k8s.io/kubernetes/pkg/util/iptables/testing/parse.go:288.79,290.38 2 1
k8s.io/kubernetes/pkg/util/iptables/testing/parse.go:290.38,292.38 2 1
k8s.io/kubernetes/pkg/util/iptables/testing/parse.go:292.38,295.4 2 1
k8s.io/kubernetes/pkg/util/iptables/testing/parse.go:297.2,297.19 1 1
k8s.io/kubernetes/pkg/util/iptables/testing/parse.go:311.57,316.66 3 1
k8s.io/kubernetes/pkg/util/iptables/testing/parse.go:316.66,318.3 1 1
k8s.io/kubernetes/pkg/util/iptables/testing/parse.go:321.2,321.40 1 1
k8s.io/kubernetes/pkg/util/iptables/testing/parse.go:321.40,323.3 1 1
k8s.io/kubernetes/pkg/util/iptables/testing/parse.go:323.8,323.27 1 1
k8s.io/kubernetes/pkg/util/iptables/testing/parse.go:323.27,325.3 1 1
k8s.io/kubernetes/pkg/util/iptables/testing/parse.go:331.2,333.30 3 1
k8s.io/kubernetes/pkg/util/iptables/testing/parse.go:333.30,334.43 1 1
k8s.io/kubernetes/pkg/util/iptables/testing/parse.go:334.43,338.12 2 1
k8s.io/kubernetes/pkg/util/iptables/testing/parse.go:341.3,341.22 1 1
k8s.io/kubernetes/pkg/util/iptables/testing/parse.go:341.22,344.12 3 1
k8s.io/kubernetes/pkg/util/iptables/testing/parse.go:348.3,348.68 1 1
k8s.io/kubernetes/pkg/util/iptables/testing/parse.go:348.68,349.29 1 1
k8s.io/kubernetes/pkg/util/iptables/testing/parse.go:349.29,351.5 1 1
k8s.io/kubernetes/pkg/util/iptables/testing/parse.go:352.4,352.56 1 1
k8s.io/kubernetes/pkg/util/iptables/testing/parse.go:352.56,354.5 1 1
k8s.io/kubernetes/pkg/util/iptables/testing/parse.go:355.4,355.24 1 1
k8s.io/kubernetes/pkg/util/iptables/testing/parse.go:356.21,359.8 3 1
k8s.io/kubernetes/pkg/util/iptables/testing/parse.go:360.30,362.11 2 1
k8s.io/kubernetes/pkg/util/iptables/testing/parse.go:363.12,365.11 2 1
k8s.io/kubernetes/pkg/util/iptables/testing/parse.go:367.9,367.20 1 1
k8s.io/kubernetes/pkg/util/iptables/testing/parse.go:367.20,369.4 1 1
k8s.io/kubernetes/pkg/util/iptables/testing/parse.go:369.9,372.4 1 1
k8s.io/kubernetes/pkg/util/iptables/testing/parse.go:374.3,374.18 1 1
k8s.io/kubernetes/pkg/util/iptables/testing/parse.go:377.2,377.20 1 1
k8s.io/kubernetes/pkg/util/oom/oom_fake.go:21.40,23.69 1 0
k8s.io/kubernetes/pkg/util/oom/oom_fake.go:23.69,23.99 1 0
k8s.io/kubernetes/pkg/util/oom/oom_fake.go:29.59,31.2 1 0
k8s.io/kubernetes/pkg/util/oom/oom_fake.go:33.88,35.2 1 0
k8s.io/kubernetes/pkg/util/oom/oom_linux.go:35.36,42.2 3 1
k8s.io/kubernetes/pkg/util/oom/oom_linux.go:44.48,46.2 1 1
k8s.io/kubernetes/pkg/util/oom/oom_linux.go:50.55,51.13 1 0
k8s.io/kubernetes/pkg/util/oom/oom_linux.go:51.13,53.3 1 0
k8s.io/kubernetes/pkg/util/oom/oom_linux.go:55.2,56.14 2 0
k8s.io/kubernetes/pkg/util/oom/oom_linux.go:56.14,58.3 1 0
k8s.io/kubernetes/pkg/util/oom/oom_linux.go:58.8,60.3 1 0
k8s.io/kubernetes/pkg/util/oom/oom_linux.go:62.2,67.32 6 0
k8s.io/kubernetes/pkg/util/oom/oom_linux.go:67.32,69.17 2 0
k8s.io/kubernetes/pkg/util/oom/oom_linux.go:69.17,70.26 1 0
k8s.io/kubernetes/pkg/util/oom/oom_linux.go:70.26,73.5 2 0
k8s.io/kubernetes/pkg/util/oom/oom_linux.go:75.4,77.12 3 0
k8s.io/kubernetes/pkg/util/oom/oom_linux.go:79.3,79.13 1 0
k8s.io/kubernetes/pkg/util/oom/oom_linux.go:81.2,81.16 1 0
k8s.io/kubernetes/pkg/util/oom/oom_linux.go:81.16,83.3 1 0
k8s.io/kubernetes/pkg/util/oom/oom_linux.go:84.2,84.12 1 0
k8s.io/kubernetes/pkg/util/oom/oom_linux.go:89.111,91.32 2 1
k8s.io/kubernetes/pkg/util/oom/oom_linux.go:91.32,94.17 3 1
k8s.io/kubernetes/pkg/util/oom/oom_linux.go:94.17,95.26 1 0
k8s.io/kubernetes/pkg/util/oom/oom_linux.go:95.26,98.5 1 0
k8s.io/kubernetes/pkg/util/oom/oom_linux.go:99.4,100.86 2 0
k8s.io/kubernetes/pkg/util/oom/oom_linux.go:101.9,101.31 1 1
k8s.io/kubernetes/pkg/util/oom/oom_linux.go:101.31,104.4 2 1
k8s.io/kubernetes/pkg/util/oom/oom_linux.go:104.9,105.32 1 1
k8s.io/kubernetes/pkg/util/oom/oom_linux.go:105.32,106.33 1 1
k8s.io/kubernetes/pkg/util/oom/oom_linux.go:106.33,108.74 2 1
k8s.io/kubernetes/pkg/util/oom/oom_linux.go:108.74,110.7 1 1
k8s.io/kubernetes/pkg/util/oom/oom_linux.go:110.12,110.38 1 0
k8s.io/kubernetes/pkg/util/oom/oom_linux.go:110.38,111.15 1 0
k8s.io/kubernetes/pkg/util/oom/oom_linux.go:112.12,115.7 2 0
k8s.io/kubernetes/pkg/util/oom/oom_linux.go:120.3,120.25 1 1
k8s.io/kubernetes/pkg/util/oom/oom_linux.go:120.25,122.4 1 1
k8s.io/kubernetes/pkg/util/oom/oom_linux.go:129.2,129.89 1 1
k8s.io/kubernetes/pkg/util/hash/hash.go:29.66,32.2 2 1
k8s.io/kubernetes/pkg/util/goroutinemap/exponentialbackoff/exponential_backoff.go:50.79,51.76 1 0
k8s.io/kubernetes/pkg/util/goroutinemap/exponentialbackoff/exponential_backoff.go:51.76,53.3 1 0
k8s.io/kubernetes/pkg/util/goroutinemap/exponentialbackoff/exponential_backoff.go:55.2,55.12 1 0
k8s.io/kubernetes/pkg/util/goroutinemap/exponentialbackoff/exponential_backoff.go:58.58,59.41 1 0
k8s.io/kubernetes/pkg/util/goroutinemap/exponentialbackoff/exponential_backoff.go:59.41,61.3 1 0
k8s.io/kubernetes/pkg/util/goroutinemap/exponentialbackoff/exponential_backoff.go:61.8,63.62 2 0
k8s.io/kubernetes/pkg/util/goroutinemap/exponentialbackoff/exponential_backoff.go:63.62,65.4 1 0
k8s.io/kubernetes/pkg/util/goroutinemap/exponentialbackoff/exponential_backoff.go:68.2,69.39 2 0
k8s.io/kubernetes/pkg/util/goroutinemap/exponentialbackoff/exponential_backoff.go:72.98,78.2 1 0
k8s.io/kubernetes/pkg/util/goroutinemap/exponentialbackoff/exponential_backoff.go:82.61,87.2 1 0
k8s.io/kubernetes/pkg/util/goroutinemap/exponentialbackoff/exponential_backoff.go:93.43,94.20 1 0
k8s.io/kubernetes/pkg/util/goroutinemap/exponentialbackoff/exponential_backoff.go:95.31,96.14 1 0
k8s.io/kubernetes/pkg/util/goroutinemap/exponentialbackoff/exponential_backoff.go:97.10,98.15 1 0
k8s.io/kubernetes/pkg/util/goroutinemap/exponentialbackoff/exponential_backoff.go:113.51,121.2 1 0
k8s.io/kubernetes/pkg/util/flock/flock_unix.go:26.33,28.16 2 0
k8s.io/kubernetes/pkg/util/flock/flock_unix.go:28.16,30.3 1 0
k8s.io/kubernetes/pkg/util/flock/flock_unix.go:35.2,35.37 1 0
k8s.io/kubernetes/pkg/util/goroutinemap/goroutinemap.go:63.67,71.2 3 1
k8s.io/kubernetes/pkg/util/goroutinemap/goroutinemap.go:88.36,93.12 4 1
k8s.io/kubernetes/pkg/util/goroutinemap/goroutinemap.go:93.12,95.34 1 1
k8s.io/kubernetes/pkg/util/goroutinemap/goroutinemap.go:95.34,97.4 1 1
k8s.io/kubernetes/pkg/util/goroutinemap/goroutinemap.go:99.3,99.74 1 1
k8s.io/kubernetes/pkg/util/goroutinemap/goroutinemap.go:99.74,101.4 1 0
k8s.io/kubernetes/pkg/util/goroutinemap/goroutinemap.go:104.2,108.24 2 1
k8s.io/kubernetes/pkg/util/goroutinemap/goroutinemap.go:108.24,116.3 4 1
k8s.io/kubernetes/pkg/util/goroutinemap/goroutinemap.go:118.2,118.12 1 1
k8s.io/kubernetes/pkg/util/goroutinemap/goroutinemap.go:124.36,133.51 4 1
k8s.io/kubernetes/pkg/util/goroutinemap/goroutinemap.go:133.51,136.18 2 1
k8s.io/kubernetes/pkg/util/goroutinemap/goroutinemap.go:136.18,141.4 1 1
k8s.io/kubernetes/pkg/util/goroutinemap/goroutinemap.go:142.8,152.3 5 1
k8s.io/kubernetes/pkg/util/goroutinemap/goroutinemap.go:155.72,159.43 4 0
k8s.io/kubernetes/pkg/util/goroutinemap/goroutinemap.go:159.43,161.3 1 0
k8s.io/kubernetes/pkg/util/goroutinemap/goroutinemap.go:162.2,162.14 1 0
k8s.io/kubernetes/pkg/util/goroutinemap/goroutinemap.go:165.33,169.30 3 1
k8s.io/kubernetes/pkg/util/goroutinemap/goroutinemap.go:169.30,171.3 1 1
k8s.io/kubernetes/pkg/util/goroutinemap/goroutinemap.go:174.46,178.6 3 1
k8s.io/kubernetes/pkg/util/goroutinemap/goroutinemap.go:178.6,179.55 1 1
k8s.io/kubernetes/pkg/util/goroutinemap/goroutinemap.go:179.55,180.9 1 1
k8s.io/kubernetes/pkg/util/goroutinemap/goroutinemap.go:181.9,183.4 1 1
k8s.io/kubernetes/pkg/util/goroutinemap/goroutinemap.go:189.48,191.43 2 1
k8s.io/kubernetes/pkg/util/goroutinemap/goroutinemap.go:191.43,192.33 1 1
k8s.io/kubernetes/pkg/util/goroutinemap/goroutinemap.go:192.33,194.9 2 1
k8s.io/kubernetes/pkg/util/goroutinemap/goroutinemap.go:197.2,197.25 1 1
k8s.io/kubernetes/pkg/util/goroutinemap/goroutinemap.go:201.56,203.2 1 1
k8s.io/kubernetes/pkg/util/goroutinemap/goroutinemap.go:208.38,209.20 1 1
k8s.io/kubernetes/pkg/util/goroutinemap/goroutinemap.go:210.26,211.14 1 1
k8s.io/kubernetes/pkg/util/goroutinemap/goroutinemap.go:212.10,213.15 1 0
k8s.io/kubernetes/pkg/util/goroutinemap/goroutinemap.go:226.46,230.2 1 1
k8s.io/kubernetes/pkg/util/interrupt/interrupt.go:43.60,48.2 1 0
k8s.io/kubernetes/pkg/util/interrupt/interrupt.go:51.27,52.19 1 0
k8s.io/kubernetes/pkg/util/interrupt/interrupt.go:52.19,53.31 1 0
k8s.io/kubernetes/pkg/util/interrupt/interrupt.go:53.31,55.4 1 0
k8s.io/kubernetes/pkg/util/interrupt/interrupt.go:62.39,63.19 1 0
k8s.io/kubernetes/pkg/util/interrupt/interrupt.go:63.19,64.31 1 0
k8s.io/kubernetes/pkg/util/interrupt/interrupt.go:64.31,66.4 1 0
k8s.io/kubernetes/pkg/util/interrupt/interrupt.go:67.3,67.21 1 0
k8s.io/kubernetes/pkg/util/interrupt/interrupt.go:67.21,69.4 1 0
k8s.io/kubernetes/pkg/util/interrupt/interrupt.go:70.3,70.13 1 0
k8s.io/kubernetes/pkg/util/interrupt/interrupt.go:77.46,80.15 3 0
k8s.io/kubernetes/pkg/util/interrupt/interrupt.go:80.15,83.3 2 0
k8s.io/kubernetes/pkg/util/interrupt/interrupt.go:84.2,84.12 1 0
k8s.io/kubernetes/pkg/util/interrupt/interrupt.go:84.12,86.10 2 0
k8s.io/kubernetes/pkg/util/interrupt/interrupt.go:86.10,88.4 1 0
k8s.io/kubernetes/pkg/util/interrupt/interrupt.go:89.3,89.16 1 0
k8s.io/kubernetes/pkg/util/interrupt/interrupt.go:91.2,92.13 2 0
k8s.io/kubernetes/pkg/util/iptables/iptables.go:221.113,223.16 2 1
k8s.io/kubernetes/pkg/util/iptables/iptables.go:223.16,226.3 2 1
k8s.io/kubernetes/pkg/util/iptables/iptables.go:228.2,228.27 1 1
k8s.io/kubernetes/pkg/util/iptables/iptables.go:228.27,230.3 1 1
k8s.io/kubernetes/pkg/util/iptables/iptables.go:231.2,231.27 1 1
k8s.io/kubernetes/pkg/util/iptables/iptables.go:231.27,233.3 1 1
k8s.io/kubernetes/pkg/util/iptables/iptables.go:235.2,245.15 2 1
k8s.io/kubernetes/pkg/util/iptables/iptables.go:249.64,251.2 1 1
k8s.io/kubernetes/pkg/util/iptables/iptables.go:254.75,261.16 5 1
k8s.io/kubernetes/pkg/util/iptables/iptables.go:261.16,262.45 1 1
k8s.io/kubernetes/pkg/util/iptables/iptables.go:262.45,263.43 1 1
k8s.io/kubernetes/pkg/util/iptables/iptables.go:263.43,265.5 1 1
k8s.io/kubernetes/pkg/util/iptables/iptables.go:267.3,267.79 1 1
k8s.io/kubernetes/pkg/util/iptables/iptables.go:269.2,269.19 1 1
k8s.io/kubernetes/pkg/util/iptables/iptables.go:273.66,280.16 5 1
k8s.io/kubernetes/pkg/util/iptables/iptables.go:280.16,282.3 1 1
k8s.io/kubernetes/pkg/util/iptables/iptables.go:283.2,283.12 1 1
k8s.io/kubernetes/pkg/util/iptables/iptables.go:287.67,294.16 5 1
k8s.io/kubernetes/pkg/util/iptables/iptables.go:294.16,296.3 1 1
k8s.io/kubernetes/pkg/util/iptables/iptables.go:297.2,297.12 1 1
k8s.io/kubernetes/pkg/util/iptables/iptables.go:301.113,308.16 5 1
k8s.io/kubernetes/pkg/util/iptables/iptables.go:308.16,310.3 1 1
k8s.io/kubernetes/pkg/util/iptables/iptables.go:311.2,311.12 1 1
k8s.io/kubernetes/pkg/util/iptables/iptables.go:311.12,313.3 1 1
k8s.io/kubernetes/pkg/util/iptables/iptables.go:314.2,315.16 2 1
k8s.io/kubernetes/pkg/util/iptables/iptables.go:315.16,317.3 1 1
k8s.io/kubernetes/pkg/util/iptables/iptables.go:318.2,318.19 1 1
k8s.io/kubernetes/pkg/util/iptables/iptables.go:322.82,329.16 5 1
k8s.io/kubernetes/pkg/util/iptables/iptables.go:329.16,331.3 1 1
k8s.io/kubernetes/pkg/util/iptables/iptables.go:332.2,332.13 1 1
k8s.io/kubernetes/pkg/util/iptables/iptables.go:332.13,334.3 1 1
k8s.io/kubernetes/pkg/util/iptables/iptables.go:335.2,336.16 2 1
k8s.io/kubernetes/pkg/util/iptables/iptables.go:336.16,338.3 1 1
k8s.io/kubernetes/pkg/util/iptables/iptables.go:339.2,339.12 1 1
k8s.io/kubernetes/pkg/util/iptables/iptables.go:342.37,344.2 1 0
k8s.io/kubernetes/pkg/util/iptables/iptables.go:346.43,348.2 1 0
k8s.io/kubernetes/pkg/util/iptables/iptables.go:351.73,368.16 13 1
k8s.io/kubernetes/pkg/util/iptables/iptables.go:368.16,370.3 1 1
k8s.io/kubernetes/pkg/util/iptables/iptables.go:371.2,371.12 1 1
k8s.io/kubernetes/pkg/util/iptables/iptables.go:375.110,379.2 2 1
k8s.io/kubernetes/pkg/util/iptables/iptables.go:382.100,386.2 2 1
k8s.io/kubernetes/pkg/util/iptables/iptables.go:393.120,400.12 5 1
k8s.io/kubernetes/pkg/util/iptables/iptables.go:400.12,402.3 1 1
k8s.io/kubernetes/pkg/util/iptables/iptables.go:403.2,403.14 1 1
k8s.io/kubernetes/pkg/util/iptables/iptables.go:403.14,405.3 1 1
k8s.io/kubernetes/pkg/util/iptables/iptables.go:410.2,410.38 1 1
k8s.io/kubernetes/pkg/util/iptables/iptables.go:410.38,412.17 2 1
k8s.io/kubernetes/pkg/util/iptables/iptables.go:412.17,414.4 1 1
k8s.io/kubernetes/pkg/util/iptables/iptables.go:415.3,416.37 2 1
k8s.io/kubernetes/pkg/util/iptables/iptables.go:416.37,417.41 1 1
k8s.io/kubernetes/pkg/util/iptables/iptables.go:417.41,419.5 1 0
k8s.io/kubernetes/pkg/util/iptables/iptables.go:424.2,430.16 7 1
k8s.io/kubernetes/pkg/util/iptables/iptables.go:430.16,432.9 2 1
k8s.io/kubernetes/pkg/util/iptables/iptables.go:432.9,434.4 1 0
k8s.io/kubernetes/pkg/util/iptables/iptables.go:435.3,435.38 1 1
k8s.io/kubernetes/pkg/util/iptables/iptables.go:437.2,437.12 1 1
k8s.io/kubernetes/pkg/util/iptables/iptables.go:440.52,441.30 1 1
k8s.io/kubernetes/pkg/util/iptables/iptables.go:441.30,443.3 1 1
k8s.io/kubernetes/pkg/util/iptables/iptables.go:444.2,444.24 1 1
k8s.io/kubernetes/pkg/util/iptables/iptables.go:447.55,448.30 1 1
k8s.io/kubernetes/pkg/util/iptables/iptables.go:448.30,450.3 1 1
k8s.io/kubernetes/pkg/util/iptables/iptables.go:451.2,451.27 1 1
k8s.io/kubernetes/pkg/util/iptables/iptables.go:454.48,455.30 1 1
k8s.io/kubernetes/pkg/util/iptables/iptables.go:455.30,457.3 1 1
k8s.io/kubernetes/pkg/util/iptables/iptables.go:458.2,458.20 1 1
k8s.io/kubernetes/pkg/util/iptables/iptables.go:461.72,463.2 1 1
k8s.io/kubernetes/pkg/util/iptables/iptables.go:465.100,470.16 5 1
k8s.io/kubernetes/pkg/util/iptables/iptables.go:470.16,472.3 1 0
k8s.io/kubernetes/pkg/util/iptables/iptables.go:473.2,473.83 1 1
k8s.io/kubernetes/pkg/util/iptables/iptables.go:479.89,480.21 1 1
k8s.io/kubernetes/pkg/util/iptables/iptables.go:480.21,482.3 1 1
k8s.io/kubernetes/pkg/util/iptables/iptables.go:483.2,483.60 1 0
k8s.io/kubernetes/pkg/util/iptables/iptables.go:488.31,490.2 1 1
k8s.io/kubernetes/pkg/util/iptables/iptables.go:495.101,499.16 4 1
k8s.io/kubernetes/pkg/util/iptables/iptables.go:499.16,501.3 1 0
k8s.io/kubernetes/pkg/util/iptables/iptables.go:508.2,509.22 2 1
k8s.io/kubernetes/pkg/util/iptables/iptables.go:509.22,513.3 3 1
k8s.io/kubernetes/pkg/util/iptables/iptables.go:514.2,516.56 2 1
k8s.io/kubernetes/pkg/util/iptables/iptables.go:516.56,521.102 2 1
k8s.io/kubernetes/pkg/util/iptables/iptables.go:521.102,522.12 1 1
k8s.io/kubernetes/pkg/util/iptables/iptables.go:527.3,527.25 1 1
k8s.io/kubernetes/pkg/util/iptables/iptables.go:527.25,530.4 2 1
k8s.io/kubernetes/pkg/util/iptables/iptables.go:533.3,533.45 1 1
k8s.io/kubernetes/pkg/util/iptables/iptables.go:533.45,535.4 1 1
k8s.io/kubernetes/pkg/util/iptables/iptables.go:536.3,536.96 1 0
k8s.io/kubernetes/pkg/util/iptables/iptables.go:539.2,539.19 1 1
k8s.io/kubernetes/pkg/util/iptables/iptables.go:543.72,548.43 4 1
k8s.io/kubernetes/pkg/util/iptables/iptables.go:548.43,550.3 1 0
k8s.io/kubernetes/pkg/util/iptables/iptables.go:551.2,551.16 1 1
k8s.io/kubernetes/pkg/util/iptables/iptables.go:551.16,553.3 1 1
k8s.io/kubernetes/pkg/util/iptables/iptables.go:554.2,554.44 1 1
k8s.io/kubernetes/pkg/util/iptables/iptables.go:554.44,557.42 1 1
k8s.io/kubernetes/pkg/util/iptables/iptables.go:557.42,559.4 1 1
k8s.io/kubernetes/pkg/util/iptables/iptables.go:561.2,561.67 1 1
k8s.io/kubernetes/pkg/util/iptables/iptables.go:572.128,573.6 1 1
k8s.io/kubernetes/pkg/util/iptables/iptables.go:573.6,574.66 1 1
k8s.io/kubernetes/pkg/util/iptables/iptables.go:574.66,575.33 1 1
k8s.io/kubernetes/pkg/util/iptables/iptables.go:575.33,576.64 1 1
k8s.io/kubernetes/pkg/util/iptables/iptables.go:576.64,579.6 2 1
k8s.io/kubernetes/pkg/util/iptables/iptables.go:581.4,581.20 1 1
k8s.io/kubernetes/pkg/util/iptables/iptables.go:585.3,585.60 1 1
k8s.io/kubernetes/pkg/util/iptables/iptables.go:585.60,586.68 1 1
k8s.io/kubernetes/pkg/util/iptables/iptables.go:586.68,588.5 1 1
k8s.io/kubernetes/pkg/util/iptables/iptables.go:588.10,588.35 1 1
k8s.io/kubernetes/pkg/util/iptables/iptables.go:588.35,591.5 2 0
k8s.io/kubernetes/pkg/util/iptables/iptables.go:592.4,595.100 2 1
k8s.io/kubernetes/pkg/util/iptables/iptables.go:595.100,596.38 1 1
k8s.io/kubernetes/pkg/util/iptables/iptables.go:596.38,597.94 1 1
k8s.io/kubernetes/pkg/util/iptables/iptables.go:597.94,599.7 1 1
k8s.io/kubernetes/pkg/util/iptables/iptables.go:601.5,601.21 1 1
k8s.io/kubernetes/pkg/util/iptables/iptables.go:603.4,603.18 1 1
k8s.io/kubernetes/pkg/util/iptables/iptables.go:603.18,605.5 1 0
k8s.io/kubernetes/pkg/util/iptables/iptables.go:606.4,606.20 1 1
k8s.io/kubernetes/pkg/util/iptables/iptables.go:608.3,608.17 1 1
k8s.io/kubernetes/pkg/util/iptables/iptables.go:608.17,610.33 1 1
k8s.io/kubernetes/pkg/util/iptables/iptables.go:610.33,612.5 1 1
k8s.io/kubernetes/pkg/util/iptables/iptables.go:613.4,613.10 1 1
k8s.io/kubernetes/pkg/util/iptables/iptables.go:616.3,617.15 2 1
k8s.io/kubernetes/pkg/util/iptables/iptables.go:622.75,633.2 7 1
k8s.io/kubernetes/pkg/util/iptables/iptables.go:646.70,648.2 1 1
k8s.io/kubernetes/pkg/util/iptables/iptables.go:653.99,657.16 3 1
k8s.io/kubernetes/pkg/util/iptables/iptables.go:657.16,659.3 1 0
k8s.io/kubernetes/pkg/util/iptables/iptables.go:660.2,662.18 3 1
k8s.io/kubernetes/pkg/util/iptables/iptables.go:662.18,664.3 1 1
k8s.io/kubernetes/pkg/util/iptables/iptables.go:665.2,666.16 2 1
k8s.io/kubernetes/pkg/util/iptables/iptables.go:666.16,668.3 1 0
k8s.io/kubernetes/pkg/util/iptables/iptables.go:670.2,670.21 1 1
k8s.io/kubernetes/pkg/util/iptables/iptables.go:674.65,675.9 1 1
k8s.io/kubernetes/pkg/util/iptables/iptables.go:676.47,677.95 1 1
k8s.io/kubernetes/pkg/util/iptables/iptables.go:678.46,679.48 1 1
k8s.io/kubernetes/pkg/util/iptables/iptables.go:680.39,681.30 1 1
k8s.io/kubernetes/pkg/util/iptables/iptables.go:682.10,683.13 1 1
k8s.io/kubernetes/pkg/util/iptables/iptables.go:688.116,689.44 1 1
k8s.io/kubernetes/pkg/util/iptables/iptables.go:689.44,691.3 1 1
k8s.io/kubernetes/pkg/util/iptables/iptables.go:695.2,696.33 2 1
k8s.io/kubernetes/pkg/util/iptables/iptables.go:696.33,699.3 2 1
k8s.io/kubernetes/pkg/util/iptables/iptables.go:700.2,700.61 1 1
k8s.io/kubernetes/pkg/util/iptables/iptables.go:700.61,703.3 2 0
k8s.io/kubernetes/pkg/util/iptables/iptables.go:704.2,704.29 1 1
k8s.io/kubernetes/pkg/util/iptables/iptables.go:709.98,719.16 5 1
k8s.io/kubernetes/pkg/util/iptables/iptables.go:719.16,721.3 1 0
k8s.io/kubernetes/pkg/util/iptables/iptables.go:722.2,724.18 3 1
k8s.io/kubernetes/pkg/util/iptables/iptables.go:724.18,726.3 1 1
k8s.io/kubernetes/pkg/util/iptables/iptables.go:727.2,727.22 1 1
k8s.io/kubernetes/pkg/util/iptables/iptables.go:730.45,732.2 1 0
k8s.io/kubernetes/pkg/util/iptables/iptables.go:736.38,737.74 1 0
k8s.io/kubernetes/pkg/util/iptables/iptables.go:737.74,739.3 1 0
k8s.io/kubernetes/pkg/util/iptables/iptables.go:741.2,741.13 1 0
k8s.io/kubernetes/pkg/util/iptables/iptables.go:771.38,773.46 2 0
k8s.io/kubernetes/pkg/util/iptables/iptables.go:773.46,774.32 1 0
k8s.io/kubernetes/pkg/util/iptables/iptables.go:774.32,776.4 1 0
k8s.io/kubernetes/pkg/util/iptables/iptables.go:778.2,778.14 1 0
k8s.io/kubernetes/pkg/util/iptables/iptables.go:786.38,787.62 1 1
k8s.io/kubernetes/pkg/util/iptables/iptables.go:787.62,789.3 1 1
k8s.io/kubernetes/pkg/util/iptables/iptables.go:790.2,790.14 1 1
k8s.io/kubernetes/pkg/util/iptables/iptables.go:807.32,809.2 1 0
k8s.io/kubernetes/pkg/util/iptables/iptables.go:811.36,813.2 1 0
k8s.io/kubernetes/pkg/util/iptables/iptables.go:831.55,833.22 2 1
k8s.io/kubernetes/pkg/util/iptables/iptables.go:833.22,835.3 1 1
k8s.io/kubernetes/pkg/util/iptables/iptables.go:836.2,838.23 3 0
k8s.io/kubernetes/pkg/util/iptables/iptables.go:838.23,840.3 1 0
k8s.io/kubernetes/pkg/util/iptables/iptables.go:841.2,842.19 2 0
k8s.io/kubernetes/pkg/util/iptables/iptables.go:842.19,844.3 1 0
k8s.io/kubernetes/pkg/util/iptables/iptables.go:845.2,845.47 1 0
k8s.io/kubernetes/pkg/util/iptables/iptables.go:850.61,852.14 1 1
k8s.io/kubernetes/pkg/util/iptables/iptables.go:852.14,854.3 1 1
k8s.io/kubernetes/pkg/util/iptables/iptables.go:855.2,856.16 2 1
k8s.io/kubernetes/pkg/util/iptables/iptables.go:856.16,858.3 1 1
k8s.io/kubernetes/pkg/util/iptables/iptables.go:859.2,864.21 5 1
k8s.io/kubernetes/pkg/util/iptables/iptables.go:864.21,865.38 1 1
k8s.io/kubernetes/pkg/util/iptables/iptables.go:865.38,870.4 1 1
k8s.io/kubernetes/pkg/util/iptables/iptables.go:871.3,871.20 1 1
k8s.io/kubernetes/pkg/util/iptables/iptables.go:871.20,872.9 1 1
k8s.io/kubernetes/pkg/util/iptables/iptables.go:874.3,874.11 1 1
k8s.io/kubernetes/pkg/util/iptables/iptables.go:876.2,876.21 1 1
k8s.io/kubernetes/pkg/util/iptables/iptables_linux.go:38.32,40.21 2 1
k8s.io/kubernetes/pkg/util/iptables/iptables_linux.go:40.21,41.42 1 1
k8s.io/kubernetes/pkg/util/iptables/iptables_linux.go:41.42,43.4 1 0
k8s.io/kubernetes/pkg/util/iptables/iptables_linux.go:45.2,45.21 1 1
k8s.io/kubernetes/pkg/util/iptables/iptables_linux.go:45.21,46.42 1 1
k8s.io/kubernetes/pkg/util/iptables/iptables_linux.go:46.42,48.4 1 0
k8s.io/kubernetes/pkg/util/iptables/iptables_linux.go:50.2,50.41 1 1
k8s.io/kubernetes/pkg/util/iptables/iptables_linux.go:53.89,58.24 4 1
k8s.io/kubernetes/pkg/util/iptables/iptables_linux.go:58.24,60.15 1 1
k8s.io/kubernetes/pkg/util/iptables/iptables_linux.go:60.15,62.4 1 1
k8s.io/kubernetes/pkg/util/iptables/iptables_linux.go:70.2,71.16 2 1
k8s.io/kubernetes/pkg/util/iptables/iptables_linux.go:71.16,73.3 1 0
k8s.io/kubernetes/pkg/util/iptables/iptables_linux.go:75.2,75.89 1 1
k8s.io/kubernetes/pkg/util/iptables/iptables_linux.go:75.89,76.56 1 1
k8s.io/kubernetes/pkg/util/iptables/iptables_linux.go:76.56,78.4 1 1
k8s.io/kubernetes/pkg/util/iptables/iptables_linux.go:79.3,79.19 1 1
k8s.io/kubernetes/pkg/util/iptables/iptables_linux.go:80.17,82.3 1 1
k8s.io/kubernetes/pkg/util/iptables/iptables_linux.go:85.2,85.89 1 1
k8s.io/kubernetes/pkg/util/iptables/iptables_linux.go:85.89,87.17 2 1
k8s.io/kubernetes/pkg/util/iptables/iptables_linux.go:87.17,89.4 1 1
k8s.io/kubernetes/pkg/util/iptables/iptables_linux.go:90.3,90.19 1 1
k8s.io/kubernetes/pkg/util/iptables/iptables_linux.go:91.17,93.3 1 1
k8s.io/kubernetes/pkg/util/iptables/iptables_linux.go:95.2,96.15 2 1
k8s.io/kubernetes/pkg/util/iptables/iptables_linux.go:99.45,101.2 1 1
k8s.io/kubernetes/pkg/util/iptables/save_restore.go:30.40,32.2 1 0
k8s.io/kubernetes/pkg/util/iptables/save_restore.go:37.54,40.6 2 1
k8s.io/kubernetes/pkg/util/iptables/save_restore.go:40.6,42.14 2 1
k8s.io/kubernetes/pkg/util/iptables/save_restore.go:42.14,43.9 1 1
k8s.io/kubernetes/pkg/util/iptables/save_restore.go:45.3,48.16 4 1
k8s.io/kubernetes/pkg/util/iptables/save_restore.go:48.16,50.9 1 0
k8s.io/kubernetes/pkg/util/iptables/save_restore.go:52.3,54.20 3 1
k8s.io/kubernetes/pkg/util/iptables/save_restore.go:56.2,56.18 1 1
k8s.io/kubernetes/pkg/util/taints/taints.go:38.46,46.20 6 1
k8s.io/kubernetes/pkg/util/taints/taints.go:47.9,48.17 1 1
k8s.io/kubernetes/pkg/util/taints/taints.go:49.9,51.53 2 1
k8s.io/kubernetes/pkg/util/taints/taints.go:51.53,53.4 1 1
k8s.io/kubernetes/pkg/util/taints/taints.go:55.3,56.23 2 1
k8s.io/kubernetes/pkg/util/taints/taints.go:56.23,58.4 1 1
k8s.io/kubernetes/pkg/util/taints/taints.go:59.3,60.24 2 1
k8s.io/kubernetes/pkg/util/taints/taints.go:60.24,62.66 2 1
k8s.io/kubernetes/pkg/util/taints/taints.go:62.66,64.5 1 1
k8s.io/kubernetes/pkg/util/taints/taints.go:66.10,67.57 1 1
k8s.io/kubernetes/pkg/util/taints/taints.go:70.2,70.60 1 1
k8s.io/kubernetes/pkg/util/taints/taints.go:70.60,72.3 1 1
k8s.io/kubernetes/pkg/util/taints/taints.go:74.2,78.19 4 1
k8s.io/kubernetes/pkg/util/taints/taints.go:81.55,82.121 1 1
k8s.io/kubernetes/pkg/util/taints/taints.go:82.121,84.3 1 1
k8s.io/kubernetes/pkg/util/taints/taints.go:86.2,86.12 1 1
k8s.io/kubernetes/pkg/util/taints/taints.go:91.65,95.33 3 1
k8s.io/kubernetes/pkg/util/taints/taints.go:95.33,96.40 1 1
k8s.io/kubernetes/pkg/util/taints/taints.go:96.40,98.18 2 1
k8s.io/kubernetes/pkg/util/taints/taints.go:98.18,100.5 1 1
k8s.io/kubernetes/pkg/util/taints/taints.go:101.4,101.107 1 1
k8s.io/kubernetes/pkg/util/taints/taints.go:102.9,104.18 2 1
k8s.io/kubernetes/pkg/util/taints/taints.go:104.18,106.5 1 1
k8s.io/kubernetes/pkg/util/taints/taints.go:108.4,108.33 1 1
k8s.io/kubernetes/pkg/util/taints/taints.go:108.33,110.5 1 1
k8s.io/kubernetes/pkg/util/taints/taints.go:112.4,112.97 1 1
k8s.io/kubernetes/pkg/util/taints/taints.go:112.97,114.5 1 1
k8s.io/kubernetes/pkg/util/taints/taints.go:116.4,116.47 1 1
k8s.io/kubernetes/pkg/util/taints/taints.go:116.47,118.5 1 1
k8s.io/kubernetes/pkg/util/taints/taints.go:119.4,121.37 2 1
k8s.io/kubernetes/pkg/util/taints/taints.go:124.2,124.36 1 1
k8s.io/kubernetes/pkg/util/taints/taints.go:128.81,130.31 2 1
k8s.io/kubernetes/pkg/util/taints/taints.go:130.31,131.38 1 1
k8s.io/kubernetes/pkg/util/taints/taints.go:131.38,132.68 1 1
k8s.io/kubernetes/pkg/util/taints/taints.go:132.68,134.5 1 1
k8s.io/kubernetes/pkg/util/taints/taints.go:137.2,137.45 1 1
k8s.io/kubernetes/pkg/util/taints/taints.go:141.79,144.24 3 1
k8s.io/kubernetes/pkg/util/taints/taints.go:144.24,145.32 1 1
k8s.io/kubernetes/pkg/util/taints/taints.go:145.32,147.12 2 1
k8s.io/kubernetes/pkg/util/taints/taints.go:149.3,149.43 1 1
k8s.io/kubernetes/pkg/util/taints/taints.go:151.2,151.27 1 1
k8s.io/kubernetes/pkg/util/taints/taints.go:155.81,158.24 3 1
k8s.io/kubernetes/pkg/util/taints/taints.go:158.24,159.43 1 1
k8s.io/kubernetes/pkg/util/taints/taints.go:159.43,161.12 2 1
k8s.io/kubernetes/pkg/util/taints/taints.go:163.3,163.43 1 1
k8s.io/kubernetes/pkg/util/taints/taints.go:165.2,165.27 1 1
k8s.io/kubernetes/pkg/util/taints/taints.go:170.74,173.26 3 1
k8s.io/kubernetes/pkg/util/taints/taints.go:173.26,175.3 1 1
k8s.io/kubernetes/pkg/util/taints/taints.go:177.2,177.37 1 1
k8s.io/kubernetes/pkg/util/taints/taints.go:177.37,179.3 1 1
k8s.io/kubernetes/pkg/util/taints/taints.go:181.2,183.27 3 1
k8s.io/kubernetes/pkg/util/taints/taints.go:188.79,194.28 5 1
k8s.io/kubernetes/pkg/util/taints/taints.go:194.28,195.39 1 1
k8s.io/kubernetes/pkg/util/taints/taints.go:195.39,196.56 1 1
k8s.io/kubernetes/pkg/util/taints/taints.go:196.56,198.5 1 1
k8s.io/kubernetes/pkg/util/taints/taints.go:199.4,201.12 3 1
k8s.io/kubernetes/pkg/util/taints/taints.go:204.3,204.47 1 1
k8s.io/kubernetes/pkg/util/taints/taints.go:207.2,207.14 1 1
k8s.io/kubernetes/pkg/util/taints/taints.go:207.14,209.3 1 1
k8s.io/kubernetes/pkg/util/taints/taints.go:211.2,212.27 2 1
k8s.io/kubernetes/pkg/util/taints/taints.go:216.65,217.31 1 1
k8s.io/kubernetes/pkg/util/taints/taints.go:217.31,218.36 1 1
k8s.io/kubernetes/pkg/util/taints/taints.go:218.36,220.4 1 1
k8s.io/kubernetes/pkg/util/taints/taints.go:222.2,222.14 1 1
k8s.io/kubernetes/pkg/util/taints/taints.go:226.69,227.31 1 1
k8s.io/kubernetes/pkg/util/taints/taints.go:227.31,228.35 1 1
k8s.io/kubernetes/pkg/util/taints/taints.go:228.35,230.4 1 1
k8s.io/kubernetes/pkg/util/taints/taints.go:232.2,232.14 1 1
k8s.io/kubernetes/pkg/util/taints/taints.go:240.106,241.34 1 1
k8s.io/kubernetes/pkg/util/taints/taints.go:241.34,242.38 1 1
k8s.io/kubernetes/pkg/util/taints/taints.go:242.38,245.4 2 1
k8s.io/kubernetes/pkg/util/taints/taints.go:248.2,248.34 1 1
k8s.io/kubernetes/pkg/util/taints/taints.go:248.34,249.38 1 1
k8s.io/kubernetes/pkg/util/taints/taints.go:249.38,252.4 2 1
k8s.io/kubernetes/pkg/util/taints/taints.go:255.2,255.8 1 1
k8s.io/kubernetes/pkg/util/taints/taints.go:259.76,262.31 2 1
k8s.io/kubernetes/pkg/util/taints/taints.go:262.31,263.17 1 1
k8s.io/kubernetes/pkg/util/taints/taints.go:263.17,265.4 1 1
k8s.io/kubernetes/pkg/util/taints/taints.go:268.2,268.12 1 1
k8s.io/kubernetes/pkg/util/taints/taints.go:273.49,274.66 1 1
k8s.io/kubernetes/pkg/util/taints/taints.go:274.66,276.3 1 1
k8s.io/kubernetes/pkg/util/taints/taints.go:277.2,277.23 1 1
k8s.io/kubernetes/pkg/util/taints/taints.go:277.23,278.71 1 1
k8s.io/kubernetes/pkg/util/taints/taints.go:278.71,280.4 1 1
k8s.io/kubernetes/pkg/util/taints/taints.go:282.2,282.24 1 1
k8s.io/kubernetes/pkg/util/taints/taints.go:282.24,283.59 1 1
k8s.io/kubernetes/pkg/util/taints/taints.go:283.59,285.4 1 1
k8s.io/kubernetes/pkg/util/taints/taints.go:288.2,288.12 1 1
k8s.io/kubernetes/pkg/util/procfs/procfs_fake.go:24.74,26.2 1 0
k8s.io/kubernetes/pkg/util/procfs/procfs_linux.go:42.66,44.29 2 1
k8s.io/kubernetes/pkg/util/procfs/procfs_linux.go:44.29,46.51 2 1
k8s.io/kubernetes/pkg/util/procfs/procfs_linux.go:46.51,48.4 1 1
k8s.io/kubernetes/pkg/util/procfs/procfs_linux.go:50.2,50.65 1 1
k8s.io/kubernetes/pkg/util/procfs/procfs_linux.go:56.66,59.16 3 0
k8s.io/kubernetes/pkg/util/procfs/procfs_linux.go:59.16,60.25 1 0
k8s.io/kubernetes/pkg/util/procfs/procfs_linux.go:60.25,62.4 1 0
k8s.io/kubernetes/pkg/util/procfs/procfs_linux.go:63.3,63.17 1 0
k8s.io/kubernetes/pkg/util/procfs/procfs_linux.go:65.2,65.53 1 0
k8s.io/kubernetes/pkg/util/procfs/procfs_linux.go:70.51,71.20 1 1
k8s.io/kubernetes/pkg/util/procfs/procfs_linux.go:71.20,73.3 1 0
k8s.io/kubernetes/pkg/util/procfs/procfs_linux.go:74.2,75.16 2 1
k8s.io/kubernetes/pkg/util/procfs/procfs_linux.go:75.16,77.3 1 0
k8s.io/kubernetes/pkg/util/procfs/procfs_linux.go:78.2,79.20 2 1
k8s.io/kubernetes/pkg/util/procfs/procfs_linux.go:79.20,81.3 1 0
k8s.io/kubernetes/pkg/util/procfs/procfs_linux.go:82.2,83.27 2 1
k8s.io/kubernetes/pkg/util/procfs/procfs_linux.go:83.27,84.47 1 1
k8s.io/kubernetes/pkg/util/procfs/procfs_linux.go:84.47,86.4 1 0
k8s.io/kubernetes/pkg/util/procfs/procfs_linux.go:88.2,88.41 1 1
k8s.io/kubernetes/pkg/util/procfs/procfs_linux.go:93.40,94.20 1 1
k8s.io/kubernetes/pkg/util/procfs/procfs_linux.go:94.20,96.3 1 0
k8s.io/kubernetes/pkg/util/procfs/procfs_linux.go:97.2,98.16 2 1
k8s.io/kubernetes/pkg/util/procfs/procfs_linux.go:98.16,100.3 1 0
k8s.io/kubernetes/pkg/util/procfs/procfs_linux.go:101.2,101.25 1 1
k8s.io/kubernetes/pkg/util/procfs/procfs_linux.go:104.39,108.16 3 1
k8s.io/kubernetes/pkg/util/procfs/procfs_linux.go:108.16,110.3 1 0
k8s.io/kubernetes/pkg/util/procfs/procfs_linux.go:111.2,113.6 2 1
k8s.io/kubernetes/pkg/util/procfs/procfs_linux.go:113.6,117.20 2 1
k8s.io/kubernetes/pkg/util/procfs/procfs_linux.go:117.20,118.9 1 1
k8s.io/kubernetes/pkg/util/procfs/procfs_linux.go:120.3,120.17 1 1
k8s.io/kubernetes/pkg/util/procfs/procfs_linux.go:120.17,122.4 1 0
k8s.io/kubernetes/pkg/util/procfs/procfs_linux.go:124.3,124.28 1 1
k8s.io/kubernetes/pkg/util/procfs/procfs_linux.go:124.28,125.22 1 1
k8s.io/kubernetes/pkg/util/procfs/procfs_linux.go:125.22,126.13 1 1
k8s.io/kubernetes/pkg/util/procfs/procfs_linux.go:130.4,131.18 2 1
k8s.io/kubernetes/pkg/util/procfs/procfs_linux.go:131.18,132.13 1 1
k8s.io/kubernetes/pkg/util/procfs/procfs_linux.go:135.4,136.18 2 1
k8s.io/kubernetes/pkg/util/procfs/procfs_linux.go:136.18,138.13 2 1
k8s.io/kubernetes/pkg/util/procfs/procfs_linux.go:142.4,143.23 2 1
k8s.io/kubernetes/pkg/util/procfs/procfs_linux.go:143.23,144.13 1 0
k8s.io/kubernetes/pkg/util/procfs/procfs_linux.go:147.4,147.66 1 1
k8s.io/kubernetes/pkg/util/procfs/procfs_linux.go:147.66,149.5 1 1
k8s.io/kubernetes/pkg/util/procfs/procfs_linux.go:150.4,150.21 1 1
k8s.io/kubernetes/pkg/util/procfs/procfs_linux.go:150.21,151.13 1 1
k8s.io/kubernetes/pkg/util/procfs/procfs_linux.go:154.4,154.30 1 1
k8s.io/kubernetes/pkg/util/procfs/procfs_linux.go:154.30,157.5 1 1
k8s.io/kubernetes/pkg/util/procfs/procfs_linux.go:161.2,161.13 1 1
k8s.io/kubernetes/pkg/util/slice/slice.go:26.39,27.14 1 1
k8s.io/kubernetes/pkg/util/slice/slice.go:27.14,29.3 1 1
k8s.io/kubernetes/pkg/util/slice/slice.go:30.2,32.10 3 1
k8s.io/kubernetes/pkg/util/slice/slice.go:37.39,40.2 2 1
k8s.io/kubernetes/pkg/util/slice/slice.go:44.84,45.29 1 1
k8s.io/kubernetes/pkg/util/slice/slice.go:45.29,46.16 1 1
k8s.io/kubernetes/pkg/util/slice/slice.go:46.16,48.4 1 1
k8s.io/kubernetes/pkg/util/slice/slice.go:49.3,49.45 1 1
k8s.io/kubernetes/pkg/util/slice/slice.go:49.45,51.4 1 1
k8s.io/kubernetes/pkg/util/slice/slice.go:53.2,53.14 1 1
k8s.io/kubernetes/pkg/util/slice/slice.go:58.86,60.29 2 1
k8s.io/kubernetes/pkg/util/slice/slice.go:60.29,61.16 1 1
k8s.io/kubernetes/pkg/util/slice/slice.go:61.16,62.12 1 1
k8s.io/kubernetes/pkg/util/slice/slice.go:64.3,64.45 1 1
k8s.io/kubernetes/pkg/util/slice/slice.go:64.45,65.12 1 1
k8s.io/kubernetes/pkg/util/slice/slice.go:67.3,67.36 1 1
k8s.io/kubernetes/pkg/util/slice/slice.go:69.2,69.24 1 1
k8s.io/kubernetes/pkg/util/slice/slice.go:69.24,73.3 1 1
k8s.io/kubernetes/pkg/util/slice/slice.go:74.2,74.17 1 1
k8s.io/kubernetes/pkg/util/pod/pod.go:34.176,36.16 2 1
k8s.io/kubernetes/pkg/util/pod/pod.go:36.16,38.3 1 0
k8s.io/kubernetes/pkg/util/pod/pod.go:39.2,39.15 1 1
k8s.io/kubernetes/pkg/util/pod/pod.go:39.15,41.3 1 1
k8s.io/kubernetes/pkg/util/pod/pod.go:43.2,44.16 2 1
k8s.io/kubernetes/pkg/util/pod/pod.go:44.16,46.3 1 0
k8s.io/kubernetes/pkg/util/pod/pod.go:47.2,47.43 1 1
k8s.io/kubernetes/pkg/util/pod/pod.go:50.138,54.16 2 1
k8s.io/kubernetes/pkg/util/pod/pod.go:54.16,56.3 1 0
k8s.io/kubernetes/pkg/util/pod/pod.go:58.2,62.16 2 1
k8s.io/kubernetes/pkg/util/pod/pod.go:62.16,64.3 1 0
k8s.io/kubernetes/pkg/util/pod/pod.go:66.2,67.16 2 1
k8s.io/kubernetes/pkg/util/pod/pod.go:67.16,69.3 1 0
k8s.io/kubernetes/pkg/util/pod/pod.go:70.2,70.102 1 1
k8s.io/kubernetes/pkg/util/pod/pod.go:74.110,75.81 1 1
k8s.io/kubernetes/pkg/util/pod/pod.go:75.81,77.3 1 1
k8s.io/kubernetes/pkg/util/pod/pod.go:77.8,79.3 1 1
k8s.io/kubernetes/pkg/util/pod/pod.go:80.2,80.19 1 1
k8s.io/kubernetes/pkg/util/tail/tail.go:32.63,34.16 2 1
k8s.io/kubernetes/pkg/util/tail/tail.go:34.16,36.3 1 0
k8s.io/kubernetes/pkg/util/tail/tail.go:37.2,39.16 3 1
k8s.io/kubernetes/pkg/util/tail/tail.go:39.16,41.3 1 0
k8s.io/kubernetes/pkg/util/tail/tail.go:42.2,43.15 2 1
k8s.io/kubernetes/pkg/util/tail/tail.go:43.15,45.3 1 0
k8s.io/kubernetes/pkg/util/tail/tail.go:46.2,46.16 1 1
k8s.io/kubernetes/pkg/util/tail/tail.go:46.16,48.3 1 1
k8s.io/kubernetes/pkg/util/tail/tail.go:49.2,50.16 2 1
k8s.io/kubernetes/pkg/util/tail/tail.go:50.16,52.3 1 0
k8s.io/kubernetes/pkg/util/tail/tail.go:53.2,54.30 2 1
k8s.io/kubernetes/pkg/util/removeall/removeall.go:35.106,38.38 2 1
k8s.io/kubernetes/pkg/util/removeall/removeall.go:38.38,40.3 1 1
k8s.io/kubernetes/pkg/util/removeall/removeall.go:43.2,44.17 2 1
k8s.io/kubernetes/pkg/util/removeall/removeall.go:44.17,45.103 1 0
k8s.io/kubernetes/pkg/util/removeall/removeall.go:45.103,47.4 1 0
k8s.io/kubernetes/pkg/util/removeall/removeall.go:48.3,48.14 1 0
k8s.io/kubernetes/pkg/util/removeall/removeall.go:50.2,50.18 1 1
k8s.io/kubernetes/pkg/util/removeall/removeall.go:50.18,53.3 1 1
k8s.io/kubernetes/pkg/util/removeall/removeall.go:56.2,57.16 2 1
k8s.io/kubernetes/pkg/util/removeall/removeall.go:57.16,59.3 1 1
k8s.io/kubernetes/pkg/util/removeall/removeall.go:60.2,60.17 1 1
k8s.io/kubernetes/pkg/util/removeall/removeall.go:60.17,62.3 1 1
k8s.io/kubernetes/pkg/util/removeall/removeall.go:64.2,65.16 2 1
k8s.io/kubernetes/pkg/util/removeall/removeall.go:65.16,66.25 1 0
k8s.io/kubernetes/pkg/util/removeall/removeall.go:66.25,70.4 1 0
k8s.io/kubernetes/pkg/util/removeall/removeall.go:71.3,71.13 1 0
k8s.io/kubernetes/pkg/util/removeall/removeall.go:75.2,76.6 2 1
k8s.io/kubernetes/pkg/util/removeall/removeall.go:76.6,78.30 2 1
k8s.io/kubernetes/pkg/util/removeall/removeall.go:78.30,80.18 2 1
k8s.io/kubernetes/pkg/util/removeall/removeall.go:80.18,82.5 1 1
k8s.io/kubernetes/pkg/util/removeall/removeall.go:84.3,84.21 1 1
k8s.io/kubernetes/pkg/util/removeall/removeall.go:84.21,85.9 1 1
k8s.io/kubernetes/pkg/util/removeall/removeall.go:88.3,88.17 1 1
k8s.io/kubernetes/pkg/util/removeall/removeall.go:88.17,90.4 1 1
k8s.io/kubernetes/pkg/util/removeall/removeall.go:91.3,91.22 1 1
k8s.io/kubernetes/pkg/util/removeall/removeall.go:91.22,92.9 1 0
k8s.io/kubernetes/pkg/util/removeall/removeall.go:97.2,101.40 3 1
k8s.io/kubernetes/pkg/util/removeall/removeall.go:101.40,103.3 1 1
k8s.io/kubernetes/pkg/util/removeall/removeall.go:104.2,104.16 1 1
k8s.io/kubernetes/pkg/util/removeall/removeall.go:104.16,106.3 1 0
k8s.io/kubernetes/pkg/util/removeall/removeall.go:107.2,107.12 1 1
k8s.io/kubernetes/pkg/util/removeall/removeall.go:115.73,117.2 1 1
k8s.io/kubernetes/pkg/util/removeall/removeall.go:126.74,128.2 1 1
k8s.io/kubernetes/pkg/util/rlimit/rlimit_linux.go:27.45,29.2 1 0
k8s.io/kubernetes/pkg/apis/core/helper/helpers.go:37.58,39.2 1 1
k8s.io/kubernetes/pkg/apis/core/helper/helpers.go:43.96,45.16 2 1
k8s.io/kubernetes/pkg/apis/core/helper/helpers.go:45.16,47.3 1 1
k8s.io/kubernetes/pkg/apis/core/helper/helpers.go:49.2,49.75 1 1
k8s.io/kubernetes/pkg/apis/core/helper/helpers.go:49.75,51.3 1 0
k8s.io/kubernetes/pkg/apis/core/helper/helpers.go:53.2,53.47 1 1
k8s.io/kubernetes/pkg/apis/core/helper/helpers.go:58.63,60.2 1 1
k8s.io/kubernetes/pkg/apis/core/helper/helpers.go:65.73,67.2 1 1
k8s.io/kubernetes/pkg/apis/core/helper/helpers.go:72.86,73.35 1 1
k8s.io/kubernetes/pkg/apis/core/helper/helpers.go:73.35,75.3 1 1
k8s.io/kubernetes/pkg/apis/core/helper/helpers.go:76.2,77.41 2 1
k8s.io/kubernetes/pkg/apis/core/helper/helpers.go:82.76,84.38 2 0
k8s.io/kubernetes/pkg/apis/core/helper/helpers.go:84.38,85.66 1 0
k8s.io/kubernetes/pkg/apis/core/helper/helpers.go:85.66,87.4 1 0
k8s.io/kubernetes/pkg/apis/core/helper/helpers.go:89.2,89.27 1 0
k8s.io/kubernetes/pkg/apis/core/helper/helpers.go:95.36,101.3 1 1
k8s.io/kubernetes/pkg/apis/core/helper/helpers.go:102.35,104.3 1 0
k8s.io/kubernetes/pkg/apis/core/helper/helpers.go:105.30,107.3 1 0
k8s.io/kubernetes/pkg/apis/core/helper/helpers.go:108.34,110.3 1 0
k8s.io/kubernetes/pkg/apis/core/helper/helpers.go:111.34,113.3 1 0
k8s.io/kubernetes/pkg/apis/core/helper/helpers.go:125.71,127.2 1 0
k8s.io/kubernetes/pkg/apis/core/helper/helpers.go:143.107,144.15 1 0
k8s.io/kubernetes/pkg/apis/core/helper/helpers.go:146.90,147.94 1 0
k8s.io/kubernetes/pkg/apis/core/helper/helpers.go:148.41,149.52 1 0
k8s.io/kubernetes/pkg/apis/core/helper/helpers.go:150.10,151.14 1 0
k8s.io/kubernetes/pkg/apis/core/helper/helpers.go:163.67,165.2 1 1
k8s.io/kubernetes/pkg/apis/core/helper/helpers.go:172.58,173.99 1 0
k8s.io/kubernetes/pkg/apis/core/helper/helpers.go:173.99,175.3 1 0
k8s.io/kubernetes/pkg/apis/core/helper/helpers.go:177.2,178.70 2 0
k8s.io/kubernetes/pkg/apis/core/helper/helpers.go:178.70,180.3 1 0
k8s.io/kubernetes/pkg/apis/core/helper/helpers.go:181.2,181.13 1 0
k8s.io/kubernetes/pkg/apis/core/helper/helpers.go:187.52,190.2 1 1
k8s.io/kubernetes/pkg/apis/core/helper/helpers.go:194.55,197.2 1 1
k8s.io/kubernetes/pkg/apis/core/helper/helpers.go:206.58,208.2 1 0
k8s.io/kubernetes/pkg/apis/core/helper/helpers.go:234.63,236.2 1 0
k8s.io/kubernetes/pkg/apis/core/helper/helpers.go:262.58,264.2 1 1
k8s.io/kubernetes/pkg/apis/core/helper/helpers.go:279.57,281.2 1 0
k8s.io/kubernetes/pkg/apis/core/helper/helpers.go:285.49,290.2 1 1
k8s.io/kubernetes/pkg/apis/core/helper/helpers.go:299.47,301.2 1 0
k8s.io/kubernetes/pkg/apis/core/helper/helpers.go:305.77,308.51 3 0
k8s.io/kubernetes/pkg/apis/core/helper/helpers.go:308.51,310.3 1 0
k8s.io/kubernetes/pkg/apis/core/helper/helpers.go:311.2,311.50 1 0
k8s.io/kubernetes/pkg/apis/core/helper/helpers.go:311.50,313.3 1 0
k8s.io/kubernetes/pkg/apis/core/helper/helpers.go:314.2,314.51 1 0
k8s.io/kubernetes/pkg/apis/core/helper/helpers.go:314.51,316.3 1 0
k8s.io/kubernetes/pkg/apis/core/helper/helpers.go:317.2,317.54 1 0
k8s.io/kubernetes/pkg/apis/core/helper/helpers.go:317.54,319.3 1 0
k8s.io/kubernetes/pkg/apis/core/helper/helpers.go:320.2,320.36 1 0
k8s.io/kubernetes/pkg/apis/core/helper/helpers.go:324.79,327.29 3 1
k8s.io/kubernetes/pkg/apis/core/helper/helpers.go:327.29,329.10 2 1
k8s.io/kubernetes/pkg/apis/core/helper/helpers.go:330.19,331.57 1 1
k8s.io/kubernetes/pkg/apis/core/helper/helpers.go:332.19,333.56 1 1
k8s.io/kubernetes/pkg/apis/core/helper/helpers.go:334.19,335.57 1 1
k8s.io/kubernetes/pkg/apis/core/helper/helpers.go:336.20,337.60 1 1
k8s.io/kubernetes/pkg/apis/core/helper/helpers.go:340.2,340.20 1 1
k8s.io/kubernetes/pkg/apis/core/helper/helpers.go:344.108,346.26 2 1
k8s.io/kubernetes/pkg/apis/core/helper/helpers.go:346.26,347.42 1 1
k8s.io/kubernetes/pkg/apis/core/helper/helpers.go:347.42,349.4 1 1
k8s.io/kubernetes/pkg/apis/core/helper/helpers.go:351.2,351.20 1 1
k8s.io/kubernetes/pkg/apis/core/helper/helpers.go:354.109,355.26 1 1
k8s.io/kubernetes/pkg/apis/core/helper/helpers.go:355.26,356.16 1 1
k8s.io/kubernetes/pkg/apis/core/helper/helpers.go:356.16,358.4 1 1
k8s.io/kubernetes/pkg/apis/core/helper/helpers.go:360.2,360.14 1 1
k8s.io/kubernetes/pkg/apis/core/helper/helpers.go:363.76,364.16 1 0
k8s.io/kubernetes/pkg/apis/core/helper/helpers.go:364.16,366.3 1 0
k8s.io/kubernetes/pkg/apis/core/helper/helpers.go:368.2,368.42 1 0
k8s.io/kubernetes/pkg/apis/core/helper/helpers.go:368.42,370.3 1 0
k8s.io/kubernetes/pkg/apis/core/helper/helpers.go:371.2,371.14 1 0
k8s.io/kubernetes/pkg/apis/core/helper/helpers.go:374.81,375.16 1 0
k8s.io/kubernetes/pkg/apis/core/helper/helpers.go:375.16,377.3 1 0
k8s.io/kubernetes/pkg/apis/core/helper/helpers.go:379.2,379.49 1 0
k8s.io/kubernetes/pkg/apis/core/helper/helpers.go:379.49,381.3 1 0
k8s.io/kubernetes/pkg/apis/core/helper/helpers.go:382.2,382.14 1 0
k8s.io/kubernetes/pkg/apis/core/helper/helpers.go:387.97,389.78 2 0
k8s.io/kubernetes/pkg/apis/core/helper/helpers.go:389.78,391.17 2 0
k8s.io/kubernetes/pkg/apis/core/helper/helpers.go:391.17,393.4 1 0
k8s.io/kubernetes/pkg/apis/core/helper/helpers.go:395.2,395.25 1 0
k8s.io/kubernetes/pkg/apis/core/helper/helpers.go:400.82,405.32 4 0
k8s.io/kubernetes/pkg/apis/core/helper/helpers.go:405.32,406.53 1 0
k8s.io/kubernetes/pkg/apis/core/helper/helpers.go:406.53,407.57 1 0
k8s.io/kubernetes/pkg/apis/core/helper/helpers.go:407.57,409.5 1 0
k8s.io/kubernetes/pkg/apis/core/helper/helpers.go:410.4,412.12 3 0
k8s.io/kubernetes/pkg/apis/core/helper/helpers.go:415.3,415.61 1 0
k8s.io/kubernetes/pkg/apis/core/helper/helpers.go:418.2,418.14 1 0
k8s.io/kubernetes/pkg/apis/core/helper/helpers.go:418.14,420.3 1 0
k8s.io/kubernetes/pkg/apis/core/helper/helpers.go:422.2,423.13 2 0
k8s.io/kubernetes/pkg/apis/core/helper/helpers.go:428.88,430.73 2 0
k8s.io/kubernetes/pkg/apis/core/helper/helpers.go:430.73,432.17 2 0
k8s.io/kubernetes/pkg/apis/core/helper/helpers.go:432.17,434.4 1 0
k8s.io/kubernetes/pkg/apis/core/helper/helpers.go:436.2,436.20 1 0
k8s.io/kubernetes/pkg/apis/core/helper/helpers.go:440.69,442.80 1 0
k8s.io/kubernetes/pkg/apis/core/helper/helpers.go:442.80,444.3 1 0
k8s.io/kubernetes/pkg/apis/core/helper/helpers.go:446.2,446.37 1 0
k8s.io/kubernetes/pkg/apis/core/helper/helpers.go:451.78,453.79 1 0
k8s.io/kubernetes/pkg/apis/core/helper/helpers.go:453.79,455.3 1 0
k8s.io/kubernetes/pkg/apis/core/helper/helpers.go:457.2,457.40 1 0
k8s.io/kubernetes/pkg/apis/core/helper/helpers.go:457.40,459.3 1 0
k8s.io/kubernetes/pkg/apis/core/helper/helpers.go:461.2,461.11 1 0
k8s.io/kubernetes/pkg/apis/core/helper/helpers.go:465.76,467.75 1 0
k8s.io/kubernetes/pkg/apis/core/helper/helpers.go:467.75,469.3 1 0
k8s.io/kubernetes/pkg/apis/core/helper/helpers.go:471.2,471.40 1 0
k8s.io/kubernetes/pkg/apis/core/helper/helpers.go:471.40,473.3 1 0
k8s.io/kubernetes/pkg/apis/core/helper/helpers.go:475.2,475.14 1 0
k8s.io/kubernetes/pkg/apis/core/helper/helpers.go:480.86,481.62 1 0
k8s.io/kubernetes/pkg/apis/core/helper/helpers.go:481.62,483.30 1 0
k8s.io/kubernetes/pkg/apis/core/helper/helpers.go:483.30,485.4 1 0
k8s.io/kubernetes/pkg/apis/core/helper/helpers.go:487.3,488.17 2 0
k8s.io/kubernetes/pkg/apis/core/helper/helpers.go:488.17,491.4 1 0
k8s.io/kubernetes/pkg/apis/core/helper/helpers.go:492.3,492.23 1 0
k8s.io/kubernetes/pkg/apis/core/helper/helpers.go:494.2,494.15 1 0
k8s.io/kubernetes/pkg/apis/core/helper/helpers.go:497.39,498.19 1 0
k8s.io/kubernetes/pkg/apis/core/helper/helpers.go:498.19,500.3 1 0
k8s.io/kubernetes/pkg/apis/core/helper/helpers.go:501.2,501.91 1 0
k8s.io/kubernetes/pkg/apis/core/v1/helper/qos/qos.go:33.63,35.2 1 1
k8s.io/kubernetes/pkg/apis/core/v1/helper/qos/qos.go:39.44,40.31 1 0
k8s.io/kubernetes/pkg/apis/core/v1/helper/qos/qos.go:40.31,42.3 1 0
k8s.io/kubernetes/pkg/apis/core/v1/helper/qos/qos.go:43.2,43.27 1 0
k8s.io/kubernetes/pkg/apis/core/v1/helper/qos/qos.go:52.57,53.38 1 1
k8s.io/kubernetes/pkg/apis/core/v1/helper/qos/qos.go:53.38,54.43 1 1
k8s.io/kubernetes/pkg/apis/core/v1/helper/qos/qos.go:54.43,55.12 1 0
k8s.io/kubernetes/pkg/apis/core/v1/helper/qos/qos.go:57.3,57.38 1 1
k8s.io/kubernetes/pkg/apis/core/v1/helper/qos/qos.go:57.38,59.40 2 1
k8s.io/kubernetes/pkg/apis/core/v1/helper/qos/qos.go:59.40,61.5 1 1
k8s.io/kubernetes/pkg/apis/core/v1/helper/qos/qos.go:61.10,64.5 2 0
k8s.io/kubernetes/pkg/apis/core/v1/helper/qos/qos.go:72.61,74.35 2 1
k8s.io/kubernetes/pkg/apis/core/v1/helper/qos/qos.go:74.35,75.43 1 1
k8s.io/kubernetes/pkg/apis/core/v1/helper/qos/qos.go:75.43,76.12 1 0
k8s.io/kubernetes/pkg/apis/core/v1/helper/qos/qos.go:78.3,78.38 1 1
k8s.io/kubernetes/pkg/apis/core/v1/helper/qos/qos.go:78.38,80.4 1 1
k8s.io/kubernetes/pkg/apis/core/v1/helper/qos/qos.go:82.2,82.21 1 1
k8s.io/kubernetes/pkg/apis/core/v1/helper/qos/qos.go:92.48,98.29 4 1
k8s.io/kubernetes/pkg/apis/core/v1/helper/qos/qos.go:98.29,99.43 1 1
k8s.io/kubernetes/pkg/apis/core/v1/helper/qos/qos.go:99.43,102.4 1 1
k8s.io/kubernetes/pkg/apis/core/v1/helper/qos/qos.go:104.3,104.41 1 1
k8s.io/kubernetes/pkg/apis/core/v1/helper/qos/qos.go:104.41,108.84 3 1
k8s.io/kubernetes/pkg/apis/core/v1/helper/qos/qos.go:108.84,110.5 1 1
k8s.io/kubernetes/pkg/apis/core/v1/helper/qos/qos.go:112.8,117.43 4 1
k8s.io/kubernetes/pkg/apis/core/v1/helper/qos/qos.go:117.43,119.61 1 1
k8s.io/kubernetes/pkg/apis/core/v1/helper/qos/qos.go:119.61,120.45 1 1
k8s.io/kubernetes/pkg/apis/core/v1/helper/qos/qos.go:120.45,121.14 1 1
k8s.io/kubernetes/pkg/apis/core/v1/helper/qos/qos.go:123.5,123.40 1 1
k8s.io/kubernetes/pkg/apis/core/v1/helper/qos/qos.go:123.40,125.46 2 1
k8s.io/kubernetes/pkg/apis/core/v1/helper/qos/qos.go:125.46,127.7 1 1
k8s.io/kubernetes/pkg/apis/core/v1/helper/qos/qos.go:127.12,130.7 2 1
k8s.io/kubernetes/pkg/apis/core/v1/helper/qos/qos.go:134.4,135.59 2 1
k8s.io/kubernetes/pkg/apis/core/v1/helper/qos/qos.go:135.59,136.45 1 1
k8s.io/kubernetes/pkg/apis/core/v1/helper/qos/qos.go:136.45,137.14 1 1
k8s.io/kubernetes/pkg/apis/core/v1/helper/qos/qos.go:139.5,139.40 1 1
k8s.io/kubernetes/pkg/apis/core/v1/helper/qos/qos.go:139.40,142.44 3 1
k8s.io/kubernetes/pkg/apis/core/v1/helper/qos/qos.go:142.44,144.7 1 1
k8s.io/kubernetes/pkg/apis/core/v1/helper/qos/qos.go:144.12,147.7 2 1
k8s.io/kubernetes/pkg/apis/core/v1/helper/qos/qos.go:151.4,151.81 1 1
k8s.io/kubernetes/pkg/apis/core/v1/helper/qos/qos.go:151.81,153.5 1 1
k8s.io/kubernetes/pkg/apis/core/v1/helper/qos/qos.go:157.2,157.44 1 1
k8s.io/kubernetes/pkg/apis/core/v1/helper/qos/qos.go:157.44,159.3 1 1
k8s.io/kubernetes/pkg/apis/core/v1/helper/qos/qos.go:161.2,161.18 1 1
k8s.io/kubernetes/pkg/apis/core/v1/helper/qos/qos.go:161.18,162.35 1 1
k8s.io/kubernetes/pkg/apis/core/v1/helper/qos/qos.go:162.35,163.65 1 1
k8s.io/kubernetes/pkg/apis/core/v1/helper/qos/qos.go:163.65,165.10 2 1
k8s.io/kubernetes/pkg/apis/core/v1/helper/qos/qos.go:169.2,170.32 1 1
k8s.io/kubernetes/pkg/apis/core/v1/helper/qos/qos.go:170.32,172.3 1 1
k8s.io/kubernetes/pkg/apis/core/v1/helper/qos/qos.go:173.2,173.27 1 1
k8s.io/kubernetes/pkg/apis/core/pods/helpers.go:35.113,37.40 2 1
k8s.io/kubernetes/pkg/apis/core/pods/helpers.go:37.40,38.61 1 1
k8s.io/kubernetes/pkg/apis/core/pods/helpers.go:38.61,40.4 1 0
k8s.io/kubernetes/pkg/apis/core/pods/helpers.go:42.2,43.36 2 1
k8s.io/kubernetes/pkg/apis/core/pods/helpers.go:43.36,44.57 1 1
k8s.io/kubernetes/pkg/apis/core/pods/helpers.go:44.57,46.4 1 0
k8s.io/kubernetes/pkg/apis/core/pods/helpers.go:48.2,49.45 2 1
k8s.io/kubernetes/pkg/apis/core/pods/helpers.go:49.45,50.109 1 1
k8s.io/kubernetes/pkg/apis/core/pods/helpers.go:50.109,52.4 1 0
k8s.io/kubernetes/pkg/apis/core/pods/helpers.go:54.2,54.13 1 1
k8s.io/kubernetes/pkg/apis/core/pods/helpers.go:61.89,62.21 1 1
k8s.io/kubernetes/pkg/apis/core/pods/helpers.go:62.21,64.3 1 1
k8s.io/kubernetes/pkg/apis/core/pods/helpers.go:66.2,66.67 1 1
k8s.io/kubernetes/pkg/apis/core/pods/helpers.go:66.67,67.15 1 1
k8s.io/kubernetes/pkg/apis/core/pods/helpers.go:68.50,69.28 1 1
k8s.io/kubernetes/pkg/apis/core/pods/helpers.go:70.11,71.82 1 0
k8s.io/kubernetes/pkg/apis/core/pods/helpers.go:75.2,75.15 1 1
k8s.io/kubernetes/pkg/apis/core/pods/helpers.go:89.19,90.27 1 1
k8s.io/kubernetes/pkg/apis/core/pods/helpers.go:92.19,93.37 1 1
k8s.io/kubernetes/pkg/apis/core/pods/helpers.go:94.10,95.68 1 1
k8s.io/kubernetes/pkg/apis/core/json.go:28.48,28.89 1 0
k8s.io/kubernetes/pkg/apis/core/json.go:31.47,31.93 1 0
k8s.io/kubernetes/pkg/apis/core/objectreference.go:27.78,29.2 1 0
k8s.io/kubernetes/pkg/apis/core/objectreference.go:32.72,34.2 1 0
k8s.io/kubernetes/pkg/apis/core/objectreference.go:37.63,37.77 1 0
k8s.io/kubernetes/pkg/apis/core/register.go:32.41,34.2 1 0
[...]
k8s.io/kubernetes/pkg/api/v1/endpoints/util.go:40.25,41.33 1 1
k8s.io/kubernetes/pkg/api/v1/endpoints/util.go:41.33,44.4 1 1
k8s.io/kubernetes/pkg/api/v1/endpoints/util.go:44.9,45.42 1 1
k8s.io/kubernetes/pkg/api/v1/endpoints/util.go:45.42,47.5 1 1
k8s.io/kubernetes/pkg/api/v1/endpoints/util.go:55.2,58.46 4 1
k8s.io/kubernetes/pkg/api/v1/endpoints/util.go:58.46,61.20 3 1
k8s.io/kubernetes/pkg/api/v1/endpoints/util.go:61.20,63.4 1 1
k8s.io/kubernetes/pkg/api/v1/endpoints/util.go:63.9,64.55 1 1
k8s.io/kubernetes/pkg/api/v1/endpoints/util.go:64.55,67.5 1 1
k8s.io/kubernetes/pkg/api/v1/endpoints/util.go:72.2,73.49 2 1
k8s.io/kubernetes/pkg/api/v1/endpoints/util.go:73.49,75.51 2 1
k8s.io/kubernetes/pkg/api/v1/endpoints/util.go:75.51,76.13 1 1
k8s.io/kubernetes/pkg/api/v1/endpoints/util.go:76.13,78.5 1 1
k8s.io/kubernetes/pkg/api/v1/endpoints/util.go:78.10,80.5 1 1
k8s.io/kubernetes/pkg/api/v1/endpoints/util.go:82.3,82.114 1 1
k8s.io/kubernetes/pkg/api/v1/endpoints/util.go:86.2,86.27 1 1
k8s.io/kubernetes/pkg/api/v1/endpoints/util.go:96.170,97.34 1 1
k8s.io/kubernetes/pkg/api/v1/endpoints/util.go:97.34,99.3 1 1
k8s.io/kubernetes/pkg/api/v1/endpoints/util.go:100.2,100.42 1 1
k8s.io/kubernetes/pkg/api/v1/endpoints/util.go:100.42,102.3 1 1
k8s.io/kubernetes/pkg/api/v1/endpoints/util.go:107.199,112.27 2 1
k8s.io/kubernetes/pkg/api/v1/endpoints/util.go:112.27,114.3 1 1
k8s.io/kubernetes/pkg/api/v1/endpoints/util.go:118.2,119.28 2 1
k8s.io/kubernetes/pkg/api/v1/endpoints/util.go:119.28,125.3 3 1
k8s.io/kubernetes/pkg/api/v1/endpoints/util.go:128.2,128.50 1 1
k8s.io/kubernetes/pkg/api/v1/endpoints/util.go:128.50,130.3 1 1
k8s.io/kubernetes/pkg/api/v1/endpoints/util.go:134.2,134.86 1 1
k8s.io/kubernetes/pkg/api/v1/endpoints/util.go:134.86,136.3 1 1
k8s.io/kubernetes/pkg/api/v1/endpoints/util.go:137.2,137.24 1 1
k8s.io/kubernetes/pkg/api/v1/endpoints/util.go:147.45,153.30 2 1
k8s.io/kubernetes/pkg/api/v1/endpoints/util.go:153.30,155.3 1 1
k8s.io/kubernetes/pkg/api/v1/endpoints/util.go:156.2,159.48 4 1
k8s.io/kubernetes/pkg/api/v1/endpoints/util.go:162.41,165.2 1 1
k8s.io/kubernetes/pkg/api/v1/endpoints/util.go:169.37,169.55 1 1
k8s.io/kubernetes/pkg/api/v1/endpoints/util.go:170.37,170.68 1 1
k8s.io/kubernetes/pkg/api/v1/endpoints/util.go:171.42,173.2 1 1
k8s.io/kubernetes/pkg/api/v1/endpoints/util.go:176.57,178.23 2 1
k8s.io/kubernetes/pkg/api/v1/endpoints/util.go:178.23,180.3 1 1
k8s.io/kubernetes/pkg/api/v1/endpoints/util.go:181.2,181.24 1 1
k8s.io/kubernetes/pkg/api/v1/endpoints/util.go:181.24,183.3 1 1
k8s.io/kubernetes/pkg/api/v1/endpoints/util.go:184.2,184.24 1 1
k8s.io/kubernetes/pkg/api/v1/endpoints/util.go:184.24,186.3 1 1
k8s.io/kubernetes/pkg/api/v1/endpoints/util.go:187.2,187.42 1 1
k8s.io/kubernetes/pkg/api/v1/endpoints/util.go:192.67,193.25 1 1
k8s.io/kubernetes/pkg/api/v1/endpoints/util.go:193.25,198.3 4 1
k8s.io/kubernetes/pkg/api/v1/endpoints/util.go:199.2,200.16 2 1
k8s.io/kubernetes/pkg/api/v1/endpoints/util.go:203.59,206.2 2 1
k8s.io/kubernetes/pkg/api/v1/endpoints/util.go:210.40,210.58 1 1
k8s.io/kubernetes/pkg/api/v1/endpoints/util.go:211.40,211.71 1 0
k8s.io/kubernetes/pkg/api/v1/endpoints/util.go:212.45,217.2 4 1
k8s.io/kubernetes/pkg/api/v1/endpoints/util.go:221.42,221.60 1 1
k8s.io/kubernetes/pkg/api/v1/endpoints/util.go:222.42,222.73 1 1
k8s.io/kubernetes/pkg/api/v1/endpoints/util.go:223.47,225.2 1 1
k8s.io/kubernetes/pkg/api/v1/endpoints/util.go:229.38,229.56 1 1
k8s.io/kubernetes/pkg/api/v1/endpoints/util.go:230.38,230.69 1 1
k8s.io/kubernetes/pkg/api/v1/endpoints/util.go:231.43,236.2 4 1
k8s.io/kubernetes/pkg/api/v1/resource/helpers.go:30.94,33.22 2 1
k8s.io/kubernetes/pkg/api/v1/resource/helpers.go:34.22,35.66 1 1
k8s.io/kubernetes/pkg/api/v1/resource/helpers.go:36.74,37.65 1 1
k8s.io/kubernetes/pkg/api/v1/resource/helpers.go:38.10,39.66 1 0
k8s.io/kubernetes/pkg/api/v1/resource/helpers.go:42.2,42.48 1 1
k8s.io/kubernetes/pkg/api/v1/resource/helpers.go:42.48,43.70 1 1
k8s.io/kubernetes/pkg/api/v1/resource/helpers.go:43.70,45.4 1 1
k8s.io/kubernetes/pkg/api/v1/resource/helpers.go:48.2,48.52 1 1
k8s.io/kubernetes/pkg/api/v1/resource/helpers.go:48.52,49.70 1 1
k8s.io/kubernetes/pkg/api/v1/resource/helpers.go:49.70,50.42 1 1
k8s.io/kubernetes/pkg/api/v1/resource/helpers.go:50.42,52.5 1 0
k8s.io/kubernetes/pkg/api/v1/resource/helpers.go:58.2,58.30 1 1
k8s.io/kubernetes/pkg/api/v1/resource/helpers.go:58.30,59.90 1 1
k8s.io/kubernetes/pkg/api/v1/resource/helpers.go:59.90,61.4 1 1
k8s.io/kubernetes/pkg/api/v1/resource/helpers.go:64.2,64.24 1 1
k8s.io/kubernetes/pkg/api/v1/resource/helpers.go:68.70,69.33 1 1
k8s.io/kubernetes/pkg/api/v1/resource/helpers.go:69.33,71.3 1 0
k8s.io/kubernetes/pkg/api/v1/resource/helpers.go:73.2,75.32 2 1
k8s.io/kubernetes/pkg/api/v1/resource/helpers.go:75.32,77.3 1 1
k8s.io/kubernetes/pkg/api/v1/resource/helpers.go:79.2,79.32 1 1
k8s.io/kubernetes/pkg/api/v1/resource/helpers.go:84.123,86.16 2 1
k8s.io/kubernetes/pkg/api/v1/resource/helpers.go:86.16,88.3 1 0
k8s.io/kubernetes/pkg/api/v1/resource/helpers.go:89.2,89.53 1 1
k8s.io/kubernetes/pkg/api/v1/resource/helpers.go:94.174,96.16 2 0
k8s.io/kubernetes/pkg/api/v1/resource/helpers.go:96.16,98.3 1 0
k8s.io/kubernetes/pkg/api/v1/resource/helpers.go:100.2,104.53 3 0
k8s.io/kubernetes/pkg/api/v1/resource/helpers.go:109.107,111.34 2 1
k8s.io/kubernetes/pkg/api/v1/resource/helpers.go:111.34,113.3 1 1
k8s.io/kubernetes/pkg/api/v1/resource/helpers.go:113.8,115.3 1 1
k8s.io/kubernetes/pkg/api/v1/resource/helpers.go:117.2,117.21 1 1
k8s.io/kubernetes/pkg/api/v1/resource/helpers.go:118.20,119.79 1 1
k8s.io/kubernetes/pkg/api/v1/resource/helpers.go:120.23,121.85 1 1
k8s.io/kubernetes/pkg/api/v1/resource/helpers.go:122.34,123.105 1 0
k8s.io/kubernetes/pkg/api/v1/resource/helpers.go:124.22,125.81 1 1
k8s.io/kubernetes/pkg/api/v1/resource/helpers.go:126.25,127.87 1 1
k8s.io/kubernetes/pkg/api/v1/resource/helpers.go:128.36,129.107 1 0
k8s.io/kubernetes/pkg/api/v1/resource/helpers.go:133.2,133.49 1 0
k8s.io/kubernetes/pkg/api/v1/resource/helpers.go:133.49,135.43 2 0
k8s.io/kubernetes/pkg/api/v1/resource/helpers.go:135.43,137.4 1 0
k8s.io/kubernetes/pkg/api/v1/resource/helpers.go:139.2,139.47 1 0
k8s.io/kubernetes/pkg/api/v1/resource/helpers.go:139.47,141.43 2 0
k8s.io/kubernetes/pkg/api/v1/resource/helpers.go:141.43,143.4 1 0
k8s.io/kubernetes/pkg/api/v1/resource/helpers.go:145.2,145.75 1 0
k8s.io/kubernetes/pkg/api/v1/resource/helpers.go:150.100,153.2 2 1
k8s.io/kubernetes/pkg/api/v1/resource/helpers.go:157.106,160.2 2 1
k8s.io/kubernetes/pkg/api/v1/resource/helpers.go:164.112,167.2 2 0
k8s.io/kubernetes/pkg/api/v1/resource/helpers.go:171.126,174.2 2 0
k8s.io/kubernetes/pkg/api/v1/resource/helpers.go:177.83,178.48 1 1
k8s.io/kubernetes/pkg/api/v1/resource/helpers.go:178.48,179.38 1 1
k8s.io/kubernetes/pkg/api/v1/resource/helpers.go:179.38,181.4 1 1
k8s.io/kubernetes/pkg/api/v1/resource/helpers.go:183.2,183.52 1 1
k8s.io/kubernetes/pkg/api/v1/resource/helpers.go:183.52,184.38 1 1
k8s.io/kubernetes/pkg/api/v1/resource/helpers.go:184.38,186.4 1 1
k8s.io/kubernetes/pkg/api/v1/resource/helpers.go:188.2,188.65 1 0
k8s.io/kubernetes/pkg/api/v1/resource/helpers.go:194.31,195.39 1 0
k8s.io/kubernetes/pkg/api/v1/resource/helpers.go:195.39,197.3 1 0
k8s.io/kubernetes/pkg/api/v1/resource/helpers.go:200.2,200.109 1 0
k8s.io/kubernetes/pkg/api/v1/resource/helpers.go:200.109,201.93 1 0
k8s.io/kubernetes/pkg/api/v1/resource/helpers.go:201.93,202.52 1 0
k8s.io/kubernetes/pkg/api/v1/resource/helpers.go:202.52,204.5 1 0
k8s.io/kubernetes/pkg/api/v1/resource/helpers.go:211.56,213.2 1 0
k8s.io/kubernetes/pkg/api/v1/pod/util.go:32.66,34.23 2 1
k8s.io/kubernetes/pkg/api/v1/pod/util.go:35.21,37.49 2 1
k8s.io/kubernetes/pkg/api/v1/pod/util.go:37.49,38.41 1 1
k8s.io/kubernetes/pkg/api/v1/pod/util.go:38.41,39.63 1 1
k8s.io/kubernetes/pkg/api/v1/pod/util.go:39.63,41.6 1 1
k8s.io/kubernetes/pkg/api/v1/pod/util.go:45.3,45.53 1 1
k8s.io/kubernetes/pkg/api/v1/pod/util.go:45.53,46.101 1 1
k8s.io/kubernetes/pkg/api/v1/pod/util.go:46.101,47.13 1 1
k8s.io/kubernetes/pkg/api/v1/pod/util.go:49.4,49.41 1 1
k8s.io/kubernetes/pkg/api/v1/pod/util.go:49.41,50.63 1 1
k8s.io/kubernetes/pkg/api/v1/pod/util.go:50.63,52.6 1 1
k8s.io/kubernetes/pkg/api/v1/pod/util.go:55.18,56.34 1 1
k8s.io/kubernetes/pkg/api/v1/pod/util.go:59.2,59.68 1 1
k8s.io/kubernetes/pkg/api/v1/pod/util.go:79.50,81.2 1 1
k8s.io/kubernetes/pkg/api/v1/pod/util.go:90.46,91.32 1 1
k8s.io/kubernetes/pkg/api/v1/pod/util.go:91.32,92.21 1 1
k8s.io/kubernetes/pkg/api/v1/pod/util.go:92.21,95.4 1 1
k8s.io/kubernetes/pkg/api/v1/pod/util.go:97.3,97.23 1 1
k8s.io/kubernetes/pkg/api/v1/pod/util.go:105.94,106.30 1 1
k8s.io/kubernetes/pkg/api/v1/pod/util.go:106.30,107.41 1 1
k8s.io/kubernetes/pkg/api/v1/pod/util.go:107.41,108.60 1 1
k8s.io/kubernetes/pkg/api/v1/pod/util.go:108.60,110.5 1 0
k8s.io/kubernetes/pkg/api/v1/pod/util.go:113.2,113.26 1 1
k8s.io/kubernetes/pkg/api/v1/pod/util.go:113.26,114.37 1 1
k8s.io/kubernetes/pkg/api/v1/pod/util.go:114.37,115.52 1 1
k8s.io/kubernetes/pkg/api/v1/pod/util.go:115.52,117.5 1 0
k8s.io/kubernetes/pkg/api/v1/pod/util.go:120.2,120.35 1 1
k8s.io/kubernetes/pkg/api/v1/pod/util.go:120.35,121.46 1 1
k8s.io/kubernetes/pkg/api/v1/pod/util.go:121.46,122.112 1 1
k8s.io/kubernetes/pkg/api/v1/pod/util.go:122.112,124.5 1 0
k8s.io/kubernetes/pkg/api/v1/pod/util.go:127.2,127.13 1 1
k8s.io/kubernetes/pkg/api/v1/pod/util.go:134.61,136.54 2 1
k8s.io/kubernetes/pkg/api/v1/pod/util.go:136.54,137.31 1 1
k8s.io/kubernetes/pkg/api/v1/pod/util.go:137.31,139.4 1 0
k8s.io/kubernetes/pkg/api/v1/pod/util.go:141.2,141.100 1 1
k8s.io/kubernetes/pkg/api/v1/pod/util.go:141.100,143.3 1 1
k8s.io/kubernetes/pkg/api/v1/pod/util.go:144.2,146.34 2 1
k8s.io/kubernetes/pkg/api/v1/pod/util.go:146.34,148.10 2 1
k8s.io/kubernetes/pkg/api/v1/pod/util.go:149.32,150.85 1 1
k8s.io/kubernetes/pkg/api/v1/pod/util.go:150.85,152.5 1 0
k8s.io/kubernetes/pkg/api/v1/pod/util.go:153.29,154.80 1 1
k8s.io/kubernetes/pkg/api/v1/pod/util.go:154.80,156.5 1 0
k8s.io/kubernetes/pkg/api/v1/pod/util.go:157.29,158.80 1 1
k8s.io/kubernetes/pkg/api/v1/pod/util.go:158.80,160.5 1 0
k8s.io/kubernetes/pkg/api/v1/pod/util.go:161.33,162.88 1 1
k8s.io/kubernetes/pkg/api/v1/pod/util.go:162.88,164.5 1 0
k8s.io/kubernetes/pkg/api/v1/pod/util.go:165.32,166.44 1 1
k8s.io/kubernetes/pkg/api/v1/pod/util.go:166.44,167.50 1 1
k8s.io/kubernetes/pkg/api/v1/pod/util.go:167.50,168.59 1 1
k8s.io/kubernetes/pkg/api/v1/pod/util.go:168.59,170.7 1 0
k8s.io/kubernetes/pkg/api/v1/pod/util.go:173.26,174.74 1 1
k8s.io/kubernetes/pkg/api/v1/pod/util.go:174.74,176.5 1 0
k8s.io/kubernetes/pkg/api/v1/pod/util.go:177.29,178.42 1 1
k8s.io/kubernetes/pkg/api/v1/pod/util.go:178.42,180.5 1 0
k8s.io/kubernetes/pkg/api/v1/pod/util.go:181.30,182.82 1 1
k8s.io/kubernetes/pkg/api/v1/pod/util.go:182.82,184.5 1 0
k8s.io/kubernetes/pkg/api/v1/pod/util.go:185.28,186.78 1 1
k8s.io/kubernetes/pkg/api/v1/pod/util.go:186.78,188.5 1 0
k8s.io/kubernetes/pkg/api/v1/pod/util.go:189.32,190.86 1 1
k8s.io/kubernetes/pkg/api/v1/pod/util.go:190.86,192.5 1 0
k8s.io/kubernetes/pkg/api/v1/pod/util.go:193.26,194.96 1 1
k8s.io/kubernetes/pkg/api/v1/pod/util.go:194.96,196.5 1 0
k8s.io/kubernetes/pkg/api/v1/pod/util.go:199.2,199.13 1 1
k8s.io/kubernetes/pkg/api/v1/pod/util.go:203.79,204.40 1 1
k8s.io/kubernetes/pkg/api/v1/pod/util.go:204.40,205.27 1 1
k8s.io/kubernetes/pkg/api/v1/pod/util.go:205.27,206.36 1 1
k8s.io/kubernetes/pkg/api/v1/pod/util.go:206.36,208.5 1 0
k8s.io/kubernetes/pkg/api/v1/pod/util.go:211.2,211.39 1 1
k8s.io/kubernetes/pkg/api/v1/pod/util.go:211.39,212.70 1 1
k8s.io/kubernetes/pkg/api/v1/pod/util.go:212.70,213.52 1 1
k8s.io/kubernetes/pkg/api/v1/pod/util.go:213.52,215.5 1 0
k8s.io/kubernetes/pkg/api/v1/pod/util.go:218.2,218.13 1 1
k8s.io/kubernetes/pkg/api/v1/pod/util.go:225.64,227.100 2 1
k8s.io/kubernetes/pkg/api/v1/pod/util.go:227.100,229.3 1 1
k8s.io/kubernetes/pkg/api/v1/pod/util.go:230.2,231.34 2 1
k8s.io/kubernetes/pkg/api/v1/pod/util.go:231.34,233.10 2 1
k8s.io/kubernetes/pkg/api/v1/pod/util.go:234.32,235.44 1 1
k8s.io/kubernetes/pkg/api/v1/pod/util.go:235.44,236.53 1 1
k8s.io/kubernetes/pkg/api/v1/pod/util.go:236.53,237.62 1 1
k8s.io/kubernetes/pkg/api/v1/pod/util.go:237.62,239.7 1 0
k8s.io/kubernetes/pkg/api/v1/pod/util.go:242.32,243.39 1 1
k8s.io/kubernetes/pkg/api/v1/pod/util.go:243.39,245.5 1 0
k8s.io/kubernetes/pkg/api/v1/pod/util.go:248.2,248.13 1 1
k8s.io/kubernetes/pkg/api/v1/pod/util.go:252.82,253.40 1 1
k8s.io/kubernetes/pkg/api/v1/pod/util.go:253.40,254.30 1 1
k8s.io/kubernetes/pkg/api/v1/pod/util.go:254.30,255.39 1 1
k8s.io/kubernetes/pkg/api/v1/pod/util.go:255.39,257.5 1 0
k8s.io/kubernetes/pkg/api/v1/pod/util.go:260.2,260.39 1 1
k8s.io/kubernetes/pkg/api/v1/pod/util.go:260.39,261.73 1 1
k8s.io/kubernetes/pkg/api/v1/pod/util.go:261.73,262.55 1 1
k8s.io/kubernetes/pkg/api/v1/pod/util.go:262.55,264.5 1 0
k8s.io/kubernetes/pkg/api/v1/pod/util.go:267.2,267.13 1 1
k8s.io/kubernetes/pkg/api/v1/pod/util.go:272.96,273.26 1 1
k8s.io/kubernetes/pkg/api/v1/pod/util.go:273.26,274.31 1 1
k8s.io/kubernetes/pkg/api/v1/pod/util.go:274.31,276.4 1 1
k8s.io/kubernetes/pkg/api/v1/pod/util.go:278.2,278.36 1 1
k8s.io/kubernetes/pkg/api/v1/pod/util.go:283.96,286.2 2 1
k8s.io/kubernetes/pkg/api/v1/pod/util.go:290.88,291.26 1 1
k8s.io/kubernetes/pkg/api/v1/pod/util.go:291.26,292.31 1 1
k8s.io/kubernetes/pkg/api/v1/pod/util.go:292.31,294.4 1 1
k8s.io/kubernetes/pkg/api/v1/pod/util.go:296.2,296.17 1 1
k8s.io/kubernetes/pkg/api/v1/pod/util.go:304.79,305.22 1 1
k8s.io/kubernetes/pkg/api/v1/pod/util.go:305.22,307.3 1 1
k8s.io/kubernetes/pkg/api/v1/pod/util.go:309.2,311.132 3 1
k8s.io/kubernetes/pkg/api/v1/pod/util.go:311.132,313.3 1 1
k8s.io/kubernetes/pkg/api/v1/pod/util.go:314.2,314.14 1 1
k8s.io/kubernetes/pkg/api/v1/pod/util.go:318.35,320.2 1 1
k8s.io/kubernetes/pkg/api/v1/pod/util.go:323.38,325.2 1 1
k8s.io/kubernetes/pkg/api/v1/pod/util.go:328.49,330.2 1 1
k8s.io/kubernetes/pkg/api/v1/pod/util.go:333.56,336.2 2 1
k8s.io/kubernetes/pkg/api/v1/pod/util.go:339.63,342.2 2 1
k8s.io/kubernetes/pkg/api/v1/pod/util.go:346.65,349.2 2 1
k8s.io/kubernetes/pkg/api/v1/pod/util.go:353.72,356.2 2 1
k8s.io/kubernetes/pkg/api/v1/pod/util.go:360.103,361.19 1 1
k8s.io/kubernetes/pkg/api/v1/pod/util.go:361.19,363.3 1 0
k8s.io/kubernetes/pkg/api/v1/pod/util.go:364.2,364.66 1 1
k8s.io/kubernetes/pkg/api/v1/pod/util.go:369.119,370.23 1 1
k8s.io/kubernetes/pkg/api/v1/pod/util.go:370.23,372.3 1 0
k8s.io/kubernetes/pkg/api/v1/pod/util.go:373.2,373.28 1 1
k8s.io/kubernetes/pkg/api/v1/pod/util.go:373.28,374.42 1 1
k8s.io/kubernetes/pkg/api/v1/pod/util.go:374.42,376.4 1 1
k8s.io/kubernetes/pkg/api/v1/pod/util.go:378.2,378.16 1 1
k8s.io/kubernetes/pkg/api/v1/pod/util.go:384.80,389.25 3 1
k8s.io/kubernetes/pkg/api/v1/pod/util.go:389.25,393.3 2 1
k8s.io/kubernetes/pkg/api/v1/pod/util.go:395.2,395.45 1 1
k8s.io/kubernetes/pkg/api/v1/pod/util.go:395.45,397.3 1 1
k8s.io/kubernetes/pkg/api/v1/pod/util.go:399.2,407.17 3 1
k8s.io/kubernetes/pkg/api/v1/pod/util.go:413.67,414.64 1 0
k8s.io/kubernetes/pkg/api/v1/pod/util.go:414.64,416.3 1 0
k8s.io/kubernetes/pkg/api/v1/pod/util.go:417.2,417.72 1 0
k8s.io/kubernetes/pkg/api/testing/compat/compatibility_tester.go:45.3,50.16 3 0
k8s.io/kubernetes/pkg/api/testing/compat/compatibility_tester.go:50.16,52.3 1 0
k8s.io/kubernetes/pkg/api/testing/compat/compatibility_tester.go:55.2,56.20 2 0
k8s.io/kubernetes/pkg/api/testing/compat/compatibility_tester.go:56.20,58.3 1 0
k8s.io/kubernetes/pkg/api/testing/compat/compatibility_tester.go:61.2,62.16 2 0
k8s.io/kubernetes/pkg/api/testing/compat/compatibility_tester.go:62.16,64.3 1 0
k8s.io/kubernetes/pkg/api/testing/compat/compatibility_tester.go:67.2,68.57 2 0
k8s.io/kubernetes/pkg/api/testing/compat/compatibility_tester.go:68.57,70.3 1 0
k8s.io/kubernetes/pkg/api/testing/compat/compatibility_tester.go:72.2,72.45 1 0
k8s.io/kubernetes/pkg/api/testing/compat/compatibility_tester.go:72.45,74.80 2 0
k8s.io/kubernetes/pkg/api/testing/compat/compatibility_tester.go:74.80,76.4 1 0
k8s.io/kubernetes/pkg/api/testing/compat/compatibility_tester.go:76.9,76.79 1 0
k8s.io/kubernetes/pkg/api/testing/compat/compatibility_tester.go:76.79,78.4 1 0
k8s.io/kubernetes/pkg/api/testing/compat/compatibility_tester.go:81.2,81.39 1 0
k8s.io/kubernetes/pkg/api/testing/compat/compatibility_tester.go:81.39,84.23 3 0
k8s.io/kubernetes/pkg/api/testing/compat/compatibility_tester.go:84.23,86.4 1 0
k8s.io/kubernetes/pkg/api/testing/compat/compatibility_tester.go:89.2,89.16 1 0
k8s.io/kubernetes/pkg/api/testing/compat/compatibility_tester.go:89.16,91.17 2 0
k8s.io/kubernetes/pkg/api/testing/compat/compatibility_tester.go:91.17,93.4 1 0
k8s.io/kubernetes/pkg/api/testing/compat/compatibility_tester.go:93.9,95.4 1 0
k8s.io/kubernetes/pkg/api/testing/compat/compatibility_tester.go:96.3,96.49 1 0
k8s.io/kubernetes/pkg/api/testing/compat/compatibility_tester.go:100.91,102.20 1 0
k8s.io/kubernetes/pkg/api/testing/compat/compatibility_tester.go:102.20,104.3 1 0
k8s.io/kubernetes/pkg/api/testing/compat/compatibility_tester.go:107.2,109.96 3 0
k8s.io/kubernetes/pkg/api/testing/compat/compatibility_tester.go:109.96,112.3 2 0
k8s.io/kubernetes/pkg/api/testing/compat/compatibility_tester.go:115.2,116.9 2 0
k8s.io/kubernetes/pkg/api/testing/compat/compatibility_tester.go:116.9,118.3 1 0
k8s.io/kubernetes/pkg/api/testing/compat/compatibility_tester.go:121.2,121.16 1 0
k8s.io/kubernetes/pkg/api/testing/compat/compatibility_tester.go:121.16,123.10 2 0
k8s.io/kubernetes/pkg/api/testing/compat/compatibility_tester.go:123.10,125.4 1 0
k8s.io/kubernetes/pkg/api/testing/compat/compatibility_tester.go:126.3,126.31 1 0
k8s.io/kubernetes/pkg/api/testing/compat/compatibility_tester.go:126.31,128.4 1 0
k8s.io/kubernetes/pkg/api/testing/compat/compatibility_tester.go:129.3,129.28 1 0
k8s.io/kubernetes/pkg/api/testing/compat/compatibility_tester.go:132.2,132.20 1 0
k8s.io/kubernetes/pkg/api/testing/compat/compatibility_tester.go:132.20,134.3 1 0
k8s.io/kubernetes/pkg/api/testing/compat/compatibility_tester.go:136.2,137.9 2 0
k8s.io/kubernetes/pkg/api/testing/compat/compatibility_tester.go:137.9,139.3 1 0
k8s.io/kubernetes/pkg/api/testing/compat/compatibility_tester.go:140.2,140.45 1 0
k8s.io/kubernetes/pkg/api/testing/conversion.go:31.141,43.16 4 0
k8s.io/kubernetes/pkg/api/testing/conversion.go:43.16,46.3 2 0
k8s.io/kubernetes/pkg/api/testing/conversion.go:47.2,49.22 2 0
k8s.io/kubernetes/pkg/api/testing/conversion.go:49.22,51.3 1 0
k8s.io/kubernetes/pkg/api/testing/conversion.go:52.2,52.28 1 0
k8s.io/kubernetes/pkg/api/testing/conversion.go:52.28,53.22 1 0
k8s.io/kubernetes/pkg/api/testing/conversion.go:53.22,55.12 2 0
k8s.io/kubernetes/pkg/api/testing/conversion.go:57.3,58.17 2 0
k8s.io/kubernetes/pkg/api/testing/conversion.go:58.17,60.4 1 0
k8s.io/kubernetes/pkg/api/testing/conversion.go:60.9,62.44 2 0
k8s.io/kubernetes/pkg/api/testing/conversion.go:62.44,64.5 1 0
k8s.io/kubernetes/pkg/api/testing/conversion.go:65.4,65.33 1 0
k8s.io/kubernetes/pkg/api/testing/conversion.go:65.33,67.5 1 0
k8s.io/kubernetes/pkg/api/testing/conversion.go:68.4,68.25 1 0
k8s.io/kubernetes/pkg/api/testing/conversion.go:68.25,70.5 1 0
k8s.io/kubernetes/pkg/api/testing/conversion.go:74.2,74.39 1 0
k8s.io/kubernetes/pkg/api/testing/conversion.go:74.39,76.17 2 0
k8s.io/kubernetes/pkg/api/testing/conversion.go:76.17,78.4 1 0
k8s.io/kubernetes/pkg/api/testing/fuzzer.go:52.80,54.44 1 1
k8s.io/kubernetes/pkg/api/testing/fuzzer.go:54.44,56.12 1 0
k8s.io/kubernetes/pkg/api/testing/fuzzer.go:56.12,62.5 1 0
k8s.io/kubernetes/pkg/api/testing/fuzzer.go:62.10,67.5 4 0
k8s.io/kubernetes/pkg/api/testing/fuzzer.go:69.50,76.22 5 0
k8s.io/kubernetes/pkg/api/testing/fuzzer.go:77.26,78.68 1 0
k8s.io/kubernetes/pkg/api/testing/fuzzer.go:79.12,80.64 1 0
k8s.io/kubernetes/pkg/api/testing/fuzzer.go:84.4,85.18 2 0
k8s.io/kubernetes/pkg/api/testing/fuzzer.go:85.18,86.59 1 0
k8s.io/kubernetes/pkg/api/testing/fuzzer.go:90.4,90.17 1 0
