mode: set
github.com/spf13/cobra/doc/man_docs.go:38.77,44.2 1 1
github.com/spf13/cobra/doc/man_docs.go:48.75,50.19 2 1
github.com/spf13/cobra/doc/man_docs.go:50.19,52.3 1 0
github.com/spf13/cobra/doc/man_docs.go:53.2,53.35 1 1
github.com/spf13/cobra/doc/man_docs.go:53.35,54.66 1 0
github.com/spf13/cobra/doc/man_docs.go:54.66,55.12 1 0
github.com/spf13/cobra/doc/man_docs.go:57.3,57.53 1 0
github.com/spf13/cobra/doc/man_docs.go:57.53,59.4 1 0
github.com/spf13/cobra/doc/man_docs.go:61.2,62.26 2 1
github.com/spf13/cobra/doc/man_docs.go:62.26,64.3 1 1
github.com/spf13/cobra/doc/man_docs.go:66.2,67.33 2 1
github.com/spf13/cobra/doc/man_docs.go:67.33,69.3 1 1
github.com/spf13/cobra/doc/man_docs.go:70.2,73.16 4 1
github.com/spf13/cobra/doc/man_docs.go:73.16,75.3 1 0
github.com/spf13/cobra/doc/man_docs.go:76.2,79.36 3 1
github.com/spf13/cobra/doc/man_docs.go:105.74,106.19 1 1
github.com/spf13/cobra/doc/man_docs.go:106.19,108.3 1 0
github.com/spf13/cobra/doc/man_docs.go:109.2,109.85 1 1
github.com/spf13/cobra/doc/man_docs.go:109.85,111.3 1 0
github.com/spf13/cobra/doc/man_docs.go:113.2,115.12 3 1
github.com/spf13/cobra/doc/man_docs.go:118.79,119.24 1 1
github.com/spf13/cobra/doc/man_docs.go:119.24,121.3 1 1
github.com/spf13/cobra/doc/man_docs.go:122.2,122.26 1 1
github.com/spf13/cobra/doc/man_docs.go:122.26,124.3 1 1
github.com/spf13/cobra/doc/man_docs.go:125.2,125.24 1 1
github.com/spf13/cobra/doc/man_docs.go:125.24,127.59 2 1
github.com/spf13/cobra/doc/man_docs.go:127.59,129.18 2 0
github.com/spf13/cobra/doc/man_docs.go:129.18,131.5 1 0
github.com/spf13/cobra/doc/man_docs.go:132.4,132.33 1 0
github.com/spf13/cobra/doc/man_docs.go:134.3,134.21 1 1
github.com/spf13/cobra/doc/man_docs.go:136.2,137.44 2 1
github.com/spf13/cobra/doc/man_docs.go:137.44,139.3 1 1
github.com/spf13/cobra/doc/man_docs.go:140.2,140.12 1 1
github.com/spf13/cobra/doc/man_docs.go:143.100,145.27 2 1
github.com/spf13/cobra/doc/man_docs.go:145.27,147.3 1 1
github.com/spf13/cobra/doc/man_docs.go:149.2,156.52 6 1
github.com/spf13/cobra/doc/man_docs.go:159.63,160.40 1 1
github.com/spf13/cobra/doc/man_docs.go:160.40,161.46 1 1
github.com/spf13/cobra/doc/man_docs.go:161.46,163.4 1 0
github.com/spf13/cobra/doc/man_docs.go:164.3,165.68 2 1
github.com/spf13/cobra/doc/man_docs.go:165.68,167.4 1 1
github.com/spf13/cobra/doc/man_docs.go:167.9,169.4 1 1
github.com/spf13/cobra/doc/man_docs.go:170.3,170.32 1 1
github.com/spf13/cobra/doc/man_docs.go:170.32,172.4 1 1
github.com/spf13/cobra/doc/man_docs.go:173.3,173.36 1 1
github.com/spf13/cobra/doc/man_docs.go:173.36,176.4 1 1
github.com/spf13/cobra/doc/man_docs.go:176.9,178.4 1 1
github.com/spf13/cobra/doc/man_docs.go:179.3,179.32 1 1
github.com/spf13/cobra/doc/man_docs.go:179.32,181.4 1 1
github.com/spf13/cobra/doc/man_docs.go:182.3,183.81 2 1
github.com/spf13/cobra/doc/man_docs.go:187.67,189.31 2 1
github.com/spf13/cobra/doc/man_docs.go:189.31,193.3 3 1
github.com/spf13/cobra/doc/man_docs.go:194.2,195.31 2 1
github.com/spf13/cobra/doc/man_docs.go:195.31,199.3 3 1
github.com/spf13/cobra/doc/man_docs.go:202.62,213.26 7 1
github.com/spf13/cobra/doc/man_docs.go:213.26,216.3 2 1
github.com/spf13/cobra/doc/man_docs.go:217.2,217.21 1 1
github.com/spf13/cobra/doc/man_docs.go:217.21,220.22 3 1
github.com/spf13/cobra/doc/man_docs.go:220.22,225.44 5 1
github.com/spf13/cobra/doc/man_docs.go:225.44,226.28 1 1
github.com/spf13/cobra/doc/man_docs.go:226.28,228.6 1 0
github.com/spf13/cobra/doc/man_docs.go:231.3,233.30 3 1
github.com/spf13/cobra/doc/man_docs.go:233.30,234.67 1 1
github.com/spf13/cobra/doc/man_docs.go:234.67,235.13 1 1
github.com/spf13/cobra/doc/man_docs.go:237.4,238.40 2 1
github.com/spf13/cobra/doc/man_docs.go:240.3,240.55 1 1
github.com/spf13/cobra/doc/man_docs.go:242.2,242.28 1 1
github.com/spf13/cobra/doc/man_docs.go:242.28,244.3 1 1
github.com/spf13/cobra/doc/man_docs.go:245.2,245.20 1 1
github.com/spf13/cobra/doc/md_docs.go:32.77,35.31 3 1
github.com/spf13/cobra/doc/md_docs.go:35.31,39.3 3 1
github.com/spf13/cobra/doc/md_docs.go:41.2,43.37 3 1
github.com/spf13/cobra/doc/md_docs.go:43.37,47.3 3 1
github.com/spf13/cobra/doc/md_docs.go:48.2,48.12 1 1
github.com/spf13/cobra/doc/md_docs.go:52.57,53.57 1 1
github.com/spf13/cobra/doc/md_docs.go:53.57,53.69 1 1
github.com/spf13/cobra/doc/md_docs.go:57.96,66.23 7 1
github.com/spf13/cobra/doc/md_docs.go:66.23,69.3 2 1
github.com/spf13/cobra/doc/md_docs.go:71.2,71.20 1 1
github.com/spf13/cobra/doc/md_docs.go:71.20,73.3 1 1
github.com/spf13/cobra/doc/md_docs.go:75.2,75.26 1 1
github.com/spf13/cobra/doc/md_docs.go:75.26,78.3 2 1
github.com/spf13/cobra/doc/md_docs.go:80.2,80.53 1 1
github.com/spf13/cobra/doc/md_docs.go:80.53,82.3 1 0
github.com/spf13/cobra/doc/md_docs.go:83.2,83.21 1 1
github.com/spf13/cobra/doc/md_docs.go:83.21,85.22 2 1
github.com/spf13/cobra/doc/md_docs.go:85.22,91.44 6 1
github.com/spf13/cobra/doc/md_docs.go:91.44,92.28 1 1
github.com/spf13/cobra/doc/md_docs.go:92.28,94.6 1 0
github.com/spf13/cobra/doc/md_docs.go:98.3,101.34 3 1
github.com/spf13/cobra/doc/md_docs.go:101.34,102.75 1 1
github.com/spf13/cobra/doc/md_docs.go:102.75,103.13 1 1
github.com/spf13/cobra/doc/md_docs.go:105.4,108.94 4 1
github.com/spf13/cobra/doc/md_docs.go:110.3,110.24 1 1
github.com/spf13/cobra/doc/md_docs.go:112.2,112.28 1 1
github.com/spf13/cobra/doc/md_docs.go:112.28,114.3 1 1
github.com/spf13/cobra/doc/md_docs.go:115.2,116.12 2 1
github.com/spf13/cobra/doc/md_docs.go:125.60,126.36 1 1
github.com/spf13/cobra/doc/md_docs.go:126.36,126.48 1 0
github.com/spf13/cobra/doc/md_docs.go:127.2,127.36 1 1
github.com/spf13/cobra/doc/md_docs.go:127.36,127.49 1 1
github.com/spf13/cobra/doc/md_docs.go:128.2,128.60 1 1
github.com/spf13/cobra/doc/md_docs.go:133.114,134.35 1 1
github.com/spf13/cobra/doc/md_docs.go:134.35,135.66 1 0
github.com/spf13/cobra/doc/md_docs.go:135.66,136.12 1 0
github.com/spf13/cobra/doc/md_docs.go:138.3,138.83 1 0
github.com/spf13/cobra/doc/md_docs.go:138.83,140.4 1 0
github.com/spf13/cobra/doc/md_docs.go:143.2,146.16 4 1
github.com/spf13/cobra/doc/md_docs.go:146.16,148.3 1 0
github.com/spf13/cobra/doc/md_docs.go:149.2,151.70 2 1
github.com/spf13/cobra/doc/md_docs.go:151.70,153.3 1 0
github.com/spf13/cobra/doc/md_docs.go:154.2,154.63 1 1
github.com/spf13/cobra/doc/md_docs.go:154.63,156.3 1 0
github.com/spf13/cobra/doc/md_docs.go:157.2,157.12 1 1
github.com/spf13/cobra/doc/rest_docs.go:30.81,33.31 3 1
github.com/spf13/cobra/doc/rest_docs.go:33.31,38.3 4 1
github.com/spf13/cobra/doc/rest_docs.go:40.2,42.37 3 1
github.com/spf13/cobra/doc/rest_docs.go:42.37,47.3 4 1
github.com/spf13/cobra/doc/rest_docs.go:48.2,48.12 1 1
github.com/spf13/cobra/doc/rest_docs.go:52.50,54.2 1 1
github.com/spf13/cobra/doc/rest_docs.go:57.53,59.2 1 1
github.com/spf13/cobra/doc/rest_docs.go:62.100,71.20 7 1
github.com/spf13/cobra/doc/rest_docs.go:71.20,73.3 1 1
github.com/spf13/cobra/doc/rest_docs.go:74.2,84.20 9 1
github.com/spf13/cobra/doc/rest_docs.go:84.20,86.3 1 1
github.com/spf13/cobra/doc/rest_docs.go:88.2,88.26 1 1
github.com/spf13/cobra/doc/rest_docs.go:88.26,92.3 3 1
github.com/spf13/cobra/doc/rest_docs.go:94.2,94.57 1 1
github.com/spf13/cobra/doc/rest_docs.go:94.57,96.3 1 0
github.com/spf13/cobra/doc/rest_docs.go:97.2,97.21 1 1
github.com/spf13/cobra/doc/rest_docs.go:97.21,100.22 3 1
github.com/spf13/cobra/doc/rest_docs.go:100.22,105.44 5 1
github.com/spf13/cobra/doc/rest_docs.go:105.44,106.28 1 1
github.com/spf13/cobra/doc/rest_docs.go:106.28,108.6 1 0
github.com/spf13/cobra/doc/rest_docs.go:112.3,115.34 3 1
github.com/spf13/cobra/doc/rest_docs.go:115.34,116.75 1 1
github.com/spf13/cobra/doc/rest_docs.go:116.75,117.13 1 1
github.com/spf13/cobra/doc/rest_docs.go:119.4,121.88 3 1
github.com/spf13/cobra/doc/rest_docs.go:123.3,123.24 1 1
github.com/spf13/cobra/doc/rest_docs.go:125.2,125.28 1 1
github.com/spf13/cobra/doc/rest_docs.go:125.28,127.3 1 1
github.com/spf13/cobra/doc/rest_docs.go:128.2,129.12 2 1
github.com/spf13/cobra/doc/rest_docs.go:138.56,139.36 1 1
github.com/spf13/cobra/doc/rest_docs.go:139.36,139.49 1 1
github.com/spf13/cobra/doc/rest_docs.go:140.2,140.66 1 1
github.com/spf13/cobra/doc/rest_docs.go:145.138,146.35 1 1
github.com/spf13/cobra/doc/rest_docs.go:146.35,147.66 1 0
github.com/spf13/cobra/doc/rest_docs.go:147.66,148.12 1 0
github.com/spf13/cobra/doc/rest_docs.go:150.3,150.79 1 0
github.com/spf13/cobra/doc/rest_docs.go:150.79,152.4 1 0
github.com/spf13/cobra/doc/rest_docs.go:155.2,158.16 4 1
github.com/spf13/cobra/doc/rest_docs.go:158.16,160.3 1 0
github.com/spf13/cobra/doc/rest_docs.go:161.2,163.70 2 1
github.com/spf13/cobra/doc/rest_docs.go:163.70,165.3 1 0
github.com/spf13/cobra/doc/rest_docs.go:166.2,166.59 1 1
github.com/spf13/cobra/doc/rest_docs.go:166.59,168.3 1 0
github.com/spf13/cobra/doc/rest_docs.go:169.2,169.12 1 1
github.com/spf13/cobra/doc/rest_docs.go:173.39,178.22 5 1
github.com/spf13/cobra/doc/rest_docs.go:178.22,179.23 1 1
github.com/spf13/cobra/doc/rest_docs.go:179.23,181.4 1 1
github.com/spf13/cobra/doc/rest_docs.go:182.3,183.18 2 1
github.com/spf13/cobra/doc/rest_docs.go:185.2,185.20 1 1
github.com/spf13/cobra/doc/util.go:26.42,27.21 1 1
github.com/spf13/cobra/doc/util.go:27.21,29.3 1 1
github.com/spf13/cobra/doc/util.go:30.2,30.35 1 1
github.com/spf13/cobra/doc/util.go:30.35,31.66 1 1
github.com/spf13/cobra/doc/util.go:31.66,32.12 1 1
github.com/spf13/cobra/doc/util.go:34.3,34.14 1 1
github.com/spf13/cobra/doc/util.go:36.2,36.14 1 1
github.com/spf13/cobra/doc/util.go:41.38,42.47 1 1
github.com/spf13/cobra/doc/util.go:42.47,44.3 1 0
github.com/spf13/cobra/doc/util.go:45.2,45.10 1 1
github.com/spf13/cobra/doc/util.go:50.37,50.54 1 1
github.com/spf13/cobra/doc/util.go:51.37,51.64 1 0
github.com/spf13/cobra/doc/util.go:52.37,52.73 1 1
github.com/spf13/cobra/doc/yaml_docs.go:53.56,54.36 1 1
github.com/spf13/cobra/doc/yaml_docs.go:54.36,54.48 1 0
github.com/spf13/cobra/doc/yaml_docs.go:55.2,55.36 1 1
github.com/spf13/cobra/doc/yaml_docs.go:55.36,55.49 1 1
github.com/spf13/cobra/doc/yaml_docs.go:56.2,56.56 1 1
github.com/spf13/cobra/doc/yaml_docs.go:60.110,61.35 1 1
github.com/spf13/cobra/doc/yaml_docs.go:61.35,62.66 1 0
github.com/spf13/cobra/doc/yaml_docs.go:62.66,63.12 1 0
github.com/spf13/cobra/doc/yaml_docs.go:65.3,65.79 1 0
github.com/spf13/cobra/doc/yaml_docs.go:65.79,67.4 1 0
github.com/spf13/cobra/doc/yaml_docs.go:70.2,73.16 4 1
github.com/spf13/cobra/doc/yaml_docs.go:73.16,75.3 1 0
github.com/spf13/cobra/doc/yaml_docs.go:76.2,78.70 2 1
github.com/spf13/cobra/doc/yaml_docs.go:78.70,80.3 1 0
github.com/spf13/cobra/doc/yaml_docs.go:81.2,81.59 1 1
github.com/spf13/cobra/doc/yaml_docs.go:81.59,83.3 1 0
github.com/spf13/cobra/doc/yaml_docs.go:84.2,84.12 1 1
github.com/spf13/cobra/doc/yaml_docs.go:88.53,89.53 1 1
github.com/spf13/cobra/doc/yaml_docs.go:89.53,89.65 1 0
github.com/spf13/cobra/doc/yaml_docs.go:93.92,103.20 7 1
github.com/spf13/cobra/doc/yaml_docs.go:103.20,105.3 1 1
github.com/spf13/cobra/doc/yaml_docs.go:107.2,107.26 1 1
github.com/spf13/cobra/doc/yaml_docs.go:107.26,109.3 1 1
github.com/spf13/cobra/doc/yaml_docs.go:111.2,112.22 2 1
github.com/spf13/cobra/doc/yaml_docs.go:112.22,114.3 1 1
github.com/spf13/cobra/doc/yaml_docs.go:115.2,116.22 2 1
github.com/spf13/cobra/doc/yaml_docs.go:116.22,118.3 1 1
github.com/spf13/cobra/doc/yaml_docs.go:120.2,120.21 1 1
github.com/spf13/cobra/doc/yaml_docs.go:120.21,122.22 2 1
github.com/spf13/cobra/doc/yaml_docs.go:122.22,125.4 2 1
github.com/spf13/cobra/doc/yaml_docs.go:126.3,128.34 3 1
github.com/spf13/cobra/doc/yaml_docs.go:128.34,129.75 1 1
github.com/spf13/cobra/doc/yaml_docs.go:129.75,130.13 1 1
github.com/spf13/cobra/doc/yaml_docs.go:132.4,132.66 1 1
github.com/spf13/cobra/doc/yaml_docs.go:134.3,134.27 1 1
github.com/spf13/cobra/doc/yaml_docs.go:137.2,138.16 2 1
github.com/spf13/cobra/doc/yaml_docs.go:138.16,141.3 2 0
github.com/spf13/cobra/doc/yaml_docs.go:143.2,143.42 1 1
github.com/spf13/cobra/doc/yaml_docs.go:143.42,145.3 1 0
github.com/spf13/cobra/doc/yaml_docs.go:146.2,146.12 1 1
github.com/spf13/cobra/doc/yaml_docs.go:149.54,152.40 2 1
github.com/spf13/cobra/doc/yaml_docs.go:152.40,156.70 1 1
github.com/spf13/cobra/doc/yaml_docs.go:156.70,164.4 2 1
github.com/spf13/cobra/doc/yaml_docs.go:164.9,171.4 2 0
github.com/spf13/cobra/doc/yaml_docs.go:174.2,174.15 1 1
github.com/spf13/cobra/active_help.go:38.74,40.2 1 1
github.com/spf13/cobra/active_help.go:47.47,49.46 2 1
github.com/spf13/cobra/active_help.go:49.46,51.3 1 1
github.com/spf13/cobra/active_help.go:52.2,52.22 1 1
github.com/spf13/cobra/active_help.go:58.43,60.2 1 1
github.com/spf13/cobra/args.go:28.52,30.27 1 1
github.com/spf13/cobra/args.go:30.27,32.3 1 1
github.com/spf13/cobra/args.go:35.2,35.39 1 1
github.com/spf13/cobra/args.go:35.39,37.3 1 1
github.com/spf13/cobra/args.go:38.2,38.12 1 1
github.com/spf13/cobra/args.go:42.48,43.19 1 1
github.com/spf13/cobra/args.go:43.19,45.3 1 1
github.com/spf13/cobra/args.go:46.2,46.12 1 1
github.com/spf13/cobra/args.go:51.55,52.28 1 1
github.com/spf13/cobra/args.go:52.28,56.35 2 1
github.com/spf13/cobra/args.go:56.35,58.4 1 1
github.com/spf13/cobra/args.go:59.3,59.26 1 1
github.com/spf13/cobra/args.go:59.26,60.36 1 1
github.com/spf13/cobra/args.go:60.36,62.5 1 1
github.com/spf13/cobra/args.go:65.2,65.12 1 1
github.com/spf13/cobra/args.go:69.55,71.2 1 1
github.com/spf13/cobra/args.go:74.41,75.49 1 1
github.com/spf13/cobra/args.go:75.49,76.20 1 1
github.com/spf13/cobra/args.go:76.20,78.4 1 1
github.com/spf13/cobra/args.go:79.3,79.13 1 1
github.com/spf13/cobra/args.go:84.41,85.49 1 1
github.com/spf13/cobra/args.go:85.49,86.20 1 1
github.com/spf13/cobra/args.go:86.20,88.4 1 1
github.com/spf13/cobra/args.go:89.3,89.13 1 1
github.com/spf13/cobra/args.go:94.38,95.49 1 1
github.com/spf13/cobra/args.go:95.49,96.21 1 1
github.com/spf13/cobra/args.go:96.21,98.4 1 1
github.com/spf13/cobra/args.go:99.3,99.13 1 1
github.com/spf13/cobra/args.go:104.49,105.49 1 1
github.com/spf13/cobra/args.go:105.49,106.41 1 1
github.com/spf13/cobra/args.go:106.41,108.4 1 1
github.com/spf13/cobra/args.go:109.3,109.13 1 1
github.com/spf13/cobra/args.go:114.55,115.49 1 1
github.com/spf13/cobra/args.go:115.49,116.30 1 1
github.com/spf13/cobra/args.go:116.30,117.42 1 1
github.com/spf13/cobra/args.go:117.42,119.5 1 1
github.com/spf13/cobra/args.go:121.3,121.13 1 1
github.com/spf13/cobra/args.go:129.43,131.2 1 1
github.com/spf13/cobra/bash_completions.go:36.54,402.2 2 1
github.com/spf13/cobra/bash_completions.go:404.56,445.2 5 1
github.com/spf13/cobra/bash_completions.go:447.55,449.35 2 1
github.com/spf13/cobra/bash_completions.go:449.35,450.54 1 1
github.com/spf13/cobra/bash_completions.go:450.54,451.12 1 1
github.com/spf13/cobra/bash_completions.go:453.3,454.26 2 1
github.com/spf13/cobra/bash_completions.go:456.2,456.32 1 1
github.com/spf13/cobra/bash_completions.go:459.104,460.38 1 1
github.com/spf13/cobra/bash_completions.go:460.38,461.14 1 1
github.com/spf13/cobra/bash_completions.go:462.28,466.22 3 1
github.com/spf13/cobra/bash_completions.go:466.22,468.5 1 1
github.com/spf13/cobra/bash_completions.go:468.10,470.5 1 1
github.com/spf13/cobra/bash_completions.go:471.4,471.78 1 1
github.com/spf13/cobra/bash_completions.go:472.23,475.22 2 1
github.com/spf13/cobra/bash_completions.go:475.22,478.5 2 1
github.com/spf13/cobra/bash_completions.go:478.10,480.5 1 0
github.com/spf13/cobra/bash_completions.go:481.29,485.23 3 1
github.com/spf13/cobra/bash_completions.go:485.23,487.5 1 1
github.com/spf13/cobra/bash_completions.go:487.10,489.5 1 0
github.com/spf13/cobra/bash_completions.go:490.4,490.78 1 1
github.com/spf13/cobra/bash_completions.go:497.74,500.32 3 1
github.com/spf13/cobra/bash_completions.go:500.32,502.3 1 1
github.com/spf13/cobra/bash_completions.go:503.2,505.56 3 1
github.com/spf13/cobra/bash_completions.go:508.69,511.32 3 1
github.com/spf13/cobra/bash_completions.go:511.32,513.3 1 1
github.com/spf13/cobra/bash_completions.go:514.2,516.32 3 1
github.com/spf13/cobra/bash_completions.go:516.32,519.3 2 1
github.com/spf13/cobra/bash_completions.go:520.2,520.57 1 1
github.com/spf13/cobra/bash_completions.go:523.73,526.32 3 1
github.com/spf13/cobra/bash_completions.go:526.32,528.3 1 1
github.com/spf13/cobra/bash_completions.go:529.2,530.29 2 1
github.com/spf13/cobra/bash_completions.go:530.29,532.3 1 1
github.com/spf13/cobra/bash_completions.go:536.53,539.44 3 1
github.com/spf13/cobra/bash_completions.go:539.44,544.30 1 1
github.com/spf13/cobra/bash_completions.go:544.30,546.4 1 1
github.com/spf13/cobra/bash_completions.go:547.3,547.117 1 1
github.com/spf13/cobra/bash_completions.go:551.52,561.28 3 1
github.com/spf13/cobra/bash_completions.go:561.28,563.3 1 0
github.com/spf13/cobra/bash_completions.go:565.2,566.58 2 1
github.com/spf13/cobra/bash_completions.go:566.58,567.31 1 1
github.com/spf13/cobra/bash_completions.go:567.31,569.4 1 1
github.com/spf13/cobra/bash_completions.go:570.3,571.30 2 1
github.com/spf13/cobra/bash_completions.go:571.30,573.4 1 1
github.com/spf13/cobra/bash_completions.go:576.3,576.87 1 1
github.com/spf13/cobra/bash_completions.go:576.87,578.4 1 1
github.com/spf13/cobra/bash_completions.go:580.2,580.55 1 1
github.com/spf13/cobra/bash_completions.go:580.55,581.31 1 1
github.com/spf13/cobra/bash_completions.go:581.31,583.4 1 0
github.com/spf13/cobra/bash_completions.go:584.3,585.30 2 1
github.com/spf13/cobra/bash_completions.go:585.30,587.4 1 0
github.com/spf13/cobra/bash_completions.go:590.2,590.32 1 1
github.com/spf13/cobra/bash_completions.go:593.59,596.40 3 1
github.com/spf13/cobra/bash_completions.go:596.40,597.31 1 1
github.com/spf13/cobra/bash_completions.go:597.31,599.4 1 1
github.com/spf13/cobra/bash_completions.go:600.3,600.61 1 1
github.com/spf13/cobra/bash_completions.go:600.61,602.35 2 1
github.com/spf13/cobra/bash_completions.go:602.35,604.5 1 1
github.com/spf13/cobra/bash_completions.go:605.4,608.31 3 1
github.com/spf13/cobra/bash_completions.go:608.31,610.5 1 1
github.com/spf13/cobra/bash_completions.go:615.60,618.38 3 1
github.com/spf13/cobra/bash_completions.go:618.38,623.3 2 1
github.com/spf13/cobra/bash_completions.go:624.2,624.34 1 1
github.com/spf13/cobra/bash_completions.go:624.34,626.3 1 1
github.com/spf13/cobra/bash_completions.go:629.57,630.27 1 1
github.com/spf13/cobra/bash_completions.go:630.27,632.3 1 1
github.com/spf13/cobra/bash_completions.go:634.2,637.36 3 1
github.com/spf13/cobra/bash_completions.go:637.36,640.3 2 1
github.com/spf13/cobra/bash_completions.go:641.2,642.32 2 1
github.com/spf13/cobra/bash_completions.go:644.57,647.39 3 1
github.com/spf13/cobra/bash_completions.go:647.39,649.3 1 1
github.com/spf13/cobra/bash_completions.go:652.45,653.35 1 1
github.com/spf13/cobra/bash_completions.go:653.35,654.54 1 1
github.com/spf13/cobra/bash_completions.go:654.54,655.12 1 1
github.com/spf13/cobra/bash_completions.go:657.3,657.14 1 1
github.com/spf13/cobra/bash_completions.go:659.2,663.23 4 1
github.com/spf13/cobra/bash_completions.go:663.23,665.3 1 1
github.com/spf13/cobra/bash_completions.go:665.8,667.3 1 1
github.com/spf13/cobra/bash_completions.go:669.2,679.35 10 1
github.com/spf13/cobra/bash_completions.go:683.56,686.39 3 1
github.com/spf13/cobra/bash_completions.go:686.39,688.3 1 1
github.com/spf13/cobra/bash_completions.go:689.2,693.12 4 1
github.com/spf13/cobra/bash_completions.go:696.48,698.2 1 1
github.com/spf13/cobra/bash_completions.go:701.64,703.16 2 0
github.com/spf13/cobra/bash_completions.go:703.16,705.3 1 0
github.com/spf13/cobra/bash_completions.go:706.2,708.37 2 0
github.com/spf13/cobra/bash_completionsV2.go:24.74,29.2 4 1
github.com/spf13/cobra/bash_completionsV2.go:31.70,33.18 2 1
github.com/spf13/cobra/bash_completionsV2.go:33.18,35.3 1 0
github.com/spf13/cobra/bash_completionsV2.go:37.2,378.21 1 1
github.com/spf13/cobra/bash_completionsV2.go:382.84,384.16 2 0
github.com/spf13/cobra/bash_completionsV2.go:384.16,386.3 1 0
github.com/spf13/cobra/bash_completionsV2.go:387.2,389.52 2 0
github.com/spf13/cobra/bash_completionsV2.go:394.76,396.2 1 1
github.com/spf13/cobra/cobra.go:85.57,87.2 1 1
github.com/spf13/cobra/cobra.go:91.51,92.30 1 1
github.com/spf13/cobra/cobra.go:92.30,94.3 1 1
github.com/spf13/cobra/cobra.go:99.32,101.2 1 0
github.com/spf13/cobra/cobra.go:105.30,107.2 1 0
github.com/spf13/cobra/cobra.go:114.44,118.19 3 1
github.com/spf13/cobra/cobra.go:119.63,120.25 1 0
github.com/spf13/cobra/cobra.go:121.78,122.18 1 1
github.com/spf13/cobra/cobra.go:123.22,124.50 1 0
github.com/spf13/cobra/cobra.go:127.2,129.19 2 1
github.com/spf13/cobra/cobra.go:130.63,131.26 1 0
github.com/spf13/cobra/cobra.go:132.78,133.19 1 1
github.com/spf13/cobra/cobra.go:134.22,135.51 1 0
github.com/spf13/cobra/cobra.go:138.2,138.21 1 1
github.com/spf13/cobra/cobra.go:144.44,148.19 3 1
github.com/spf13/cobra/cobra.go:149.63,150.41 1 0
github.com/spf13/cobra/cobra.go:151.78,152.30 1 1
github.com/spf13/cobra/cobra.go:153.22,154.36 1 1
github.com/spf13/cobra/cobra.go:156.2,156.14 1 0
github.com/spf13/cobra/cobra.go:159.38,161.2 1 1
github.com/spf13/cobra/cobra.go:166.58,167.41 1 0
github.com/spf13/cobra/cobra.go:167.41,169.3 1 0
github.com/spf13/cobra/cobra.go:170.2,170.33 1 0
github.com/spf13/cobra/cobra.go:174.41,177.2 2 1
github.com/spf13/cobra/cobra.go:180.61,185.2 4 1
github.com/spf13/cobra/cobra.go:188.43,189.16 1 1
github.com/spf13/cobra/cobra.go:189.16,192.3 2 1
github.com/spf13/cobra/cobra.go:193.2,194.19 2 1
github.com/spf13/cobra/cobra.go:194.19,197.3 2 1
github.com/spf13/cobra/cobra.go:198.2,198.22 1 1
github.com/spf13/cobra/cobra.go:198.22,200.3 1 1
github.com/spf13/cobra/cobra.go:201.2,201.31 1 1
github.com/spf13/cobra/cobra.go:201.31,202.32 1 1
github.com/spf13/cobra/cobra.go:202.32,203.24 1 1
github.com/spf13/cobra/cobra.go:203.24,205.5 1 1
github.com/spf13/cobra/cobra.go:205.10,207.24 2 1
github.com/spf13/cobra/cobra.go:207.24,209.6 1 1
github.com/spf13/cobra/cobra.go:210.5,210.26 1 1
github.com/spf13/cobra/cobra.go:210.26,212.6 1 1
github.com/spf13/cobra/cobra.go:213.5,213.22 1 1
github.com/spf13/cobra/cobra.go:218.2,218.26 1 1
github.com/spf13/cobra/cobra.go:221.50,222.25 1 1
github.com/spf13/cobra/cobra.go:222.25,223.13 1 1
github.com/spf13/cobra/cobra.go:223.13,225.4 1 1
github.com/spf13/cobra/cobra.go:227.2,227.14 1 1
github.com/spf13/cobra/cobra.go:231.32,232.16 1 1
github.com/spf13/cobra/cobra.go:232.16,235.3 2 0
github.com/spf13/cobra/cobra.go:239.55,242.2 2 1
github.com/spf13/cobra/command.go:266.45,268.2 1 1
github.com/spf13/cobra/command.go:272.51,274.2 1 1
github.com/spf13/cobra/command.go:278.39,280.2 1 1
github.com/spf13/cobra/command.go:285.47,288.2 2 1
github.com/spf13/cobra/command.go:292.44,294.2 1 1
github.com/spf13/cobra/command.go:298.44,300.2 1 1
github.com/spf13/cobra/command.go:304.42,306.2 1 1
github.com/spf13/cobra/command.go:309.56,311.2 1 0
github.com/spf13/cobra/command.go:314.46,316.2 1 1
github.com/spf13/cobra/command.go:320.67,322.2 1 1
github.com/spf13/cobra/command.go:325.59,327.2 1 0
github.com/spf13/cobra/command.go:330.48,332.2 1 1
github.com/spf13/cobra/command.go:335.57,336.26 1 1
github.com/spf13/cobra/command.go:336.26,338.3 1 0
github.com/spf13/cobra/command.go:340.2,340.32 1 1
github.com/spf13/cobra/command.go:344.63,347.2 1 1
github.com/spf13/cobra/command.go:350.45,352.2 1 0
github.com/spf13/cobra/command.go:355.48,357.2 1 1
github.com/spf13/cobra/command.go:360.42,362.2 1 1
github.com/spf13/cobra/command.go:366.104,371.37 4 1
github.com/spf13/cobra/command.go:371.37,373.3 1 1
github.com/spf13/cobra/command.go:377.43,379.2 1 1
github.com/spf13/cobra/command.go:382.43,384.2 1 1
github.com/spf13/cobra/command.go:387.43,389.2 1 1
github.com/spf13/cobra/command.go:392.41,394.2 1 1
github.com/spf13/cobra/command.go:396.51,397.24 1 1
github.com/spf13/cobra/command.go:397.24,399.3 1 1
github.com/spf13/cobra/command.go:400.2,400.19 1 1
github.com/spf13/cobra/command.go:400.19,402.3 1 1
github.com/spf13/cobra/command.go:403.2,403.12 1 1
github.com/spf13/cobra/command.go:406.51,407.24 1 1
github.com/spf13/cobra/command.go:407.24,409.3 1 1
github.com/spf13/cobra/command.go:410.2,410.19 1 1
github.com/spf13/cobra/command.go:410.19,412.3 1 1
github.com/spf13/cobra/command.go:413.2,413.12 1 1
github.com/spf13/cobra/command.go:416.50,417.23 1 1
github.com/spf13/cobra/command.go:417.23,419.3 1 0
github.com/spf13/cobra/command.go:420.2,420.19 1 1
github.com/spf13/cobra/command.go:420.19,422.3 1 0
github.com/spf13/cobra/command.go:423.2,423.12 1 1
github.com/spf13/cobra/command.go:428.56,429.24 1 1
github.com/spf13/cobra/command.go:429.24,431.3 1 1
github.com/spf13/cobra/command.go:432.2,432.19 1 1
github.com/spf13/cobra/command.go:432.19,434.3 1 1
github.com/spf13/cobra/command.go:435.2,435.32 1 1
github.com/spf13/cobra/command.go:435.32,438.17 3 1
github.com/spf13/cobra/command.go:438.17,440.4 1 0
github.com/spf13/cobra/command.go:441.3,441.13 1 1
github.com/spf13/cobra/command.go:448.33,450.2 1 1
github.com/spf13/cobra/command.go:454.55,455.23 1 1
github.com/spf13/cobra/command.go:455.23,457.3 1 0
github.com/spf13/cobra/command.go:458.2,458.19 1 1
github.com/spf13/cobra/command.go:458.19,460.3 1 1
github.com/spf13/cobra/command.go:461.2,461.38 1 1
github.com/spf13/cobra/command.go:461.38,466.17 3 1
github.com/spf13/cobra/command.go:466.17,468.4 1 0
github.com/spf13/cobra/command.go:475.32,478.2 2 1
github.com/spf13/cobra/command.go:481.40,497.2 9 1
github.com/spf13/cobra/command.go:502.67,503.28 1 1
github.com/spf13/cobra/command.go:503.28,505.3 1 1
github.com/spf13/cobra/command.go:507.2,507.19 1 1
github.com/spf13/cobra/command.go:507.19,509.3 1 1
github.com/spf13/cobra/command.go:510.2,510.43 1 1
github.com/spf13/cobra/command.go:510.43,512.3 1 1
github.com/spf13/cobra/command.go:518.38,519.69 1 0
github.com/spf13/cobra/command.go:519.69,521.3 1 0
github.com/spf13/cobra/command.go:522.2,522.35 1 0
github.com/spf13/cobra/command.go:528.44,529.83 1 1
github.com/spf13/cobra/command.go:529.83,531.3 1 0
github.com/spf13/cobra/command.go:532.2,532.43 1 1
github.com/spf13/cobra/command.go:538.37,539.69 1 1
github.com/spf13/cobra/command.go:539.69,541.3 1 1
github.com/spf13/cobra/command.go:542.2,542.36 1 0
github.com/spf13/cobra/command.go:546.42,547.27 1 1
github.com/spf13/cobra/command.go:547.27,549.3 1 1
github.com/spf13/cobra/command.go:551.2,551.19 1 1
github.com/spf13/cobra/command.go:551.19,553.3 1 1
github.com/spf13/cobra/command.go:554.2,583.2 1 1
github.com/spf13/cobra/command.go:587.41,588.26 1 1
github.com/spf13/cobra/command.go:588.26,590.3 1 0
github.com/spf13/cobra/command.go:592.2,592.19 1 1
github.com/spf13/cobra/command.go:592.19,594.3 1 1
github.com/spf13/cobra/command.go:595.2,597.67 1 1
github.com/spf13/cobra/command.go:601.44,602.29 1 1
github.com/spf13/cobra/command.go:602.29,604.3 1 1
github.com/spf13/cobra/command.go:606.2,606.19 1 1
github.com/spf13/cobra/command.go:606.19,608.3 1 0
github.com/spf13/cobra/command.go:609.2,610.2 1 1
github.com/spf13/cobra/command.go:614.38,615.23 1 1
github.com/spf13/cobra/command.go:615.23,617.3 1 1
github.com/spf13/cobra/command.go:619.2,619.19 1 1
github.com/spf13/cobra/command.go:619.19,621.3 1 1
github.com/spf13/cobra/command.go:622.2,622.17 1 1
github.com/spf13/cobra/command.go:625.57,627.17 2 1
github.com/spf13/cobra/command.go:627.17,629.3 1 1
github.com/spf13/cobra/command.go:630.2,630.31 1 1
github.com/spf13/cobra/command.go:633.62,634.20 1 1
github.com/spf13/cobra/command.go:634.20,636.3 1 0
github.com/spf13/cobra/command.go:638.2,639.17 2 1
github.com/spf13/cobra/command.go:639.17,641.3 1 1
github.com/spf13/cobra/command.go:642.2,642.31 1 1
github.com/spf13/cobra/command.go:645.53,646.20 1 1
github.com/spf13/cobra/command.go:646.20,648.3 1 1
github.com/spf13/cobra/command.go:649.2,655.20 4 1
github.com/spf13/cobra/command.go:655.20,658.10 3 1
github.com/spf13/cobra/command.go:659.18,661.14 1 1
github.com/spf13/cobra/command.go:662.97,665.15 1 1
github.com/spf13/cobra/command.go:666.116,669.22 1 1
github.com/spf13/cobra/command.go:669.22,670.15 1 1
github.com/spf13/cobra/command.go:671.10,673.13 2 1
github.com/spf13/cobra/command.go:675.46,676.34 1 1
github.com/spf13/cobra/command.go:680.2,680.17 1 1
github.com/spf13/cobra/command.go:686.69,687.20 1 1
github.com/spf13/cobra/command.go:687.20,689.3 1 0
github.com/spf13/cobra/command.go:690.2,694.39 3 1
github.com/spf13/cobra/command.go:694.39,696.10 2 1
github.com/spf13/cobra/command.go:697.18,699.14 1 0
github.com/spf13/cobra/command.go:700.97,701.15 1 1
github.com/spf13/cobra/command.go:702.116,706.12 2 1
github.com/spf13/cobra/command.go:707.35,710.14 1 1
github.com/spf13/cobra/command.go:710.14,715.5 4 1
github.com/spf13/cobra/command.go:718.2,718.13 1 0
github.com/spf13/cobra/command.go:721.33,724.2 1 1
github.com/spf13/cobra/command.go:728.67,731.72 2 1
github.com/spf13/cobra/command.go:731.72,733.28 2 1
github.com/spf13/cobra/command.go:733.28,735.4 1 1
github.com/spf13/cobra/command.go:736.3,739.17 3 1
github.com/spf13/cobra/command.go:739.17,741.4 1 1
github.com/spf13/cobra/command.go:742.3,742.22 1 1
github.com/spf13/cobra/command.go:745.2,746.30 2 1
github.com/spf13/cobra/command.go:746.30,748.3 1 1
github.com/spf13/cobra/command.go:749.2,749.29 1 1
github.com/spf13/cobra/command.go:752.54,753.26 1 1
github.com/spf13/cobra/command.go:753.26,755.3 1 1
github.com/spf13/cobra/command.go:756.2,756.39 1 1
github.com/spf13/cobra/command.go:756.39,758.3 1 1
github.com/spf13/cobra/command.go:759.2,760.64 2 1
github.com/spf13/cobra/command.go:760.64,762.33 2 1
github.com/spf13/cobra/command.go:762.33,764.4 1 1
github.com/spf13/cobra/command.go:766.2,766.20 1 1
github.com/spf13/cobra/command.go:769.50,771.33 2 1
github.com/spf13/cobra/command.go:771.33,772.65 1 1
github.com/spf13/cobra/command.go:772.65,775.4 2 1
github.com/spf13/cobra/command.go:776.3,776.61 1 1
github.com/spf13/cobra/command.go:776.61,778.4 1 1
github.com/spf13/cobra/command.go:781.2,781.23 1 1
github.com/spf13/cobra/command.go:781.23,785.3 1 1
github.com/spf13/cobra/command.go:787.2,787.12 1 1
github.com/spf13/cobra/command.go:792.71,796.27 3 1
github.com/spf13/cobra/command.go:796.27,797.10 1 1
github.com/spf13/cobra/command.go:799.68,803.12 3 1
github.com/spf13/cobra/command.go:805.128,808.12 3 0
github.com/spf13/cobra/command.go:810.15,813.12 3 1
github.com/spf13/cobra/command.go:815.23,817.12 2 1
github.com/spf13/cobra/command.go:820.3,821.17 2 1
github.com/spf13/cobra/command.go:821.17,823.4 1 1
github.com/spf13/cobra/command.go:825.3,825.45 1 1
github.com/spf13/cobra/command.go:825.45,827.4 1 1
github.com/spf13/cobra/command.go:828.3,828.34 1 1
github.com/spf13/cobra/command.go:830.2,830.21 1 1
github.com/spf13/cobra/command.go:834.61,836.33 2 1
github.com/spf13/cobra/command.go:836.33,837.31 1 1
github.com/spf13/cobra/command.go:837.31,841.47 4 1
github.com/spf13/cobra/command.go:841.47,843.5 1 1
github.com/spf13/cobra/command.go:844.4,844.54 1 1
github.com/spf13/cobra/command.go:844.54,845.57 1 1
github.com/spf13/cobra/command.go:845.57,847.6 1 1
github.com/spf13/cobra/command.go:851.2,851.20 1 1
github.com/spf13/cobra/command.go:855.51,856.19 1 1
github.com/spf13/cobra/command.go:856.19,859.3 2 1
github.com/spf13/cobra/command.go:863.35,864.19 1 1
github.com/spf13/cobra/command.go:864.19,866.3 1 1
github.com/spf13/cobra/command.go:867.2,867.10 1 1
github.com/spf13/cobra/command.go:872.39,874.2 1 1
github.com/spf13/cobra/command.go:876.51,877.14 1 1
github.com/spf13/cobra/command.go:877.14,879.3 1 0
github.com/spf13/cobra/command.go:881.2,881.27 1 1
github.com/spf13/cobra/command.go:881.27,883.3 1 1
github.com/spf13/cobra/command.go:887.2,891.16 4 1
github.com/spf13/cobra/command.go:891.16,893.3 1 1
github.com/spf13/cobra/command.go:897.2,898.16 2 1
github.com/spf13/cobra/command.go:898.16,903.3 2 0
github.com/spf13/cobra/command.go:905.2,905.13 1 1
github.com/spf13/cobra/command.go:905.13,907.3 1 1
github.com/spf13/cobra/command.go:910.2,910.21 1 1
github.com/spf13/cobra/command.go:910.21,912.17 2 1
github.com/spf13/cobra/command.go:912.17,915.4 2 0
github.com/spf13/cobra/command.go:916.3,916.17 1 1
github.com/spf13/cobra/command.go:916.17,918.18 2 1
github.com/spf13/cobra/command.go:918.18,920.5 1 0
github.com/spf13/cobra/command.go:921.4,921.14 1 1
github.com/spf13/cobra/command.go:925.2,925.19 1 1
github.com/spf13/cobra/command.go:925.19,927.3 1 1
github.com/spf13/cobra/command.go:929.2,934.26 4 1
github.com/spf13/cobra/command.go:934.26,936.3 1 1
github.com/spf13/cobra/command.go:938.2,938.51 1 1
github.com/spf13/cobra/command.go:938.51,940.3 1 1
github.com/spf13/cobra/command.go:942.2,943.39 2 1
github.com/spf13/cobra/command.go:943.39,944.29 1 1
github.com/spf13/cobra/command.go:944.29,949.4 1 1
github.com/spf13/cobra/command.go:949.9,952.4 1 1
github.com/spf13/cobra/command.go:954.2,954.28 1 1
github.com/spf13/cobra/command.go:954.28,955.33 1 1
github.com/spf13/cobra/command.go:955.33,956.61 1 0
github.com/spf13/cobra/command.go:956.61,958.5 1 0
github.com/spf13/cobra/command.go:959.4,959.31 1 0
github.com/spf13/cobra/command.go:959.31,960.10 1 0
github.com/spf13/cobra/command.go:962.9,962.39 1 1
github.com/spf13/cobra/command.go:962.39,964.31 2 1
github.com/spf13/cobra/command.go:964.31,965.10 1 1
github.com/spf13/cobra/command.go:969.2,969.22 1 1
github.com/spf13/cobra/command.go:969.22,970.50 1 0
github.com/spf13/cobra/command.go:970.50,972.4 1 0
github.com/spf13/cobra/command.go:973.8,973.28 1 1
github.com/spf13/cobra/command.go:973.28,975.3 1 1
github.com/spf13/cobra/command.go:977.2,977.50 1 1
github.com/spf13/cobra/command.go:977.50,979.3 1 1
github.com/spf13/cobra/command.go:980.2,980.47 1 1
github.com/spf13/cobra/command.go:980.47,982.3 1 1
github.com/spf13/cobra/command.go:984.2,984.19 1 1
github.com/spf13/cobra/command.go:984.19,985.47 1 1
github.com/spf13/cobra/command.go:985.47,987.4 1 0
github.com/spf13/cobra/command.go:988.8,990.3 1 1
github.com/spf13/cobra/command.go:991.2,991.23 1 1
github.com/spf13/cobra/command.go:991.23,992.51 1 0
github.com/spf13/cobra/command.go:992.51,994.4 1 0
github.com/spf13/cobra/command.go:995.8,995.29 1 1
github.com/spf13/cobra/command.go:995.29,997.3 1 1
github.com/spf13/cobra/command.go:998.2,998.39 1 1
github.com/spf13/cobra/command.go:998.39,999.34 1 1
github.com/spf13/cobra/command.go:999.34,1000.62 1 0
github.com/spf13/cobra/command.go:1000.62,1002.5 1 0
github.com/spf13/cobra/command.go:1003.4,1003.31 1 0
github.com/spf13/cobra/command.go:1003.31,1004.10 1 0
github.com/spf13/cobra/command.go:1006.9,1006.40 1 1
github.com/spf13/cobra/command.go:1006.40,1008.31 2 1
github.com/spf13/cobra/command.go:1008.31,1009.10 1 1
github.com/spf13/cobra/command.go:1014.2,1014.12 1 1
github.com/spf13/cobra/command.go:1017.28,1018.33 1 1
github.com/spf13/cobra/command.go:1018.33,1020.3 1 0
github.com/spf13/cobra/command.go:1023.29,1024.31 1 1
github.com/spf13/cobra/command.go:1024.31,1026.3 1 0
github.com/spf13/cobra/command.go:1032.61,1035.2 2 1
github.com/spf13/cobra/command.go:1040.35,1043.2 2 1
github.com/spf13/cobra/command.go:1048.74,1051.2 2 1
github.com/spf13/cobra/command.go:1054.56,1055.18 1 1
github.com/spf13/cobra/command.go:1055.18,1057.3 1 1
github.com/spf13/cobra/command.go:1060.2,1060.19 1 1
github.com/spf13/cobra/command.go:1060.19,1062.3 1 0
github.com/spf13/cobra/command.go:1065.2,1065.26 1 1
github.com/spf13/cobra/command.go:1065.26,1067.3 1 0
github.com/spf13/cobra/command.go:1070.2,1081.64 5 1
github.com/spf13/cobra/command.go:1081.64,1083.3 1 0
github.com/spf13/cobra/command.go:1086.2,1089.24 3 1
github.com/spf13/cobra/command.go:1089.24,1091.3 1 1
github.com/spf13/cobra/command.go:1091.8,1093.3 1 1
github.com/spf13/cobra/command.go:1094.2,1094.16 1 1
github.com/spf13/cobra/command.go:1094.16,1096.17 1 1
github.com/spf13/cobra/command.go:1096.17,1098.4 1 1
github.com/spf13/cobra/command.go:1099.3,1099.23 1 1
github.com/spf13/cobra/command.go:1099.23,1102.4 2 1
github.com/spf13/cobra/command.go:1103.3,1103.16 1 1
github.com/spf13/cobra/command.go:1106.2,1107.36 2 1
github.com/spf13/cobra/command.go:1107.36,1109.3 1 1
github.com/spf13/cobra/command.go:1113.2,1113.20 1 1
github.com/spf13/cobra/command.go:1113.20,1115.3 1 1
github.com/spf13/cobra/command.go:1117.2,1118.16 2 1
github.com/spf13/cobra/command.go:1118.16,1121.35 1 1
github.com/spf13/cobra/command.go:1121.35,1124.4 2 1
github.com/spf13/cobra/command.go:1128.3,1128.45 1 1
github.com/spf13/cobra/command.go:1128.45,1130.4 1 1
github.com/spf13/cobra/command.go:1134.3,1134.43 1 1
github.com/spf13/cobra/command.go:1134.43,1136.4 1 1
github.com/spf13/cobra/command.go:1138.2,1138.17 1 1
github.com/spf13/cobra/command.go:1141.53,1142.19 1 1
github.com/spf13/cobra/command.go:1142.19,1144.3 1 1
github.com/spf13/cobra/command.go:1145.2,1145.24 1 1
github.com/spf13/cobra/command.go:1149.49,1150.26 1 1
github.com/spf13/cobra/command.go:1150.26,1152.3 1 1
github.com/spf13/cobra/command.go:1154.2,1156.40 3 1
github.com/spf13/cobra/command.go:1156.40,1158.13 2 1
github.com/spf13/cobra/command.go:1158.13,1160.4 1 1
github.com/spf13/cobra/command.go:1161.3,1161.58 1 1
github.com/spf13/cobra/command.go:1161.58,1163.4 1 1
github.com/spf13/cobra/command.go:1166.2,1166.31 1 1
github.com/spf13/cobra/command.go:1166.31,1168.3 1 1
github.com/spf13/cobra/command.go:1169.2,1169.12 1 1
github.com/spf13/cobra/command.go:1174.40,1175.33 1 1
github.com/spf13/cobra/command.go:1175.33,1177.57 1 1
github.com/spf13/cobra/command.go:1177.57,1178.106 1 1
github.com/spf13/cobra/command.go:1181.3,1181.27 1 1
github.com/spf13/cobra/command.go:1188.41,1190.37 2 1
github.com/spf13/cobra/command.go:1190.37,1193.17 3 1
github.com/spf13/cobra/command.go:1193.17,1195.4 1 1
github.com/spf13/cobra/command.go:1195.9,1197.4 1 1
github.com/spf13/cobra/command.go:1198.3,1199.82 2 1
github.com/spf13/cobra/command.go:1207.44,1208.21 1 1
github.com/spf13/cobra/command.go:1208.21,1210.3 1 1
github.com/spf13/cobra/command.go:1212.2,1213.40 2 1
github.com/spf13/cobra/command.go:1213.40,1215.21 2 1
github.com/spf13/cobra/command.go:1215.21,1217.4 1 1
github.com/spf13/cobra/command.go:1217.9,1219.4 1 1
github.com/spf13/cobra/command.go:1220.3,1220.44 1 1
github.com/spf13/cobra/command.go:1220.44,1222.4 1 1
github.com/spf13/cobra/command.go:1222.9,1224.4 1 1
github.com/spf13/cobra/command.go:1225.3,1225.85 1 1
github.com/spf13/cobra/command.go:1232.40,1233.25 1 1
github.com/spf13/cobra/command.go:1233.25,1235.3 1 1
github.com/spf13/cobra/command.go:1237.2,1237.26 1 1
github.com/spf13/cobra/command.go:1237.26,1243.105 1 1
github.com/spf13/cobra/command.go:1243.105,1246.17 3 1
github.com/spf13/cobra/command.go:1246.17,1248.6 1 0
github.com/spf13/cobra/command.go:1249.5,1249.19 1 1
github.com/spf13/cobra/command.go:1249.19,1252.6 1 0
github.com/spf13/cobra/command.go:1253.5,1253.43 1 1
github.com/spf13/cobra/command.go:1253.43,1254.66 1 1
github.com/spf13/cobra/command.go:1254.66,1255.55 1 1
github.com/spf13/cobra/command.go:1255.55,1257.8 1 1
github.com/spf13/cobra/command.go:1260.5,1260.53 1 1
github.com/spf13/cobra/command.go:1262.41,1264.31 2 1
github.com/spf13/cobra/command.go:1264.31,1267.6 2 0
github.com/spf13/cobra/command.go:1267.11,1271.6 3 1
github.com/spf13/cobra/command.go:1276.2,1277.29 2 1
github.com/spf13/cobra/command.go:1281.35,1286.2 4 0
github.com/spf13/cobra/command.go:1291.50,1291.67 1 1
github.com/spf13/cobra/command.go:1292.50,1292.77 1 1
github.com/spf13/cobra/command.go:1293.50,1293.86 1 1
github.com/spf13/cobra/command.go:1296.41,1298.50 1 1
github.com/spf13/cobra/command.go:1298.50,1301.3 2 1
github.com/spf13/cobra/command.go:1302.2,1302.19 1 1
github.com/spf13/cobra/command.go:1306.48,1307.25 1 1
github.com/spf13/cobra/command.go:1307.25,1308.19 1 1
github.com/spf13/cobra/command.go:1308.19,1309.47 1 0
github.com/spf13/cobra/command.go:1311.3,1314.37 3 1
github.com/spf13/cobra/command.go:1314.37,1316.4 1 1
github.com/spf13/cobra/command.go:1317.3,1318.51 2 1
github.com/spf13/cobra/command.go:1318.51,1320.4 1 1
github.com/spf13/cobra/command.go:1321.3,1322.37 2 1
github.com/spf13/cobra/command.go:1322.37,1324.4 1 1
github.com/spf13/cobra/command.go:1326.3,1326.28 1 1
github.com/spf13/cobra/command.go:1326.28,1328.4 1 1
github.com/spf13/cobra/command.go:1329.3,1330.30 2 1
github.com/spf13/cobra/command.go:1335.37,1337.2 1 1
github.com/spf13/cobra/command.go:1340.52,1341.33 1 1
github.com/spf13/cobra/command.go:1341.33,1342.78 1 1
github.com/spf13/cobra/command.go:1342.78,1344.4 1 1
github.com/spf13/cobra/command.go:1346.2,1346.13 1 1
github.com/spf13/cobra/command.go:1350.54,1351.36 1 1
github.com/spf13/cobra/command.go:1351.36,1352.22 1 1
github.com/spf13/cobra/command.go:1352.22,1354.4 1 1
github.com/spf13/cobra/command.go:1356.2,1356.14 1 1
github.com/spf13/cobra/command.go:1360.46,1362.2 1 1
github.com/spf13/cobra/command.go:1365.51,1368.37 2 1
github.com/spf13/cobra/command.go:1368.37,1369.28 1 1
github.com/spf13/cobra/command.go:1369.28,1370.22 1 1
github.com/spf13/cobra/command.go:1370.22,1372.18 2 1
github.com/spf13/cobra/command.go:1375.3,1375.39 1 1
github.com/spf13/cobra/command.go:1377.2,1382.37 5 1
github.com/spf13/cobra/command.go:1382.37,1384.37 2 1
github.com/spf13/cobra/command.go:1384.37,1386.4 1 1
github.com/spf13/cobra/command.go:1387.3,1388.51 2 1
github.com/spf13/cobra/command.go:1388.51,1390.4 1 1
github.com/spf13/cobra/command.go:1391.3,1392.37 2 1
github.com/spf13/cobra/command.go:1392.37,1394.4 1 1
github.com/spf13/cobra/command.go:1399.43,1401.2 1 1
github.com/spf13/cobra/command.go:1404.45,1406.2 1 1
github.com/spf13/cobra/command.go:1409.59,1411.2 1 1
github.com/spf13/cobra/command.go:1414.46,1416.2 1 1
github.com/spf13/cobra/command.go:1419.48,1421.2 1 1
github.com/spf13/cobra/command.go:1424.62,1426.2 1 1
github.com/spf13/cobra/command.go:1429.40,1430.19 1 1
github.com/spf13/cobra/command.go:1430.19,1432.3 1 1
github.com/spf13/cobra/command.go:1433.2,1433.24 1 1
github.com/spf13/cobra/command.go:1436.40,1437.72 1 1
github.com/spf13/cobra/command.go:1437.72,1439.3 1 1
github.com/spf13/cobra/command.go:1440.2,1440.17 1 1
github.com/spf13/cobra/command.go:1444.36,1447.19 3 1
github.com/spf13/cobra/command.go:1447.19,1449.3 1 1
github.com/spf13/cobra/command.go:1449.8,1451.3 1 1
github.com/spf13/cobra/command.go:1452.2,1452.29 1 1
github.com/spf13/cobra/command.go:1452.29,1454.3 1 0
github.com/spf13/cobra/command.go:1455.2,1455.68 1 1
github.com/spf13/cobra/command.go:1455.68,1457.3 1 1
github.com/spf13/cobra/command.go:1458.2,1458.16 1 1
github.com/spf13/cobra/command.go:1463.32,1467.32 3 0
github.com/spf13/cobra/command.go:1467.32,1468.45 1 0
github.com/spf13/cobra/command.go:1468.45,1470.4 1 0
github.com/spf13/cobra/command.go:1471.3,1471.19 1 0
github.com/spf13/cobra/command.go:1471.19,1472.40 1 0
github.com/spf13/cobra/command.go:1472.40,1473.66 1 0
github.com/spf13/cobra/command.go:1473.66,1475.6 1 0
github.com/spf13/cobra/command.go:1475.11,1477.6 1 0
github.com/spf13/cobra/command.go:1480.3,1480.29 1 0
github.com/spf13/cobra/command.go:1480.29,1481.41 1 0
github.com/spf13/cobra/command.go:1481.41,1482.21 1 0
github.com/spf13/cobra/command.go:1482.21,1483.39 1 0
github.com/spf13/cobra/command.go:1483.39,1485.7 1 0
github.com/spf13/cobra/command.go:1486.11,1488.6 1 0
github.com/spf13/cobra/command.go:1491.3,1492.25 2 0
github.com/spf13/cobra/command.go:1492.25,1493.33 1 0
github.com/spf13/cobra/command.go:1493.33,1495.5 1 0
github.com/spf13/cobra/command.go:1499.2,1499.15 1 0
github.com/spf13/cobra/command.go:1503.33,1506.12 3 1
github.com/spf13/cobra/command.go:1506.12,1508.3 1 1
github.com/spf13/cobra/command.go:1509.2,1509.13 1 1
github.com/spf13/cobra/command.go:1513.43,1514.30 1 1
github.com/spf13/cobra/command.go:1514.30,1515.31 1 1
github.com/spf13/cobra/command.go:1515.31,1517.4 1 1
github.com/spf13/cobra/command.go:1519.2,1519.14 1 1
github.com/spf13/cobra/command.go:1524.37,1525.30 1 1
github.com/spf13/cobra/command.go:1525.30,1527.3 1 1
github.com/spf13/cobra/command.go:1528.2,1528.11 1 0
github.com/spf13/cobra/command.go:1533.60,1534.41 1 1
github.com/spf13/cobra/command.go:1534.41,1537.3 2 1
github.com/spf13/cobra/command.go:1538.2,1538.34 1 1
github.com/spf13/cobra/command.go:1538.34,1539.39 1 1
github.com/spf13/cobra/command.go:1539.39,1542.4 2 1
github.com/spf13/cobra/command.go:1544.2,1544.14 1 1
github.com/spf13/cobra/command.go:1548.43,1550.2 1 0
github.com/spf13/cobra/command.go:1553.37,1555.2 1 1
github.com/spf13/cobra/command.go:1558.35,1560.2 1 1
github.com/spf13/cobra/command.go:1563.41,1565.2 1 1
github.com/spf13/cobra/command.go:1569.45,1570.40 1 1
github.com/spf13/cobra/command.go:1570.40,1572.3 1 1
github.com/spf13/cobra/command.go:1574.2,1574.50 1 1
github.com/spf13/cobra/command.go:1574.50,1576.3 1 1
github.com/spf13/cobra/command.go:1578.2,1578.49 1 1
github.com/spf13/cobra/command.go:1578.49,1580.3 1 1
github.com/spf13/cobra/command.go:1582.2,1582.14 1 1
github.com/spf13/cobra/command.go:1590.55,1592.56 1 1
github.com/spf13/cobra/command.go:1592.56,1594.3 1 1
github.com/spf13/cobra/command.go:1597.2,1597.33 1 1
github.com/spf13/cobra/command.go:1597.33,1598.42 1 1
github.com/spf13/cobra/command.go:1598.42,1600.4 1 1
github.com/spf13/cobra/command.go:1604.2,1604.13 1 1
github.com/spf13/cobra/command.go:1610.45,1612.33 1 1
github.com/spf13/cobra/command.go:1612.33,1613.41 1 1
github.com/spf13/cobra/command.go:1613.41,1615.4 1 1
github.com/spf13/cobra/command.go:1619.2,1619.14 1 1
github.com/spf13/cobra/command.go:1624.50,1627.33 1 1
github.com/spf13/cobra/command.go:1627.33,1628.31 1 1
github.com/spf13/cobra/command.go:1628.31,1630.4 1 1
github.com/spf13/cobra/command.go:1635.2,1635.14 1 1
github.com/spf13/cobra/command.go:1639.36,1641.2 1 1
github.com/spf13/cobra/command.go:1644.100,1646.2 1 1
github.com/spf13/cobra/command.go:1650.41,1651.20 1 1
github.com/spf13/cobra/command.go:1651.20,1653.28 2 1
github.com/spf13/cobra/command.go:1653.28,1655.4 1 1
github.com/spf13/cobra/command.go:1656.3,1656.36 1 1
github.com/spf13/cobra/command.go:1659.2,1659.16 1 1
github.com/spf13/cobra/command.go:1664.59,1668.45 3 1
github.com/spf13/cobra/command.go:1668.45,1669.44 1 1
github.com/spf13/cobra/command.go:1669.44,1671.4 1 1
github.com/spf13/cobra/command.go:1673.2,1673.12 1 1
github.com/spf13/cobra/command.go:1678.46,1681.21 2 1
github.com/spf13/cobra/command.go:1681.21,1683.28 2 1
github.com/spf13/cobra/command.go:1683.28,1685.4 1 0
github.com/spf13/cobra/command.go:1686.3,1686.37 1 1
github.com/spf13/cobra/command.go:1688.2,1689.27 2 1
github.com/spf13/cobra/command.go:1689.27,1691.3 1 1
github.com/spf13/cobra/command.go:1693.2,1693.35 1 1
github.com/spf13/cobra/command.go:1693.35,1695.76 1 1
github.com/spf13/cobra/command.go:1695.76,1697.4 1 1
github.com/spf13/cobra/command.go:1699.2,1701.17 3 1
github.com/spf13/cobra/command.go:1706.50,1709.21 2 1
github.com/spf13/cobra/command.go:1709.21,1711.28 2 1
github.com/spf13/cobra/command.go:1711.28,1713.4 1 0
github.com/spf13/cobra/command.go:1714.3,1714.37 1 1
github.com/spf13/cobra/command.go:1717.2,1718.27 2 1
github.com/spf13/cobra/command.go:1718.27,1720.3 1 1
github.com/spf13/cobra/command.go:1722.2,1722.46 1 1
github.com/spf13/cobra/command.go:1722.46,1723.68 1 1
github.com/spf13/cobra/command.go:1723.68,1725.4 1 1
github.com/spf13/cobra/command.go:1727.2,1727.17 1 1
github.com/spf13/cobra/command.go:1732.53,1734.2 1 1
github.com/spf13/cobra/command.go:1737.51,1738.21 1 1
github.com/spf13/cobra/command.go:1738.21,1740.28 2 1
github.com/spf13/cobra/command.go:1740.28,1742.4 1 1
github.com/spf13/cobra/command.go:1743.3,1743.37 1 1
github.com/spf13/cobra/command.go:1745.2,1745.17 1 1
github.com/spf13/cobra/command.go:1749.32,1760.2 9 0
github.com/spf13/cobra/command.go:1763.35,1765.2 1 0
github.com/spf13/cobra/command.go:1768.45,1770.2 1 1
github.com/spf13/cobra/command.go:1773.40,1775.2 1 0
github.com/spf13/cobra/command.go:1778.44,1780.2 1 0
github.com/spf13/cobra/command.go:1784.44,1786.2 1 1
github.com/spf13/cobra/command.go:1789.54,1791.2 1 0
github.com/spf13/cobra/command.go:1795.49,1797.2 1 1
github.com/spf13/cobra/command.go:1801.53,1803.2 1 1
github.com/spf13/cobra/command.go:1806.55,1809.17 2 1
github.com/spf13/cobra/command.go:1809.17,1811.3 1 1
github.com/spf13/cobra/command.go:1813.2,1813.8 1 1
github.com/spf13/cobra/command.go:1817.65,1818.28 1 1
github.com/spf13/cobra/command.go:1818.28,1820.3 1 1
github.com/spf13/cobra/command.go:1822.2,1822.17 1 1
github.com/spf13/cobra/command.go:1822.17,1825.3 2 1
github.com/spf13/cobra/command.go:1826.2,1826.8 1 1
github.com/spf13/cobra/command.go:1830.51,1831.26 1 1
github.com/spf13/cobra/command.go:1831.26,1833.3 1 1
github.com/spf13/cobra/command.go:1835.2,1835.27 1 1
github.com/spf13/cobra/command.go:1835.27,1837.3 1 1
github.com/spf13/cobra/command.go:1838.2,1846.62 5 1
github.com/spf13/cobra/command.go:1846.62,1848.3 1 1
github.com/spf13/cobra/command.go:1850.2,1850.12 1 1
github.com/spf13/cobra/command.go:1854.37,1856.2 1 1
github.com/spf13/cobra/command.go:1860.42,1864.2 3 1
github.com/spf13/cobra/command.go:1869.41,1870.28 1 1
github.com/spf13/cobra/command.go:1870.28,1874.3 3 1
github.com/spf13/cobra/command.go:1876.2,1876.27 1 1
github.com/spf13/cobra/command.go:1876.27,1878.3 1 1
github.com/spf13/cobra/command.go:1880.2,1882.39 2 1
github.com/spf13/cobra/command.go:1882.39,1884.3 1 1
github.com/spf13/cobra/command.go:1890.50,1891.27 1 1
github.com/spf13/cobra/command.go:1891.27,1893.3 1 1
github.com/spf13/cobra/command.go:1895.2,1895.15 1 1
github.com/spf13/cobra/completions.go:52.40,54.2 1 0
github.com/spf13/cobra/completions.go:122.103,124.2 1 1
github.com/spf13/cobra/completions.go:128.155,129.93 1 1
github.com/spf13/cobra/completions.go:129.93,131.3 1 1
github.com/spf13/cobra/completions.go:135.156,137.17 2 1
github.com/spf13/cobra/completions.go:137.17,139.3 1 0
github.com/spf13/cobra/completions.go:140.2,143.56 3 1
github.com/spf13/cobra/completions.go:143.56,145.3 1 0
github.com/spf13/cobra/completions.go:146.2,147.12 2 1
github.com/spf13/cobra/completions.go:151.130,153.17 2 1
github.com/spf13/cobra/completions.go:153.17,155.3 1 1
github.com/spf13/cobra/completions.go:157.2,161.31 4 1
github.com/spf13/cobra/completions.go:165.45,167.36 2 1
github.com/spf13/cobra/completions.go:167.36,169.3 1 0
github.com/spf13/cobra/completions.go:170.2,170.38 1 1
github.com/spf13/cobra/completions.go:170.38,172.3 1 1
github.com/spf13/cobra/completions.go:173.2,173.41 1 1
github.com/spf13/cobra/completions.go:173.41,175.3 1 1
github.com/spf13/cobra/completions.go:176.2,176.44 1 1
github.com/spf13/cobra/completions.go:176.44,178.3 1 1
github.com/spf13/cobra/completions.go:179.2,179.41 1 1
github.com/spf13/cobra/completions.go:179.41,181.3 1 1
github.com/spf13/cobra/completions.go:182.2,182.40 1 1
github.com/spf13/cobra/completions.go:182.40,184.3 1 0
github.com/spf13/cobra/completions.go:185.2,185.26 1 1
github.com/spf13/cobra/completions.go:185.26,187.3 1 1
github.com/spf13/cobra/completions.go:189.2,189.37 1 1
github.com/spf13/cobra/completions.go:189.37,191.3 1 0
github.com/spf13/cobra/completions.go:192.2,192.39 1 1
github.com/spf13/cobra/completions.go:196.50,207.42 1 1
github.com/spf13/cobra/completions.go:207.42,209.18 2 1
github.com/spf13/cobra/completions.go:209.18,214.5 1 1
github.com/spf13/cobra/completions.go:216.4,217.23 2 1
github.com/spf13/cobra/completions.go:217.23,218.112 1 1
github.com/spf13/cobra/completions.go:218.112,220.6 1 1
github.com/spf13/cobra/completions.go:222.4,224.37 3 1
github.com/spf13/cobra/completions.go:224.37,225.66 1 1
github.com/spf13/cobra/completions.go:225.66,227.14 1 1
github.com/spf13/cobra/completions.go:229.5,229.23 1 1
github.com/spf13/cobra/completions.go:229.23,232.6 1 1
github.com/spf13/cobra/completions.go:238.5,248.28 3 1
github.com/spf13/cobra/completions.go:254.4,258.100 2 1
github.com/spf13/cobra/completions.go:261.2,263.56 3 1
github.com/spf13/cobra/completions.go:263.56,270.3 1 1
github.com/spf13/cobra/completions.go:273.97,284.31 6 1
github.com/spf13/cobra/completions.go:284.31,286.3 1 1
github.com/spf13/cobra/completions.go:286.8,293.35 2 1
github.com/spf13/cobra/completions.go:293.35,295.4 1 1
github.com/spf13/cobra/completions.go:297.3,297.55 1 1
github.com/spf13/cobra/completions.go:299.2,299.16 1 1
github.com/spf13/cobra/completions.go:299.16,302.3 1 0
github.com/spf13/cobra/completions.go:303.2,310.34 2 1
github.com/spf13/cobra/completions.go:310.34,313.3 2 1
github.com/spf13/cobra/completions.go:319.2,330.54 5 1
github.com/spf13/cobra/completions.go:330.54,332.3 1 1
github.com/spf13/cobra/completions.go:334.2,335.32 2 1
github.com/spf13/cobra/completions.go:335.32,338.3 1 1
github.com/spf13/cobra/completions.go:340.2,340.20 1 1
github.com/spf13/cobra/completions.go:340.20,342.66 1 1
github.com/spf13/cobra/completions.go:342.66,344.4 1 0
github.com/spf13/cobra/completions.go:349.2,349.40 1 1
github.com/spf13/cobra/completions.go:349.40,351.3 1 1
github.com/spf13/cobra/completions.go:355.2,355.34 1 1
github.com/spf13/cobra/completions.go:355.34,357.3 1 1
github.com/spf13/cobra/completions.go:359.2,359.35 1 1
github.com/spf13/cobra/completions.go:359.35,361.75 1 1
github.com/spf13/cobra/completions.go:361.75,362.27 1 1
github.com/spf13/cobra/completions.go:362.27,365.5 1 1
github.com/spf13/cobra/completions.go:373.3,373.73 1 1
github.com/spf13/cobra/completions.go:373.73,374.24 1 1
github.com/spf13/cobra/completions.go:374.24,377.5 1 1
github.com/spf13/cobra/completions.go:379.4,379.66 1 1
github.com/spf13/cobra/completions.go:383.2,395.120 4 1
github.com/spf13/cobra/completions.go:395.120,400.28 2 1
github.com/spf13/cobra/completions.go:400.28,401.46 1 1
github.com/spf13/cobra/completions.go:401.46,404.51 1 1
github.com/spf13/cobra/completions.go:404.51,408.6 1 1
github.com/spf13/cobra/completions.go:414.4,414.62 1 1
github.com/spf13/cobra/completions.go:414.62,416.5 1 1
github.com/spf13/cobra/completions.go:422.4,422.65 1 1
github.com/spf13/cobra/completions.go:422.65,424.5 1 1
github.com/spf13/cobra/completions.go:427.3,428.70 2 1
github.com/spf13/cobra/completions.go:428.70,432.4 1 0
github.com/spf13/cobra/completions.go:434.3,434.35 1 1
github.com/spf13/cobra/completions.go:434.35,440.4 1 1
github.com/spf13/cobra/completions.go:441.8,443.18 2 1
github.com/spf13/cobra/completions.go:443.18,447.41 2 1
github.com/spf13/cobra/completions.go:447.41,450.66 2 1
github.com/spf13/cobra/completions.go:450.66,451.74 1 1
github.com/spf13/cobra/completions.go:451.74,453.7 1 1
github.com/spf13/cobra/completions.go:458.4,458.59 1 1
github.com/spf13/cobra/completions.go:458.59,462.48 1 1
github.com/spf13/cobra/completions.go:462.48,463.71 1 1
github.com/spf13/cobra/completions.go:463.71,464.55 1 1
github.com/spf13/cobra/completions.go:464.55,466.8 1 1
github.com/spf13/cobra/completions.go:467.7,467.47 1 1
github.com/spf13/cobra/completions.go:473.4,477.35 2 1
github.com/spf13/cobra/completions.go:477.35,478.28 1 1
github.com/spf13/cobra/completions.go:478.28,480.50 1 1
github.com/spf13/cobra/completions.go:480.50,481.50 1 1
github.com/spf13/cobra/completions.go:481.50,483.8 1 1
github.com/spf13/cobra/completions.go:485.6,489.31 2 1
github.com/spf13/cobra/completions.go:489.31,490.52 1 1
github.com/spf13/cobra/completions.go:490.52,491.51 1 1
github.com/spf13/cobra/completions.go:491.51,493.9 1 1
github.com/spf13/cobra/completions.go:500.5,500.49 1 1
github.com/spf13/cobra/completions.go:510.2,511.35 2 1
github.com/spf13/cobra/completions.go:511.35,515.3 3 1
github.com/spf13/cobra/completions.go:515.8,517.3 1 1
github.com/spf13/cobra/completions.go:518.2,518.25 1 1
github.com/spf13/cobra/completions.go:518.25,524.3 3 1
github.com/spf13/cobra/completions.go:526.2,526.46 1 1
github.com/spf13/cobra/completions.go:529.50,531.85 1 1
github.com/spf13/cobra/completions.go:531.85,533.3 1 1
github.com/spf13/cobra/completions.go:534.2,535.79 1 1
github.com/spf13/cobra/completions.go:535.79,537.3 1 1
github.com/spf13/cobra/completions.go:538.2,538.14 1 1
github.com/spf13/cobra/completions.go:541.75,542.30 1 1
github.com/spf13/cobra/completions.go:542.30,544.3 1 1
github.com/spf13/cobra/completions.go:546.2,548.45 3 1
github.com/spf13/cobra/completions.go:548.45,564.3 1 1
github.com/spf13/cobra/completions.go:566.2,567.72 2 1
github.com/spf13/cobra/completions.go:567.72,569.3 1 1
github.com/spf13/cobra/completions.go:571.2,571.20 1 1
github.com/spf13/cobra/completions.go:574.74,577.52 2 1
github.com/spf13/cobra/completions.go:577.52,578.71 1 1
github.com/spf13/cobra/completions.go:578.71,579.21 1 1
github.com/spf13/cobra/completions.go:579.21,582.5 1 1
github.com/spf13/cobra/completions.go:589.2,589.60 1 1
github.com/spf13/cobra/completions.go:589.60,591.3 1 1
github.com/spf13/cobra/completions.go:592.2,592.63 1 1
github.com/spf13/cobra/completions.go:592.63,594.3 1 1
github.com/spf13/cobra/completions.go:596.2,596.20 1 1
github.com/spf13/cobra/completions.go:599.117,600.33 1 1
github.com/spf13/cobra/completions.go:600.33,604.3 1 1
github.com/spf13/cobra/completions.go:606.2,614.43 5 1
github.com/spf13/cobra/completions.go:614.43,615.55 1 1
github.com/spf13/cobra/completions.go:615.55,617.48 1 1
github.com/spf13/cobra/completions.go:617.48,620.5 1 1
github.com/spf13/cobra/completions.go:620.10,626.5 1 1
github.com/spf13/cobra/completions.go:627.4,628.24 2 1
github.com/spf13/cobra/completions.go:629.9,632.4 1 1
github.com/spf13/cobra/completions.go:635.2,635.24 1 1
github.com/spf13/cobra/completions.go:635.24,636.20 1 1
github.com/spf13/cobra/completions.go:636.20,638.26 2 1
github.com/spf13/cobra/completions.go:638.26,642.56 1 1
github.com/spf13/cobra/completions.go:642.56,643.42 1 1
github.com/spf13/cobra/completions.go:643.42,646.7 1 1
github.com/spf13/cobra/completions.go:646.12,652.7 1 1
github.com/spf13/cobra/completions.go:655.6,655.38 1 1
github.com/spf13/cobra/completions.go:661.2,661.24 1 1
github.com/spf13/cobra/completions.go:661.24,664.3 1 1
github.com/spf13/cobra/completions.go:666.2,667.17 2 1
github.com/spf13/cobra/completions.go:667.17,670.3 1 1
github.com/spf13/cobra/completions.go:672.2,672.20 1 1
github.com/spf13/cobra/completions.go:672.20,673.33 1 1
github.com/spf13/cobra/completions.go:673.33,679.4 2 1
github.com/spf13/cobra/completions.go:682.2,682.40 1 1
github.com/spf13/cobra/completions.go:690.46,691.66 1 1
github.com/spf13/cobra/completions.go:691.66,693.3 1 1
github.com/spf13/cobra/completions.go:695.2,695.33 1 1
github.com/spf13/cobra/completions.go:695.33,696.61 1 1
github.com/spf13/cobra/completions.go:696.61,699.4 1 1
github.com/spf13/cobra/completions.go:702.2,747.49 7 1
github.com/spf13/cobra/completions.go:747.49,749.4 1 0
github.com/spf13/cobra/completions.go:751.2,751.20 1 1
github.com/spf13/cobra/completions.go:751.20,753.3 1 1
github.com/spf13/cobra/completions.go:755.2,783.49 1 1
github.com/spf13/cobra/completions.go:783.49,784.14 1 1
github.com/spf13/cobra/completions.go:784.14,786.5 1 1
github.com/spf13/cobra/completions.go:787.4,787.43 1 1
github.com/spf13/cobra/completions.go:790.2,790.20 1 1
github.com/spf13/cobra/completions.go:790.20,792.3 1 1
github.com/spf13/cobra/completions.go:794.2,811.49 1 1
github.com/spf13/cobra/completions.go:811.49,813.4 1 0
github.com/spf13/cobra/completions.go:815.2,815.20 1 1
github.com/spf13/cobra/completions.go:815.20,817.3 1 1
github.com/spf13/cobra/completions.go:819.2,833.49 1 1
github.com/spf13/cobra/completions.go:833.49,834.14 1 0
github.com/spf13/cobra/completions.go:834.14,836.5 1 0
github.com/spf13/cobra/completions.go:837.4,837.58 1 0
github.com/spf13/cobra/completions.go:841.2,841.20 1 1
github.com/spf13/cobra/completions.go:841.20,843.3 1 1
github.com/spf13/cobra/completions.go:845.2,845.55 1 1
github.com/spf13/cobra/completions.go:848.54,850.20 2 1
github.com/spf13/cobra/completions.go:850.20,853.59 1 1
github.com/spf13/cobra/completions.go:853.59,855.4 1 1
github.com/spf13/cobra/completions.go:855.9,857.55 2 0
github.com/spf13/cobra/completions.go:857.55,859.5 1 0
github.com/spf13/cobra/completions.go:859.10,861.5 1 0
github.com/spf13/cobra/completions.go:864.2,864.23 1 1
github.com/spf13/cobra/completions.go:871.48,876.59 2 1
github.com/spf13/cobra/completions.go:876.59,879.17 2 0
github.com/spf13/cobra/completions.go:879.17,882.4 2 0
github.com/spf13/cobra/completions.go:885.2,885.19 1 1
github.com/spf13/cobra/completions.go:885.19,888.3 1 1
github.com/spf13/cobra/completions.go:895.50,897.2 1 0
github.com/spf13/cobra/completions.go:900.28,903.2 2 1
github.com/spf13/cobra/completions.go:906.30,908.2 1 1
github.com/spf13/cobra/completions.go:921.47,926.2 3 1
github.com/spf13/cobra/completions.go:933.55,935.13 2 1
github.com/spf13/cobra/completions.go:935.13,937.3 1 1
github.com/spf13/cobra/completions.go:938.2,938.10 1 1
github.com/spf13/cobra/fish_completions.go:25.70,32.18 5 1
github.com/spf13/cobra/fish_completions.go:32.18,34.3 1 1
github.com/spf13/cobra/fish_completions.go:35.2,272.119 2 1
github.com/spf13/cobra/fish_completions.go:276.74,281.2 4 1
github.com/spf13/cobra/fish_completions.go:284.82,286.16 2 1
github.com/spf13/cobra/fish_completions.go:286.16,288.3 1 1
github.com/spf13/cobra/fish_completions.go:289.2,291.50 2 1
github.com/spf13/cobra/flag_groups.go:33.66,35.30 2 1
github.com/spf13/cobra/flag_groups.go:35.30,37.15 2 1
github.com/spf13/cobra/flag_groups.go:37.15,38.97 1 0
github.com/spf13/cobra/flag_groups.go:40.3,40.159 1 1
github.com/spf13/cobra/flag_groups.go:40.159,42.14 1 0
github.com/spf13/cobra/flag_groups.go:49.61,51.30 2 1
github.com/spf13/cobra/flag_groups.go:51.30,53.15 2 1
github.com/spf13/cobra/flag_groups.go:53.15,54.101 1 0
github.com/spf13/cobra/flag_groups.go:56.3,56.151 1 1
github.com/spf13/cobra/flag_groups.go:56.151,58.14 1 0
github.com/spf13/cobra/flag_groups.go:65.67,67.30 2 1
github.com/spf13/cobra/flag_groups.go:67.30,69.15 2 1
github.com/spf13/cobra/flag_groups.go:69.15,70.107 1 0
github.com/spf13/cobra/flag_groups.go:73.3,73.163 1 1
github.com/spf13/cobra/flag_groups.go:73.163,74.14 1 0
github.com/spf13/cobra/flag_groups.go:81.46,82.26 1 1
github.com/spf13/cobra/flag_groups.go:82.26,84.3 1 1
github.com/spf13/cobra/flag_groups.go:86.2,93.40 5 1
github.com/spf13/cobra/flag_groups.go:93.40,97.3 3 1
github.com/spf13/cobra/flag_groups.go:99.2,99.64 1 1
github.com/spf13/cobra/flag_groups.go:99.64,101.3 1 1
github.com/spf13/cobra/flag_groups.go:102.2,102.78 1 1
github.com/spf13/cobra/flag_groups.go:102.78,104.3 1 1
github.com/spf13/cobra/flag_groups.go:105.2,105.82 1 1
github.com/spf13/cobra/flag_groups.go:105.82,107.3 1 1
github.com/spf13/cobra/flag_groups.go:108.2,108.12 1 1
github.com/spf13/cobra/flag_groups.go:111.62,112.34 1 1
github.com/spf13/cobra/flag_groups.go:112.34,114.15 2 1
github.com/spf13/cobra/flag_groups.go:114.15,116.4 1 1
github.com/spf13/cobra/flag_groups.go:118.2,118.13 1 1
github.com/spf13/cobra/flag_groups.go:121.134,123.11 2 1
github.com/spf13/cobra/flag_groups.go:123.11,124.35 1 1
github.com/spf13/cobra/flag_groups.go:124.35,125.33 1 1
github.com/spf13/cobra/flag_groups.go:125.33,129.42 2 1
github.com/spf13/cobra/flag_groups.go:129.42,130.14 1 1
github.com/spf13/cobra/flag_groups.go:133.5,134.36 2 1
github.com/spf13/cobra/flag_groups.go:134.36,136.6 1 1
github.com/spf13/cobra/flag_groups.go:139.4,139.50 1 1
github.com/spf13/cobra/flag_groups.go:144.72,146.32 2 1
github.com/spf13/cobra/flag_groups.go:146.32,150.50 3 1
github.com/spf13/cobra/flag_groups.go:150.50,151.14 1 1
github.com/spf13/cobra/flag_groups.go:151.14,153.5 1 1
github.com/spf13/cobra/flag_groups.go:155.3,155.62 1 1
github.com/spf13/cobra/flag_groups.go:155.62,156.12 1 1
github.com/spf13/cobra/flag_groups.go:160.3,161.112 2 1
github.com/spf13/cobra/flag_groups.go:164.2,164.12 1 1
github.com/spf13/cobra/flag_groups.go:167.75,169.32 2 1
github.com/spf13/cobra/flag_groups.go:169.32,172.50 3 1
github.com/spf13/cobra/flag_groups.go:172.50,173.13 1 1
github.com/spf13/cobra/flag_groups.go:173.13,175.5 1 1
github.com/spf13/cobra/flag_groups.go:177.3,177.20 1 1
github.com/spf13/cobra/flag_groups.go:177.20,178.12 1 1
github.com/spf13/cobra/flag_groups.go:182.3,183.89 2 1
github.com/spf13/cobra/flag_groups.go:185.2,185.12 1 1
github.com/spf13/cobra/flag_groups.go:188.73,190.32 2 1
github.com/spf13/cobra/flag_groups.go:190.32,193.50 3 1
github.com/spf13/cobra/flag_groups.go:193.50,194.13 1 1
github.com/spf13/cobra/flag_groups.go:194.13,196.5 1 1
github.com/spf13/cobra/flag_groups.go:198.3,198.37 1 1
github.com/spf13/cobra/flag_groups.go:198.37,199.12 1 1
github.com/spf13/cobra/flag_groups.go:203.3,204.120 2 1
github.com/spf13/cobra/flag_groups.go:206.2,206.12 1 1
github.com/spf13/cobra/flag_groups.go:209.56,212.19 3 1
github.com/spf13/cobra/flag_groups.go:212.19,215.3 2 1
github.com/spf13/cobra/flag_groups.go:216.2,217.13 2 1
github.com/spf13/cobra/flag_groups.go:225.52,226.26 1 1
github.com/spf13/cobra/flag_groups.go:226.26,228.3 1 1
github.com/spf13/cobra/flag_groups.go:230.2,234.44 5 1
github.com/spf13/cobra/flag_groups.go:234.44,238.3 3 1
github.com/spf13/cobra/flag_groups.go:242.2,242.55 1 1
github.com/spf13/cobra/flag_groups.go:242.55,243.43 1 1
github.com/spf13/cobra/flag_groups.go:243.43,244.13 1 1
github.com/spf13/cobra/flag_groups.go:244.13,246.56 1 1
github.com/spf13/cobra/flag_groups.go:246.56,248.6 1 1
github.com/spf13/cobra/flag_groups.go:255.2,255.66 1 1
github.com/spf13/cobra/flag_groups.go:255.66,258.42 2 1
github.com/spf13/cobra/flag_groups.go:258.42,259.13 1 1
github.com/spf13/cobra/flag_groups.go:259.13,260.10 1 1
github.com/spf13/cobra/flag_groups.go:266.3,266.13 1 1
github.com/spf13/cobra/flag_groups.go:266.13,267.55 1 1
github.com/spf13/cobra/flag_groups.go:267.55,269.5 1 1
github.com/spf13/cobra/flag_groups.go:275.2,275.72 1 1
github.com/spf13/cobra/flag_groups.go:275.72,276.50 1 1
github.com/spf13/cobra/flag_groups.go:276.50,277.13 1 1
github.com/spf13/cobra/flag_groups.go:277.13,281.56 1 1
github.com/spf13/cobra/flag_groups.go:281.56,282.27 1 1
github.com/spf13/cobra/flag_groups.go:282.27,285.7 2 1
github.com/spf13/cobra/powershell_completions.go:28.76,35.18 5 1
github.com/spf13/cobra/powershell_completions.go:35.18,37.3 1 1
github.com/spf13/cobra/powershell_completions.go:38.2,285.119 1 1
github.com/spf13/cobra/powershell_completions.go:288.80,293.2 4 1
github.com/spf13/cobra/powershell_completions.go:295.88,297.16 2 0
github.com/spf13/cobra/powershell_completions.go:297.16,299.3 1 0
github.com/spf13/cobra/powershell_completions.go:300.2,302.56 2 0
github.com/spf13/cobra/powershell_completions.go:306.70,308.2 1 0
github.com/spf13/cobra/powershell_completions.go:312.62,314.2 1 1
github.com/spf13/cobra/powershell_completions.go:317.78,319.2 1 0
github.com/spf13/cobra/powershell_completions.go:323.70,325.2 1 0
github.com/spf13/cobra/shell_completions.go:24.55,26.2 1 1
github.com/spf13/cobra/shell_completions.go:31.65,33.2 1 1
github.com/spf13/cobra/shell_completions.go:38.64,40.2 1 1
github.com/spf13/cobra/shell_completions.go:44.77,46.2 1 1
github.com/spf13/cobra/shell_completions.go:54.63,56.2 1 1
github.com/spf13/cobra/shell_completions.go:61.87,63.2 1 1
github.com/spf13/cobra/shell_completions.go:67.86,69.2 1 1
github.com/spf13/cobra/shell_completions.go:77.72,79.2 1 1
github.com/spf13/cobra/shell_completions.go:83.54,85.2 1 1
github.com/spf13/cobra/shell_completions.go:90.64,92.2 1 0
github.com/spf13/cobra/shell_completions.go:96.63,98.2 1 1
github.com/spf13/cobra/zsh_completions.go:25.63,27.2 1 0
github.com/spf13/cobra/zsh_completions.go:31.55,33.2 1 1
github.com/spf13/cobra/zsh_completions.go:36.69,38.2 1 0
github.com/spf13/cobra/zsh_completions.go:42.61,44.2 1 1
github.com/spf13/cobra/zsh_completions.go:55.96,57.2 1 0
github.com/spf13/cobra/zsh_completions.go:66.94,68.2 1 0
github.com/spf13/cobra/zsh_completions.go:70.81,72.16 2 0
github.com/spf13/cobra/zsh_completions.go:72.16,74.3 1 0
github.com/spf13/cobra/zsh_completions.go:75.2,77.49 2 0
github.com/spf13/cobra/zsh_completions.go:80.73,85.2 4 1
github.com/spf13/cobra/zsh_completions.go:87.69,89.18 2 1
github.com/spf13/cobra/zsh_completions.go:89.18,91.3 1 1
github.com/spf13/cobra/zsh_completions.go:92.2,307.21 1 1
