mode: set
github.com/gorilla/mux/middleware.go:19.72,21.2 1 1
github.com/gorilla/mux/middleware.go:24.45,25.25 1 1
github.com/gorilla/mux/middleware.go:25.25,27.3 1 1
github.com/gorilla/mux/middleware.go:31.46,33.2 1 1
github.com/gorilla/mux/middleware.go:39.53,40.46 1 1
github.com/gorilla/mux/middleware.go:40.46,41.74 1 1
github.com/gorilla/mux/middleware.go:41.74,43.18 2 1
github.com/gorilla/mux/middleware.go:43.18,44.34 1 1
github.com/gorilla/mux/middleware.go:44.34,45.33 1 1
github.com/gorilla/mux/middleware.go:45.33,47.7 1 1
github.com/gorilla/mux/middleware.go:51.4,51.26 1 1
github.com/gorilla/mux/middleware.go:58.76,61.33 2 1
github.com/gorilla/mux/middleware.go:61.33,63.70 2 1
github.com/gorilla/mux/middleware.go:63.70,65.18 2 1
github.com/gorilla/mux/middleware.go:65.18,67.5 1 1
github.com/gorilla/mux/middleware.go:69.4,69.47 1 1
github.com/gorilla/mux/middleware.go:73.2,73.24 1 1
github.com/gorilla/mux/mux.go:25.26,27.2 1 1
github.com/gorilla/mux/mux.go:100.43,103.26 2 1
github.com/gorilla/mux/mux.go:103.26,105.3 1 1
github.com/gorilla/mux/mux.go:107.2,107.26 1 1
github.com/gorilla/mux/mux.go:107.26,109.3 1 1
github.com/gorilla/mux/mux.go:111.2,112.37 2 1
github.com/gorilla/mux/mux.go:112.37,114.3 1 1
github.com/gorilla/mux/mux.go:116.2,119.10 3 1
github.com/gorilla/mux/mux.go:122.51,125.2 2 1
github.com/gorilla/mux/mux.go:138.67,139.33 1 1
github.com/gorilla/mux/mux.go:139.33,140.30 1 1
github.com/gorilla/mux/mux.go:140.30,142.29 1 1
github.com/gorilla/mux/mux.go:142.29,143.50 1 1
github.com/gorilla/mux/mux.go:143.50,145.6 1 1
github.com/gorilla/mux/mux.go:147.4,147.15 1 1
github.com/gorilla/mux/mux.go:151.2,151.41 1 1
github.com/gorilla/mux/mux.go:151.41,152.39 1 1
github.com/gorilla/mux/mux.go:152.39,155.4 2 1
github.com/gorilla/mux/mux.go:157.3,157.15 1 1
github.com/gorilla/mux/mux.go:161.2,161.30 1 1
github.com/gorilla/mux/mux.go:161.30,165.3 3 1
github.com/gorilla/mux/mux.go:167.2,168.14 2 1
github.com/gorilla/mux/mux.go:175.70,176.18 1 1
github.com/gorilla/mux/mux.go:176.18,178.23 2 1
github.com/gorilla/mux/mux.go:178.23,180.4 1 0
github.com/gorilla/mux/mux.go:182.3,182.38 1 1
github.com/gorilla/mux/mux.go:182.38,194.4 6 1
github.com/gorilla/mux/mux.go:196.2,198.26 3 1
github.com/gorilla/mux/mux.go:198.26,202.3 3 1
github.com/gorilla/mux/mux.go:204.2,204.59 1 1
github.com/gorilla/mux/mux.go:204.59,206.3 1 1
github.com/gorilla/mux/mux.go:208.2,208.20 1 1
github.com/gorilla/mux/mux.go:208.20,210.3 1 1
github.com/gorilla/mux/mux.go:212.2,212.27 1 1
github.com/gorilla/mux/mux.go:216.42,218.2 1 1
github.com/gorilla/mux/mux.go:222.47,224.2 1 0
github.com/gorilla/mux/mux.go:245.50,248.2 2 1
github.com/gorilla/mux/mux.go:258.48,261.2 2 1
github.com/gorilla/mux/mux.go:269.43,272.2 2 1
github.com/gorilla/mux/mux.go:279.36,284.2 3 1
github.com/gorilla/mux/mux.go:288.43,290.2 1 1
github.com/gorilla/mux/mux.go:294.67,296.2 1 1
github.com/gorilla/mux/mux.go:301.25,303.2 1 1
github.com/gorilla/mux/mux.go:307.50,309.2 1 1
github.com/gorilla/mux/mux.go:313.42,315.2 1 1
github.com/gorilla/mux/mux.go:319.52,321.2 1 0
github.com/gorilla/mux/mux.go:325.52,327.2 1 1
github.com/gorilla/mux/mux.go:331.42,333.2 1 1
github.com/gorilla/mux/mux.go:337.48,339.2 1 1
github.com/gorilla/mux/mux.go:343.50,345.2 1 1
github.com/gorilla/mux/mux.go:349.52,351.2 1 1
github.com/gorilla/mux/mux.go:355.56,357.2 1 0
github.com/gorilla/mux/mux.go:362.46,364.2 1 1
github.com/gorilla/mux/mux.go:375.66,376.29 1 1
github.com/gorilla/mux/mux.go:376.29,378.24 2 1
github.com/gorilla/mux/mux.go:378.24,379.12 1 1
github.com/gorilla/mux/mux.go:381.3,381.17 1 1
github.com/gorilla/mux/mux.go:381.17,383.4 1 1
github.com/gorilla/mux/mux.go:384.3,384.33 1 1
github.com/gorilla/mux/mux.go:384.33,385.33 1 1
github.com/gorilla/mux/mux.go:385.33,388.19 3 1
github.com/gorilla/mux/mux.go:388.19,390.6 1 0
github.com/gorilla/mux/mux.go:391.5,391.45 1 1
github.com/gorilla/mux/mux.go:394.3,394.39 1 1
github.com/gorilla/mux/mux.go:394.39,397.18 3 1
github.com/gorilla/mux/mux.go:397.18,399.5 1 0
github.com/gorilla/mux/mux.go:400.4,400.44 1 1
github.com/gorilla/mux/mux.go:403.2,403.12 1 1
github.com/gorilla/mux/mux.go:430.46,431.49 1 1
github.com/gorilla/mux/mux.go:431.49,433.3 1 1
github.com/gorilla/mux/mux.go:434.2,434.12 1 0
github.com/gorilla/mux/mux.go:441.43,442.50 1 0
github.com/gorilla/mux/mux.go:442.50,444.3 1 0
github.com/gorilla/mux/mux.go:445.2,445.12 1 0
github.com/gorilla/mux/mux.go:448.77,451.2 2 1
github.com/gorilla/mux/mux.go:453.68,456.2 2 1
github.com/gorilla/mux/mux.go:464.33,465.13 1 1
github.com/gorilla/mux/mux.go:465.13,467.3 1 0
github.com/gorilla/mux/mux.go:468.2,468.17 1 1
github.com/gorilla/mux/mux.go:468.17,470.3 1 0
github.com/gorilla/mux/mux.go:471.2,474.37 2 1
github.com/gorilla/mux/mux.go:474.37,476.3 1 1
github.com/gorilla/mux/mux.go:478.2,478.11 1 1
github.com/gorilla/mux/mux.go:482.40,483.24 1 1
github.com/gorilla/mux/mux.go:483.24,484.25 1 1
github.com/gorilla/mux/mux.go:484.25,485.16 1 1
github.com/gorilla/mux/mux.go:485.16,487.5 1 1
github.com/gorilla/mux/mux.go:490.2,490.12 1 1
github.com/gorilla/mux/mux.go:495.47,497.19 2 1
github.com/gorilla/mux/mux.go:497.19,500.3 1 0
github.com/gorilla/mux/mux.go:501.2,501.20 1 1
github.com/gorilla/mux/mux.go:506.71,508.16 2 1
github.com/gorilla/mux/mux.go:508.16,510.3 1 0
github.com/gorilla/mux/mux.go:511.2,512.33 2 1
github.com/gorilla/mux/mux.go:512.33,514.3 1 1
github.com/gorilla/mux/mux.go:515.2,515.15 1 1
github.com/gorilla/mux/mux.go:520.78,522.16 2 1
github.com/gorilla/mux/mux.go:522.16,524.3 1 0
github.com/gorilla/mux/mux.go:525.2,526.33 2 1
github.com/gorilla/mux/mux.go:526.33,528.17 2 1
github.com/gorilla/mux/mux.go:528.17,530.4 1 0
github.com/gorilla/mux/mux.go:531.3,531.22 1 1
github.com/gorilla/mux/mux.go:533.2,533.15 1 1
github.com/gorilla/mux/mux.go:537.52,538.24 1 1
github.com/gorilla/mux/mux.go:538.24,539.17 1 1
github.com/gorilla/mux/mux.go:539.17,541.4 1 1
github.com/gorilla/mux/mux.go:543.2,543.14 1 1
github.com/gorilla/mux/mux.go:547.105,548.28 1 1
github.com/gorilla/mux/mux.go:548.28,550.19 1 1
github.com/gorilla/mux/mux.go:550.19,552.4 1 1
github.com/gorilla/mux/mux.go:553.3,553.42 1 1
github.com/gorilla/mux/mux.go:553.42,555.4 1 1
github.com/gorilla/mux/mux.go:555.9,555.21 1 1
github.com/gorilla/mux/mux.go:555.21,559.33 2 1
github.com/gorilla/mux/mux.go:559.33,560.19 1 1
github.com/gorilla/mux/mux.go:560.19,562.11 2 1
github.com/gorilla/mux/mux.go:565.4,565.20 1 1
github.com/gorilla/mux/mux.go:565.20,567.5 1 1
github.com/gorilla/mux/mux.go:570.2,570.13 1 1
github.com/gorilla/mux/mux.go:575.112,576.28 1 1
github.com/gorilla/mux/mux.go:576.28,578.19 1 1
github.com/gorilla/mux/mux.go:578.19,580.4 1 1
github.com/gorilla/mux/mux.go:581.3,581.42 1 1
github.com/gorilla/mux/mux.go:581.42,583.4 1 0
github.com/gorilla/mux/mux.go:583.9,583.22 1 1
github.com/gorilla/mux/mux.go:583.22,587.33 2 1
github.com/gorilla/mux/mux.go:587.33,588.29 1 1
github.com/gorilla/mux/mux.go:588.29,590.11 2 1
github.com/gorilla/mux/mux.go:593.4,593.20 1 1
github.com/gorilla/mux/mux.go:593.20,595.5 1 1
github.com/gorilla/mux/mux.go:598.2,598.13 1 1
github.com/gorilla/mux/mux.go:602.63,604.2 1 1
github.com/gorilla/mux/mux.go:608.45,608.90 1 1
github.com/gorilla/mux/regexp.go:41.99,44.22 2 1
github.com/gorilla/mux/regexp.go:44.22,46.3 1 0
github.com/gorilla/mux/regexp.go:48.2,51.28 3 1
github.com/gorilla/mux/regexp.go:51.28,53.3 1 1
github.com/gorilla/mux/regexp.go:53.8,53.34 1 1
github.com/gorilla/mux/regexp.go:53.34,55.3 1 1
github.com/gorilla/mux/regexp.go:57.2,57.27 1 1
github.com/gorilla/mux/regexp.go:57.27,59.3 1 1
github.com/gorilla/mux/regexp.go:61.2,62.56 2 1
github.com/gorilla/mux/regexp.go:62.56,65.3 2 1
github.com/gorilla/mux/regexp.go:66.2,73.36 8 1
github.com/gorilla/mux/regexp.go:73.36,80.22 6 1
github.com/gorilla/mux/regexp.go:80.22,82.4 1 1
github.com/gorilla/mux/regexp.go:84.3,84.31 1 1
github.com/gorilla/mux/regexp.go:84.31,87.4 1 0
github.com/gorilla/mux/regexp.go:89.3,97.17 5 1
github.com/gorilla/mux/regexp.go:97.17,99.4 1 0
github.com/gorilla/mux/regexp.go:102.2,104.25 3 1
github.com/gorilla/mux/regexp.go:104.25,106.3 1 1
github.com/gorilla/mux/regexp.go:107.2,107.28 1 1
github.com/gorilla/mux/regexp.go:107.28,109.70 1 1
github.com/gorilla/mux/regexp.go:109.70,111.4 1 1
github.com/gorilla/mux/regexp.go:113.2,113.29 1 1
github.com/gorilla/mux/regexp.go:113.29,115.3 1 1
github.com/gorilla/mux/regexp.go:117.2,118.27 2 1
github.com/gorilla/mux/regexp.go:118.27,119.47 1 1
github.com/gorilla/mux/regexp.go:119.47,121.4 1 1
github.com/gorilla/mux/regexp.go:123.2,124.14 2 1
github.com/gorilla/mux/regexp.go:124.14,126.3 1 1
github.com/gorilla/mux/regexp.go:128.2,129.23 2 1
github.com/gorilla/mux/regexp.go:129.23,131.3 1 0
github.com/gorilla/mux/regexp.go:134.2,134.36 1 1
github.com/gorilla/mux/regexp.go:134.36,136.84 1 1
github.com/gorilla/mux/regexp.go:140.2,149.8 1 1
github.com/gorilla/mux/regexp.go:174.72,175.36 1 1
github.com/gorilla/mux/regexp.go:175.36,177.25 2 1
github.com/gorilla/mux/regexp.go:177.25,179.46 1 1
github.com/gorilla/mux/regexp.go:179.46,181.5 1 1
github.com/gorilla/mux/regexp.go:183.3,183.36 1 1
github.com/gorilla/mux/regexp.go:186.2,186.37 1 1
github.com/gorilla/mux/regexp.go:186.37,188.3 1 1
github.com/gorilla/mux/regexp.go:189.2,190.30 2 1
github.com/gorilla/mux/regexp.go:190.30,192.3 1 1
github.com/gorilla/mux/regexp.go:193.2,193.35 1 1
github.com/gorilla/mux/regexp.go:197.69,199.28 2 1
github.com/gorilla/mux/regexp.go:199.28,201.10 2 1
github.com/gorilla/mux/regexp.go:201.10,203.4 1 0
github.com/gorilla/mux/regexp.go:204.3,204.38 1 1
github.com/gorilla/mux/regexp.go:204.38,206.4 1 1
github.com/gorilla/mux/regexp.go:207.3,207.23 1 1
github.com/gorilla/mux/regexp.go:209.2,210.31 2 1
github.com/gorilla/mux/regexp.go:210.31,214.29 1 0
github.com/gorilla/mux/regexp.go:214.29,215.42 1 0
github.com/gorilla/mux/regexp.go:215.42,219.5 1 0
github.com/gorilla/mux/regexp.go:222.2,222.16 1 1
github.com/gorilla/mux/regexp.go:228.61,229.37 1 1
github.com/gorilla/mux/regexp.go:229.37,231.3 1 0
github.com/gorilla/mux/regexp.go:232.2,234.8 3 1
github.com/gorilla/mux/regexp.go:234.8,236.3 1 1
github.com/gorilla/mux/regexp.go:237.2,237.11 1 1
github.com/gorilla/mux/regexp.go:242.70,244.21 2 1
github.com/gorilla/mux/regexp.go:244.21,246.50 2 1
github.com/gorilla/mux/regexp.go:246.50,248.4 1 1
github.com/gorilla/mux/regexp.go:248.9,250.4 1 1
github.com/gorilla/mux/regexp.go:251.3,251.25 1 1
github.com/gorilla/mux/regexp.go:251.25,252.12 1 0
github.com/gorilla/mux/regexp.go:254.3,255.50 2 1
github.com/gorilla/mux/regexp.go:255.50,257.4 1 1
github.com/gorilla/mux/regexp.go:258.3,258.31 1 1
github.com/gorilla/mux/regexp.go:258.31,260.12 1 1
github.com/gorilla/mux/regexp.go:262.3,263.17 2 1
github.com/gorilla/mux/regexp.go:263.17,264.12 1 0
github.com/gorilla/mux/regexp.go:266.3,266.23 1 1
github.com/gorilla/mux/regexp.go:266.23,267.12 1 1
github.com/gorilla/mux/regexp.go:269.3,270.17 2 1
github.com/gorilla/mux/regexp.go:270.17,271.12 1 0
github.com/gorilla/mux/regexp.go:273.3,273.27 1 1
github.com/gorilla/mux/regexp.go:275.2,275.18 1 1
github.com/gorilla/mux/regexp.go:278.64,280.2 1 1
github.com/gorilla/mux/regexp.go:284.44,287.30 3 1
github.com/gorilla/mux/regexp.go:287.30,288.15 1 1
github.com/gorilla/mux/regexp.go:289.12,290.27 1 1
github.com/gorilla/mux/regexp.go:290.27,292.5 1 1
github.com/gorilla/mux/regexp.go:293.12,294.27 1 1
github.com/gorilla/mux/regexp.go:294.27,296.5 1 1
github.com/gorilla/mux/regexp.go:296.10,296.24 1 1
github.com/gorilla/mux/regexp.go:296.24,298.5 1 0
github.com/gorilla/mux/regexp.go:301.2,301.16 1 1
github.com/gorilla/mux/regexp.go:301.16,303.3 1 0
github.com/gorilla/mux/regexp.go:304.2,304.18 1 1
github.com/gorilla/mux/regexp.go:308.35,310.2 1 1
github.com/gorilla/mux/regexp.go:324.80,326.19 1 1
github.com/gorilla/mux/regexp.go:326.19,328.30 2 1
github.com/gorilla/mux/regexp.go:328.30,330.46 1 1
github.com/gorilla/mux/regexp.go:330.46,332.5 1 1
github.com/gorilla/mux/regexp.go:334.3,335.23 2 1
github.com/gorilla/mux/regexp.go:335.23,337.4 1 1
github.com/gorilla/mux/regexp.go:339.2,340.22 2 1
github.com/gorilla/mux/regexp.go:340.22,342.3 1 1
github.com/gorilla/mux/regexp.go:344.2,344.19 1 1
github.com/gorilla/mux/regexp.go:344.19,346.23 2 1
github.com/gorilla/mux/regexp.go:346.23,349.34 2 1
github.com/gorilla/mux/regexp.go:349.34,352.17 3 1
github.com/gorilla/mux/regexp.go:352.17,354.12 2 1
github.com/gorilla/mux/regexp.go:354.12,356.7 1 1
github.com/gorilla/mux/regexp.go:356.12,358.7 1 1
github.com/gorilla/mux/regexp.go:359.6,359.79 1 1
github.com/gorilla/mux/regexp.go:365.2,365.30 1 1
github.com/gorilla/mux/regexp.go:365.30,368.23 3 1
github.com/gorilla/mux/regexp.go:368.23,370.4 1 1
github.com/gorilla/mux/regexp.go:377.38,378.19 1 1
github.com/gorilla/mux/regexp.go:378.19,380.3 1 1
github.com/gorilla/mux/regexp.go:381.2,381.15 1 1
github.com/gorilla/mux/regexp.go:384.89,385.29 1 1
github.com/gorilla/mux/regexp.go:385.29,387.3 1 1
github.com/gorilla/mux/route.go:36.34,38.2 1 0
github.com/gorilla/mux/route.go:41.66,42.33 1 1
github.com/gorilla/mux/route.go:42.33,44.3 1 0
github.com/gorilla/mux/route.go:46.2,49.31 2 1
github.com/gorilla/mux/route.go:49.31,50.47 1 1
github.com/gorilla/mux/route.go:50.47,51.38 1 1
github.com/gorilla/mux/route.go:51.38,53.13 2 1
github.com/gorilla/mux/route.go:63.4,63.37 1 1
github.com/gorilla/mux/route.go:63.37,65.5 1 1
github.com/gorilla/mux/route.go:67.4,68.16 2 1
github.com/gorilla/mux/route.go:69.9,76.43 1 1
github.com/gorilla/mux/route.go:76.43,78.5 1 1
github.com/gorilla/mux/route.go:82.2,82.21 1 1
github.com/gorilla/mux/route.go:82.21,85.3 2 1
github.com/gorilla/mux/route.go:87.2,87.61 1 1
github.com/gorilla/mux/route.go:87.61,92.3 2 0
github.com/gorilla/mux/route.go:95.2,95.24 1 1
github.com/gorilla/mux/route.go:95.24,97.3 1 1
github.com/gorilla/mux/route.go:98.2,98.26 1 1
github.com/gorilla/mux/route.go:98.26,100.3 1 1
github.com/gorilla/mux/route.go:101.2,101.23 1 1
github.com/gorilla/mux/route.go:101.23,103.3 1 1
github.com/gorilla/mux/route.go:106.2,107.13 2 1
github.com/gorilla/mux/route.go:115.34,117.2 1 1
github.com/gorilla/mux/route.go:120.36,123.2 2 0
github.com/gorilla/mux/route.go:128.54,129.18 1 1
github.com/gorilla/mux/route.go:129.18,131.3 1 1
github.com/gorilla/mux/route.go:132.2,132.10 1 1
github.com/gorilla/mux/route.go:136.80,138.2 1 1
github.com/gorilla/mux/route.go:141.43,143.2 1 0
github.com/gorilla/mux/route.go:149.42,150.18 1 1
github.com/gorilla/mux/route.go:150.18,153.3 1 1
github.com/gorilla/mux/route.go:154.2,154.18 1 1
github.com/gorilla/mux/route.go:154.18,157.3 2 1
github.com/gorilla/mux/route.go:158.2,158.10 1 1
github.com/gorilla/mux/route.go:162.34,164.2 1 1
github.com/gorilla/mux/route.go:176.46,177.18 1 1
github.com/gorilla/mux/route.go:177.18,179.3 1 1
github.com/gorilla/mux/route.go:180.2,180.10 1 1
github.com/gorilla/mux/route.go:184.68,185.18 1 1
github.com/gorilla/mux/route.go:185.18,187.3 1 0
github.com/gorilla/mux/route.go:188.2,188.54 1 1
github.com/gorilla/mux/route.go:188.54,189.36 1 1
github.com/gorilla/mux/route.go:189.36,191.4 1 0
github.com/gorilla/mux/route.go:192.3,192.27 1 1
github.com/gorilla/mux/route.go:192.27,194.4 1 1
github.com/gorilla/mux/route.go:196.2,200.16 2 1
github.com/gorilla/mux/route.go:200.16,202.3 1 0
github.com/gorilla/mux/route.go:203.2,203.37 1 1
github.com/gorilla/mux/route.go:203.37,204.54 1 1
github.com/gorilla/mux/route.go:204.54,206.4 1 0
github.com/gorilla/mux/route.go:208.2,208.27 1 1
github.com/gorilla/mux/route.go:208.27,209.27 1 1
github.com/gorilla/mux/route.go:209.27,210.67 1 0
github.com/gorilla/mux/route.go:210.67,212.5 1 0
github.com/gorilla/mux/route.go:214.3,214.21 1 1
github.com/gorilla/mux/route.go:215.8,216.27 1 1
github.com/gorilla/mux/route.go:216.27,217.67 1 1
github.com/gorilla/mux/route.go:217.67,219.5 1 1
github.com/gorilla/mux/route.go:221.3,221.29 1 1
github.com/gorilla/mux/route.go:221.29,223.4 1 1
github.com/gorilla/mux/route.go:223.9,225.4 1 1
github.com/gorilla/mux/route.go:227.2,228.12 2 1
github.com/gorilla/mux/route.go:236.71,238.2 1 1
github.com/gorilla/mux/route.go:249.49,250.18 1 1
github.com/gorilla/mux/route.go:250.18,254.3 3 1
github.com/gorilla/mux/route.go:255.2,255.10 1 0
github.com/gorilla/mux/route.go:261.76,263.2 1 1
github.com/gorilla/mux/route.go:275.55,276.18 1 1
github.com/gorilla/mux/route.go:276.18,280.3 3 1
github.com/gorilla/mux/route.go:281.2,281.10 1 0
github.com/gorilla/mux/route.go:303.41,306.2 2 1
github.com/gorilla/mux/route.go:314.69,316.2 1 1
github.com/gorilla/mux/route.go:319.51,321.2 1 1
github.com/gorilla/mux/route.go:328.71,330.2 1 1
github.com/gorilla/mux/route.go:335.51,336.28 1 1
github.com/gorilla/mux/route.go:336.28,338.3 1 1
github.com/gorilla/mux/route.go:339.2,339.45 1 1
github.com/gorilla/mux/route.go:363.41,366.2 2 1
github.com/gorilla/mux/route.go:379.47,382.2 2 1
github.com/gorilla/mux/route.go:403.49,405.19 2 1
github.com/gorilla/mux/route.go:405.19,409.3 2 0
github.com/gorilla/mux/route.go:410.2,410.33 1 1
github.com/gorilla/mux/route.go:410.33,411.89 1 1
github.com/gorilla/mux/route.go:411.89,413.4 1 0
github.com/gorilla/mux/route.go:416.2,416.10 1 1
github.com/gorilla/mux/route.go:424.71,431.18 2 1
github.com/gorilla/mux/route.go:431.18,432.19 1 1
github.com/gorilla/mux/route.go:432.19,434.4 1 1
github.com/gorilla/mux/route.go:434.9,436.4 1 1
github.com/gorilla/mux/route.go:438.2,438.32 1 1
github.com/gorilla/mux/route.go:449.51,450.28 1 1
github.com/gorilla/mux/route.go:450.28,452.3 1 1
github.com/gorilla/mux/route.go:453.2,453.22 1 1
github.com/gorilla/mux/route.go:453.22,455.3 1 1
github.com/gorilla/mux/route.go:456.2,456.45 1 1
github.com/gorilla/mux/route.go:467.55,468.28 1 1
github.com/gorilla/mux/route.go:468.28,471.65 2 1
github.com/gorilla/mux/route.go:471.65,473.4 1 1
github.com/gorilla/mux/route.go:474.8,476.3 1 1
github.com/gorilla/mux/route.go:477.2,477.10 1 1
github.com/gorilla/mux/route.go:494.37,499.2 3 1
github.com/gorilla/mux/route.go:543.56,544.18 1 1
github.com/gorilla/mux/route.go:544.18,546.3 1 0
github.com/gorilla/mux/route.go:547.2,548.16 2 1
github.com/gorilla/mux/route.go:548.16,550.3 1 0
github.com/gorilla/mux/route.go:551.2,553.26 3 1
github.com/gorilla/mux/route.go:553.26,554.56 1 1
github.com/gorilla/mux/route.go:554.56,556.4 1 0
github.com/gorilla/mux/route.go:557.3,558.26 2 1
github.com/gorilla/mux/route.go:558.26,560.4 1 1
github.com/gorilla/mux/route.go:562.2,562.26 1 1
github.com/gorilla/mux/route.go:562.26,563.56 1 1
github.com/gorilla/mux/route.go:563.56,565.4 1 0
github.com/gorilla/mux/route.go:567.2,567.37 1 1
github.com/gorilla/mux/route.go:567.37,569.45 2 1
github.com/gorilla/mux/route.go:569.45,571.4 1 0
github.com/gorilla/mux/route.go:572.3,572.35 1 1
github.com/gorilla/mux/route.go:574.2,579.8 1 1
github.com/gorilla/mux/route.go:585.60,586.18 1 1
github.com/gorilla/mux/route.go:586.18,588.3 1 0
github.com/gorilla/mux/route.go:589.2,589.26 1 1
github.com/gorilla/mux/route.go:589.26,591.3 1 0
github.com/gorilla/mux/route.go:592.2,593.16 2 1
github.com/gorilla/mux/route.go:593.16,595.3 1 0
github.com/gorilla/mux/route.go:596.2,597.16 2 1
github.com/gorilla/mux/route.go:597.16,599.3 1 0
github.com/gorilla/mux/route.go:600.2,604.25 2 1
github.com/gorilla/mux/route.go:604.25,606.3 1 1
github.com/gorilla/mux/route.go:607.2,607.15 1 1
github.com/gorilla/mux/route.go:613.60,614.18 1 1
github.com/gorilla/mux/route.go:614.18,616.3 1 0
github.com/gorilla/mux/route.go:617.2,617.26 1 1
github.com/gorilla/mux/route.go:617.26,619.3 1 0
github.com/gorilla/mux/route.go:620.2,621.16 2 1
github.com/gorilla/mux/route.go:621.16,623.3 1 0
github.com/gorilla/mux/route.go:624.2,625.16 2 1
github.com/gorilla/mux/route.go:625.16,627.3 1 0
github.com/gorilla/mux/route.go:628.2,630.8 1 1
github.com/gorilla/mux/route.go:638.51,639.18 1 1
github.com/gorilla/mux/route.go:639.18,641.3 1 0
github.com/gorilla/mux/route.go:642.2,642.26 1 1
github.com/gorilla/mux/route.go:642.26,644.3 1 1
github.com/gorilla/mux/route.go:645.2,645.36 1 1
github.com/gorilla/mux/route.go:652.49,653.18 1 1
github.com/gorilla/mux/route.go:653.18,655.3 1 0
github.com/gorilla/mux/route.go:656.2,656.26 1 1
github.com/gorilla/mux/route.go:656.26,658.3 1 0
github.com/gorilla/mux/route.go:659.2,659.43 1 1
github.com/gorilla/mux/route.go:667.54,668.18 1 1
github.com/gorilla/mux/route.go:668.18,670.3 1 0
github.com/gorilla/mux/route.go:671.2,671.29 1 1
github.com/gorilla/mux/route.go:671.29,673.3 1 0
github.com/gorilla/mux/route.go:674.2,675.41 2 1
github.com/gorilla/mux/route.go:675.41,677.3 1 1
github.com/gorilla/mux/route.go:678.2,678.21 1 1
github.com/gorilla/mux/route.go:686.57,687.18 1 1
github.com/gorilla/mux/route.go:687.18,689.3 1 0
github.com/gorilla/mux/route.go:690.2,690.29 1 1
github.com/gorilla/mux/route.go:690.29,692.3 1 0
github.com/gorilla/mux/route.go:693.2,694.41 2 1
github.com/gorilla/mux/route.go:694.41,696.3 1 1
github.com/gorilla/mux/route.go:697.2,697.21 1 1
github.com/gorilla/mux/route.go:704.48,705.18 1 1
github.com/gorilla/mux/route.go:705.18,707.3 1 0
github.com/gorilla/mux/route.go:708.2,708.31 1 1
github.com/gorilla/mux/route.go:708.31,709.43 1 1
github.com/gorilla/mux/route.go:709.43,711.4 1 1
github.com/gorilla/mux/route.go:713.2,713.59 1 1
github.com/gorilla/mux/route.go:721.51,722.18 1 1
github.com/gorilla/mux/route.go:722.18,724.3 1 0
github.com/gorilla/mux/route.go:725.2,725.26 1 1
github.com/gorilla/mux/route.go:725.26,727.3 1 1
github.com/gorilla/mux/route.go:728.2,728.36 1 1
github.com/gorilla/mux/route.go:733.49,734.18 1 1
github.com/gorilla/mux/route.go:734.18,736.3 1 0
github.com/gorilla/mux/route.go:737.2,738.26 2 1
github.com/gorilla/mux/route.go:738.26,740.3 1 1
github.com/gorilla/mux/route.go:741.2,741.26 1 1
github.com/gorilla/mux/route.go:741.26,743.3 1 1
github.com/gorilla/mux/route.go:744.2,744.40 1 1
github.com/gorilla/mux/route.go:744.40,746.3 1 1
github.com/gorilla/mux/route.go:747.2,747.22 1 1
github.com/gorilla/mux/route.go:752.73,754.16 2 1
github.com/gorilla/mux/route.go:754.16,756.3 1 0
github.com/gorilla/mux/route.go:757.2,757.28 1 1
github.com/gorilla/mux/route.go:760.66,761.28 1 1
github.com/gorilla/mux/route.go:761.28,763.3 1 1
github.com/gorilla/mux/route.go:764.2,764.10 1 1
github.com/gorilla/mux/test_helpers.go:17.71,19.2 1 1
