mode: set
github.com/approvals/go-approval-tests/reporters/all_failing.go:10.43,12.2 1 0
github.com/approvals/go-approval-tests/reporters/all_failing.go:14.41,16.2 1 0
github.com/approvals/go-approval-tests/reporters/all_failing.go:18.61,22.2 3 0
github.com/approvals/go-approval-tests/reporters/beyond_compare.go:10.42,12.2 1 0
github.com/approvals/go-approval-tests/reporters/beyond_compare.go:14.64,17.22 3 0
github.com/approvals/go-approval-tests/reporters/beyond_compare.go:18.19,19.62 1 0
github.com/approvals/go-approval-tests/reporters/beyond_compare.go:20.18,21.72 1 0
github.com/approvals/go-approval-tests/reporters/beyond_compare.go:22.17,23.36 1 0
github.com/approvals/go-approval-tests/reporters/beyond_compare.go:26.2,26.52 1 0
github.com/approvals/go-approval-tests/reporters/clipboard.go:13.38,15.2 1 0
github.com/approvals/go-approval-tests/reporters/clipboard.go:17.60,20.2 2 0
github.com/approvals/go-approval-tests/reporters/clipboard.go:22.40,23.22 1 0
github.com/approvals/go-approval-tests/reporters/clipboard.go:24.19,25.38 1 0
github.com/approvals/go-approval-tests/reporters/clipboard.go:26.10,27.37 1 0
github.com/approvals/go-approval-tests/reporters/clipboard.go:31.59,37.22 4 0
github.com/approvals/go-approval-tests/reporters/clipboard.go:38.19,39.74 1 0
github.com/approvals/go-approval-tests/reporters/clipboard.go:40.10,41.61 1 0
github.com/approvals/go-approval-tests/reporters/clipboard.go:44.2,44.13 1 0
github.com/approvals/go-approval-tests/reporters/clipboard.go:46.47,48.2 1 0
github.com/approvals/go-approval-tests/reporters/clipboard.go:50.46,52.2 1 0
github.com/approvals/go-approval-tests/reporters/clipboard.go:54.51,57.16 3 0
github.com/approvals/go-approval-tests/reporters/clipboard.go:57.16,60.3 2 0
github.com/approvals/go-approval-tests/reporters/clipboard.go:61.2,65.13 4 0
github.com/approvals/go-approval-tests/reporters/continuous_integration.go:13.50,15.2 1 1
github.com/approvals/go-approval-tests/reporters/continuous_integration.go:17.72,20.12 2 1
github.com/approvals/go-approval-tests/reporters/continuous_integration.go:20.12,22.23 2 1
github.com/approvals/go-approval-tests/reporters/continuous_integration.go:22.23,25.4 2 1
github.com/approvals/go-approval-tests/reporters/continuous_integration.go:28.2,28.14 1 0
github.com/approvals/go-approval-tests/reporters/diff_reporter.go:10.40,14.2 1 0
github.com/approvals/go-approval-tests/reporters/diff_reporter.go:17.33,27.2 1 0
github.com/approvals/go-approval-tests/reporters/diff_reporter.go:29.71,30.39 1 0
github.com/approvals/go-approval-tests/reporters/diff_reporter.go:30.39,32.3 1 0
github.com/approvals/go-approval-tests/reporters/diff_reporter.go:34.2,38.13 4 0
github.com/approvals/go-approval-tests/reporters/diff_reporters_generated.go:9.45,11.2 1 0
github.com/approvals/go-approval-tests/reporters/diff_reporters_generated.go:16.41,18.2 1 0
github.com/approvals/go-approval-tests/reporters/diff_reporters_generated.go:20.63,21.32 1 0
github.com/approvals/go-approval-tests/reporters/diff_reporters_generated.go:21.32,23.3 1 0
github.com/approvals/go-approval-tests/reporters/diff_reporters_generated.go:24.2,26.54 3 0
github.com/approvals/go-approval-tests/reporters/diff_reporters_generated.go:31.41,33.2 1 0
github.com/approvals/go-approval-tests/reporters/diff_reporters_generated.go:35.63,36.32 1 0
github.com/approvals/go-approval-tests/reporters/diff_reporters_generated.go:36.32,38.3 1 0
github.com/approvals/go-approval-tests/reporters/diff_reporters_generated.go:39.2,41.54 3 0
github.com/approvals/go-approval-tests/reporters/diff_reporters_generated.go:46.45,48.2 1 0
github.com/approvals/go-approval-tests/reporters/diff_reporters_generated.go:50.67,51.32 1 0
github.com/approvals/go-approval-tests/reporters/diff_reporters_generated.go:51.32,53.3 1 0
github.com/approvals/go-approval-tests/reporters/diff_reporters_generated.go:54.2,56.54 3 0
github.com/approvals/go-approval-tests/reporters/diff_reporters_generated.go:61.44,63.2 1 0
github.com/approvals/go-approval-tests/reporters/diff_reporters_generated.go:65.66,66.32 1 0
github.com/approvals/go-approval-tests/reporters/diff_reporters_generated.go:66.32,68.3 1 0
github.com/approvals/go-approval-tests/reporters/diff_reporters_generated.go:69.2,71.54 3 0
github.com/approvals/go-approval-tests/reporters/diff_reporters_generated.go:76.45,78.2 1 0
github.com/approvals/go-approval-tests/reporters/diff_reporters_generated.go:80.67,81.32 1 0
github.com/approvals/go-approval-tests/reporters/diff_reporters_generated.go:81.32,83.3 1 0
github.com/approvals/go-approval-tests/reporters/diff_reporters_generated.go:84.2,86.54 3 0
github.com/approvals/go-approval-tests/reporters/diff_reporters_generated.go:91.38,93.2 1 0
github.com/approvals/go-approval-tests/reporters/diff_reporters_generated.go:95.60,96.32 1 0
github.com/approvals/go-approval-tests/reporters/diff_reporters_generated.go:96.32,98.3 1 0
github.com/approvals/go-approval-tests/reporters/diff_reporters_generated.go:99.2,101.54 3 0
github.com/approvals/go-approval-tests/reporters/diff_reporters_generated.go:106.39,108.2 1 0
github.com/approvals/go-approval-tests/reporters/diff_reporters_generated.go:110.61,111.32 1 0
github.com/approvals/go-approval-tests/reporters/diff_reporters_generated.go:111.32,113.3 1 0
github.com/approvals/go-approval-tests/reporters/diff_reporters_generated.go:114.2,116.54 3 0
github.com/approvals/go-approval-tests/reporters/diff_reporters_generated.go:121.38,123.2 1 0
github.com/approvals/go-approval-tests/reporters/diff_reporters_generated.go:125.60,126.32 1 0
github.com/approvals/go-approval-tests/reporters/diff_reporters_generated.go:126.32,128.3 1 0
github.com/approvals/go-approval-tests/reporters/diff_reporters_generated.go:129.2,131.54 3 0
github.com/approvals/go-approval-tests/reporters/diff_reporters_generated.go:136.48,138.2 1 0
github.com/approvals/go-approval-tests/reporters/diff_reporters_generated.go:140.70,141.32 1 0
github.com/approvals/go-approval-tests/reporters/diff_reporters_generated.go:141.32,143.3 1 0
github.com/approvals/go-approval-tests/reporters/diff_reporters_generated.go:144.2,146.54 3 0
github.com/approvals/go-approval-tests/reporters/diff_reporters_generated.go:151.43,153.2 1 0
github.com/approvals/go-approval-tests/reporters/diff_reporters_generated.go:155.65,156.32 1 0
github.com/approvals/go-approval-tests/reporters/diff_reporters_generated.go:156.32,158.3 1 0
github.com/approvals/go-approval-tests/reporters/diff_reporters_generated.go:159.2,161.54 3 0
github.com/approvals/go-approval-tests/reporters/diff_reporters_generated.go:166.50,168.2 1 0
github.com/approvals/go-approval-tests/reporters/diff_reporters_generated.go:170.72,171.33 1 0
github.com/approvals/go-approval-tests/reporters/diff_reporters_generated.go:171.33,173.3 1 0
github.com/approvals/go-approval-tests/reporters/diff_reporters_generated.go:174.2,176.54 3 0
github.com/approvals/go-approval-tests/reporters/diff_reporters_generated.go:181.50,183.2 1 0
github.com/approvals/go-approval-tests/reporters/diff_reporters_generated.go:185.72,186.33 1 0
github.com/approvals/go-approval-tests/reporters/diff_reporters_generated.go:186.33,188.3 1 0
github.com/approvals/go-approval-tests/reporters/diff_reporters_generated.go:189.2,191.54 3 0
github.com/approvals/go-approval-tests/reporters/diff_reporters_generated.go:196.50,198.2 1 0
github.com/approvals/go-approval-tests/reporters/diff_reporters_generated.go:200.72,201.33 1 0
github.com/approvals/go-approval-tests/reporters/diff_reporters_generated.go:201.33,203.3 1 0
github.com/approvals/go-approval-tests/reporters/diff_reporters_generated.go:204.2,206.54 3 0
github.com/approvals/go-approval-tests/reporters/diff_reporters_generated.go:211.53,213.2 1 0
github.com/approvals/go-approval-tests/reporters/diff_reporters_generated.go:215.75,216.33 1 0
github.com/approvals/go-approval-tests/reporters/diff_reporters_generated.go:216.33,218.3 1 0
github.com/approvals/go-approval-tests/reporters/diff_reporters_generated.go:219.2,221.54 3 0
github.com/approvals/go-approval-tests/reporters/diff_reporters_generated.go:226.52,228.2 1 0
github.com/approvals/go-approval-tests/reporters/diff_reporters_generated.go:230.74,231.33 1 0
github.com/approvals/go-approval-tests/reporters/diff_reporters_generated.go:231.33,233.3 1 0
github.com/approvals/go-approval-tests/reporters/diff_reporters_generated.go:234.2,236.54 3 0
github.com/approvals/go-approval-tests/reporters/diff_reporters_generated.go:241.56,243.2 1 0
github.com/approvals/go-approval-tests/reporters/diff_reporters_generated.go:245.78,246.33 1 0
github.com/approvals/go-approval-tests/reporters/diff_reporters_generated.go:246.33,248.3 1 0
github.com/approvals/go-approval-tests/reporters/diff_reporters_generated.go:249.2,251.54 3 0
github.com/approvals/go-approval-tests/reporters/diff_reporters_generated.go:256.55,258.2 1 0
github.com/approvals/go-approval-tests/reporters/diff_reporters_generated.go:260.77,261.33 1 0
github.com/approvals/go-approval-tests/reporters/diff_reporters_generated.go:261.33,263.3 1 0
github.com/approvals/go-approval-tests/reporters/diff_reporters_generated.go:264.2,266.54 3 0
github.com/approvals/go-approval-tests/reporters/diff_reporters_generated.go:271.52,273.2 1 0
github.com/approvals/go-approval-tests/reporters/diff_reporters_generated.go:275.74,276.33 1 0
github.com/approvals/go-approval-tests/reporters/diff_reporters_generated.go:276.33,278.3 1 0
github.com/approvals/go-approval-tests/reporters/diff_reporters_generated.go:279.2,281.54 3 0
github.com/approvals/go-approval-tests/reporters/diff_reporters_generated.go:286.47,288.2 1 0
github.com/approvals/go-approval-tests/reporters/diff_reporters_generated.go:290.69,291.33 1 0
github.com/approvals/go-approval-tests/reporters/diff_reporters_generated.go:291.33,293.3 1 0
github.com/approvals/go-approval-tests/reporters/diff_reporters_generated.go:294.2,296.54 3 0
github.com/approvals/go-approval-tests/reporters/diff_reporters_generated.go:301.47,303.2 1 0
github.com/approvals/go-approval-tests/reporters/diff_reporters_generated.go:305.69,306.33 1 0
github.com/approvals/go-approval-tests/reporters/diff_reporters_generated.go:306.33,308.3 1 0
github.com/approvals/go-approval-tests/reporters/diff_reporters_generated.go:309.2,311.54 3 0
github.com/approvals/go-approval-tests/reporters/diff_reporters_generated.go:316.42,318.2 1 0
github.com/approvals/go-approval-tests/reporters/diff_reporters_generated.go:320.64,321.33 1 0
github.com/approvals/go-approval-tests/reporters/diff_reporters_generated.go:321.33,323.3 1 0
github.com/approvals/go-approval-tests/reporters/diff_reporters_generated.go:324.2,326.54 3 0
github.com/approvals/go-approval-tests/reporters/diff_reporters_generated.go:331.52,333.2 1 0
github.com/approvals/go-approval-tests/reporters/diff_reporters_generated.go:335.74,336.33 1 0
github.com/approvals/go-approval-tests/reporters/diff_reporters_generated.go:336.33,338.3 1 0
github.com/approvals/go-approval-tests/reporters/diff_reporters_generated.go:339.2,341.54 3 0
github.com/approvals/go-approval-tests/reporters/diff_reporters_generated.go:346.43,348.2 1 0
github.com/approvals/go-approval-tests/reporters/diff_reporters_generated.go:350.65,351.31 1 0
github.com/approvals/go-approval-tests/reporters/diff_reporters_generated.go:351.31,353.3 1 0
github.com/approvals/go-approval-tests/reporters/diff_reporters_generated.go:354.2,356.54 3 0
github.com/approvals/go-approval-tests/reporters/diff_reporters_generated.go:361.43,363.2 1 0
github.com/approvals/go-approval-tests/reporters/diff_reporters_generated.go:365.65,366.31 1 0
github.com/approvals/go-approval-tests/reporters/diff_reporters_generated.go:366.31,368.3 1 0
github.com/approvals/go-approval-tests/reporters/diff_reporters_generated.go:369.2,371.54 3 0
github.com/approvals/go-approval-tests/reporters/diff_reporters_generated.go:376.40,378.2 1 0
github.com/approvals/go-approval-tests/reporters/diff_reporters_generated.go:380.62,381.31 1 0
github.com/approvals/go-approval-tests/reporters/diff_reporters_generated.go:381.31,383.3 1 0
github.com/approvals/go-approval-tests/reporters/diff_reporters_generated.go:384.2,386.54 3 0
github.com/approvals/go-approval-tests/reporters/diff_reporters_generated.go:391.44,393.2 1 0
github.com/approvals/go-approval-tests/reporters/diff_reporters_generated.go:395.66,396.32 1 0
github.com/approvals/go-approval-tests/reporters/diff_reporters_generated.go:396.32,398.3 1 0
github.com/approvals/go-approval-tests/reporters/diff_reporters_generated.go:399.2,401.54 3 0
github.com/approvals/go-approval-tests/reporters/diff_reporters_generated.go:406.48,408.2 1 0
github.com/approvals/go-approval-tests/reporters/diff_reporters_generated.go:410.70,411.33 1 0
github.com/approvals/go-approval-tests/reporters/diff_reporters_generated.go:411.33,413.3 1 0
github.com/approvals/go-approval-tests/reporters/diff_reporters_generated.go:414.2,416.54 3 0
github.com/approvals/go-approval-tests/reporters/diff_reporters_generated.go:421.46,423.2 1 0
github.com/approvals/go-approval-tests/reporters/diff_reporters_generated.go:425.68,426.31 1 0
github.com/approvals/go-approval-tests/reporters/diff_reporters_generated.go:426.31,428.3 1 0
github.com/approvals/go-approval-tests/reporters/diff_reporters_generated.go:429.2,431.54 3 0
github.com/approvals/go-approval-tests/reporters/diff_reporters_generated.go:436.38,438.2 1 0
github.com/approvals/go-approval-tests/reporters/diff_reporters_generated.go:440.60,441.32 1 0
github.com/approvals/go-approval-tests/reporters/diff_reporters_generated.go:441.32,443.3 1 0
github.com/approvals/go-approval-tests/reporters/diff_reporters_generated.go:444.2,446.54 3 0
github.com/approvals/go-approval-tests/reporters/diff_reporters_generated.go:451.49,453.2 1 0
github.com/approvals/go-approval-tests/reporters/diff_reporters_generated.go:455.71,456.31 1 0
github.com/approvals/go-approval-tests/reporters/diff_reporters_generated.go:456.31,458.3 1 0
github.com/approvals/go-approval-tests/reporters/diff_reporters_generated.go:459.2,461.54 3 0
github.com/approvals/go-approval-tests/reporters/diff_reporters_generated.go:466.47,468.2 1 0
github.com/approvals/go-approval-tests/reporters/diff_reporters_generated.go:470.69,471.32 1 0
github.com/approvals/go-approval-tests/reporters/diff_reporters_generated.go:471.32,473.3 1 0
github.com/approvals/go-approval-tests/reporters/diff_reporters_generated.go:474.2,476.54 3 0
github.com/approvals/go-approval-tests/reporters/diff_reporters_generated.go:481.42,497.2 1 0
github.com/approvals/go-approval-tests/reporters/diff_reporters_generated.go:499.64,500.32 1 0
github.com/approvals/go-approval-tests/reporters/diff_reporters_generated.go:500.32,502.3 1 0
github.com/approvals/go-approval-tests/reporters/diff_reporters_generated.go:503.2,517.30 1 0
github.com/approvals/go-approval-tests/reporters/diff_reporters_generated.go:522.46,538.2 1 0
github.com/approvals/go-approval-tests/reporters/diff_reporters_generated.go:540.68,541.33 1 0
github.com/approvals/go-approval-tests/reporters/diff_reporters_generated.go:541.33,543.3 1 0
github.com/approvals/go-approval-tests/reporters/diff_reporters_generated.go:544.2,558.30 1 0
github.com/approvals/go-approval-tests/reporters/diff_reporters_generated.go:563.44,571.2 1 0
github.com/approvals/go-approval-tests/reporters/diff_reporters_generated.go:573.66,574.31 1 0
github.com/approvals/go-approval-tests/reporters/diff_reporters_generated.go:574.31,576.3 1 0
github.com/approvals/go-approval-tests/reporters/diff_reporters_generated.go:577.2,583.30 1 0
github.com/approvals/go-approval-tests/reporters/diff_reporters_generated.go:588.45,593.2 1 0
github.com/approvals/go-approval-tests/reporters/diff_reporters_generated.go:595.67,600.2 1 0
github.com/approvals/go-approval-tests/reporters/diff_reporters_generated.go:604.47,611.2 1 0
github.com/approvals/go-approval-tests/reporters/diff_reporters_generated.go:613.69,620.2 1 0
github.com/approvals/go-approval-tests/reporters/diff_reporters_generated.go:624.49,629.2 1 0
github.com/approvals/go-approval-tests/reporters/diff_reporters_generated.go:631.71,636.2 1 0
github.com/approvals/go-approval-tests/reporters/diff_reporters_generated.go:640.43,645.2 1 0
github.com/approvals/go-approval-tests/reporters/diff_reporters_generated.go:647.65,652.2 1 0
github.com/approvals/go-approval-tests/reporters/diff_reporters_generated.go:656.46,661.2 1 0
github.com/approvals/go-approval-tests/reporters/diff_reporters_generated.go:663.68,668.2 1 0
github.com/approvals/go-approval-tests/reporters/diff_reporters_generated.go:672.40,678.2 1 0
github.com/approvals/go-approval-tests/reporters/diff_reporters_generated.go:680.62,686.2 1 0
github.com/approvals/go-approval-tests/reporters/diff_reporters_generated.go:690.46,696.2 1 0
github.com/approvals/go-approval-tests/reporters/diff_reporters_generated.go:698.68,704.2 1 0
github.com/approvals/go-approval-tests/reporters/diff_reporters_generated.go:708.42,713.2 1 0
github.com/approvals/go-approval-tests/reporters/diff_reporters_generated.go:715.64,720.2 1 0
github.com/approvals/go-approval-tests/reporters/diff_reporters_generated.go:724.45,729.2 1 0
github.com/approvals/go-approval-tests/reporters/diff_reporters_generated.go:731.67,736.2 1 0
github.com/approvals/go-approval-tests/reporters/diff_reporters_generated.go:740.50,745.2 1 0
github.com/approvals/go-approval-tests/reporters/diff_reporters_generated.go:747.72,752.2 1 0
github.com/approvals/go-approval-tests/reporters/file_launcher.go:11.41,13.2 1 0
github.com/approvals/go-approval-tests/reporters/file_launcher.go:15.63,18.22 2 0
github.com/approvals/go-approval-tests/reporters/file_launcher.go:19.19,20.75 1 0
github.com/approvals/go-approval-tests/reporters/file_launcher.go:21.17,22.15 1 0
github.com/approvals/go-approval-tests/reporters/file_launcher.go:23.10,24.39 1 0
github.com/approvals/go-approval-tests/reporters/file_launcher.go:27.2,28.13 2 0
github.com/approvals/go-approval-tests/reporters/goland.go:8.35,10.2 1 0
github.com/approvals/go-approval-tests/reporters/goland.go:12.57,15.22 3 0
github.com/approvals/go-approval-tests/reporters/goland.go:16.19,17.26 1 0
github.com/approvals/go-approval-tests/reporters/goland.go:18.18,19.65 1 0
github.com/approvals/go-approval-tests/reporters/goland.go:20.17,21.40 1 0
github.com/approvals/go-approval-tests/reporters/goland.go:24.2,24.52 1 0
github.com/approvals/go-approval-tests/reporters/intellij.go:8.37,10.2 1 0
github.com/approvals/go-approval-tests/reporters/intellij.go:12.59,16.22 3 0
github.com/approvals/go-approval-tests/reporters/intellij.go:17.19,18.83 1 0
github.com/approvals/go-approval-tests/reporters/intellij.go:19.18,20.70 1 0
github.com/approvals/go-approval-tests/reporters/intellij.go:21.17,22.38 1 0
github.com/approvals/go-approval-tests/reporters/intellij.go:25.2,25.52 1 0
github.com/approvals/go-approval-tests/reporters/newbie.go:10.55,12.2 1 0
github.com/approvals/go-approval-tests/reporters/newbie.go:14.77,21.2 2 0
github.com/approvals/go-approval-tests/reporters/quiet.go:13.34,15.2 1 0
github.com/approvals/go-approval-tests/reporters/quiet.go:17.56,21.35 3 0
github.com/approvals/go-approval-tests/reporters/quiet.go:21.35,23.3 1 0
github.com/approvals/go-approval-tests/reporters/quiet.go:23.8,25.3 1 0
github.com/approvals/go-approval-tests/reporters/quiet.go:27.2,27.13 1 0
github.com/approvals/go-approval-tests/reporters/reporter.go:15.71,16.39 1 1
github.com/approvals/go-approval-tests/reporters/reporter.go:16.39,18.13 2 1
github.com/approvals/go-approval-tests/reporters/reporter.go:18.13,20.4 1 1
github.com/approvals/go-approval-tests/reporters/reporter.go:23.2,23.14 1 0
github.com/approvals/go-approval-tests/reporters/reporter.go:27.62,31.2 1 1
github.com/approvals/go-approval-tests/reporters/reporter.go:39.64,41.39 2 1
github.com/approvals/go-approval-tests/reporters/reporter.go:41.39,43.3 1 1
github.com/approvals/go-approval-tests/reporters/reporter.go:45.2,45.15 1 1
github.com/approvals/go-approval-tests/reporters/reporter.go:49.55,53.2 1 1
github.com/approvals/go-approval-tests/reporters/reporter_that_automatically_approves.go:12.54,14.2 1 0
github.com/approvals/go-approval-tests/reporters/reporter_that_automatically_approves.go:16.84,25.45 4 0
github.com/approvals/go-approval-tests/reporters/reporter_that_automatically_approves.go:25.45,27.17 2 0
github.com/approvals/go-approval-tests/reporters/reporter_that_automatically_approves.go:27.17,30.4 2 0
github.com/approvals/go-approval-tests/reporters/reporter_that_automatically_approves.go:33.2,35.16 2 0
github.com/approvals/go-approval-tests/reporters/reporter_that_automatically_approves.go:35.16,38.3 2 0
github.com/approvals/go-approval-tests/reporters/reporter_that_automatically_approves.go:40.2,40.13 1 0
github.com/approvals/go-approval-tests/reporters/reporter_that_automatically_approves_the_first_time.go:9.66,11.2 1 0
github.com/approvals/go-approval-tests/reporters/reporter_that_automatically_approves_the_first_time.go:13.96,16.45 1 0
github.com/approvals/go-approval-tests/reporters/reporter_that_automatically_approves_the_first_time.go:16.45,18.3 1 0
github.com/approvals/go-approval-tests/reporters/reporter_that_automatically_approves_the_first_time.go:21.2,21.74 1 0
github.com/approvals/go-approval-tests/reporters/reporter_that_creates_an_approval_script.go:20.56,23.2 2 0
github.com/approvals/go-approval-tests/reporters/reporter_that_creates_an_approval_script.go:25.65,31.2 3 0
github.com/approvals/go-approval-tests/reporters/reporter_that_creates_an_approval_script.go:33.23,34.20 1 0
github.com/approvals/go-approval-tests/reporters/reporter_that_creates_an_approval_script.go:34.20,36.3 1 0
github.com/approvals/go-approval-tests/reporters/reporter_that_creates_an_approval_script.go:38.2,44.16 4 0
github.com/approvals/go-approval-tests/reporters/reporter_that_creates_an_approval_script.go:44.16,47.3 2 0
github.com/approvals/go-approval-tests/reporters/reporter_that_creates_an_approval_script.go:48.2,52.73 3 0
github.com/approvals/go-approval-tests/reporters/systemout_reporter.go:13.38,15.2 1 1
github.com/approvals/go-approval-tests/reporters/systemout_reporter.go:17.60,28.2 6 1
github.com/approvals/go-approval-tests/reporters/systemout_reporter.go:30.43,32.16 2 1
github.com/approvals/go-approval-tests/reporters/systemout_reporter.go:32.16,34.3 1 1
github.com/approvals/go-approval-tests/reporters/systemout_reporter.go:35.2,35.49 1 1
github.com/approvals/go-approval-tests/reporters/vscode.go:8.35,10.2 1 0
github.com/approvals/go-approval-tests/reporters/vscode.go:12.57,14.16 2 0
github.com/approvals/go-approval-tests/reporters/vscode.go:14.16,16.3 1 0
github.com/approvals/go-approval-tests/reporters/vscode.go:18.2,19.52 2 0
github.com/approvals/go-approval-tests/approval_name.go:7.57,9.2 1 1
github.com/approvals/go-approval-tests/approvals.go:30.103,33.2 2 0
github.com/approvals/go-approval-tests/approvals.go:38.71,41.19 2 1
github.com/approvals/go-approval-tests/approvals.go:41.19,42.88 1 1
github.com/approvals/go-approval-tests/approvals.go:45.2,46.19 2 1
github.com/approvals/go-approval-tests/approvals.go:46.19,48.3 1 1
github.com/approvals/go-approval-tests/approvals.go:50.2,51.16 2 1
github.com/approvals/go-approval-tests/approvals.go:51.16,52.13 1 0
github.com/approvals/go-approval-tests/approvals.go:55.2,63.16 7 1
github.com/approvals/go-approval-tests/approvals.go:63.16,67.3 3 1
github.com/approvals/go-approval-tests/approvals.go:67.8,69.3 1 1
github.com/approvals/go-approval-tests/approvals.go:74.69,78.2 3 1
github.com/approvals/go-approval-tests/approvals.go:83.79,87.16 4 1
github.com/approvals/go-approval-tests/approvals.go:87.16,89.39 2 1
github.com/approvals/go-approval-tests/approvals.go:89.39,91.4 1 1
github.com/approvals/go-approval-tests/approvals.go:92.3,93.49 2 1
github.com/approvals/go-approval-tests/approvals.go:94.8,96.3 1 1
github.com/approvals/go-approval-tests/approvals.go:102.72,113.16 5 1
github.com/approvals/go-approval-tests/approvals.go:113.16,116.3 2 1
github.com/approvals/go-approval-tests/approvals.go:116.8,118.3 1 1
github.com/approvals/go-approval-tests/approvals.go:124.80,128.16 4 1
github.com/approvals/go-approval-tests/approvals.go:128.16,131.3 2 0
github.com/approvals/go-approval-tests/approvals.go:131.8,133.3 1 1
github.com/approvals/go-approval-tests/approvals.go:139.73,143.16 4 1
github.com/approvals/go-approval-tests/approvals.go:143.16,146.3 2 1
github.com/approvals/go-approval-tests/approvals.go:146.8,148.3 1 1
github.com/approvals/go-approval-tests/approvals.go:154.71,158.2 3 1
github.com/approvals/go-approval-tests/approvals.go:163.77,167.2 3 1
github.com/approvals/go-approval-tests/approvals.go:172.131,174.22 2 1
github.com/approvals/go-approval-tests/approvals.go:174.22,176.3 1 1
github.com/approvals/go-approval-tests/approvals.go:178.2,179.38 2 1
github.com/approvals/go-approval-tests/approvals.go:186.40,189.2 2 1
github.com/approvals/go-approval-tests/approvals.go:195.51,198.2 2 1
github.com/approvals/go-approval-tests/approvals.go:212.57,219.2 3 1
github.com/approvals/go-approval-tests/approvals.go:224.68,231.2 3 1
github.com/approvals/go-approval-tests/approvals.go:233.39,238.2 1 1
github.com/approvals/go-approval-tests/approvals.go:251.26,253.2 1 1
github.com/approvals/go-approval-tests/combination_approvals.go:24.125,25.76 1 1
github.com/approvals/go-approval-tests/combination_approvals.go:25.76,27.3 1 1
github.com/approvals/go-approval-tests/combination_approvals.go:29.2,37.19 1 1
github.com/approvals/go-approval-tests/combination_approvals.go:49.40,50.76 1 1
github.com/approvals/go-approval-tests/combination_approvals.go:50.76,52.3 1 1
github.com/approvals/go-approval-tests/combination_approvals.go:54.2,62.19 1 1
github.com/approvals/go-approval-tests/combination_approvals.go:70.53,71.73 1 0
github.com/approvals/go-approval-tests/combination_approvals.go:71.73,73.3 1 0
github.com/approvals/go-approval-tests/combination_approvals.go:75.2,84.19 1 0
github.com/approvals/go-approval-tests/combination_approvals.go:92.66,93.73 1 0
github.com/approvals/go-approval-tests/combination_approvals.go:93.73,95.3 1 0
github.com/approvals/go-approval-tests/combination_approvals.go:97.2,106.19 1 0
github.com/approvals/go-approval-tests/combination_approvals.go:114.79,115.73 1 0
github.com/approvals/go-approval-tests/combination_approvals.go:115.73,117.3 1 0
github.com/approvals/go-approval-tests/combination_approvals.go:119.2,128.19 1 0
github.com/approvals/go-approval-tests/combination_approvals.go:136.92,137.73 1 0
github.com/approvals/go-approval-tests/combination_approvals.go:137.73,139.3 1 0
github.com/approvals/go-approval-tests/combination_approvals.go:141.2,150.19 1 0
github.com/approvals/go-approval-tests/combination_approvals.go:158.105,159.73 1 0
github.com/approvals/go-approval-tests/combination_approvals.go:159.73,161.3 1 0
github.com/approvals/go-approval-tests/combination_approvals.go:163.2,172.19 1 0
github.com/approvals/go-approval-tests/combination_approvals.go:180.118,181.73 1 0
github.com/approvals/go-approval-tests/combination_approvals.go:181.73,183.3 1 0
github.com/approvals/go-approval-tests/combination_approvals.go:185.2,194.19 1 0
github.com/approvals/go-approval-tests/combination_approvals.go:210.27,211.22 1 1
github.com/approvals/go-approval-tests/combination_approvals.go:211.22,213.3 1 1
github.com/approvals/go-approval-tests/combination_approvals.go:215.2,226.39 11 1
github.com/approvals/go-approval-tests/combination_approvals.go:226.39,227.40 1 1
github.com/approvals/go-approval-tests/combination_approvals.go:227.40,228.41 1 1
github.com/approvals/go-approval-tests/combination_approvals.go:228.41,229.42 1 1
github.com/approvals/go-approval-tests/combination_approvals.go:229.42,230.43 1 1
github.com/approvals/go-approval-tests/combination_approvals.go:230.43,231.44 1 1
github.com/approvals/go-approval-tests/combination_approvals.go:231.44,232.45 1 1
github.com/approvals/go-approval-tests/combination_approvals.go:232.45,233.46 1 1
github.com/approvals/go-approval-tests/combination_approvals.go:233.46,234.47 1 1
github.com/approvals/go-approval-tests/combination_approvals.go:234.47,247.51 12 1
github.com/approvals/go-approval-tests/combination_approvals.go:247.51,249.12 1 1
github.com/approvals/go-approval-tests/combination_approvals.go:260.2,261.29 2 1
github.com/approvals/go-approval-tests/combination_approvals.go:264.51,266.25 2 1
github.com/approvals/go-approval-tests/combination_approvals.go:266.25,267.17 1 1
github.com/approvals/go-approval-tests/combination_approvals.go:267.17,269.4 1 1
github.com/approvals/go-approval-tests/combination_approvals.go:272.2,275.22 3 1
github.com/approvals/go-approval-tests/combination_approvals.go:288.29,289.15 1 1
github.com/approvals/go-approval-tests/combination_approvals.go:289.15,291.15 2 1
github.com/approvals/go-approval-tests/combination_approvals.go:291.15,293.4 1 0
github.com/approvals/go-approval-tests/combination_approvals.go:296.2,296.54 1 1
github.com/approvals/go-approval-tests/console_output.go:26.40,46.12 11 1
github.com/approvals/go-approval-tests/console_output.go:46.12,49.7 3 1
github.com/approvals/go-approval-tests/console_output.go:49.7,51.13 2 1
github.com/approvals/go-approval-tests/console_output.go:51.13,55.5 3 1
github.com/approvals/go-approval-tests/console_output.go:56.4,56.18 1 1
github.com/approvals/go-approval-tests/console_output.go:56.18,57.10 1 1
github.com/approvals/go-approval-tests/console_output.go:61.2,61.12 1 1
github.com/approvals/go-approval-tests/console_output.go:61.12,64.7 3 1
github.com/approvals/go-approval-tests/console_output.go:64.7,66.13 2 1
github.com/approvals/go-approval-tests/console_output.go:66.13,70.5 3 1
github.com/approvals/go-approval-tests/console_output.go:71.4,71.18 1 1
github.com/approvals/go-approval-tests/console_output.go:71.18,72.10 1 1
github.com/approvals/go-approval-tests/console_output.go:77.2,77.16 1 1
github.com/approvals/go-approval-tests/console_output.go:80.40,82.14 2 1
github.com/approvals/go-approval-tests/console_output.go:82.14,85.3 2 1
github.com/approvals/go-approval-tests/console_output.go:86.2,91.13 5 1
github.com/approvals/go-approval-tests/console_output.go:94.44,99.2 4 1
github.com/approvals/go-approval-tests/console_output.go:101.43,106.2 4 1
github.com/approvals/go-approval-tests/console_output.go:108.55,110.2 1 1
github.com/approvals/go-approval-tests/console_output.go:112.54,114.2 1 1
github.com/approvals/go-approval-tests/console_output.go:116.52,119.2 2 1
github.com/approvals/go-approval-tests/console_output.go:121.39,131.2 6 1
github.com/approvals/go-approval-tests/date_scrubber.go:19.47,20.88 1 1
github.com/approvals/go-approval-tests/date_scrubber.go:20.88,22.3 1 1
github.com/approvals/go-approval-tests/date_scrubber.go:30.46,50.2 1 1
github.com/approvals/go-approval-tests/date_scrubber.go:52.42,55.33 3 0
github.com/approvals/go-approval-tests/date_scrubber.go:55.33,57.3 1 0
github.com/approvals/go-approval-tests/date_scrubber.go:58.2,58.18 1 0
github.com/approvals/go-approval-tests/date_scrubber.go:74.68,76.37 2 1
github.com/approvals/go-approval-tests/date_scrubber.go:76.37,78.46 2 1
github.com/approvals/go-approval-tests/date_scrubber.go:78.46,80.4 1 1
github.com/approvals/go-approval-tests/date_scrubber.go:82.2,84.42 1 1
github.com/approvals/go-approval-tests/date_scrubber.go:87.40,95.2 6 1
github.com/approvals/go-approval-tests/date_scrubber.go:97.36,100.36 3 1
github.com/approvals/go-approval-tests/date_scrubber.go:100.36,102.3 1 1
github.com/approvals/go-approval-tests/date_scrubber.go:103.2,103.18 1 1
github.com/approvals/go-approval-tests/date_scrubber.go:106.82,108.29 2 1
github.com/approvals/go-approval-tests/date_scrubber.go:108.29,110.3 1 1
github.com/approvals/go-approval-tests/date_scrubber.go:112.2,113.16 2 1
github.com/approvals/go-approval-tests/date_scrubber.go:113.16,115.3 1 1
github.com/approvals/go-approval-tests/date_scrubber.go:117.2,117.36 1 1
github.com/approvals/go-approval-tests/date_scrubber.go:117.36,119.3 1 1
github.com/approvals/go-approval-tests/date_scrubber.go:121.2,129.17 4 1
github.com/approvals/go-approval-tests/date_scrubber.go:129.17,136.3 6 1
github.com/approvals/go-approval-tests/date_scrubber.go:138.2,138.12 1 1
github.com/approvals/go-approval-tests/date_scrubber.go:141.33,145.2 3 1
github.com/approvals/go-approval-tests/options.go:19.46,21.2 1 1
github.com/approvals/go-approval-tests/options.go:24.70,26.2 1 0
github.com/approvals/go-approval-tests/options.go:29.46,31.2 1 0
github.com/approvals/go-approval-tests/options.go:33.44,36.2 2 1
github.com/approvals/go-approval-tests/options.go:38.79,40.2 1 1
github.com/approvals/go-approval-tests/options.go:42.59,46.50 3 1
github.com/approvals/go-approval-tests/options.go:46.50,49.9 3 1
github.com/approvals/go-approval-tests/options.go:49.9,52.4 2 1
github.com/approvals/go-approval-tests/options.go:53.3,53.15 1 0
github.com/approvals/go-approval-tests/options.go:57.83,59.2 1 1
github.com/approvals/go-approval-tests/options.go:61.81,63.2 1 1
github.com/approvals/go-approval-tests/options.go:65.96,66.19 1 1
github.com/approvals/go-approval-tests/options.go:66.19,68.3 1 1
github.com/approvals/go-approval-tests/options.go:69.2,69.34 1 1
github.com/approvals/go-approval-tests/options.go:69.34,71.3 1 1
github.com/approvals/go-approval-tests/options.go:72.2,72.21 1 1
github.com/approvals/go-approval-tests/options.go:76.30,78.2 1 1
github.com/approvals/go-approval-tests/options.go:81.67,83.2 1 1
github.com/approvals/go-approval-tests/options.go:86.68,89.2 2 1
github.com/approvals/go-approval-tests/options.go:92.75,93.47 1 1
github.com/approvals/go-approval-tests/options.go:93.47,95.3 1 0
github.com/approvals/go-approval-tests/options.go:96.2,96.67 1 1
github.com/approvals/go-approval-tests/options.go:100.75,102.2 1 1
github.com/approvals/go-approval-tests/options.go:104.67,106.16 2 1
github.com/approvals/go-approval-tests/options.go:106.16,108.3 1 0
github.com/approvals/go-approval-tests/options.go:110.2,113.39 3 1
github.com/approvals/go-approval-tests/options.go:116.99,119.27 2 1
github.com/approvals/go-approval-tests/options.go:119.27,121.3 1 1
github.com/approvals/go-approval-tests/options.go:122.2,125.3 2 1
github.com/approvals/go-approval-tests/options.go:128.55,130.20 2 1
github.com/approvals/go-approval-tests/options.go:130.20,132.3 1 1
github.com/approvals/go-approval-tests/options.go:132.8,134.3 1 1
github.com/approvals/go-approval-tests/options.go:136.2,136.10 1 1
github.com/approvals/go-approval-tests/scrubber.go:13.95,14.45 1 1
github.com/approvals/go-approval-tests/scrubber.go:14.45,16.3 1 1
github.com/approvals/go-approval-tests/scrubber.go:20.74,21.64 1 0
github.com/approvals/go-approval-tests/scrubber.go:21.64,21.83 1 0
github.com/approvals/go-approval-tests/scrubber.go:25.95,26.31 1 1
github.com/approvals/go-approval-tests/scrubber.go:26.31,28.38 2 1
github.com/approvals/go-approval-tests/scrubber.go:28.38,30.11 2 1
github.com/approvals/go-approval-tests/scrubber.go:30.11,33.5 2 1
github.com/approvals/go-approval-tests/scrubber.go:34.4,34.28 1 1
github.com/approvals/go-approval-tests/scrubber.go:36.3,36.50 1 1
github.com/approvals/go-approval-tests/scrubber.go:40.77,41.112 1 1
github.com/approvals/go-approval-tests/scrubber.go:41.112,41.170 1 1
github.com/approvals/go-approval-tests/scrubber.go:45.36,46.31 1 1
github.com/approvals/go-approval-tests/scrubber.go:46.31,48.3 1 1
github.com/approvals/go-approval-tests/scrubber.go:52.58,53.31 1 1
github.com/approvals/go-approval-tests/scrubber.go:53.31,54.38 1 1
github.com/approvals/go-approval-tests/scrubber.go:54.38,56.4 1 1
github.com/approvals/go-approval-tests/scrubber.go:57.3,57.11 1 1
github.com/approvals/go-approval-tests/scrubber.go:61.36,63.66 2 1
github.com/approvals/go-approval-tests/scrubber.go:63.66,63.102 1 1
github.com/approvals/go-approval-tests/stack_trace_namer.go:11.70,13.16 2 1
github.com/approvals/go-approval-tests/stack_trace_namer.go:13.16,16.3 2 0
github.com/approvals/go-approval-tests/stack_trace_namer.go:18.2,21.23 3 1
github.com/approvals/go-approval-tests/stack_trace_namer.go:29.37,36.6 5 1
github.com/approvals/go-approval-tests/stack_trace_namer.go:36.6,38.12 2 1
github.com/approvals/go-approval-tests/stack_trace_namer.go:38.12,39.9 1 0
github.com/approvals/go-approval-tests/stack_trace_namer.go:42.3,42.27 1 1
github.com/approvals/go-approval-tests/stack_trace_namer.go:42.27,44.9 2 1
github.com/approvals/go-approval-tests/stack_trace_namer.go:46.3,46.21 1 1
github.com/approvals/go-approval-tests/stack_trace_namer.go:49.2,49.30 1 1
github.com/approvals/go-approval-tests/stack_trace_namer.go:49.30,51.3 1 0
github.com/approvals/go-approval-tests/stack_trace_namer.go:53.2,53.22 1 1
github.com/approvals/go-approval-tests/stack_trace_namer.go:53.22,55.3 1 0
github.com/approvals/go-approval-tests/stack_trace_namer.go:57.2,57.28 1 1
github.com/approvals/go-approval-tests/stack_trace_namer.go:60.42,62.2 1 1
github.com/approvals/go-approval-tests/templated_custom_namer.go:20.83,21.50 1 1
github.com/approvals/go-approval-tests/templated_custom_namer.go:21.50,23.3 1 1
github.com/approvals/go-approval-tests/templated_custom_namer.go:26.86,36.2 4 1
github.com/approvals/go-approval-tests/templated_custom_namer.go:39.65,45.2 5 1
github.com/approvals/go-approval-tests/templated_custom_namer.go:47.90,55.35 7 1
github.com/approvals/go-approval-tests/templated_custom_namer.go:55.35,57.3 1 1
github.com/approvals/go-approval-tests/templated_custom_namer.go:58.2,63.12 4 1
github.com/approvals/go-approval-tests/templated_custom_namer.go:66.49,68.2 1 1
github.com/approvals/go-approval-tests/templated_custom_namer.go:70.74,72.2 1 1
github.com/approvals/go-approval-tests/templated_custom_namer.go:74.74,76.2 1 1
github.com/approvals/go-approval-tests/test_helpers.go:8.51,8.68 1 1
github.com/approvals/go-approval-tests/test_helpers.go:9.51,9.70 1 1
github.com/approvals/go-approval-tests/test_helpers.go:10.52,10.53 0 1
github.com/approvals/go-approval-tests/test_helpers.go:11.51,11.70 1 1
github.com/approvals/go-approval-tests/test_helpers.go:13.57,15.2 1 1
github.com/approvals/go-approval-tests/core/comparer.go:13.79,17.16 4 0
github.com/approvals/go-approval-tests/core/comparer.go:17.16,19.3 1 0
github.com/approvals/go-approval-tests/core/comparer.go:21.2,22.16 2 0
github.com/approvals/go-approval-tests/core/comparer.go:22.16,24.3 1 0
github.com/approvals/go-approval-tests/core/comparer.go:25.2,28.16 3 0
github.com/approvals/go-approval-tests/core/comparer.go:28.16,30.3 1 0
github.com/approvals/go-approval-tests/core/comparer.go:32.2,36.37 3 0
github.com/approvals/go-approval-tests/core/comparer.go:36.37,38.3 1 0
github.com/approvals/go-approval-tests/core/comparer.go:40.2,40.50 1 0
github.com/approvals/go-approval-tests/core/comparer.go:43.71,45.16 2 0
github.com/approvals/go-approval-tests/core/comparer.go:45.16,47.3 1 0
github.com/approvals/go-approval-tests/core/comparer.go:50.2,50.60 1 0
github.com/approvals/go-approval-tests/core/comparer.go:50.60,52.3 1 0
github.com/approvals/go-approval-tests/core/comparer.go:54.2,55.16 2 0
github.com/approvals/go-approval-tests/core/comparer.go:55.16,57.3 1 0
github.com/approvals/go-approval-tests/core/comparer.go:58.2,58.22 1 0
github.com/approvals/go-approval-tests/core/comparer.go:61.45,63.2 1 0
github.com/approvals/go-approval-tests/core/comparer.go:65.67,68.16 3 0
github.com/approvals/go-approval-tests/core/comparer.go:68.16,70.3 1 0
github.com/approvals/go-approval-tests/core/comparer.go:71.2,71.45 1 0
github.com/approvals/go-approval-tests/internal/log/approved_file_log.go:22.55,23.21 1 0
github.com/approvals/go-approval-tests/internal/log/approved_file_log.go:23.21,32.3 3 0
github.com/approvals/go-approval-tests/internal/log/approved_file_log.go:34.2,34.17 1 0
github.com/approvals/go-approval-tests/internal/log/approved_file_log.go:37.27,40.2 2 0
github.com/approvals/go-approval-tests/internal/log/approved_file_log.go:42.43,48.22 3 0
github.com/approvals/go-approval-tests/internal/log/approved_file_log.go:48.22,50.3 1 0
github.com/approvals/go-approval-tests/internal/log/approved_file_log.go:53.2,54.16 2 0
github.com/approvals/go-approval-tests/internal/log/approved_file_log.go:54.16,57.3 2 0
github.com/approvals/go-approval-tests/internal/log/approved_file_log.go:59.2,59.14 1 0
github.com/approvals/go-approval-tests/internal/log/approved_file_log.go:63.51,68.2 2 0
github.com/approvals/go-approval-tests/internal/log/failed_file_log.go:21.51,22.27 1 0
github.com/approvals/go-approval-tests/internal/log/failed_file_log.go:22.27,31.3 3 0
github.com/approvals/go-approval-tests/internal/log/failed_file_log.go:33.2,33.23 1 0
github.com/approvals/go-approval-tests/internal/log/failed_file_log.go:36.41,41.16 3 0
github.com/approvals/go-approval-tests/internal/log/failed_file_log.go:41.16,44.3 2 0
github.com/approvals/go-approval-tests/internal/log/failed_file_log.go:46.2,46.14 1 0
github.com/approvals/go-approval-tests/internal/log/failed_file_log.go:49.63,55.2 4 0
github.com/approvals/go-approval-tests/internal/log/failed_file_log.go:57.14,60.2 1 0
github.com/approvals/go-approval-tests/internal/log/log_utils.go:16.32,17.20 1 0
github.com/approvals/go-approval-tests/internal/log/log_utils.go:17.20,20.17 2 0
github.com/approvals/go-approval-tests/internal/log/log_utils.go:20.17,24.4 2 0
github.com/approvals/go-approval-tests/internal/log/log_utils.go:27.3,28.17 2 0
github.com/approvals/go-approval-tests/internal/log/log_utils.go:28.17,32.4 2 0
github.com/approvals/go-approval-tests/internal/log/log_utils.go:33.3,34.26 2 0
github.com/approvals/go-approval-tests/internal/log/log_utils.go:40.72,46.47 3 0
github.com/approvals/go-approval-tests/internal/log/log_utils.go:46.47,48.3 1 0
github.com/approvals/go-approval-tests/internal/log/log_utils.go:51.2,55.16 3 0
github.com/approvals/go-approval-tests/internal/log/log_utils.go:55.16,58.3 1 0
github.com/approvals/go-approval-tests/internal/log/log_utils.go:59.2,62.38 2 0
github.com/approvals/go-approval-tests/internal/log/log_utils.go:62.38,64.3 1 0
github.com/approvals/go-approval-tests/internal/log/log_utils.go:67.2,68.16 2 0
github.com/approvals/go-approval-tests/internal/log/log_utils.go:68.16,70.3 1 0
github.com/approvals/go-approval-tests/internal/log/log_utils.go:71.2,75.16 3 0
github.com/approvals/go-approval-tests/internal/log/log_utils.go:75.16,77.3 1 0
github.com/approvals/go-approval-tests/internal/log/log_utils.go:80.2,81.16 2 0
github.com/approvals/go-approval-tests/internal/log/log_utils.go:81.16,83.3 1 0
github.com/approvals/go-approval-tests/utils/collection_utils.go:11.37,15.29 3 0
github.com/approvals/go-approval-tests/utils/collection_utils.go:15.29,17.3 1 0
github.com/approvals/go-approval-tests/utils/collection_utils.go:17.8,21.26 3 0
github.com/approvals/go-approval-tests/utils/collection_utils.go:21.26,23.4 1 0
github.com/approvals/go-approval-tests/utils/collection_utils.go:25.3,26.19 2 0
github.com/approvals/go-approval-tests/utils/collection_utils.go:26.19,28.4 1 0
github.com/approvals/go-approval-tests/utils/collection_utils.go:28.9,30.4 1 0
github.com/approvals/go-approval-tests/utils/collection_utils.go:33.2,33.19 1 0
github.com/approvals/go-approval-tests/utils/collection_utils.go:37.39,40.34 2 0
github.com/approvals/go-approval-tests/utils/collection_utils.go:41.21,45.36 3 0
github.com/approvals/go-approval-tests/utils/collection_utils.go:45.36,47.4 1 0
github.com/approvals/go-approval-tests/utils/collection_utils.go:49.3,49.19 1 0
github.com/approvals/go-approval-tests/utils/collection_utils.go:49.19,51.4 1 0
github.com/approvals/go-approval-tests/utils/collection_utils.go:51.9,53.4 1 0
github.com/approvals/go-approval-tests/utils/collection_utils.go:54.10,55.86 1 0
github.com/approvals/go-approval-tests/utils/collection_utils.go:58.2,58.19 1 0
github.com/approvals/go-approval-tests/utils/collection_utils.go:62.89,63.43 1 0
github.com/approvals/go-approval-tests/utils/collection_utils.go:64.21,68.36 3 0
github.com/approvals/go-approval-tests/utils/collection_utils.go:68.36,70.4 1 0
github.com/approvals/go-approval-tests/utils/collection_utils.go:72.3,72.12 1 0
github.com/approvals/go-approval-tests/utils/collection_utils.go:73.10,74.107 1 0
github.com/approvals/go-approval-tests/utils/file_utils.go:8.42,11.2 2 0
github.com/approvals/go-approval-tests/utils/file_utils.go:14.36,15.29 1 0
github.com/approvals/go-approval-tests/utils/file_utils.go:15.29,17.3 1 0
github.com/approvals/go-approval-tests/utils/file_utils.go:19.2,19.42 1 0
github.com/approvals/go-approval-tests/utils/file_utils.go:23.48,26.16 2 0
github.com/approvals/go-approval-tests/utils/file_utils.go:26.16,28.3 1 0
github.com/approvals/go-approval-tests/utils/file_utils.go:30.2,30.29 1 0
github.com/approvals/go-approval-tests/utils/file_utils.go:33.48,35.16 2 0
github.com/approvals/go-approval-tests/utils/file_utils.go:35.16,37.3 1 0
github.com/approvals/go-approval-tests/utils/file_utils.go:39.2,41.47 2 0
github.com/approvals/go-approval-tests/utils/file_utils.go:41.47,43.3 1 0
github.com/approvals/go-approval-tests/utils/file_utils.go:45.2,45.12 1 0
github.com/approvals/go-approval-tests/utils/testing_utils.go:7.78,8.24 1 0
github.com/approvals/go-approval-tests/utils/testing_utils.go:8.24,10.3 1 0
github.com/approvals/go-approval-tests/utils/testing_utils.go:14.46,16.16 2 0
github.com/approvals/go-approval-tests/utils/testing_utils.go:16.16,18.3 1 0
